input seed: 999 --> converted seed:9992
data_hpcc/random3/trial410-234473
check data_hpcc/random3/trial410-234473
Gax ---- GF(2) matrix of dimension 5*9 -- Density: 0.4 ----
      0 1 1 0 0 0 0 1 1 
      1 0 0 0 0 0 1 1 0 
      1 1 0 0 1 1 0 1 0 
      1 1 0 1 0 1 0 0 1 
      1 0 0 0 0 0 0 0 0 

Gaz ---- GF(2) matrix of dimension 3*9 -- Density: 0.555556 ----
      0 1 0 0 1 1 1 1 0 
      0 0 0 1 1 0 1 1 1 
      0 0 1 1 0 1 1 1 0 

Cax ---- GF(2) matrix of dimension 1*9 -- Density: 0.333333 ----
      0 0 0 0 0 1 0 1 1 

Caz ---- GF(2) matrix of dimension 1*9 -- Density: 0.444444 ----
      0 0 0 0 0 1 1 1 1 

Gbx ---- GF(2) matrix of dimension 3*9 -- Density: 0.555556 ----
      0 1 0 0 1 1 1 1 0 
      0 0 0 1 1 0 1 1 1 
      0 0 1 1 0 1 1 1 0 

Gbz ---- GF(2) matrix of dimension 5*9 -- Density: 0.4 ----
      0 1 1 0 0 0 0 1 1 
      1 0 0 0 0 0 1 1 0 
      1 1 0 0 1 1 0 1 0 
      1 1 0 1 0 1 0 0 1 
      1 0 0 0 0 0 0 0 0 

Cbx ---- GF(2) matrix of dimension 1*9 -- Density: 0.444444 ----
      0 0 0 0 0 1 1 1 1 

Cbz ---- GF(2) matrix of dimension 1*9 -- Density: 0.333333 ----
      0 0 0 0 0 1 0 1 1 

GF2mat Gcx, size = (72,81), density = 0.0509259
GF2mat Gcz, size = (23,81), density = 0.207729
mode (0) is quantum code
quantum_dist: reach min distance when iq = 7, continue to run with trialQ = 1000
dax,daz,dbx,dbz = 3,3,3,3,
[1;31mCASE:[0m mode (0) dax*dbx=9, dcx=8. dax,daz,dbx,dbz = 3,3,3,3;na,nb,nc,9,9,81;ka,kb=1,1;data_hpcc/random3/trial410-234473,, time:6.04713
GF2mat Gcx, size = (23,81), density = 0.207729
GF2mat Gcz, size = (72,81), density = 0.0509259
mode (1) is quantum code
quantum_dist: reach min distance when iq = 7, continue to run with trialQ = 1000
dax,daz,dbx,dbz = 3,3,3,3,
[1;31mCASE:[0m mode (1) daz*dbz=9, dcz=8. dax,daz,dbx,dbz = 3,3,3,3;na,nb,nc=9,9,81;ka,kb=1,1;data_hpcc/random3/trial410-234473,, time:11.7673
mode (3)
GF2mat Gcx, size = (72,115), density = 0.0521739
GF2mat Gcz, size = (72,115), density = 0.0521739
mode (3) is quantum code
quantum_dist: reach min distance when iq = 24, continue to run with trialQ = 1000
dax,daz,dbx,dbz = 3,3,3,3,
dcz = daz*dbz = 9
mode (4)
GF2mat Gcx, size = (72,115), density = 0.0521739
GF2mat Gcz, size = (72,115), density = 0.0521739
mode (4) is quantum code
quantum_dist: reach min distance when iq = 5, continue to run with trialQ = 1000
dax,daz,dbx,dbz = 3,3,3,3,
dcx = dax*dbx = 9
Elapsed time = 25.2601 seconds
