input seed: 999 --> converted seed:9992
data_hpcc/random3/trial427-1531
check data_hpcc/random3/trial427-1531
Gax ---- GF(2) matrix of dimension 9*15 -- Density: 0.503704 ----
      0 0 0 1 1 0 1 1 1 1 0 0 0 0 0 
      1 1 0 1 0 0 0 0 0 1 1 1 1 0 0 
      0 1 0 1 0 0 0 1 0 1 1 0 1 1 1 
      0 1 0 1 0 0 0 0 0 0 0 0 0 1 0 
      1 0 1 1 0 1 0 1 1 1 0 1 1 1 1 
      1 1 0 0 0 1 0 0 1 0 0 1 0 1 1 
      0 1 1 1 1 1 0 0 0 1 1 0 1 1 1 
      1 0 0 1 1 1 0 1 0 1 1 1 1 1 0 
      1 0 1 1 0 0 0 0 1 1 1 0 0 0 0 

Gaz ---- GF(2) matrix of dimension 5*15 -- Density: 0.52 ----
      1 1 0 0 1 1 0 0 0 1 0 1 0 1 1 
      0 1 0 0 0 0 1 0 1 0 1 1 1 1 0 
      0 0 1 1 0 1 1 0 1 1 0 1 1 1 0 
      0 1 1 1 1 0 1 0 1 0 1 0 1 0 0 
      1 1 0 0 0 1 0 1 1 0 0 0 0 1 1 

Cax ---- GF(2) matrix of dimension 1*15 -- Density: 0.4 ----
      0 0 0 0 0 0 0 0 0 1 1 1 1 1 1 

Caz ---- GF(2) matrix of dimension 1*15 -- Density: 0.4 ----
      0 0 0 0 0 0 1 0 0 1 1 1 1 0 1 

Gbx ---- GF(2) matrix of dimension 5*15 -- Density: 0.52 ----
      1 1 0 0 1 1 0 0 0 1 0 1 0 1 1 
      0 1 0 0 0 0 1 0 1 0 1 1 1 1 0 
      0 0 1 1 0 1 1 0 1 1 0 1 1 1 0 
      0 1 1 1 1 0 1 0 1 0 1 0 1 0 0 
      1 1 0 0 0 1 0 1 1 0 0 0 0 1 1 

Gbz ---- GF(2) matrix of dimension 9*15 -- Density: 0.503704 ----
      0 0 0 1 1 0 1 1 1 1 0 0 0 0 0 
      1 1 0 1 0 0 0 0 0 1 1 1 1 0 0 
      0 1 0 1 0 0 0 1 0 1 1 0 1 1 1 
      0 1 0 1 0 0 0 0 0 0 0 0 0 1 0 
      1 0 1 1 0 1 0 1 1 1 0 1 1 1 1 
      1 1 0 0 0 1 0 0 1 0 0 1 0 1 1 
      0 1 1 1 1 1 0 0 0 1 1 0 1 1 1 
      1 0 0 1 1 1 0 1 0 1 1 1 1 1 0 
      1 0 1 1 0 0 0 0 1 1 1 0 0 0 0 

Cbx ---- GF(2) matrix of dimension 1*15 -- Density: 0.4 ----
      0 0 0 0 0 0 1 0 0 1 1 1 1 0 1 

Cbz ---- GF(2) matrix of dimension 1*15 -- Density: 0.4 ----
      0 0 0 0 0 0 0 0 0 1 1 1 1 1 1 

GF2mat Gcx, size = (210,225), density = 0.0339683
GF2mat Gcz, size = (59,225), density = 0.248136
mode (0) is quantum code
quantum_dist: reach min distance when iq = 39528, continue to run with trialQ = 395280
