input seed: 999 --> converted seed:9992
data_hpcc/random3/trial412-784951
check data_hpcc/random3/trial412-784951
Gax ---- GF(2) matrix of dimension 3*8 -- Density: 0.583333 ----
      0 0 1 0 1 1 1 1 
      1 0 0 1 1 0 0 1 
      0 1 1 1 0 0 1 1 

Gaz ---- GF(2) matrix of dimension 4*8 -- Density: 0.5 ----
      0 0 1 0 1 1 0 1 
      1 1 1 0 1 0 0 0 
      1 1 0 0 1 0 1 0 
      0 1 0 1 0 0 1 1 

Cax ---- GF(2) matrix of dimension 1*8 -- Density: 0.375 ----
      0 0 0 1 0 1 0 1 

Caz ---- GF(2) matrix of dimension 1*8 -- Density: 0.375 ----
      1 0 0 0 0 0 1 1 

Gbx ---- GF(2) matrix of dimension 4*8 -- Density: 0.5 ----
      0 0 1 0 1 1 0 1 
      1 1 1 0 1 0 0 0 
      1 1 0 0 1 0 1 0 
      0 1 0 1 0 0 1 1 

Gbz ---- GF(2) matrix of dimension 3*8 -- Density: 0.583333 ----
      0 0 1 0 1 1 1 1 
      1 0 0 1 1 0 0 1 
      0 1 1 1 0 0 1 1 

Cbx ---- GF(2) matrix of dimension 1*8 -- Density: 0.375 ----
      1 0 0 0 0 0 1 1 

Cbz ---- GF(2) matrix of dimension 1*8 -- Density: 0.375 ----
      0 0 0 1 0 1 0 1 

GF2mat Gcx, size = (56,64), density = 0.0669643
GF2mat Gcz, size = (19,64), density = 0.258224
mode (0) is quantum code
quantum_dist: reach min distance when iq = 0, continue to run with trialQ = 1000
dax,daz,dbx,dbz = 3,3,3,3,
[1;31mCASE:[0m mode (0) dax*dbx=9, dcx=8. dax,daz,dbx,dbz = 3,3,3,3;na,nb,nc,8,8,64;ka,kb=1,1;data_hpcc/random3/trial412-784951,, time:3.22394
GF2mat Gcx, size = (19,64), density = 0.258224
GF2mat Gcz, size = (56,64), density = 0.0669643
mode (1) is quantum code
quantum_dist: reach min distance when iq = 0, continue to run with trialQ = 1000
dax,daz,dbx,dbz = 3,3,3,3,
[1;31mCASE:[0m mode (1) daz*dbz=9, dcz=8. dax,daz,dbx,dbz = 3,3,3,3;na,nb,nc=8,8,64;ka,kb=1,1;data_hpcc/random3/trial412-784951,, time:6.23007
mode (3)
GF2mat Gcx, size = (56,89), density = 0.0694222
GF2mat Gcz, size = (56,89), density = 0.0694222
mode (3) is quantum code
quantum_dist: reach min distance when iq = 2, continue to run with trialQ = 1000
dax,daz,dbx,dbz = 3,3,3,3,
dcz = daz*dbz = 9
mode (4)
GF2mat Gcx, size = (56,89), density = 0.0694222
GF2mat Gcz, size = (56,89), density = 0.0694222
mode (4) is quantum code
quantum_dist: reach min distance when iq = 14, continue to run with trialQ = 1000
dax,daz,dbx,dbz = 3,3,3,3,
dcx = dax*dbx = 9
Elapsed time = 13.583 seconds
