input seed: 999 --> converted seed:9992
data_hpcc/random3/trial486-36
check data_hpcc/random3/trial486-36
Gax ---- GF(2) matrix of dimension 2*18 -- Density: 0.666667 ----
      1 1 1 1 0 1 1 0 1 1 1 1 0 1 1 1 1 1 
      0 0 1 1 0 1 0 1 0 1 0 0 1 0 1 1 0 1 

Gaz ---- GF(2) matrix of dimension 15*18 -- Density: 0.437037 ----
      1 1 0 0 1 1 0 1 1 1 0 0 0 0 1 0 0 0 
      1 1 1 0 1 1 0 1 0 1 1 1 1 0 0 1 0 0 
      1 1 0 1 1 0 0 1 1 0 0 1 0 0 1 0 1 1 
      0 0 1 1 0 0 1 0 0 1 0 0 0 1 1 0 0 0 
      0 0 0 1 0 1 0 0 0 1 1 0 1 1 0 1 1 1 
      0 1 0 1 0 1 0 0 1 1 1 0 1 1 0 0 1 0 
      0 0 0 1 1 0 0 0 0 0 0 0 1 0 0 0 1 0 
      1 1 1 1 0 0 0 0 1 0 1 1 0 0 1 0 1 1 
      0 1 0 1 1 0 0 1 0 0 0 0 0 1 0 0 1 0 
      1 1 1 1 1 0 1 1 0 0 1 1 1 1 1 0 0 1 
      0 0 1 1 0 0 0 0 1 0 1 0 1 1 1 0 0 0 
      1 0 1 0 0 1 0 0 1 1 1 0 0 1 1 0 0 0 
      1 1 1 0 0 0 0 0 1 0 1 0 0 0 0 0 0 1 
      0 0 0 0 1 0 0 0 1 0 0 1 0 0 0 0 0 0 
      0 0 0 0 1 0 1 1 1 1 1 0 0 0 1 1 0 0 

Cax ---- GF(2) matrix of dimension 1*18 -- Density: 0.5 ----
      0 1 0 0 0 1 0 1 0 0 1 0 1 1 1 1 1 0 

Caz ---- GF(2) matrix of dimension 1*18 -- Density: 0.111111 ----
      0 0 0 0 0 0 0 0 0 0 0 0 0 0 0 1 0 1 

Gbx ---- GF(2) matrix of dimension 2*18 -- Density: 0.666667 ----
      1 1 1 1 0 1 1 0 1 1 1 1 0 1 1 1 1 1 
      0 0 1 1 0 1 0 1 0 1 0 0 1 0 1 1 0 1 

Gbz ---- GF(2) matrix of dimension 15*18 -- Density: 0.437037 ----
      1 1 0 0 1 1 0 1 1 1 0 0 0 0 1 0 0 0 
      1 1 1 0 1 1 0 1 0 1 1 1 1 0 0 1 0 0 
      1 1 0 1 1 0 0 1 1 0 0 1 0 0 1 0 1 1 
      0 0 1 1 0 0 1 0 0 1 0 0 0 1 1 0 0 0 
      0 0 0 1 0 1 0 0 0 1 1 0 1 1 0 1 1 1 
      0 1 0 1 0 1 0 0 1 1 1 0 1 1 0 0 1 0 
      0 0 0 1 1 0 0 0 0 0 0 0 1 0 0 0 1 0 
      1 1 1 1 0 0 0 0 1 0 1 1 0 0 1 0 1 1 
      0 1 0 1 1 0 0 1 0 0 0 0 0 1 0 0 1 0 
      1 1 1 1 1 0 1 1 0 0 1 1 1 1 1 0 0 1 
      0 0 1 1 0 0 0 0 1 0 1 0 1 1 1 0 0 0 
      1 0 1 0 0 1 0 0 1 1 1 0 0 1 1 0 0 0 
      1 1 1 0 0 0 0 0 1 0 1 0 0 0 0 0 0 1 
      0 0 0 0 1 0 0 0 1 0 0 1 0 0 0 0 0 0 
      0 0 0 0 1 0 1 1 1 1 1 0 0 0 1 1 0 0 

Cbx ---- GF(2) matrix of dimension 1*18 -- Density: 0.5 ----
      0 1 0 0 0 1 0 1 0 0 1 0 1 1 1 1 1 0 

Cbz ---- GF(2) matrix of dimension 1*18 -- Density: 0.111111 ----
      0 0 0 0 0 0 0 0 0 0 0 0 0 0 0 1 0 1 

GF2mat Gcx, size = (72,324), density = 0.037037
GF2mat Gcz, size = (255,324), density = 0.174244
mode (0) is quantum code
dax,daz,dbx,dbz = 7,2,7,2,
PSEUDO [1;31mCASE:[0m mode (0) dax*dbx=49, dcx=50. dax,daz,dbx,dbz = 7,2,7,2;na,nb,nc,18,18,324;ka,kb=1,1;data_hpcc/random3/trial486-36,, time:1038.39
GF2mat Gcx, size = (8,324), density = 0.388889
GF2mat Gcz, size = (540,324), density = 0.0242798
mode (1) is quantum code
quantum_dist: reach min distance when iq = 2, continue to run with trialQ = 1000
dax,daz,dbx,dbz = 7,2,7,2,
dcz = daz*dbz = 4
mode (3)
GF2mat Gcx, size = (72,384), density = 0.0483218
GF2mat Gcz, size = (540,384), density = 0.0239583
mode (3) is quantum code
quantum_dist: reach min distance when iq = 0, continue to run with trialQ = 1000
dax,daz,dbx,dbz = 7,2,7,2,
dcz = daz*dbz = 4
mode (4)
GF2mat Gcx, size = (72,384), density = 0.0483218
GF2mat Gcz, size = (540,384), density = 0.0239583
mode (4) is quantum code
quantum_dist: reach min distance when iq = 63486, continue to run with trialQ = 634860
