input seed: 999 --> converted seed:9992
data_hpcc/random3/trial485-3565
check data_hpcc/random3/trial485-3565
Gax ---- GF(2) matrix of dimension 6*11 -- Density: 0.393939 ----
      0 0 0 0 1 0 0 0 0 1 0 
      1 0 1 1 0 1 1 0 1 0 1 
      0 0 0 1 1 1 1 1 1 0 0 
      1 1 1 0 0 0 0 0 0 0 1 
      1 0 0 0 0 0 1 0 1 0 0 
      0 0 0 1 0 0 0 1 1 0 1 

Gaz ---- GF(2) matrix of dimension 4*11 -- Density: 0.522727 ----
      0 1 1 1 1 0 1 0 1 1 0 
      1 1 0 0 1 0 1 0 0 1 0 
      1 0 0 0 0 1 0 0 1 0 1 
      1 0 0 1 1 0 0 1 1 1 1 

Cax ---- GF(2) matrix of dimension 1*11 -- Density: 0.272727 ----
      0 0 0 0 0 0 1 1 0 1 0 

Caz ---- GF(2) matrix of dimension 1*11 -- Density: 0.454545 ----
      0 0 0 0 1 0 1 1 1 1 0 

Gbx ---- GF(2) matrix of dimension 6*11 -- Density: 0.393939 ----
      0 0 0 0 1 0 0 0 0 1 0 
      1 0 1 1 0 1 1 0 1 0 1 
      0 0 0 1 1 1 1 1 1 0 0 
      1 1 1 0 0 0 0 0 0 0 1 
      1 0 0 0 0 0 1 0 1 0 0 
      0 0 0 1 0 0 0 1 1 0 1 

Gbz ---- GF(2) matrix of dimension 4*11 -- Density: 0.522727 ----
      0 1 1 1 1 0 1 0 1 1 0 
      1 1 0 0 1 0 1 0 0 1 0 
      1 0 0 0 0 1 0 0 1 0 1 
      1 0 0 1 1 0 0 1 1 1 1 

Cbx ---- GF(2) matrix of dimension 1*11 -- Density: 0.272727 ----
      0 0 0 0 0 0 1 1 0 1 0 

Cbz ---- GF(2) matrix of dimension 1*11 -- Density: 0.454545 ----
      0 0 0 0 1 0 1 1 1 1 0 

GF2mat Gcx, size = (132,121), density = 0.0358127
GF2mat Gcz, size = (24,121), density = 0.261364
mode (0) is quantum code
quantum_dist: reach min distance when iq = 709, continue to run with trialQ = 7090
dax,daz,dbx,dbz = 2,4,2,4,
dcx = dax*dbx = 4
GF2mat Gcx, size = (48,121), density = 0.143251
GF2mat Gcz, size = (88,121), density = 0.0475207
mode (1) is quantum code
quantum_dist: reach min distance when iq = 3, continue to run with trialQ = 1000
dax,daz,dbx,dbz = 2,4,2,4,
[1;31mCASE:[0m mode (1) daz*dbz=16, dcz=14. dax,daz,dbx,dbz = 2,4,2,4;na,nb,nc=11,11,121;ka,kb=1,1;data_hpcc/random3/trial485-3565,, time:112.026
mode (3)
GF2mat Gcx, size = (132,169), density = 0.0380133
GF2mat Gcz, size = (88,169), density = 0.0480097
mode (3) is quantum code
quantum_dist: reach min distance when iq = 700, continue to run with trialQ = 7000
dax,daz,dbx,dbz = 2,4,2,4,
dcz = daz*dbz = 16
mode (4)
GF2mat Gcx, size = (132,169), density = 0.0380133
GF2mat Gcz, size = (88,169), density = 0.0480097
mode (4) is quantum code
quantum_dist: reach min distance when iq = 30, continue to run with trialQ = 1000
dax,daz,dbx,dbz = 2,4,2,4,
dcx = dax*dbx = 4
Elapsed time = 195.195 seconds
