input seed: 999 --> converted seed:9992
data_hpcc/random3/trial427-1421
check data_hpcc/random3/trial427-1421
Gax ---- GF(2) matrix of dimension 7*15 -- Density: 0.47619 ----
      1 0 1 0 1 0 1 0 1 0 0 0 0 0 0 
      0 0 1 1 1 1 0 0 1 1 0 1 1 1 1 
      0 0 1 0 0 0 0 1 0 0 0 0 0 1 1 
      0 0 0 1 0 1 0 1 0 0 1 0 1 0 1 
      0 1 1 1 0 0 0 0 0 1 1 1 1 0 1 
      1 0 0 0 1 1 0 0 1 0 1 1 0 0 1 
      1 0 1 1 0 1 1 1 1 0 0 1 0 1 1 

Gaz ---- GF(2) matrix of dimension 7*15 -- Density: 0.571429 ----
      1 0 0 0 1 0 1 0 1 1 1 1 0 1 1 
      1 1 1 1 1 1 0 1 1 0 0 0 1 0 0 
      1 1 0 0 0 1 0 1 1 0 0 1 0 1 0 
      0 1 1 0 0 0 1 1 0 0 0 1 0 1 1 
      0 1 1 1 0 1 0 1 1 1 1 1 0 0 0 
      0 0 0 1 1 1 1 1 0 1 1 1 0 1 0 
      1 1 1 0 1 1 1 0 0 0 1 1 1 0 1 

Cax ---- GF(2) matrix of dimension 1*15 -- Density: 0.4 ----
      0 0 0 0 0 0 1 1 0 0 1 0 1 1 1 

Caz ---- GF(2) matrix of dimension 1*15 -- Density: 0.2 ----
      0 0 0 0 0 0 0 0 0 0 1 0 0 1 1 

Gbx ---- GF(2) matrix of dimension 7*15 -- Density: 0.571429 ----
      1 0 0 0 1 0 1 0 1 1 1 1 0 1 1 
      1 1 1 1 1 1 0 1 1 0 0 0 1 0 0 
      1 1 0 0 0 1 0 1 1 0 0 1 0 1 0 
      0 1 1 0 0 0 1 1 0 0 0 1 0 1 1 
      0 1 1 1 0 1 0 1 1 1 1 1 0 0 0 
      0 0 0 1 1 1 1 1 0 1 1 1 0 1 0 
      1 1 1 0 1 1 1 0 0 0 1 1 1 0 1 

Gbz ---- GF(2) matrix of dimension 7*15 -- Density: 0.47619 ----
      1 0 1 0 1 0 1 0 1 0 0 0 0 0 0 
      0 0 1 1 1 1 0 0 1 1 0 1 1 1 1 
      0 0 1 0 0 0 0 1 0 0 0 0 0 1 1 
      0 0 0 1 0 1 0 1 0 0 1 0 1 0 1 
      0 1 1 1 0 0 0 0 0 1 1 1 1 0 1 
      1 0 0 0 1 1 0 0 1 0 1 1 0 0 1 
      1 0 1 1 0 1 1 1 1 0 0 1 0 1 1 

Cbx ---- GF(2) matrix of dimension 1*15 -- Density: 0.2 ----
      0 0 0 0 0 0 0 0 0 0 1 0 0 1 1 

Cbz ---- GF(2) matrix of dimension 1*15 -- Density: 0.4 ----
      0 0 0 0 0 0 1 1 0 0 1 0 1 1 1 

GF2mat Gcx, size = (210,225), density = 0.0349206
GF2mat Gcz, size = (63,225), density = 0.247619
mode (0) is quantum code
dax,daz,dbx,dbz = 3,3,3,3,
PSEUDO [1;31mCASE:[0m mode (0) dax*dbx=9, dcx=10. dax,daz,dbx,dbz = 3,3,3,3;na,nb,nc,15,15,225;ka,kb=1,1;data_hpcc/random3/trial427-1421,, time:2181
GF2mat Gcx, size = (63,225), density = 0.247619
GF2mat Gcz, size = (210,225), density = 0.0349206
mode (1) is quantum code
dax,daz,dbx,dbz = 3,3,3,3,
PSEUDO [1;31mCASE:[0m mode (1) daz*dbz=9, dcz=10. dax,daz,dbx,dbz = 3,3,3,3;na,nb,nc=15,15,225;ka,kb=1,1;data_hpcc/random3/trial427-1421,, time:4512.89
mode (3)
GF2mat Gcx, size = (210,323), density = 0.0356774
GF2mat Gcz, size = (210,323), density = 0.0356774
mode (3) is quantum code
quantum_dist: reach min distance when iq = 2846, continue to run with trialQ = 28460
