input seed: 999 --> converted seed:9992
data_hpcc/random3/trial485-500
check data_hpcc/random3/trial485-500
Gax ---- GF(2) matrix of dimension 4*11 -- Density: 0.409091 ----
      1 0 0 0 1 0 0 1 1 1 1 
      1 0 0 0 0 0 0 0 0 1 0 
      0 1 1 1 0 1 0 0 1 0 1 
      0 0 0 0 1 1 1 0 0 0 1 

Gaz ---- GF(2) matrix of dimension 6*11 -- Density: 0.439394 ----
      1 1 0 0 0 0 1 1 0 1 1 
      0 0 1 1 0 0 0 0 0 0 0 
      1 0 0 1 0 0 0 1 1 1 0 
      0 0 1 0 0 0 1 1 0 0 1 
      1 0 1 1 0 1 0 1 0 1 1 
      0 1 1 1 1 0 0 0 0 0 1 

Cax ---- GF(2) matrix of dimension 1*11 -- Density: 0.454545 ----
      0 1 0 0 0 0 1 0 1 1 1 

Caz ---- GF(2) matrix of dimension 1*11 -- Density: 0.272727 ----
      0 0 0 0 0 0 1 0 1 0 1 

Gbx ---- GF(2) matrix of dimension 4*11 -- Density: 0.409091 ----
      1 0 0 0 1 0 0 1 1 1 1 
      1 0 0 0 0 0 0 0 0 1 0 
      0 1 1 1 0 1 0 0 1 0 1 
      0 0 0 0 1 1 1 0 0 0 1 

Gbz ---- GF(2) matrix of dimension 6*11 -- Density: 0.439394 ----
      1 1 0 0 0 0 1 1 0 1 1 
      0 0 1 1 0 0 0 0 0 0 0 
      1 0 0 1 0 0 0 1 1 1 0 
      0 0 1 0 0 0 1 1 0 0 1 
      1 0 1 1 0 1 0 1 0 1 1 
      0 1 1 1 1 0 0 0 0 0 1 

Cbx ---- GF(2) matrix of dimension 1*11 -- Density: 0.454545 ----
      0 1 0 0 0 0 1 0 1 1 1 

Cbz ---- GF(2) matrix of dimension 1*11 -- Density: 0.272727 ----
      0 0 0 0 0 0 1 0 1 0 1 

GF2mat Gcx, size = (88,121), density = 0.0371901
GF2mat Gcz, size = (48,121), density = 0.174759
mode (0) is quantum code
quantum_dist: reach min distance when iq = 3, continue to run with trialQ = 1000
dax,daz,dbx,dbz = 5,2,5,2,
[1;31mCASE:[0m mode (0) dax*dbx=25, dcx=23. dax,daz,dbx,dbz = 5,2,5,2;na,nb,nc,11,11,121;ka,kb=1,1;data_hpcc/random3/trial485-500,, time:9.67455
GF2mat Gcx, size = (24,121), density = 0.173554
GF2mat Gcz, size = (132,121), density = 0.0399449
mode (1) is quantum code
quantum_dist: reach min distance when iq = 0, continue to run with trialQ = 1000
dax,daz,dbx,dbz = 5,2,5,2,
dcz = daz*dbz = 4
mode (3)
GF2mat Gcx, size = (88,169), density = 0.042227
GF2mat Gcz, size = (132,169), density = 0.0382822
mode (3) is quantum code
quantum_dist: reach min distance when iq = 5, continue to run with trialQ = 1000
dax,daz,dbx,dbz = 5,2,5,2,
dcz = daz*dbz = 4
mode (4)
GF2mat Gcx, size = (88,169), density = 0.042227
GF2mat Gcz, size = (132,169), density = 0.0382822
mode (4) is quantum code
quantum_dist: reach min distance when iq = 25213, continue to run with trialQ = 252130
dax,daz,dbx,dbz = 5,2,5,2,
dcx = dax*dbx = 25
Elapsed time = 3152.49 seconds
