input seed: 999 --> converted seed:9992
data_hpcc/random3/trial411-572582
check data_hpcc/random3/trial411-572582
Gax ---- GF(2) matrix of dimension 3*7 -- Density: 0.571429 ----
      0 0 1 0 1 1 1 
      1 0 0 1 1 1 0 
      1 1 0 0 0 1 1 

Gaz ---- GF(2) matrix of dimension 3*7 -- Density: 0.571429 ----
      1 0 1 1 0 0 1 
      0 0 1 0 1 1 1 
      0 1 0 1 1 0 1 

Cax ---- GF(2) matrix of dimension 1*7 -- Density: 0.428571 ----
      0 0 0 1 0 1 1 

Caz ---- GF(2) matrix of dimension 1*7 -- Density: 0.428571 ----
      0 0 0 1 0 1 1 

Gbx ---- GF(2) matrix of dimension 3*7 -- Density: 0.571429 ----
      1 0 1 1 0 0 1 
      0 0 1 0 1 1 1 
      0 1 0 1 1 0 1 

Gbz ---- GF(2) matrix of dimension 3*7 -- Density: 0.571429 ----
      0 0 1 0 1 1 1 
      1 0 0 1 1 1 0 
      1 1 0 0 0 1 1 

Cbx ---- GF(2) matrix of dimension 1*7 -- Density: 0.428571 ----
      0 0 0 1 0 1 1 

Cbz ---- GF(2) matrix of dimension 1*7 -- Density: 0.428571 ----
      0 0 0 1 0 1 1 

GF2mat Gcx, size = (42,49), density = 0.0816327
GF2mat Gcz, size = (15,49), density = 0.293878
mode (0) is quantum code
quantum_dist: reach min distance when iq = 1, continue to run with trialQ = 1000
dax,daz,dbx,dbz = 3,3,3,3,
[1;31mCASE:[0m mode (0) dax*dbx=9, dcx=7. dax,daz,dbx,dbz = 3,3,3,3;na,nb,nc,7,7,49;ka,kb=1,1;data_hpcc/random3/trial411-572582,, time:2.26805
GF2mat Gcx, size = (15,49), density = 0.293878
GF2mat Gcz, size = (42,49), density = 0.0816327
mode (1) is quantum code
quantum_dist: reach min distance when iq = 0, continue to run with trialQ = 1000
dax,daz,dbx,dbz = 3,3,3,3,
[1;31mCASE:[0m mode (1) daz*dbz=9, dcz=7. dax,daz,dbx,dbz = 3,3,3,3;na,nb,nc=7,7,49;ka,kb=1,1;data_hpcc/random3/trial411-572582,, time:4.33352
mode (3)
GF2mat Gcx, size = (42,67), density = 0.0852878
GF2mat Gcz, size = (42,67), density = 0.0852878
mode (3) is quantum code
quantum_dist: reach min distance when iq = 4, continue to run with trialQ = 1000
dax,daz,dbx,dbz = 3,3,3,3,
dcz = daz*dbz = 9
mode (4)
GF2mat Gcx, size = (42,67), density = 0.0852878
GF2mat Gcz, size = (42,67), density = 0.0852878
mode (4) is quantum code
quantum_dist: reach min distance when iq = 8, continue to run with trialQ = 1000
dax,daz,dbx,dbz = 3,3,3,3,
dcx = dax*dbx = 9
Elapsed time = 9.13175 seconds
