input seed: 999 --> converted seed:9992
data_hpcc/random3/trial423-52068
check data_hpcc/random3/trial423-52068
Gax ---- GF(2) matrix of dimension 6*10 -- Density: 0.483333 ----
      0 1 1 1 0 0 1 1 0 0 
      0 0 0 1 1 0 1 1 1 1 
      0 0 1 1 0 1 0 0 1 1 
      1 0 1 0 0 1 1 0 1 0 
      1 1 1 0 0 0 0 1 0 0 
      0 0 1 0 1 1 0 1 0 0 

Gaz ---- GF(2) matrix of dimension 3*10 -- Density: 0.433333 ----
      0 1 0 0 0 1 0 1 1 0 
      0 1 1 0 1 0 0 0 1 0 
      1 1 1 1 0 0 0 1 0 0 

Cax ---- GF(2) matrix of dimension 1*10 -- Density: 0.3 ----
      0 0 0 0 1 1 0 0 1 0 

Caz ---- GF(2) matrix of dimension 1*10 -- Density: 0.3 ----
      0 0 0 0 1 1 0 0 1 0 

Gbx ---- GF(2) matrix of dimension 3*10 -- Density: 0.433333 ----
      0 1 0 0 0 1 0 1 1 0 
      0 1 1 0 1 0 0 0 1 0 
      1 1 1 1 0 0 0 1 0 0 

Gbz ---- GF(2) matrix of dimension 6*10 -- Density: 0.483333 ----
      0 1 1 1 0 0 1 1 0 0 
      0 0 0 1 1 0 1 1 1 1 
      0 0 1 1 0 1 0 0 1 1 
      1 0 1 0 0 1 1 0 1 0 
      1 1 1 0 0 0 0 1 0 0 
      0 0 1 0 1 1 0 1 0 0 

Cbx ---- GF(2) matrix of dimension 1*10 -- Density: 0.3 ----
      0 0 0 0 1 1 0 0 1 0 

Cbz ---- GF(2) matrix of dimension 1*10 -- Density: 0.3 ----
      0 0 0 0 1 1 0 0 1 0 

GF2mat Gcx, size = (90,100), density = 0.0466667
GF2mat Gcz, size = (27,100), density = 0.186296
mode (0) is quantum code
quantum_dist: reach min distance when iq = 4, continue to run with trialQ = 1000
dax,daz,dbx,dbz = 3,3,3,3,
[1;31mCASE:[0m mode (0) dax*dbx=9, dcx=8. dax,daz,dbx,dbz = 3,3,3,3;na,nb,nc,10,10,100;ka,kb=1,1;data_hpcc/random3/trial423-52068,, time:9.13544
GF2mat Gcx, size = (27,100), density = 0.186296
GF2mat Gcz, size = (90,100), density = 0.0466667
mode (1) is quantum code
quantum_dist: reach min distance when iq = 0, continue to run with trialQ = 1000
dax,daz,dbx,dbz = 3,3,3,3,
[1;31mCASE:[0m mode (1) daz*dbz=9, dcz=8. dax,daz,dbx,dbz = 3,3,3,3;na,nb,nc=10,10,100;ka,kb=1,1;data_hpcc/random3/trial423-52068,, time:18.1165
mode (3)
GF2mat Gcx, size = (90,145), density = 0.0485057
GF2mat Gcz, size = (90,145), density = 0.0485057
mode (3) is quantum code
quantum_dist: reach min distance when iq = 13, continue to run with trialQ = 1000
dax,daz,dbx,dbz = 3,3,3,3,
dcz = daz*dbz = 9
mode (4)
GF2mat Gcx, size = (90,145), density = 0.0485057
GF2mat Gcz, size = (90,145), density = 0.0485057
mode (4) is quantum code
quantum_dist: reach min distance when iq = 71, continue to run with trialQ = 1000
dax,daz,dbx,dbz = 3,3,3,3,
dcx = dax*dbx = 9
Elapsed time = 37.2641 seconds
