input seed: 999 --> converted seed:9992
data_hpcc/random3/trial410-323232
check data_hpcc/random3/trial410-323232
Gax ---- GF(2) matrix of dimension 5*9 -- Density: 0.533333 ----
      1 1 0 1 0 1 0 0 0 
      1 0 1 1 1 0 0 1 0 
      0 1 1 0 1 1 0 1 1 
      1 1 1 0 0 0 1 0 0 
      0 1 0 1 0 0 1 1 1 

Gaz ---- GF(2) matrix of dimension 3*9 -- Density: 0.444444 ----
      0 0 1 1 0 1 1 0 0 
      1 0 1 1 0 0 0 1 0 
      0 1 0 1 0 0 1 1 0 

Cax ---- GF(2) matrix of dimension 1*9 -- Density: 0.333333 ----
      0 0 1 0 0 0 1 1 0 

Caz ---- GF(2) matrix of dimension 1*9 -- Density: 0.333333 ----
      0 0 0 1 0 1 0 1 0 

Gbx ---- GF(2) matrix of dimension 3*9 -- Density: 0.444444 ----
      0 0 1 1 0 1 1 0 0 
      1 0 1 1 0 0 0 1 0 
      0 1 0 1 0 0 1 1 0 

Gbz ---- GF(2) matrix of dimension 5*9 -- Density: 0.533333 ----
      1 1 0 1 0 1 0 0 0 
      1 0 1 1 1 0 0 1 0 
      0 1 1 0 1 1 0 1 1 
      1 1 1 0 0 0 1 0 0 
      0 1 0 1 0 0 1 1 1 

Cbx ---- GF(2) matrix of dimension 1*9 -- Density: 0.333333 ----
      0 0 0 1 0 1 0 1 0 

Cbz ---- GF(2) matrix of dimension 1*9 -- Density: 0.333333 ----
      0 0 1 0 0 0 1 1 0 

GF2mat Gcx, size = (72,81), density = 0.0555556
GF2mat Gcz, size = (23,81), density = 0.21256
mode (0) is quantum code
quantum_dist: reach min distance when iq = 0, continue to run with trialQ = 1000
dax,daz,dbx,dbz = 3,3,3,3,
[1;31mCASE:[0m mode (0) dax*dbx=9, dcx=7. dax,daz,dbx,dbz = 3,3,3,3;na,nb,nc,9,9,81;ka,kb=1,1;data_hpcc/random3/trial410-323232,, time:4.40294
GF2mat Gcx, size = (23,81), density = 0.21256
GF2mat Gcz, size = (72,81), density = 0.0555556
mode (1) is quantum code
quantum_dist: reach min distance when iq = 0, continue to run with trialQ = 1000
dax,daz,dbx,dbz = 3,3,3,3,
[1;31mCASE:[0m mode (1) daz*dbz=9, dcz=7. dax,daz,dbx,dbz = 3,3,3,3;na,nb,nc=9,9,81;ka,kb=1,1;data_hpcc/random3/trial410-323232,, time:8.91242
mode (3)
GF2mat Gcx, size = (72,115), density = 0.057971
GF2mat Gcz, size = (72,115), density = 0.057971
mode (3) is quantum code
quantum_dist: reach min distance when iq = 21, continue to run with trialQ = 1000
dax,daz,dbx,dbz = 3,3,3,3,
dcz = daz*dbz = 9
mode (4)
GF2mat Gcx, size = (72,115), density = 0.057971
GF2mat Gcz, size = (72,115), density = 0.057971
mode (4) is quantum code
quantum_dist: reach min distance when iq = 15, continue to run with trialQ = 1000
dax,daz,dbx,dbz = 3,3,3,3,
dcx = dax*dbx = 9
Elapsed time = 21.911 seconds
