Thu Jul  9 16:23:33 PDT 2020
check data/random4/trial555/trial555-A-7-3-3511-3-2657-B-7-3-3511-3-2657
input seed: 999 --> converted seed:2655057672
data/random4/trial555/trial555-A-7-3-3511-3-2657-B-7-3-3511-3-2657
check data/random4/trial555/trial555-A-7-3-3511-3-2657-B-7-3-3511-3-2657
Gax ---- GF(2) matrix of dimension 3*7 -- Density: 0.571429 ----
      1 0 0 1 1 0 1 
      0 1 0 1 0 1 1 
      0 0 1 0 1 1 1 

Gaz ---- GF(2) matrix of dimension 3*7 -- Density: 0.571429 ----
      1 0 1 1 0 1 0 
      1 1 0 0 1 1 0 
      1 1 1 0 0 0 1 

Cax ---- GF(2) matrix of dimension 1*7 -- Density: 0.428571 ----
      0 0 0 1 1 1 0 

Caz ---- GF(2) matrix of dimension 1*7 -- Density: 0.428571 ----
      0 0 0 1 1 1 0 

Gbx ---- GF(2) matrix of dimension 3*7 -- Density: 0.571429 ----
      1 0 0 1 1 0 1 
      0 1 0 1 0 1 1 
      0 0 1 0 1 1 1 

Gbz ---- GF(2) matrix of dimension 3*7 -- Density: 0.571429 ----
      1 0 1 1 0 1 0 
      1 1 0 0 1 1 0 
      1 1 1 0 0 0 1 

Cbx ---- GF(2) matrix of dimension 1*7 -- Density: 0.428571 ----
      0 0 0 1 1 1 0 

Cbz ---- GF(2) matrix of dimension 1*7 -- Density: 0.428571 ----
      0 0 0 1 1 1 0 

GF2mat Gcx, size = (42,49), density = 0.0816327
GF2mat Gcz, size = (15,49), density = 0.293878
mode (0) is quantum code
quantum_dist: reach min distance when iq = 0, continue to run with trialQ = 100
dax,daz,dbx,dbz = 3,3,3,3,
[1;31mCASE:[0m mode (0) dax*dbx=9, dcx=7. dax,daz,dbx,dbz = 3,3,3,3;na,nb,nc,7,7,49;ka,kb=1,1;data/random4/trial555/trial555-A-7-3-3511-3-2657-B-7-3-3511-3-2657,no-note, time:0.192717
GF2mat Gcx, size = (15,49), density = 0.293878
GF2mat Gcz, size = (42,49), density = 0.0816327
mode (1) is quantum code
quantum_dist: reach min distance when iq = 0, continue to run with trialQ = 100
dax,daz,dbx,dbz = 3,3,3,3,
[1;31mCASE:[0m mode (1) daz*dbz=9, dcz=7. dax,daz,dbx,dbz = 3,3,3,3;na,nb,nc=7,7,49;ka,kb=1,1;data/random4/trial555/trial555-A-7-3-3511-3-2657-B-7-3-3511-3-2657,no-note, time:0.333374
mode (3)
GF2mat Gcx, size = (42,67), density = 0.0852878
GF2mat Gcz, size = (42,67), density = 0.0852878
mode (3) is quantum code
quantum_dist: reach min distance when iq = 31, continue to run with trialQ = 310
dax,daz,dbx,dbz = 3,3,3,3,
dcz = daz*dbz = 9
mode (4)
GF2mat Gcx, size = (42,67), density = 0.0852878
GF2mat Gcz, size = (42,67), density = 0.0852878
mode (4) is quantum code
quantum_dist: reach min distance when iq = 5, continue to run with trialQ = 100
dax,daz,dbx,dbz = 3,3,3,3,
dcx = dax*dbx = 9
Elapsed time = 0.988784 seconds
check data/random4/trial555/trial555-A-7-3-3799-3-2371-B-7-3-3511-3-2657
input seed: 999 --> converted seed:2742520082
data/random4/trial555/trial555-A-7-3-3799-3-2371-B-7-3-3511-3-2657
check data/random4/trial555/trial555-A-7-3-3799-3-2371-B-7-3-3511-3-2657
Gax ---- GF(2) matrix of dimension 3*7 -- Density: 0.571429 ----
      1 0 0 1 1 1 0 
      0 1 0 1 1 0 1 
      0 0 1 0 1 1 1 

Gaz ---- GF(2) matrix of dimension 3*7 -- Density: 0.571429 ----
      1 0 1 1 0 0 1 
      1 1 1 0 1 0 0 
      1 1 0 0 0 1 1 

Cax ---- GF(2) matrix of dimension 1*7 -- Density: 0.428571 ----
      0 0 0 1 0 1 1 

Caz ---- GF(2) matrix of dimension 1*7 -- Density: 0.428571 ----
      0 0 0 1 0 1 1 

Gbx ---- GF(2) matrix of dimension 3*7 -- Density: 0.571429 ----
      1 0 0 1 1 0 1 
      0 1 0 1 0 1 1 
      0 0 1 0 1 1 1 

Gbz ---- GF(2) matrix of dimension 3*7 -- Density: 0.571429 ----
      1 0 1 1 0 1 0 
      1 1 0 0 1 1 0 
      1 1 1 0 0 0 1 

Cbx ---- GF(2) matrix of dimension 1*7 -- Density: 0.428571 ----
      0 0 0 1 1 1 0 

Cbz ---- GF(2) matrix of dimension 1*7 -- Density: 0.428571 ----
      0 0 0 1 1 1 0 

GF2mat Gcx, size = (42,49), density = 0.0816327
GF2mat Gcz, size = (15,49), density = 0.293878
mode (0) is quantum code
quantum_dist: reach min distance when iq = 0, continue to run with trialQ = 100
dax,daz,dbx,dbz = 3,3,3,3,
[1;31mCASE:[0m mode (0) dax*dbx=9, dcx=7. dax,daz,dbx,dbz = 3,3,3,3;na,nb,nc,7,7,49;ka,kb=1,1;data/random4/trial555/trial555-A-7-3-3799-3-2371-B-7-3-3511-3-2657,no-note, time:0.178031
GF2mat Gcx, size = (15,49), density = 0.293878
GF2mat Gcz, size = (42,49), density = 0.0816327
mode (1) is quantum code
quantum_dist: reach min distance when iq = 1, continue to run with trialQ = 100
dax,daz,dbx,dbz = 3,3,3,3,
[1;31mCASE:[0m mode (1) daz*dbz=9, dcz=7. dax,daz,dbx,dbz = 3,3,3,3;na,nb,nc=7,7,49;ka,kb=1,1;data/random4/trial555/trial555-A-7-3-3799-3-2371-B-7-3-3511-3-2657,no-note, time:0.318132
mode (3)
GF2mat Gcx, size = (42,67), density = 0.0852878
GF2mat Gcz, size = (42,67), density = 0.0852878
mode (3) is quantum code
quantum_dist: reach min distance when iq = 13, continue to run with trialQ = 130
dax,daz,dbx,dbz = 3,3,3,3,
dcz = daz*dbz = 9
mode (4)
GF2mat Gcx, size = (42,67), density = 0.0852878
GF2mat Gcz, size = (42,67), density = 0.0852878
mode (4) is quantum code
quantum_dist: reach min distance when iq = 8, continue to run with trialQ = 100
dax,daz,dbx,dbz = 3,3,3,3,
dcx = dax*dbx = 9
Elapsed time = 0.686414 seconds
check data/random4/trial560/trial560-A-7-3-3511-3-2657-B-7-3-3511-3-2657
input seed: 999 --> converted seed:9795344482
data/random4/trial560/trial560-A-7-3-3511-3-2657-B-7-3-3511-3-2657
check data/random4/trial560/trial560-A-7-3-3511-3-2657-B-7-3-3511-3-2657
Gax ---- GF(2) matrix of dimension 3*7 -- Density: 0.571429 ----
      1 0 0 1 1 0 1 
      0 1 0 1 0 1 1 
      0 0 1 0 1 1 1 

Gaz ---- GF(2) matrix of dimension 3*7 -- Density: 0.571429 ----
      1 0 1 1 0 1 0 
      1 1 0 0 1 1 0 
      1 1 1 0 0 0 1 

Cax ---- GF(2) matrix of dimension 1*7 -- Density: 0.428571 ----
      0 0 0 1 1 1 0 

Caz ---- GF(2) matrix of dimension 1*7 -- Density: 0.428571 ----
      0 0 0 1 1 1 0 

Gbx ---- GF(2) matrix of dimension 3*7 -- Density: 0.571429 ----
      1 0 0 1 1 0 1 
      0 1 0 1 0 1 1 
      0 0 1 0 1 1 1 

Gbz ---- GF(2) matrix of dimension 3*7 -- Density: 0.571429 ----
      1 0 1 1 0 1 0 
      1 1 0 0 1 1 0 
      1 1 1 0 0 0 1 

Cbx ---- GF(2) matrix of dimension 1*7 -- Density: 0.428571 ----
      0 0 0 1 1 1 0 

Cbz ---- GF(2) matrix of dimension 1*7 -- Density: 0.428571 ----
      0 0 0 1 1 1 0 

GF2mat Gcx, size = (42,49), density = 0.0816327
GF2mat Gcz, size = (15,49), density = 0.293878
mode (0) is quantum code
quantum_dist: reach min distance when iq = 0, continue to run with trialQ = 100
dax,daz,dbx,dbz = 3,3,3,3,
[1;31mCASE:[0m mode (0) dax*dbx=9, dcx=7. dax,daz,dbx,dbz = 3,3,3,3;na,nb,nc,7,7,49;ka,kb=1,1;data/random4/trial560/trial560-A-7-3-3511-3-2657-B-7-3-3511-3-2657,no-note, time:0.141792
GF2mat Gcx, size = (15,49), density = 0.293878
GF2mat Gcz, size = (42,49), density = 0.0816327
mode (1) is quantum code
quantum_dist: reach min distance when iq = 0, continue to run with trialQ = 100
dax,daz,dbx,dbz = 3,3,3,3,
[1;31mCASE:[0m mode (1) daz*dbz=9, dcz=7. dax,daz,dbx,dbz = 3,3,3,3;na,nb,nc=7,7,49;ka,kb=1,1;data/random4/trial560/trial560-A-7-3-3511-3-2657-B-7-3-3511-3-2657,no-note, time:0.280923
mode (3)
GF2mat Gcx, size = (42,67), density = 0.0852878
GF2mat Gcz, size = (42,67), density = 0.0852878
mode (3) is quantum code
quantum_dist: reach min distance when iq = 29, continue to run with trialQ = 290
dax,daz,dbx,dbz = 3,3,3,3,
dcz = daz*dbz = 9
mode (4)
GF2mat Gcx, size = (42,67), density = 0.0852878
GF2mat Gcz, size = (42,67), density = 0.0852878
mode (4) is quantum code
quantum_dist: reach min distance when iq = 1, continue to run with trialQ = 100
dax,daz,dbx,dbz = 3,3,3,3,
dcx = dax*dbx = 9
Elapsed time = 0.917839 seconds
check data/random4/trial560/trial560-A-7-3-3799-3-2371-B-7-3-3511-3-2657
input seed: 999 --> converted seed:9106541632
data/random4/trial560/trial560-A-7-3-3799-3-2371-B-7-3-3511-3-2657
check data/random4/trial560/trial560-A-7-3-3799-3-2371-B-7-3-3511-3-2657
Gax ---- GF(2) matrix of dimension 3*7 -- Density: 0.571429 ----
      1 0 0 1 1 1 0 
      0 1 0 1 1 0 1 
      0 0 1 0 1 1 1 

Gaz ---- GF(2) matrix of dimension 3*7 -- Density: 0.571429 ----
      1 0 1 1 0 0 1 
      1 1 1 0 1 0 0 
      1 1 0 0 0 1 1 

Cax ---- GF(2) matrix of dimension 1*7 -- Density: 0.428571 ----
      0 0 0 1 0 1 1 

Caz ---- GF(2) matrix of dimension 1*7 -- Density: 0.428571 ----
      0 0 0 1 0 1 1 

Gbx ---- GF(2) matrix of dimension 3*7 -- Density: 0.571429 ----
      1 0 0 1 1 0 1 
      0 1 0 1 0 1 1 
      0 0 1 0 1 1 1 

Gbz ---- GF(2) matrix of dimension 3*7 -- Density: 0.571429 ----
      1 0 1 1 0 1 0 
      1 1 0 0 1 1 0 
      1 1 1 0 0 0 1 

Cbx ---- GF(2) matrix of dimension 1*7 -- Density: 0.428571 ----
      0 0 0 1 1 1 0 

Cbz ---- GF(2) matrix of dimension 1*7 -- Density: 0.428571 ----
      0 0 0 1 1 1 0 

GF2mat Gcx, size = (42,49), density = 0.0816327
GF2mat Gcz, size = (15,49), density = 0.293878
mode (0) is quantum code
quantum_dist: reach min distance when iq = 1, continue to run with trialQ = 100
dax,daz,dbx,dbz = 3,3,3,3,
[1;31mCASE:[0m mode (0) dax*dbx=9, dcx=7. dax,daz,dbx,dbz = 3,3,3,3;na,nb,nc,7,7,49;ka,kb=1,1;data/random4/trial560/trial560-A-7-3-3799-3-2371-B-7-3-3511-3-2657,no-note, time:0.138896
GF2mat Gcx, size = (15,49), density = 0.293878
GF2mat Gcz, size = (42,49), density = 0.0816327
mode (1) is quantum code
quantum_dist: reach min distance when iq = 1, continue to run with trialQ = 100
dax,daz,dbx,dbz = 3,3,3,3,
[1;31mCASE:[0m mode (1) daz*dbz=9, dcz=7. dax,daz,dbx,dbz = 3,3,3,3;na,nb,nc=7,7,49;ka,kb=1,1;data/random4/trial560/trial560-A-7-3-3799-3-2371-B-7-3-3511-3-2657,no-note, time:0.277473
mode (3)
GF2mat Gcx, size = (42,67), density = 0.0852878
GF2mat Gcz, size = (42,67), density = 0.0852878
mode (3) is quantum code
quantum_dist: reach min distance when iq = 4, continue to run with trialQ = 100
dax,daz,dbx,dbz = 3,3,3,3,
dcz = daz*dbz = 9
mode (4)
GF2mat Gcx, size = (42,67), density = 0.0852878
GF2mat Gcz, size = (42,67), density = 0.0852878
mode (4) is quantum code
quantum_dist: reach min distance when iq = 57, continue to run with trialQ = 570
dax,daz,dbx,dbz = 3,3,3,3,
dcx = dax*dbx = 9
Elapsed time = 1.36102 seconds
check data/random4/trial560/trial560-A-7-3-3799-3-2371-B-7-3-3799-3-2371
input seed: 999 --> converted seed:2847904472
data/random4/trial560/trial560-A-7-3-3799-3-2371-B-7-3-3799-3-2371
check data/random4/trial560/trial560-A-7-3-3799-3-2371-B-7-3-3799-3-2371
Gax ---- GF(2) matrix of dimension 3*7 -- Density: 0.571429 ----
      1 0 0 1 1 1 0 
      0 1 0 1 1 0 1 
      0 0 1 0 1 1 1 

Gaz ---- GF(2) matrix of dimension 3*7 -- Density: 0.571429 ----
      1 0 1 1 0 0 1 
      1 1 1 0 1 0 0 
      1 1 0 0 0 1 1 

Cax ---- GF(2) matrix of dimension 1*7 -- Density: 0.428571 ----
      0 0 0 1 0 1 1 

Caz ---- GF(2) matrix of dimension 1*7 -- Density: 0.428571 ----
      0 0 0 1 0 1 1 

Gbx ---- GF(2) matrix of dimension 3*7 -- Density: 0.571429 ----
      1 0 0 1 1 1 0 
      0 1 0 1 1 0 1 
      0 0 1 0 1 1 1 

Gbz ---- GF(2) matrix of dimension 3*7 -- Density: 0.571429 ----
      1 0 1 1 0 0 1 
      1 1 1 0 1 0 0 
      1 1 0 0 0 1 1 

Cbx ---- GF(2) matrix of dimension 1*7 -- Density: 0.428571 ----
      0 0 0 1 0 1 1 

Cbz ---- GF(2) matrix of dimension 1*7 -- Density: 0.428571 ----
      0 0 0 1 0 1 1 

GF2mat Gcx, size = (42,49), density = 0.0816327
GF2mat Gcz, size = (15,49), density = 0.293878
mode (0) is quantum code
quantum_dist: reach min distance when iq = 0, continue to run with trialQ = 100
dax,daz,dbx,dbz = 3,3,3,3,
[1;31mCASE:[0m mode (0) dax*dbx=9, dcx=7. dax,daz,dbx,dbz = 3,3,3,3;na,nb,nc,7,7,49;ka,kb=1,1;data/random4/trial560/trial560-A-7-3-3799-3-2371-B-7-3-3799-3-2371,no-note, time:0.140019
GF2mat Gcx, size = (15,49), density = 0.293878
GF2mat Gcz, size = (42,49), density = 0.0816327
mode (1) is quantum code
quantum_dist: reach min distance when iq = 0, continue to run with trialQ = 100
dax,daz,dbx,dbz = 3,3,3,3,
[1;31mCASE:[0m mode (1) daz*dbz=9, dcz=7. dax,daz,dbx,dbz = 3,3,3,3;na,nb,nc=7,7,49;ka,kb=1,1;data/random4/trial560/trial560-A-7-3-3799-3-2371-B-7-3-3799-3-2371,no-note, time:0.278394
mode (3)
GF2mat Gcx, size = (42,67), density = 0.0852878
GF2mat Gcz, size = (42,67), density = 0.0852878
mode (3) is quantum code
quantum_dist: reach min distance when iq = 2, continue to run with trialQ = 100
dax,daz,dbx,dbz = 3,3,3,3,
dcz = daz*dbz = 9
mode (4)
GF2mat Gcx, size = (42,67), density = 0.0852878
GF2mat Gcz, size = (42,67), density = 0.0852878
mode (4) is quantum code
quantum_dist: reach min distance when iq = 21, continue to run with trialQ = 210
dax,daz,dbx,dbz = 3,3,3,3,
dcx = dax*dbx = 9
Elapsed time = 0.782447 seconds
check data/random4/trial560/trial560-A-7-3-3803-3-2131-B-7-3-3767-3-2386
input seed: 999 --> converted seed:798423272
data/random4/trial560/trial560-A-7-3-3803-3-2131-B-7-3-3767-3-2386
check data/random4/trial560/trial560-A-7-3-3803-3-2131-B-7-3-3767-3-2386
Gax ---- GF(2) matrix of dimension 3*7 -- Density: 0.571429 ----
      1 0 0 1 1 1 0 
      0 1 0 1 1 0 1 
      0 0 1 1 0 1 1 

Gaz ---- GF(2) matrix of dimension 3*7 -- Density: 0.571429 ----
      1 1 1 1 0 0 0 
      1 0 1 0 1 0 1 
      1 1 0 0 0 1 1 

Cax ---- GF(2) matrix of dimension 1*7 -- Density: 0.428571 ----
      0 0 0 0 1 1 1 

Caz ---- GF(2) matrix of dimension 1*7 -- Density: 0.428571 ----
      0 0 0 0 1 1 1 

Gbx ---- GF(2) matrix of dimension 3*7 -- Density: 0.571429 ----
      1 0 0 1 1 1 0 
      0 1 0 1 0 1 1 
      0 0 1 0 1 1 1 

Gbz ---- GF(2) matrix of dimension 3*7 -- Density: 0.571429 ----
      1 0 1 1 0 0 1 
      1 1 0 0 1 0 1 
      1 1 1 0 0 1 0 

Cbx ---- GF(2) matrix of dimension 1*7 -- Density: 0.428571 ----
      0 0 0 1 1 0 1 

Cbz ---- GF(2) matrix of dimension 1*7 -- Density: 0.428571 ----
      0 0 0 1 1 0 1 

GF2mat Gcx, size = (42,49), density = 0.0816327
GF2mat Gcz, size = (15,49), density = 0.293878
mode (0) is quantum code
quantum_dist: reach min distance when iq = 2, continue to run with trialQ = 100
dax,daz,dbx,dbz = 3,3,3,3,
[1;31mCASE:[0m mode (0) dax*dbx=9, dcx=7. dax,daz,dbx,dbz = 3,3,3,3;na,nb,nc,7,7,49;ka,kb=1,1;data/random4/trial560/trial560-A-7-3-3803-3-2131-B-7-3-3767-3-2386,no-note, time:0.140511
GF2mat Gcx, size = (15,49), density = 0.293878
GF2mat Gcz, size = (42,49), density = 0.0816327
mode (1) is quantum code
quantum_dist: reach min distance when iq = 0, continue to run with trialQ = 100
dax,daz,dbx,dbz = 3,3,3,3,
[1;31mCASE:[0m mode (1) daz*dbz=9, dcz=7. dax,daz,dbx,dbz = 3,3,3,3;na,nb,nc=7,7,49;ka,kb=1,1;data/random4/trial560/trial560-A-7-3-3803-3-2131-B-7-3-3767-3-2386,no-note, time:0.281926
mode (3)
GF2mat Gcx, size = (42,67), density = 0.0852878
GF2mat Gcz, size = (42,67), density = 0.0852878
mode (3) is quantum code
quantum_dist: reach min distance when iq = 40, continue to run with trialQ = 400
dax,daz,dbx,dbz = 3,3,3,3,
dcz = daz*dbz = 9
mode (4)
GF2mat Gcx, size = (42,67), density = 0.0852878
GF2mat Gcz, size = (42,67), density = 0.0852878
mode (4) is quantum code
quantum_dist: reach min distance when iq = 11, continue to run with trialQ = 110
dax,daz,dbx,dbz = 3,3,3,3,
dcx = dax*dbx = 9
Elapsed time = 1.10002 seconds
check data/random4/trial560/trial560-A-7-3-3767-3-2386-B-7-3-3511-3-2657
input seed: 999 --> converted seed:1931454952
data/random4/trial560/trial560-A-7-3-3767-3-2386-B-7-3-3511-3-2657
check data/random4/trial560/trial560-A-7-3-3767-3-2386-B-7-3-3511-3-2657
Gax ---- GF(2) matrix of dimension 3*7 -- Density: 0.571429 ----
      1 0 0 1 1 1 0 
      0 1 0 1 0 1 1 
      0 0 1 0 1 1 1 

Gaz ---- GF(2) matrix of dimension 3*7 -- Density: 0.571429 ----
      1 0 1 1 0 0 1 
      1 1 0 0 1 0 1 
      1 1 1 0 0 1 0 

Cax ---- GF(2) matrix of dimension 1*7 -- Density: 0.428571 ----
      0 0 0 1 1 0 1 

Caz ---- GF(2) matrix of dimension 1*7 -- Density: 0.428571 ----
      0 0 0 1 1 0 1 

Gbx ---- GF(2) matrix of dimension 3*7 -- Density: 0.571429 ----
      1 0 0 1 1 0 1 
      0 1 0 1 0 1 1 
      0 0 1 0 1 1 1 

Gbz ---- GF(2) matrix of dimension 3*7 -- Density: 0.571429 ----
      1 0 1 1 0 1 0 
      1 1 0 0 1 1 0 
      1 1 1 0 0 0 1 

Cbx ---- GF(2) matrix of dimension 1*7 -- Density: 0.428571 ----
      0 0 0 1 1 1 0 

Cbz ---- GF(2) matrix of dimension 1*7 -- Density: 0.428571 ----
      0 0 0 1 1 1 0 

GF2mat Gcx, size = (42,49), density = 0.0816327
GF2mat Gcz, size = (15,49), density = 0.293878
mode (0) is quantum code
quantum_dist: reach min distance when iq = 0, continue to run with trialQ = 100
dax,daz,dbx,dbz = 3,3,3,3,
[1;31mCASE:[0m mode (0) dax*dbx=9, dcx=7. dax,daz,dbx,dbz = 3,3,3,3;na,nb,nc,7,7,49;ka,kb=1,1;data/random4/trial560/trial560-A-7-3-3767-3-2386-B-7-3-3511-3-2657,no-note, time:0.14296
GF2mat Gcx, size = (15,49), density = 0.293878
GF2mat Gcz, size = (42,49), density = 0.0816327
mode (1) is quantum code
quantum_dist: reach min distance when iq = 0, continue to run with trialQ = 100
dax,daz,dbx,dbz = 3,3,3,3,
[1;31mCASE:[0m mode (1) daz*dbz=9, dcz=7. dax,daz,dbx,dbz = 3,3,3,3;na,nb,nc=7,7,49;ka,kb=1,1;data/random4/trial560/trial560-A-7-3-3767-3-2386-B-7-3-3511-3-2657,no-note, time:0.282147
mode (3)
GF2mat Gcx, size = (42,67), density = 0.0852878
GF2mat Gcz, size = (42,67), density = 0.0852878
mode (3) is quantum code
quantum_dist: reach min distance when iq = 22, continue to run with trialQ = 220
dax,daz,dbx,dbz = 3,3,3,3,
dcz = daz*dbz = 9
mode (4)
GF2mat Gcx, size = (42,67), density = 0.0852878
GF2mat Gcz, size = (42,67), density = 0.0852878
mode (4) is quantum code
quantum_dist: reach min distance when iq = 22, continue to run with trialQ = 220
dax,daz,dbx,dbz = 3,3,3,3,
dcx = dax*dbx = 9
Elapsed time = 0.989296 seconds
check data/random4/trial560/trial560-A-7-3-3767-3-2386-B-7-3-3799-3-2371
input seed: 999 --> converted seed:1958841382
data/random4/trial560/trial560-A-7-3-3767-3-2386-B-7-3-3799-3-2371
check data/random4/trial560/trial560-A-7-3-3767-3-2386-B-7-3-3799-3-2371
Gax ---- GF(2) matrix of dimension 3*7 -- Density: 0.571429 ----
      1 0 0 1 1 1 0 
      0 1 0 1 0 1 1 
      0 0 1 0 1 1 1 

Gaz ---- GF(2) matrix of dimension 3*7 -- Density: 0.571429 ----
      1 0 1 1 0 0 1 
      1 1 0 0 1 0 1 
      1 1 1 0 0 1 0 

Cax ---- GF(2) matrix of dimension 1*7 -- Density: 0.428571 ----
      0 0 0 1 1 0 1 

Caz ---- GF(2) matrix of dimension 1*7 -- Density: 0.428571 ----
      0 0 0 1 1 0 1 

Gbx ---- GF(2) matrix of dimension 3*7 -- Density: 0.571429 ----
      1 0 0 1 1 1 0 
      0 1 0 1 1 0 1 
      0 0 1 0 1 1 1 

Gbz ---- GF(2) matrix of dimension 3*7 -- Density: 0.571429 ----
      1 0 1 1 0 0 1 
      1 1 1 0 1 0 0 
      1 1 0 0 0 1 1 

Cbx ---- GF(2) matrix of dimension 1*7 -- Density: 0.428571 ----
      0 0 0 1 0 1 1 

Cbz ---- GF(2) matrix of dimension 1*7 -- Density: 0.428571 ----
      0 0 0 1 0 1 1 

GF2mat Gcx, size = (42,49), density = 0.0816327
GF2mat Gcz, size = (15,49), density = 0.293878
mode (0) is quantum code
quantum_dist: reach min distance when iq = 1, continue to run with trialQ = 100
dax,daz,dbx,dbz = 3,3,3,3,
[1;31mCASE:[0m mode (0) dax*dbx=9, dcx=7. dax,daz,dbx,dbz = 3,3,3,3;na,nb,nc,7,7,49;ka,kb=1,1;data/random4/trial560/trial560-A-7-3-3767-3-2386-B-7-3-3799-3-2371,no-note, time:0.139583
GF2mat Gcx, size = (15,49), density = 0.293878
GF2mat Gcz, size = (42,49), density = 0.0816327
mode (1) is quantum code
quantum_dist: reach min distance when iq = 1, continue to run with trialQ = 100
dax,daz,dbx,dbz = 3,3,3,3,
[1;31mCASE:[0m mode (1) daz*dbz=9, dcz=7. dax,daz,dbx,dbz = 3,3,3,3;na,nb,nc=7,7,49;ka,kb=1,1;data/random4/trial560/trial560-A-7-3-3767-3-2386-B-7-3-3799-3-2371,no-note, time:0.278654
mode (3)
GF2mat Gcx, size = (42,67), density = 0.0852878
GF2mat Gcz, size = (42,67), density = 0.0852878
mode (3) is quantum code
quantum_dist: reach min distance when iq = 9, continue to run with trialQ = 100
dax,daz,dbx,dbz = 3,3,3,3,
dcz = daz*dbz = 9
mode (4)
GF2mat Gcx, size = (42,67), density = 0.0852878
GF2mat Gcz, size = (42,67), density = 0.0852878
mode (4) is quantum code
quantum_dist: reach min distance when iq = 52, continue to run with trialQ = 520
dax,daz,dbx,dbz = 3,3,3,3,
dcx = dax*dbx = 9
Elapsed time = 1.27829 seconds
check data/random4/trial560/trial560-A-7-3-3767-3-2386-B-7-3-3767-3-2386
input seed: 999 --> converted seed:4896167512
data/random4/trial560/trial560-A-7-3-3767-3-2386-B-7-3-3767-3-2386
check data/random4/trial560/trial560-A-7-3-3767-3-2386-B-7-3-3767-3-2386
Gax ---- GF(2) matrix of dimension 3*7 -- Density: 0.571429 ----
      1 0 0 1 1 1 0 
      0 1 0 1 0 1 1 
      0 0 1 0 1 1 1 

Gaz ---- GF(2) matrix of dimension 3*7 -- Density: 0.571429 ----
      1 0 1 1 0 0 1 
      1 1 0 0 1 0 1 
      1 1 1 0 0 1 0 

Cax ---- GF(2) matrix of dimension 1*7 -- Density: 0.428571 ----
      0 0 0 1 1 0 1 

Caz ---- GF(2) matrix of dimension 1*7 -- Density: 0.428571 ----
      0 0 0 1 1 0 1 

Gbx ---- GF(2) matrix of dimension 3*7 -- Density: 0.571429 ----
      1 0 0 1 1 1 0 
      0 1 0 1 0 1 1 
      0 0 1 0 1 1 1 

Gbz ---- GF(2) matrix of dimension 3*7 -- Density: 0.571429 ----
      1 0 1 1 0 0 1 
      1 1 0 0 1 0 1 
      1 1 1 0 0 1 0 

Cbx ---- GF(2) matrix of dimension 1*7 -- Density: 0.428571 ----
      0 0 0 1 1 0 1 

Cbz ---- GF(2) matrix of dimension 1*7 -- Density: 0.428571 ----
      0 0 0 1 1 0 1 

GF2mat Gcx, size = (42,49), density = 0.0816327
GF2mat Gcz, size = (15,49), density = 0.293878
mode (0) is quantum code
quantum_dist: reach min distance when iq = 1, continue to run with trialQ = 100
dax,daz,dbx,dbz = 3,3,3,3,
[1;31mCASE:[0m mode (0) dax*dbx=9, dcx=7. dax,daz,dbx,dbz = 3,3,3,3;na,nb,nc,7,7,49;ka,kb=1,1;data/random4/trial560/trial560-A-7-3-3767-3-2386-B-7-3-3767-3-2386,no-note, time:0.145813
GF2mat Gcx, size = (15,49), density = 0.293878
GF2mat Gcz, size = (42,49), density = 0.0816327
mode (1) is quantum code
quantum_dist: reach min distance when iq = 3, continue to run with trialQ = 100
dax,daz,dbx,dbz = 3,3,3,3,
[1;31mCASE:[0m mode (1) daz*dbz=9, dcz=7. dax,daz,dbx,dbz = 3,3,3,3;na,nb,nc=7,7,49;ka,kb=1,1;data/random4/trial560/trial560-A-7-3-3767-3-2386-B-7-3-3767-3-2386,no-note, time:0.285376
mode (3)
GF2mat Gcx, size = (42,67), density = 0.0852878
GF2mat Gcz, size = (42,67), density = 0.0852878
mode (3) is quantum code
quantum_dist: reach min distance when iq = 6, continue to run with trialQ = 100
dax,daz,dbx,dbz = 3,3,3,3,
dcz = daz*dbz = 9
mode (4)
GF2mat Gcx, size = (42,67), density = 0.0852878
GF2mat Gcz, size = (42,67), density = 0.0852878
mode (4) is quantum code
quantum_dist: reach min distance when iq = 0, continue to run with trialQ = 100
dax,daz,dbx,dbz = 3,3,3,3,
dcx = dax*dbx = 9
Elapsed time = 0.60943 seconds
done
Thu Jul  9 16:23:42 PDT 2020
