Pj: [7,4,3] code
P[1] ---- GF(2) matrix of dimension 7*7 -- Density: 0.571429 ----
      1 0 1 1 1 0 0 
      0 1 0 1 1 1 0 
      0 0 1 0 1 1 1 
      1 0 0 1 0 1 1 
      1 1 0 0 1 0 1 
      1 1 1 0 0 1 0 
      0 1 1 1 0 0 1 

P[2] ---- GF(2) matrix of dimension 7*7 -- Density: 0.571429 ----
      1 0 1 1 1 0 0 
      0 1 0 1 1 1 0 
      0 0 1 0 1 1 1 
      1 0 0 1 0 1 1 
      1 1 0 0 1 0 1 
      1 1 1 0 0 1 0 
      0 1 1 1 0 0 1 

P[3] ---- GF(2) matrix of dimension 7*7 -- Density: 0.571429 ----
      1 0 1 1 1 0 0 
      0 1 0 1 1 1 0 
      0 0 1 0 1 1 1 
      1 0 0 1 0 1 1 
      1 1 0 0 1 0 1 
      1 1 1 0 0 1 0 
      0 1 1 1 0 0 1 

P[4] ---- GF(2) matrix of dimension 7*7 -- Density: 0.571429 ----
      1 0 1 1 1 0 0 
      0 1 0 1 1 1 0 
      0 0 1 0 1 1 1 
      1 0 0 1 0 1 1 
      1 1 0 0 1 0 1 
      1 1 1 0 0 1 0 
      0 1 1 1 0 0 1 

n0	n1	n2	n3	n4
7	7
49	98	49
343	1029	1029	343
2401	9604	14406	9604	2401
-----------------------------------	rank(P[j]) = 	3	3	3	3	
k0	k1	k2	k3	k4
4	4
16	32	16
64	192	192	64
256	1024	1536	768	256
#check: 768
--------------------------------------- n=	49	98	49
k	32	
--------------------------------------- n=	343	1029	1029	343
k	192	192	
--------------------------------------- n=	2401	9604	14406	9604	2401
k	1024	1536	1024	
Elapsed time = 7511.35 seconds
