start job on i02 size9 run410 150/1000000 Sat May 30 17:37:10 PDT 2020
one dot means 1000 test
...........................................................................................................................................................................................................................................[1;31mCASE:[0m dax*dbx=9, dcx=8. estimate value of dax,daz,dbx,dbz = 3,3,3,3,
data_hpcc/random3/trial410-234473
[1;31mCASE:[0m dax*dbx=9, dcx=8. estimate value of dax,daz,dbx,dbz = 3,3,3,3,
data_hpcc/random3/trial410-234460
[1;31mCASE:[0m dax*dbx=9, dcx=8. estimate value of dax,daz,dbx,dbz = 3,3,3,3,
data_hpcc/random3/trial410-234475
[1;31mCASE:[0m dax*dbx=9, dcx=8. estimate value of dax,daz,dbx,dbz = 3,3,3,3,
data_hpcc/random3/trial410-234474
[1;31mCASE:[0m dax*dbx=9, dcx=8. estimate value of dax,daz,dbx,dbz = 3,3,3,3,
data_hpcc/random3/trial410-234482
[1;31mCASE:[0m dax*dbx=9, dcx=8. estimate value of dax,daz,dbx,dbz = 3,3,3,3,
data_hpcc/random3/trial410-234467
[1;31mCASE:[0m dax*dbx=9, dcx=8. estimate value of dax,daz,dbx,dbz = 3,3,3,3,
data_hpcc/random3/trial410-234485
..................................................[1;31mCASE:[0m daz*dbz=9, dcz=8. estimate value of dax,daz,dbx,dbz = 3,3,3,3,
data_hpcc/random3/trial410-284630
[1;31mCASE:[0m daz*dbz=9, dcz=8. estimate value of dax,daz,dbx,dbz = 3,3,3,3,
data_hpcc/random3/trial410-284570
[1;31mCASE:[0m daz*dbz=9, dcz=8. estimate value of dax,daz,dbx,dbz = 3,3,3,3,
data_hpcc/random3/trial410-284561
[1;31mCASE:[0m daz*dbz=9, dcz=8. estimate value of dax,daz,dbx,dbz = 3,3,3,3,
data_hpcc/random3/trial410-284541
[1;31mCASE:[0m daz*dbz=9, dcz=8. estimate value of dax,daz,dbx,dbz = 3,3,3,3,
data_hpcc/random3/trial410-284574
[1;31mCASE:[0m daz*dbz=9, dcz=8. estimate value of dax,daz,dbx,dbz = 3,3,3,3,
data_hpcc/random3/trial410-284628
............[1;31mCASE:[0m daz*dbz=9, dcz=7. estimate value of dax,daz,dbx,dbz = 3,3,3,3,
data_hpcc/random3/trial410-295992
[1;31mCASE:[0m daz*dbz=9, dcz=7. estimate value of dax,daz,dbx,dbz = 3,3,3,3,
data_hpcc/random3/trial410-295995
[1;31mCASE:[0m daz*dbz=9, dcz=7. estimate value of dax,daz,dbx,dbz = 3,3,3,3,
data_hpcc/random3/trial410-296001
[1;31mCASE:[0m daz*dbz=9, dcz=7. estimate value of dax,daz,dbx,dbz = 3,3,3,3,
data_hpcc/random3/trial410-296011
[1;31mCASE:[0m daz*dbz=9, dcz=7. estimate value of dax,daz,dbx,dbz = 3,3,3,3,
data_hpcc/random3/trial410-296020
[1;31mCASE:[0m daz*dbz=9, dcz=7. estimate value of dax,daz,dbx,dbz = 3,3,3,3,
data_hpcc/random3/trial410-296008
[1;31mCASE:[0m daz*dbz=9, dcz=7. estimate value of dax,daz,dbx,dbz = 3,3,3,3,
data_hpcc/random3/trial410-296006
[1;31mCASE:[0m daz*dbz=9, dcz=7. estimate value of dax,daz,dbx,dbz = 3,3,3,3,
data_hpcc/random3/trial410-296019
[1;31mCASE:[0m daz*dbz=9, dcz=7. estimate value of dax,daz,dbx,dbz = 3,3,3,3,
data_hpcc/random3/trial410-296035
[1;31mCASE:[0m daz*dbz=9, dcz=7. estimate value of dax,daz,dbx,dbz = 3,3,3,3,
data_hpcc/random3/trial410-295988
[1;31mCASE:[0m daz*dbz=9, dcz=7. estimate value of dax,daz,dbx,dbz = 3,3,3,3,
data_hpcc/random3/trial410-296016
[1;31mCASE:[0m daz*dbz=9, dcz=7. estimate value of dax,daz,dbx,dbz = 3,3,3,3,
data_hpcc/random3/trial410-295997
[1;31mCASE:[0m daz*dbz=9, dcz=7. estimate value of dax,daz,dbx,dbz = 3,3,3,3,
data_hpcc/random3/trial410-296022
[1;31mCASE:[0m daz*dbz=9, dcz=7. estimate value of dax,daz,dbx,dbz = 3,3,3,3,
data_hpcc/random3/trial410-295991
[1;31mCASE:[0m daz*dbz=9, dcz=7. estimate value of dax,daz,dbx,dbz = 3,3,3,3,
data_hpcc/random3/trial410-295993
[1;31mCASE:[0m daz*dbz=9, dcz=7. estimate value of dax,daz,dbx,dbz = 3,3,3,3,
data_hpcc/random3/trial410-296004
[1;31mCASE:[0m daz*dbz=9, dcz=7. estimate value of dax,daz,dbx,dbz = 3,3,3,3,
data_hpcc/random3/trial410-296002
[1;31mCASE:[0m daz*dbz=9, dcz=7. estimate value of dax,daz,dbx,dbz = 3,3,3,3,
data_hpcc/random3/trial410-295990
[1;31mCASE:[0m daz*dbz=9, dcz=7. estimate value of dax,daz,dbx,dbz = 3,3,3,3,
data_hpcc/random3/trial410-296025
[1;31mCASE:[0m daz*dbz=9, dcz=7. estimate value of dax,daz,dbx,dbz = 3,3,3,3,
data_hpcc/random3/trial410-296010
[1;31mCASE:[0m daz*dbz=9, dcz=7. estimate value of dax,daz,dbx,dbz = 3,3,3,3,
data_hpcc/random3/trial410-296007
[1;31mCASE:[0m daz*dbz=9, dcz=7. estimate value of dax,daz,dbx,dbz = 3,3,3,3,
data_hpcc/random3/trial410-296012
[1;31mCASE:[0m daz*dbz=9, dcz=7. estimate value of dax,daz,dbx,dbz = 3,3,3,3,
data_hpcc/random3/trial410-295998
[1;31mCASE:[0m daz*dbz=9, dcz=7. estimate value of dax,daz,dbx,dbz = 3,3,3,3,
data_hpcc/random3/trial410-296014
[1;31mCASE:[0m daz*dbz=9, dcz=7. estimate value of dax,daz,dbx,dbz = 3,3,3,3,
data_hpcc/random3/trial410-296000
[1;31mCASE:[0m daz*dbz=9, dcz=7. estimate value of dax,daz,dbx,dbz = 3,3,3,3,
data_hpcc/random3/trial410-296018
[1;31mCASE:[0m daz*dbz=9, dcz=7. estimate value of dax,daz,dbx,dbz = 3,3,3,3,
data_hpcc/random3/trial410-296017
[1;31mCASE:[0m daz*dbz=9, dcz=7. estimate value of dax,daz,dbx,dbz = 3,3,3,3,
data_hpcc/random3/trial410-296005
[1;31mCASE:[0m daz*dbz=9, dcz=7. estimate value of dax,daz,dbx,dbz = 3,3,3,3,
data_hpcc/random3/trial410-296021
[1;31mCASE:[0m daz*dbz=9, dcz=7. estimate value of dax,daz,dbx,dbz = 3,3,3,3,
data_hpcc/random3/trial410-296015
[1;31mCASE:[0m daz*dbz=9, dcz=7. estimate value of dax,daz,dbx,dbz = 3,3,3,3,
data_hpcc/random3/trial410-296034
[1;31mCASE:[0m daz*dbz=9, dcz=7. estimate value of dax,daz,dbx,dbz = 3,3,3,3,
data_hpcc/random3/trial410-296009
[1;31mCASE:[0m daz*dbz=9, dcz=7. estimate value of dax,daz,dbx,dbz = 3,3,3,3,
data_hpcc/random3/trial410-296033
[1;31mCASE:[0m daz*dbz=9, dcz=7. estimate value of dax,daz,dbx,dbz = 3,3,3,3,
data_hpcc/random3/trial410-296029
[1;31mCASE:[0m daz*dbz=9, dcz=7. estimate value of dax,daz,dbx,dbz = 3,3,3,3,
data_hpcc/random3/trial410-296024
[1;31mCASE:[0m daz*dbz=9, dcz=7. estimate value of dax,daz,dbx,dbz = 3,3,3,3,
data_hpcc/random3/trial410-296026
[1;31mCASE:[0m daz*dbz=9, dcz=7. estimate value of dax,daz,dbx,dbz = 3,3,3,3,
data_hpcc/random3/trial410-296023
[1;31mCASE:[0m daz*dbz=9, dcz=7. estimate value of dax,daz,dbx,dbz = 3,3,3,3,
data_hpcc/random3/trial410-295996
[1;31mCASE:[0m daz*dbz=9, dcz=7. estimate value of dax,daz,dbx,dbz = 3,3,3,3,
data_hpcc/random3/trial410-296036
[1;31mCASE:[0m daz*dbz=9, dcz=7. estimate value of dax,daz,dbx,dbz = 3,3,3,3,
data_hpcc/random3/trial410-296027
[1;31mCASE:[0m daz*dbz=9, dcz=7. estimate value of dax,daz,dbx,dbz = 3,3,3,3,
data_hpcc/random3/trial410-296013
[1;31mCASE:[0m daz*dbz=9, dcz=7. estimate value of dax,daz,dbx,dbz = 3,3,3,3,
data_hpcc/random3/trial410-296032
...........................[1;31mCASE:[0m dax*dbx=9, dcx=7. estimate value of dax,daz,dbx,dbz = 3,3,3,3,
data_hpcc/random3/trial410-323200
[1;31mCASE:[0m dax*dbx=9, dcx=7. estimate value of dax,daz,dbx,dbz = 3,3,3,3,
data_hpcc/random3/trial410-323230
[1;31mCASE:[0m daz*dbz=9, dcz=7. estimate value of dax,daz,dbx,dbz = 3,3,3,3,
data_hpcc/random3/trial410-323200
[1;31mCASE:[0m daz*dbz=9, dcz=7. estimate value of dax,daz,dbx,dbz = 3,3,3,3,
data_hpcc/random3/trial410-323230
[1;31mCASE:[0m dax*dbx=9, dcx=7. estimate value of dax,daz,dbx,dbz = 3,3,3,3,
data_hpcc/random3/trial410-323210
[1;31mCASE:[0m dax*dbx=9, dcx=7. estimate value of dax,daz,dbx,dbz = 3,3,3,3,
data_hpcc/random3/trial410-323214
[1;31mCASE:[0m daz*dbz=9, dcz=7. estimate value of dax,daz,dbx,dbz = 3,3,3,3,
data_hpcc/random3/trial410-323210
[1;31mCASE:[0m daz*dbz=9, dcz=7. estimate value of dax,daz,dbx,dbz = 3,3,3,3,
data_hpcc/random3/trial410-323214
[1;31mCASE:[0m dax*dbx=9, dcx=7. estimate value of dax,daz,dbx,dbz = 3,3,3,3,
data_hpcc/random3/trial410-323223
[1;31mCASE:[0m dax*dbx=9, dcx=7. estimate value of dax,daz,dbx,dbz = 3,3,3,3,
data_hpcc/random3/trial410-323250
[1;31mCASE:[0m dax*dbx=9, dcx=7. estimate value of dax,daz,dbx,dbz = 3,3,3,3,
data_hpcc/random3/trial410-323239
[1;31mCASE:[0m dax*dbx=9, dcx=7. estimate value of dax,daz,dbx,dbz = 3,3,3,3,
data_hpcc/random3/trial410-323229
[1;31mCASE:[0m dax*dbx=9, dcx=7. estimate value of dax,daz,dbx,dbz = 3,3,3,3,
data_hpcc/random3/trial410-323262
[1;31mCASE:[0m dax*dbx=9, dcx=7. estimate value of dax,daz,dbx,dbz = 3,3,3,3,
data_hpcc/random3/trial410-323254
[1;31mCASE:[0m dax*dbx=9, dcx=7. estimate value of dax,daz,dbx,dbz = 3,3,3,3,
data_hpcc/random3/trial410-323207
[1;31mCASE:[0m dax*dbx=9, dcx=7. estimate value of dax,daz,dbx,dbz = 3,3,3,3,
data_hpcc/random3/trial410-323203
[1;31mCASE:[0m dax*dbx=9, dcx=7. estimate value of dax,daz,dbx,dbz = 3,3,3,3,
data_hpcc/random3/trial410-323253
[1;31mCASE:[0m dax*dbx=9, dcx=7. estimate value of dax,daz,dbx,dbz = 3,3,3,3,
data_hpcc/random3/trial410-323241
[1;31mCASE:[0m dax*dbx=9, dcx=7. estimate value of dax,daz,dbx,dbz = 3,3,3,3,
data_hpcc/random3/trial410-323206
[1;31mCASE:[0m daz*dbz=9, dcz=7. estimate value of dax,daz,dbx,dbz = 3,3,3,3,
data_hpcc/random3/trial410-323223
[1;31mCASE:[0m daz*dbz=9, dcz=7. estimate value of dax,daz,dbx,dbz = 3,3,3,3,
data_hpcc/random3/trial410-323250
[1;31mCASE:[0m daz*dbz=9, dcz=7. estimate value of dax,daz,dbx,dbz = 3,3,3,3,
data_hpcc/random3/trial410-323254
[1;31mCASE:[0m daz*dbz=9, dcz=7. estimate value of dax,daz,dbx,dbz = 3,3,3,3,
data_hpcc/random3/trial410-323229
[1;31mCASE:[0m daz*dbz=9, dcz=7. estimate value of dax,daz,dbx,dbz = 3,3,3,3,
data_hpcc/random3/trial410-323262
[1;31mCASE:[0m daz*dbz=9, dcz=7. estimate value of dax,daz,dbx,dbz = 3,3,3,3,
data_hpcc/random3/trial410-323239
[1;31mCASE:[0m daz*dbz=9, dcz=7. estimate value of dax,daz,dbx,dbz = 3,3,3,3,
data_hpcc/random3/trial410-323207
[1;31mCASE:[0m daz*dbz=9, dcz=7. estimate value of dax,daz,dbx,dbz = 3,3,3,3,
data_hpcc/random3/trial410-323253
[1;31mCASE:[0m daz*dbz=9, dcz=7. estimate value of dax,daz,dbx,dbz = 3,3,3,3,
data_hpcc/random3/trial410-323206
[1;31mCASE:[0m daz*dbz=9, dcz=7. estimate value of dax,daz,dbx,dbz = 3,3,3,3,
data_hpcc/random3/trial410-323203
[1;31mCASE:[0m daz*dbz=9, dcz=7. estimate value of dax,daz,dbx,dbz = 3,3,3,3,
data_hpcc/random3/trial410-323241
[1;31mCASE:[0m dax*dbx=9, dcx=7. estimate value of dax,daz,dbx,dbz = 3,3,3,3,
data_hpcc/random3/trial410-323201
[1;31mCASE:[0m dax*dbx=9, dcx=7. estimate value of dax,daz,dbx,dbz = 3,3,3,3,
data_hpcc/random3/trial410-323221
[1;31mCASE:[0m dax*dbx=9, dcx=7. estimate value of dax,daz,dbx,dbz = 3,3,3,3,
data_hpcc/random3/trial410-323204
[1;31mCASE:[0m dax*dbx=9, dcx=7. estimate value of dax,daz,dbx,dbz = 3,3,3,3,
data_hpcc/random3/trial410-323197
[1;31mCASE:[0m dax*dbx=9, dcx=7. estimate value of dax,daz,dbx,dbz = 3,3,3,3,
data_hpcc/random3/trial410-323231
[1;31mCASE:[0m dax*dbx=9, dcx=7. estimate value of dax,daz,dbx,dbz = 3,3,3,3,
data_hpcc/random3/trial410-323234
[1;31mCASE:[0m dax*dbx=9, dcx=7. estimate value of dax,daz,dbx,dbz = 3,3,3,3,
data_hpcc/random3/trial410-323202
[1;31mCASE:[0m dax*dbx=9, dcx=7. estimate value of dax,daz,dbx,dbz = 3,3,3,3,
data_hpcc/random3/trial410-323232
[1;31mCASE:[0m dax*dbx=9, dcx=7. estimate value of dax,daz,dbx,dbz = 3,3,3,3,
data_hpcc/random3/trial410-323238
[1;31mCASE:[0m daz*dbz=9, dcz=7. estimate value of dax,daz,dbx,dbz = 3,3,3,3,
data_hpcc/random3/trial410-323201
[1;31mCASE:[0m dax*dbx=9, dcx=7. estimate value of dax,daz,dbx,dbz = 3,3,3,3,
data_hpcc/random3/trial410-323233
[1;31mCASE:[0m dax*dbx=9, dcx=7. estimate value of dax,daz,dbx,dbz = 3,3,3,3,
data_hpcc/random3/trial410-323199
[1;31mCASE:[0m daz*dbz=9, dcz=7. estimate value of dax,daz,dbx,dbz = 3,3,3,3,
data_hpcc/random3/trial410-323204
[1;31mCASE:[0m daz*dbz=9, dcz=7. estimate value of dax,daz,dbx,dbz = 3,3,3,3,
data_hpcc/random3/trial410-323197
[1;31mCASE:[0m daz*dbz=9, dcz=7. estimate value of dax,daz,dbx,dbz = 3,3,3,3,
data_hpcc/random3/trial410-323202
[1;31mCASE:[0m daz*dbz=9, dcz=7. estimate value of dax,daz,dbx,dbz = 3,3,3,3,
data_hpcc/random3/trial410-323231
[1;31mCASE:[0m dax*dbx=9, dcx=7. estimate value of dax,daz,dbx,dbz = 3,3,3,3,
data_hpcc/random3/trial410-323260
[1;31mCASE:[0m daz*dbz=9, dcz=7. estimate value of dax,daz,dbx,dbz = 3,3,3,3,
data_hpcc/random3/trial410-323238
[1;31mCASE:[0m daz*dbz=9, dcz=7. estimate value of dax,daz,dbx,dbz = 3,3,3,3,
data_hpcc/random3/trial410-323233
[1;31mCASE:[0m daz*dbz=9, dcz=7. estimate value of dax,daz,dbx,dbz = 3,3,3,3,
data_hpcc/random3/trial410-323221
[1;31mCASE:[0m daz*dbz=9, dcz=7. estimate value of dax,daz,dbx,dbz = 3,3,3,3,
data_hpcc/random3/trial410-323234
[1;31mCASE:[0m daz*dbz=9, dcz=7. estimate value of dax,daz,dbx,dbz = 3,3,3,3,
data_hpcc/random3/trial410-323232
[1;31mCASE:[0m daz*dbz=9, dcz=7. estimate value of dax,daz,dbx,dbz = 3,3,3,3,
data_hpcc/random3/trial410-323199
[1;31mCASE:[0m daz*dbz=9, dcz=7. estimate value of dax,daz,dbx,dbz = 3,3,3,3,
data_hpcc/random3/trial410-323260
[1;31mCASE:[0m dax*dbx=9, dcx=7. estimate value of dax,daz,dbx,dbz = 3,3,3,3,
data_hpcc/random3/trial410-323209
[1;31mCASE:[0m dax*dbx=9, dcx=7. estimate value of dax,daz,dbx,dbz = 3,3,3,3,
data_hpcc/random3/trial410-323212
[1;31mCASE:[0m dax*dbx=9, dcx=7. estimate value of dax,daz,dbx,dbz = 3,3,3,3,
data_hpcc/random3/trial410-323266
[1;31mCASE:[0m dax*dbx=9, dcx=7. estimate value of dax,daz,dbx,dbz = 3,3,3,3,
data_hpcc/random3/trial410-323299
[1;31mCASE:[0m daz*dbz=9, dcz=7. estimate value of dax,daz,dbx,dbz = 3,3,3,3,
data_hpcc/random3/trial410-323209
[1;31mCASE:[0m daz*dbz=9, dcz=7. estimate value of dax,daz,dbx,dbz = 3,3,3,3,
data_hpcc/random3/trial410-323212
[1;31mCASE:[0m dax*dbx=9, dcx=7. estimate value of dax,daz,dbx,dbz = 3,3,3,3,
data_hpcc/random3/trial410-323227
[1;31mCASE:[0m dax*dbx=9, dcx=7. estimate value of dax,daz,dbx,dbz = 3,3,3,3,
data_hpcc/random3/trial410-323224
[1;31mCASE:[0m daz*dbz=9, dcz=7. estimate value of dax,daz,dbx,dbz = 3,3,3,3,
data_hpcc/random3/trial410-323266
[1;31mCASE:[0m dax*dbx=9, dcx=7. estimate value of dax,daz,dbx,dbz = 3,3,3,3,
data_hpcc/random3/trial410-323226
[1;31mCASE:[0m daz*dbz=9, dcz=7. estimate value of dax,daz,dbx,dbz = 3,3,3,3,
data_hpcc/random3/trial410-323299
[1;31mCASE:[0m dax*dbx=9, dcx=7. estimate value of dax,daz,dbx,dbz = 3,3,3,3,
data_hpcc/random3/trial410-323235
[1;31mCASE:[0m dax*dbx=9, dcx=7. estimate value of dax,daz,dbx,dbz = 3,3,3,3,
data_hpcc/random3/trial410-323240
[1;31mCASE:[0m dax*dbx=9, dcx=7. estimate value of dax,daz,dbx,dbz = 3,3,3,3,
data_hpcc/random3/trial410-323317
[1;31mCASE:[0m daz*dbz=9, dcz=7. estimate value of dax,daz,dbx,dbz = 3,3,3,3,
data_hpcc/random3/trial410-323224
[1;31mCASE:[0m dax*dbx=9, dcx=7. estimate value of dax,daz,dbx,dbz = 3,3,3,3,
data_hpcc/random3/trial410-323251
[1;31mCASE:[0m daz*dbz=9, dcz=7. estimate value of dax,daz,dbx,dbz = 3,3,3,3,
data_hpcc/random3/trial410-323227
[1;31mCASE:[0m dax*dbx=9, dcx=7. estimate value of dax,daz,dbx,dbz = 3,3,3,3,
data_hpcc/random3/trial410-323248
[1;31mCASE:[0m daz*dbz=9, dcz=7. estimate value of dax,daz,dbx,dbz = 3,3,3,3,
data_hpcc/random3/trial410-323226
[1;31mCASE:[0m dax*dbx=9, dcx=7. estimate value of dax,daz,dbx,dbz = 3,3,3,3,
data_hpcc/random3/trial410-323246
[1;31mCASE:[0m daz*dbz=9, dcz=7. estimate value of dax,daz,dbx,dbz = 3,3,3,3,
data_hpcc/random3/trial410-323235
[1;31mCASE:[0m dax*dbx=9, dcx=7. estimate value of dax,daz,dbx,dbz = 3,3,3,3,
data_hpcc/random3/trial410-323276
[1;31mCASE:[0m dax*dbx=9, dcx=7. estimate value of dax,daz,dbx,dbz = 3,3,3,3,
data_hpcc/random3/trial410-323257
[1;31mCASE:[0m dax*dbx=9, dcx=7. estimate value of dax,daz,dbx,dbz = 3,3,3,3,
data_hpcc/random3/trial410-323270
[1;31mCASE:[0m dax*dbx=9, dcx=7. estimate value of dax,daz,dbx,dbz = 3,3,3,3,
data_hpcc/random3/trial410-323258
[1;31mCASE:[0m daz*dbz=9, dcz=7. estimate value of dax,daz,dbx,dbz = 3,3,3,3,
data_hpcc/random3/trial410-323317
[1;31mCASE:[0m dax*dbx=9, dcx=7. estimate value of dax,daz,dbx,dbz = 3,3,3,3,
data_hpcc/random3/trial410-323256
[1;31mCASE:[0m daz*dbz=9, dcz=7. estimate value of dax,daz,dbx,dbz = 3,3,3,3,
data_hpcc/random3/trial410-323240
[1;31mCASE:[0m daz*dbz=9, dcz=7. estimate value of dax,daz,dbx,dbz = 3,3,3,3,
data_hpcc/random3/trial410-323251
[1;31mCASE:[0m dax*dbx=9, dcx=7. estimate value of dax,daz,dbx,dbz = 3,3,3,3,
data_hpcc/random3/trial410-323218
[1;31mCASE:[0m daz*dbz=9, dcz=7. estimate value of dax,daz,dbx,dbz = 3,3,3,3,
data_hpcc/random3/trial410-323248
[1;31mCASE:[0m daz*dbz=9, dcz=7. estimate value of dax,daz,dbx,dbz = 3,3,3,3,
data_hpcc/random3/trial410-323276
[1;31mCASE:[0m dax*dbx=9, dcx=7. estimate value of dax,daz,dbx,dbz = 3,3,3,3,
data_hpcc/random3/trial410-323283
[1;31mCASE:[0m dax*dbx=9, dcx=7. estimate value of dax,daz,dbx,dbz = 3,3,3,3,
data_hpcc/random3/trial410-323222
[1;31mCASE:[0m daz*dbz=9, dcz=7. estimate value of dax,daz,dbx,dbz = 3,3,3,3,
data_hpcc/random3/trial410-323246
[1;31mCASE:[0m dax*dbx=9, dcx=7. estimate value of dax,daz,dbx,dbz = 3,3,3,3,
data_hpcc/random3/trial410-323219
[1;31mCASE:[0m dax*dbx=9, dcx=7. estimate value of dax,daz,dbx,dbz = 3,3,3,3,
data_hpcc/random3/trial410-323279
[1;31mCASE:[0m dax*dbx=9, dcx=7. estimate value of dax,daz,dbx,dbz = 3,3,3,3,
data_hpcc/random3/trial410-323220
[1;31mCASE:[0m daz*dbz=9, dcz=7. estimate value of dax,daz,dbx,dbz = 3,3,3,3,
data_hpcc/random3/trial410-323257
[1;31mCASE:[0m dax*dbx=9, dcx=7. estimate value of dax,daz,dbx,dbz = 3,3,3,3,
data_hpcc/random3/trial410-323217
[1;31mCASE:[0m daz*dbz=9, dcz=7. estimate value of dax,daz,dbx,dbz = 3,3,3,3,
data_hpcc/random3/trial410-323270
[1;31mCASE:[0m daz*dbz=9, dcz=7. estimate value of dax,daz,dbx,dbz = 3,3,3,3,
data_hpcc/random3/trial410-323283
[1;31mCASE:[0m dax*dbx=9, dcx=7. estimate value of dax,daz,dbx,dbz = 3,3,3,3,
data_hpcc/random3/trial410-323215
[1;31mCASE:[0m daz*dbz=9, dcz=7. estimate value of dax,daz,dbx,dbz = 3,3,3,3,
data_hpcc/random3/trial410-323258
[1;31mCASE:[0m daz*dbz=9, dcz=7. estimate value of dax,daz,dbx,dbz = 3,3,3,3,
data_hpcc/random3/trial410-323256
[1;31mCASE:[0m dax*dbx=9, dcx=7. estimate value of dax,daz,dbx,dbz = 3,3,3,3,
data_hpcc/random3/trial410-323216
[1;31mCASE:[0m daz*dbz=9, dcz=7. estimate value of dax,daz,dbx,dbz = 3,3,3,3,
data_hpcc/random3/trial410-323218
[1;31mCASE:[0m dax*dbx=9, dcx=7. estimate value of dax,daz,dbx,dbz = 3,3,3,3,
data_hpcc/random3/trial410-323294
[1;31mCASE:[0m daz*dbz=9, dcz=7. estimate value of dax,daz,dbx,dbz = 3,3,3,3,
data_hpcc/random3/trial410-323222
[1;31mCASE:[0m dax*dbx=9, dcx=7. estimate value of dax,daz,dbx,dbz = 3,3,3,3,
data_hpcc/random3/trial410-323213
[1;31mCASE:[0m dax*dbx=9, dcx=7. estimate value of dax,daz,dbx,dbz = 3,3,3,3,
data_hpcc/random3/trial410-323225
[1;31mCASE:[0m daz*dbz=9, dcz=7. estimate value of dax,daz,dbx,dbz = 3,3,3,3,
data_hpcc/random3/trial410-323279
[1;31mCASE:[0m dax*dbx=9, dcx=7. estimate value of dax,daz,dbx,dbz = 3,3,3,3,
data_hpcc/random3/trial410-323301
[1;31mCASE:[0m dax*dbx=9, dcx=7. estimate value of dax,daz,dbx,dbz = 3,3,3,3,
data_hpcc/random3/trial410-323295
[1;31mCASE:[0m daz*dbz=9, dcz=7. estimate value of dax,daz,dbx,dbz = 3,3,3,3,
data_hpcc/random3/trial410-323219
[1;31mCASE:[0m daz*dbz=9, dcz=7. estimate value of dax,daz,dbx,dbz = 3,3,3,3,
data_hpcc/random3/trial410-323215
[1;31mCASE:[0m daz*dbz=9, dcz=7. estimate value of dax,daz,dbx,dbz = 3,3,3,3,
data_hpcc/random3/trial410-323216
[1;31mCASE:[0m daz*dbz=9, dcz=7. estimate value of dax,daz,dbx,dbz = 3,3,3,3,
data_hpcc/random3/trial410-323220
[1;31mCASE:[0m dax*dbx=9, dcx=7. estimate value of dax,daz,dbx,dbz = 3,3,3,3,
data_hpcc/random3/trial410-323296
[1;31mCASE:[0m daz*dbz=9, dcz=7. estimate value of dax,daz,dbx,dbz = 3,3,3,3,
data_hpcc/random3/trial410-323217
[1;31mCASE:[0m dax*dbx=9, dcx=7. estimate value of dax,daz,dbx,dbz = 3,3,3,3,
data_hpcc/random3/trial410-323236
[1;31mCASE:[0m dax*dbx=9, dcx=7. estimate value of dax,daz,dbx,dbz = 3,3,3,3,
data_hpcc/random3/trial410-323228
[1;31mCASE:[0m dax*dbx=9, dcx=7. estimate value of dax,daz,dbx,dbz = 3,3,3,3,
data_hpcc/random3/trial410-323211
[1;31mCASE:[0m daz*dbz=9, dcz=7. estimate value of dax,daz,dbx,dbz = 3,3,3,3,
data_hpcc/random3/trial410-323294
[1;31mCASE:[0m daz*dbz=9, dcz=7. estimate value of dax,daz,dbx,dbz = 3,3,3,3,
data_hpcc/random3/trial410-323301
[1;31mCASE:[0m daz*dbz=9, dcz=7. estimate value of dax,daz,dbx,dbz = 3,3,3,3,
data_hpcc/random3/trial410-323213
[1;31mCASE:[0m daz*dbz=9, dcz=7. estimate value of dax,daz,dbx,dbz = 3,3,3,3,
data_hpcc/random3/trial410-323225
[1;31mCASE:[0m dax*dbx=9, dcx=7. estimate value of dax,daz,dbx,dbz = 3,3,3,3,
data_hpcc/random3/trial410-323314
[1;31mCASE:[0m daz*dbz=9, dcz=7. estimate value of dax,daz,dbx,dbz = 3,3,3,3,
data_hpcc/random3/trial410-323296
[1;31mCASE:[0m dax*dbx=9, dcx=7. estimate value of dax,daz,dbx,dbz = 3,3,3,3,
data_hpcc/random3/trial410-323242
[1;31mCASE:[0m daz*dbz=9, dcz=7. estimate value of dax,daz,dbx,dbz = 3,3,3,3,
data_hpcc/random3/trial410-323236
[1;31mCASE:[0m dax*dbx=9, dcx=7. estimate value of dax,daz,dbx,dbz = 3,3,3,3,
data_hpcc/random3/trial410-323252
[1;31mCASE:[0m dax*dbx=9, dcx=7. estimate value of dax,daz,dbx,dbz = 3,3,3,3,
data_hpcc/random3/trial410-323237
[1;31mCASE:[0m dax*dbx=9, dcx=7. estimate value of dax,daz,dbx,dbz = 3,3,3,3,
data_hpcc/random3/trial410-323318
[1;31mCASE:[0m daz*dbz=9, dcz=7. estimate value of dax,daz,dbx,dbz = 3,3,3,3,
data_hpcc/random3/trial410-323295
[1;31mCASE:[0m dax*dbx=9, dcx=7. estimate value of dax,daz,dbx,dbz = 3,3,3,3,
data_hpcc/random3/trial410-323245
[1;31mCASE:[0m daz*dbz=9, dcz=7. estimate value of dax,daz,dbx,dbz = 3,3,3,3,
data_hpcc/random3/trial410-323314
[1;31mCASE:[0m daz*dbz=9, dcz=7. estimate value of dax,daz,dbx,dbz = 3,3,3,3,
data_hpcc/random3/trial410-323211
[1;31mCASE:[0m daz*dbz=9, dcz=7. estimate value of dax,daz,dbx,dbz = 3,3,3,3,
data_hpcc/random3/trial410-323228
[1;31mCASE:[0m dax*dbx=9, dcx=7. estimate value of dax,daz,dbx,dbz = 3,3,3,3,
data_hpcc/random3/trial410-323243
[1;31mCASE:[0m dax*dbx=9, dcx=7. estimate value of dax,daz,dbx,dbz = 3,3,3,3,
data_hpcc/random3/trial410-323247
[1;31mCASE:[0m dax*dbx=9, dcx=7. estimate value of dax,daz,dbx,dbz = 3,3,3,3,
data_hpcc/random3/trial410-323255
[1;31mCASE:[0m daz*dbz=9, dcz=7. estimate value of dax,daz,dbx,dbz = 3,3,3,3,
data_hpcc/random3/trial410-323252
[1;31mCASE:[0m daz*dbz=9, dcz=7. estimate value of dax,daz,dbx,dbz = 3,3,3,3,
data_hpcc/random3/trial410-323242
[1;31mCASE:[0m daz*dbz=9, dcz=7. estimate value of dax,daz,dbx,dbz = 3,3,3,3,
data_hpcc/random3/trial410-323237
[1;31mCASE:[0m daz*dbz=9, dcz=7. estimate value of dax,daz,dbx,dbz = 3,3,3,3,
data_hpcc/random3/trial410-323318
[1;31mCASE:[0m daz*dbz=9, dcz=7. estimate value of dax,daz,dbx,dbz = 3,3,3,3,
data_hpcc/random3/trial410-323247
[1;31mCASE:[0m dax*dbx=9, dcx=7. estimate value of dax,daz,dbx,dbz = 3,3,3,3,
data_hpcc/random3/trial410-323289
[1;31mCASE:[0m daz*dbz=9, dcz=7. estimate value of dax,daz,dbx,dbz = 3,3,3,3,
data_hpcc/random3/trial410-323245
[1;31mCASE:[0m daz*dbz=9, dcz=7. estimate value of dax,daz,dbx,dbz = 3,3,3,3,
data_hpcc/random3/trial410-323243
[1;31mCASE:[0m dax*dbx=9, dcx=7. estimate value of dax,daz,dbx,dbz = 3,3,3,3,
data_hpcc/random3/trial410-323261
[1;31mCASE:[0m daz*dbz=9, dcz=7. estimate value of dax,daz,dbx,dbz = 3,3,3,3,
data_hpcc/random3/trial410-323255
[1;31mCASE:[0m dax*dbx=9, dcx=7. estimate value of dax,daz,dbx,dbz = 3,3,3,3,
data_hpcc/random3/trial410-323278
[1;31mCASE:[0m dax*dbx=9, dcx=7. estimate value of dax,daz,dbx,dbz = 3,3,3,3,
data_hpcc/random3/trial410-323300
[1;31mCASE:[0m dax*dbx=9, dcx=7. estimate value of dax,daz,dbx,dbz = 3,3,3,3,
data_hpcc/random3/trial410-323293
[1;31mCASE:[0m dax*dbx=9, dcx=7. estimate value of dax,daz,dbx,dbz = 3,3,3,3,
data_hpcc/random3/trial410-323307
[1;31mCASE:[0m daz*dbz=9, dcz=7. estimate value of dax,daz,dbx,dbz = 3,3,3,3,
data_hpcc/random3/trial410-323278
[1;31mCASE:[0m daz*dbz=9, dcz=7. estimate value of dax,daz,dbx,dbz = 3,3,3,3,
data_hpcc/random3/trial410-323261
[1;31mCASE:[0m dax*dbx=9, dcx=7. estimate value of dax,daz,dbx,dbz = 3,3,3,3,
data_hpcc/random3/trial410-323306
[1;31mCASE:[0m daz*dbz=9, dcz=7. estimate value of dax,daz,dbx,dbz = 3,3,3,3,
data_hpcc/random3/trial410-323289
[1;31mCASE:[0m daz*dbz=9, dcz=7. estimate value of dax,daz,dbx,dbz = 3,3,3,3,
data_hpcc/random3/trial410-323293
[1;31mCASE:[0m dax*dbx=9, dcx=7. estimate value of dax,daz,dbx,dbz = 3,3,3,3,
data_hpcc/random3/trial410-323303
[1;31mCASE:[0m daz*dbz=9, dcz=7. estimate value of dax,daz,dbx,dbz = 3,3,3,3,
data_hpcc/random3/trial410-323307
[1;31mCASE:[0m dax*dbx=9, dcx=7. estimate value of dax,daz,dbx,dbz = 3,3,3,3,
data_hpcc/random3/trial410-323320
[1;31mCASE:[0m daz*dbz=9, dcz=7. estimate value of dax,daz,dbx,dbz = 3,3,3,3,
data_hpcc/random3/trial410-323300
[1;31mCASE:[0m dax*dbx=9, dcx=7. estimate value of dax,daz,dbx,dbz = 3,3,3,3,
data_hpcc/random3/trial410-323316
[1;31mCASE:[0m daz*dbz=9, dcz=7. estimate value of dax,daz,dbx,dbz = 3,3,3,3,
data_hpcc/random3/trial410-323306
[1;31mCASE:[0m dax*dbx=9, dcx=7. estimate value of dax,daz,dbx,dbz = 3,3,3,3,
data_hpcc/random3/trial410-323274
[1;31mCASE:[0m daz*dbz=9, dcz=7. estimate value of dax,daz,dbx,dbz = 3,3,3,3,
data_hpcc/random3/trial410-323303
[1;31mCASE:[0m dax*dbx=9, dcx=7. estimate value of dax,daz,dbx,dbz = 3,3,3,3,
data_hpcc/random3/trial410-323273
[1;31mCASE:[0m daz*dbz=9, dcz=7. estimate value of dax,daz,dbx,dbz = 3,3,3,3,
data_hpcc/random3/trial410-323316
[1;31mCASE:[0m dax*dbx=9, dcx=7. estimate value of dax,daz,dbx,dbz = 3,3,3,3,
data_hpcc/random3/trial410-323287
[1;31mCASE:[0m dax*dbx=9, dcx=7. estimate value of dax,daz,dbx,dbz = 3,3,3,3,
data_hpcc/random3/trial410-323272
[1;31mCASE:[0m dax*dbx=9, dcx=7. estimate value of dax,daz,dbx,dbz = 3,3,3,3,
data_hpcc/random3/trial410-323275
[1;31mCASE:[0m dax*dbx=9, dcx=7. estimate value of dax,daz,dbx,dbz = 3,3,3,3,
data_hpcc/random3/trial410-323282
[1;31mCASE:[0m dax*dbx=9, dcx=7. estimate value of dax,daz,dbx,dbz = 3,3,3,3,
data_hpcc/random3/trial410-323285
[1;31mCASE:[0m daz*dbz=9, dcz=7. estimate value of dax,daz,dbx,dbz = 3,3,3,3,
data_hpcc/random3/trial410-323273
[1;31mCASE:[0m daz*dbz=9, dcz=7. estimate value of dax,daz,dbx,dbz = 3,3,3,3,
data_hpcc/random3/trial410-323287
[1;31mCASE:[0m daz*dbz=9, dcz=7. estimate value of dax,daz,dbx,dbz = 3,3,3,3,
data_hpcc/random3/trial410-323320
[1;31mCASE:[0m dax*dbx=9, dcx=7. estimate value of dax,daz,dbx,dbz = 3,3,3,3,
data_hpcc/random3/trial410-323308
[1;31mCASE:[0m dax*dbx=9, dcx=7. estimate value of dax,daz,dbx,dbz = 3,3,3,3,
data_hpcc/random3/trial410-323291
[1;31mCASE:[0m daz*dbz=9, dcz=7. estimate value of dax,daz,dbx,dbz = 3,3,3,3,
data_hpcc/random3/trial410-323274
[1;31mCASE:[0m daz*dbz=9, dcz=7. estimate value of dax,daz,dbx,dbz = 3,3,3,3,
data_hpcc/random3/trial410-323272
[1;31mCASE:[0m dax*dbx=9, dcx=7. estimate value of dax,daz,dbx,dbz = 3,3,3,3,
data_hpcc/random3/trial410-323288
[1;31mCASE:[0m dax*dbx=9, dcx=7. estimate value of dax,daz,dbx,dbz = 3,3,3,3,
data_hpcc/random3/trial410-323290
[1;31mCASE:[0m dax*dbx=9, dcx=7. estimate value of dax,daz,dbx,dbz = 3,3,3,3,
data_hpcc/random3/trial410-323304
[1;31mCASE:[0m daz*dbz=9, dcz=7. estimate value of dax,daz,dbx,dbz = 3,3,3,3,
data_hpcc/random3/trial410-323282
[1;31mCASE:[0m dax*dbx=9, dcx=7. estimate value of dax,daz,dbx,dbz = 3,3,3,3,
data_hpcc/random3/trial410-323305
[1;31mCASE:[0m daz*dbz=9, dcz=7. estimate value of dax,daz,dbx,dbz = 3,3,3,3,
data_hpcc/random3/trial410-323308
[1;31mCASE:[0m dax*dbx=9, dcx=7. estimate value of dax,daz,dbx,dbz = 3,3,3,3,
data_hpcc/random3/trial410-323309
[1;31mCASE:[0m daz*dbz=9, dcz=7. estimate value of dax,daz,dbx,dbz = 3,3,3,3,
data_hpcc/random3/trial410-323285
[1;31mCASE:[0m daz*dbz=9, dcz=7. estimate value of dax,daz,dbx,dbz = 3,3,3,3,
data_hpcc/random3/trial410-323275
[1;31mCASE:[0m dax*dbx=9, dcx=7. estimate value of dax,daz,dbx,dbz = 3,3,3,3,
data_hpcc/random3/trial410-323281
[1;31mCASE:[0m dax*dbx=9, dcx=7. estimate value of dax,daz,dbx,dbz = 3,3,3,3,
data_hpcc/random3/trial410-323313
[1;31mCASE:[0m daz*dbz=9, dcz=7. estimate value of dax,daz,dbx,dbz = 3,3,3,3,
data_hpcc/random3/trial410-323291
[1;31mCASE:[0m dax*dbx=9, dcx=7. estimate value of dax,daz,dbx,dbz = 3,3,3,3,
data_hpcc/random3/trial410-323297
[1;31mCASE:[0m daz*dbz=9, dcz=7. estimate value of dax,daz,dbx,dbz = 3,3,3,3,
data_hpcc/random3/trial410-323288
[1;31mCASE:[0m daz*dbz=9, dcz=7. estimate value of dax,daz,dbx,dbz = 3,3,3,3,
data_hpcc/random3/trial410-323304
[1;31mCASE:[0m dax*dbx=9, dcx=7. estimate value of dax,daz,dbx,dbz = 3,3,3,3,
data_hpcc/random3/trial410-323310
[1;31mCASE:[0m daz*dbz=9, dcz=7. estimate value of dax,daz,dbx,dbz = 3,3,3,3,
data_hpcc/random3/trial410-323290
[1;31mCASE:[0m dax*dbx=9, dcx=7. estimate value of dax,daz,dbx,dbz = 3,3,3,3,
data_hpcc/random3/trial410-323315
[1;31mCASE:[0m daz*dbz=9, dcz=7. estimate value of dax,daz,dbx,dbz = 3,3,3,3,
data_hpcc/random3/trial410-323305
[1;31mCASE:[0m daz*dbz=9, dcz=7. estimate value of dax,daz,dbx,dbz = 3,3,3,3,
data_hpcc/random3/trial410-323309
[1;31mCASE:[0m daz*dbz=9, dcz=7. estimate value of dax,daz,dbx,dbz = 3,3,3,3,
data_hpcc/random3/trial410-323281
[1;31mCASE:[0m daz*dbz=9, dcz=7. estimate value of dax,daz,dbx,dbz = 3,3,3,3,
data_hpcc/random3/trial410-323313
[1;31mCASE:[0m daz*dbz=9, dcz=7. estimate value of dax,daz,dbx,dbz = 3,3,3,3,
data_hpcc/random3/trial410-323297
[1;31mCASE:[0m dax*dbx=9, dcx=7. estimate value of dax,daz,dbx,dbz = 3,3,3,3,
data_hpcc/random3/trial410-323284
[1;31mCASE:[0m daz*dbz=9, dcz=7. estimate value of dax,daz,dbx,dbz = 3,3,3,3,
data_hpcc/random3/trial410-323310
[1;31mCASE:[0m daz*dbz=9, dcz=7. estimate value of dax,daz,dbx,dbz = 3,3,3,3,
data_hpcc/random3/trial410-323315
[1;31mCASE:[0m daz*dbz=9, dcz=7. estimate value of dax,daz,dbx,dbz = 3,3,3,3,
data_hpcc/random3/trial410-323284
[1;31mCASE:[0m dax*dbx=9, dcx=7. estimate value of dax,daz,dbx,dbz = 3,3,3,3,
data_hpcc/random3/trial410-323277
[1;31mCASE:[0m dax*dbx=9, dcx=7. estimate value of dax,daz,dbx,dbz = 3,3,3,3,
data_hpcc/random3/trial410-323280
[1;31mCASE:[0m dax*dbx=9, dcx=7. estimate value of dax,daz,dbx,dbz = 3,3,3,3,
data_hpcc/random3/trial410-323286
[1;31mCASE:[0m dax*dbx=9, dcx=7. estimate value of dax,daz,dbx,dbz = 3,3,3,3,
data_hpcc/random3/trial410-323292
[1;31mCASE:[0m daz*dbz=9, dcz=7. estimate value of dax,daz,dbx,dbz = 3,3,3,3,
data_hpcc/random3/trial410-323277
[1;31mCASE:[0m daz*dbz=9, dcz=7. estimate value of dax,daz,dbx,dbz = 3,3,3,3,
data_hpcc/random3/trial410-323280
[1;31mCASE:[0m dax*dbx=9, dcx=7. estimate value of dax,daz,dbx,dbz = 3,3,3,3,
data_hpcc/random3/trial410-323312
[1;31mCASE:[0m dax*dbx=9, dcx=7. estimate value of dax,daz,dbx,dbz = 3,3,3,3,
data_hpcc/random3/trial410-323298
[1;31mCASE:[0m daz*dbz=9, dcz=7. estimate value of dax,daz,dbx,dbz = 3,3,3,3,
data_hpcc/random3/trial410-323286
[1;31mCASE:[0m dax*dbx=9, dcx=7. estimate value of dax,daz,dbx,dbz = 3,3,3,3,
data_hpcc/random3/trial410-323302
[1;31mCASE:[0m daz*dbz=9, dcz=7. estimate value of dax,daz,dbx,dbz = 3,3,3,3,
data_hpcc/random3/trial410-323292
[1;31mCASE:[0m daz*dbz=9, dcz=7. estimate value of dax,daz,dbx,dbz = 3,3,3,3,
data_hpcc/random3/trial410-323312
[1;31mCASE:[0m daz*dbz=9, dcz=7. estimate value of dax,daz,dbx,dbz = 3,3,3,3,
data_hpcc/random3/trial410-323298
[1;31mCASE:[0m daz*dbz=9, dcz=7. estimate value of dax,daz,dbx,dbz = 3,3,3,3,
data_hpcc/random3/trial410-323302
[1;31mCASE:[0m dax*dbx=9, dcx=7. estimate value of dax,daz,dbx,dbz = 3,3,3,3,
data_hpcc/random3/trial410-323319
[1;31mCASE:[0m daz*dbz=9, dcz=7. estimate value of dax,daz,dbx,dbz = 3,3,3,3,
data_hpcc/random3/trial410-323319
[1;31mCASE:[0m dax*dbx=9, dcx=7. estimate value of dax,daz,dbx,dbz = 3,3,3,3,
data_hpcc/random3/trial410-323311
[1;31mCASE:[0m daz*dbz=9, dcz=7. estimate value of dax,daz,dbx,dbz = 3,3,3,3,
data_hpcc/random3/trial410-323311
.....................................................................................................................................................................................................................................................................................................................................................................................................................................................................................................................[1;31mCASE:[0m daz*dbz=9, dcz=8. estimate value of dax,daz,dbx,dbz = 3,3,3,3,
data_hpcc/random3/trial410-824703
[1;31mCASE:[0m daz*dbz=9, dcz=8. estimate value of dax,daz,dbx,dbz = 3,3,3,3,
data_hpcc/random3/trial410-824697
[1;31mCASE:[0m daz*dbz=9, dcz=8. estimate value of dax,daz,dbx,dbz = 3,3,3,3,
data_hpcc/random3/trial410-824694
[1;31mCASE:[0m daz*dbz=9, dcz=8. estimate value of dax,daz,dbx,dbz = 3,3,3,3,
data_hpcc/random3/trial410-824702
[1;31mCASE:[0m daz*dbz=9, dcz=8. estimate value of dax,daz,dbx,dbz = 3,3,3,3,
data_hpcc/random3/trial410-824701
[1;31mCASE:[0m daz*dbz=9, dcz=8. estimate value of dax,daz,dbx,dbz = 3,3,3,3,
data_hpcc/random3/trial410-824700
[1;31mCASE:[0m daz*dbz=9, dcz=8. estimate value of dax,daz,dbx,dbz = 3,3,3,3,
data_hpcc/random3/trial410-824698
[1;31mCASE:[0m daz*dbz=9, dcz=8. estimate value of dax,daz,dbx,dbz = 3,3,3,3,
data_hpcc/random3/trial410-824699
[1;31mCASE:[0m daz*dbz=9, dcz=8. estimate value of dax,daz,dbx,dbz = 3,3,3,3,
data_hpcc/random3/trial410-824691
...................................................