start job on SBATCH:c23 size7 run540 max_process:/max_trial:1000000 Thu Jul 2 17:32:02 PDT 2020
SLURM_JOB_ID:1697233 SLURM_JOB_NAME:product SLURM_JOB_DIR:/rhome/wzeng002/Documents/GitHub/concatenation
note:[n_low=9, n_high=9, k_low=1, k_high=1 sub_mode=], sub_mode_A:3, sub_mode_B:4, na_input:7, n_low:9, n_high=9, data_folder:data/random4/trial540, log_file:log/product540-size7.log status_file:
start: id_Gax=1000,	 id_Gax_MAX=1023,	 Gax_row=2
start: id_Gax=1000,	 id_Gax_MAX=1023,	 Gax_row=2
start: id_Gax=2000,	 id_Gax_MAX=4095,	 Gax_row=3
start: id_Gax=2000,	 id_Gax_MAX=4095,	 Gax_row=3
start: id_Gax=1000,	 id_Gax_MAX=4095,	 Gax_row=3
start: id_Gax=1000,	 id_Gax_MAX=4095,	 Gax_row=3
start: id_Gax=3000,	 id_Gax_MAX=4095,	 Gax_row=3
start: id_Gax=3000,	 id_Gax_MAX=4095,	 Gax_row=3
start: id_Gax=4000,	 id_Gax_MAX=4095,	 Gax_row=3
start: id_Gax=4000,	 id_Gax_MAX=4095,	 Gax_row=3
start: id_Gax=2000,	 id_Gax_MAX=4095,	 Gax_row=4
start: id_Gax=1000,	 id_Gax_MAX=4095,	 Gax_row=4
start: id_Gax=3000,	 id_Gax_MAX=4095,	 Gax_row=4
start: id_Gax=2000,	 id_Gax_MAX=4095,	 Gax_row=4
start: id_Gax=1000,	 id_Gax_MAX=4095,	 Gax_row=4
start: id_Gax=4000,	 id_Gax_MAX=4095,	 Gax_row=4
start: id_Gax=3000,	 id_Gax_MAX=4095,	 Gax_row=4
start: id_Gax=1000,	 id_Gax_MAX=1023,	 Gax_row=5
start calculating for 9284 cases out of 9988649 trials.
time used: 13.3987 sec
2000, 0% finished. total: 86192656, remaining time:1.74533 min
4000, 0% finished. total: 86192656, remaining time:3.79951 min
6000, 0% finished. total: 86192656, remaining time:4.0472 min
8000, 0% finished. total: 86192656, remaining time:4.28983 min
10000, 0% finished. total: 86192656, remaining time:4.67758 min
start: id_Gax=4000,	 id_Gax_MAX=4095,	 Gax_row=4
12000, 0% finished. total: 86192656, remaining time:5.15694 min
14000, 0% finished. total: 86192656, remaining time:4.7625 min
16000, 0% finished. total: 86192656, remaining time:4.65579 min
18000, 0% finished. total: 86192656, remaining time:4.8743 min
20000, 0% finished. total: 86192656, remaining time:5.04462 min
start: id_Gax=1000,	 id_Gax_MAX=1023,	 Gax_row=5
22000, 0% finished. total: 86192656, remaining time:5.20973 min
start calculating for 9284 cases out of 8206124 trials.
time used: 13.4939 sec
24000, 0% finished. total: 86192656, remaining time:5.48523 min
26000, 0% finished. total: 86192656, remaining time:5.38414 min
2000, 0% finished. total: 86192656, remaining time:6.37872 min
4000, 0% finished. total: 86192656, remaining time:5.34873 min
28000, 0% finished. total: 86192656, remaining time:5.3916 min
30000, 0% finished. total: 86192656, remaining time:5.45903 min
6000, 0% finished. total: 86192656, remaining time:5.81545 min
32000, 0% finished. total: 86192656, remaining time:5.43647 min
8000, 0% finished. total: 86192656, remaining time:6.02699 min
10000, 0% finished. total: 86192656, remaining time:5.40955 min
34000, 0% finished. total: 86192656, remaining time:5.48307 min
12000, 0% finished. total: 86192656, remaining time:5.15024 min
36000, 0% finished. total: 86192656, remaining time:5.35189 min
38000, 0% finished. total: 86192656, remaining time:5.38848 min
14000, 0% finished. total: 86192656, remaining time:5.56253 min
40000, 0% finished. total: 86192656, remaining time:5.34613 min
16000, 0% finished. total: 86192656, remaining time:5.91028 min
42000, 0% finished. total: 86192656, remaining time:5.3532 min
44000, 0% finished. total: 86192656, remaining time:5.35694 min
18000, 0% finished. total: 86192656, remaining time:6.12232 min
46000, 0% finished. total: 86192656, remaining time:5.33398 min
48000, 0% finished. total: 86192656, remaining time:5.34575 min
20000, 0% finished. total: 86192656, remaining time:6.39415 min
50000, 0% finished. total: 86192656, remaining time:5.27193 min
22000, 0% finished. total: 86192656, remaining time:6.40711 min
52000, 0% finished. total: 86192656, remaining time:5.24972 min
54000, 0% finished. total: 86192656, remaining time:5.20399 min
24000, 0% finished. total: 86192656, remaining time:6.47869 min
56000, 0% finished. total: 86192656, remaining time:5.17007 min
26000, 0% finished. total: 86192656, remaining time:6.67775 min
58000, 0% finished. total: 86192656, remaining time:5.27954 min
60000, 0% finished. total: 86192656, remaining time:5.26232 min
28000, 0% finished. total: 86192656, remaining time:6.82978 min
62000, 0% finished. total: 86192656, remaining time:5.21662 min
64000, 0% finished. total: 86192656, remaining time:5.17976 min
30000, 0% finished. total: 86192656, remaining time:6.8291 min
66000, 0% finished. total: 86192656, remaining time:5.12384 min
68000, 0% finished. total: 86192656, remaining time:5.12155 min
32000, 0% finished. total: 86192656, remaining time:6.93122 min
70000, 0% finished. total: 86192656, remaining time:5.04982 min
34000, 0% finished. total: 86192656, remaining time:6.8907 min
72000, 0% finished. total: 86192656, remaining time:5.07552 min
74000, 0% finished. total: 86192656, remaining time:5.10251 min
36000, 0% finished. total: 86192656, remaining time:6.94646 min
76000, 0% finished. total: 86192656, remaining time:5.03416 min
38000, 0% finished. total: 86192656, remaining time:6.96598 min
78000, 0% finished. total: 86192656, remaining time:5.04853 min
40000, 0% finished. total: 86192656, remaining time:6.9032 min
80000, 0% finished. total: 86192656, remaining time:5.07684 min
82000, 0% finished. total: 86192656, remaining time:5.10003 min
42000, 0% finished. total: 86192656, remaining time:6.94891 min
84000, 0% finished. total: 86192656, remaining time:5.02885 min
44000, 0% finished. total: 86192656, remaining time:6.85168 min
86000, 0% finished. total: 86192656, remaining time:5.04433 min
88000, 0% finished. total: 86192656, remaining time:5.04327 min
46000, 0% finished. total: 86192656, remaining time:6.85918 min
90000, 0% finished. total: 86192656, remaining time:4.97002 min
92000, 0% finished. total: 86192656, remaining time:4.95699 min
94000, 0% finished. total: 86192656, remaining time:4.88042 min
48000, 0% finished. total: 86192656, remaining time:6.88152 min
96000, 0% finished. total: 86192656, remaining time:4.80648 min
98000, 0% finished. total: 86192656, remaining time:4.81252 min
100000, 0% finished. total: 86192656, remaining time:4.74084 min
50000, 0% finished. total: 86192656, remaining time:6.93793 min
102000, 0% finished. total: 86192656, remaining time:4.66502 min
104000, 0% finished. total: 86192656, remaining time:4.68102 min
106000, 0% finished. total: 86192656, remaining time:4.59722 min
52000, 0% finished. total: 86192656, remaining time:6.93269 min
54000, 0% finished. total: 86192656, remaining time:6.89577 min
56000, 0% finished. total: 86192656, remaining time:6.83638 min
58000, 0% finished. total: 86192656, remaining time:6.78885 min
60000, 0% finished. total: 86192656, remaining time:6.70047 min
62000, 0% finished. total: 86192656, remaining time:6.6122 min
64000, 0% finished. total: 86192656, remaining time:6.49556 min
66000, 0% finished. total: 86192656, remaining time:6.40658 min
68000, 0% finished. total: 86192656, remaining time:6.31984 min
70000, 0% finished. total: 86192656, remaining time:6.2336 min
72000, 0% finished. total: 86192656, remaining time:6.14006 min
74000, 0% finished. total: 86192656, remaining time:6.04221 min
76000, 0% finished. total: 86192656, remaining time:5.95061 min
78000, 0% finished. total: 86192656, remaining time:5.85752 min
80000, 0% finished. total: 86192656, remaining time:5.76555 min
82000, 0% finished. total: 86192656, remaining time:5.68488 min
84000, 0% finished. total: 86192656, remaining time:5.60839 min
86000, 0% finished. total: 86192656, remaining time:5.52728 min
88000, 0% finished. total: 86192656, remaining time:5.44525 min
90000, 0% finished. total: 86192656, remaining time:5.36625 min
92000, 0% finished. total: 86192656, remaining time:5.27853 min
94000, 0% finished. total: 86192656, remaining time:5.18956 min
96000, 0% finished. total: 86192656, remaining time:5.10018 min
98000, 0% finished. total: 86192656, remaining time:5.01326 min
100000, 0% finished. total: 86192656, remaining time:4.92804 min
102000, 0% finished. total: 86192656, remaining time:4.84877 min
104000, 0% finished. total: 86192656, remaining time:4.77144 min
106000, 0% finished. total: 86192656, remaining time:4.70939 min
108000, 0% finished. total: 86192656, remaining time:319.603 min
110000, 0% finished. total: 86192656, remaining time:313.787 min
112000, 0% finished. total: 86192656, remaining time:308.178 min
114000, 0% finished. total: 86192656, remaining time:302.766 min
116000, 0% finished. total: 86192656, remaining time:297.541 min
108000, 0% finished. total: 86192656, remaining time:339.288 min
110000, 0% finished. total: 86192656, remaining time:333.169 min
112000, 0% finished. total: 86192656, remaining time:327.214 min
114000, 0% finished. total: 86192656, remaining time:321.467 min
116000, 0% finished. total: 86192656, remaining time:315.92 min
118000, 0% finished. total: 86192656, remaining time:735.501 min
120000, 0% finished. total: 86192656, remaining time:723.33 min
122000, 0% finished. total: 86192656, remaining time:711.458 min
124000, 0% finished. total: 86192656, remaining time:699.968 min
118000, 0% finished. total: 86192656, remaining time:770.698 min
120000, 0% finished. total: 86192656, remaining time:757.901 min
122000, 0% finished. total: 86192656, remaining time:745.461 min
124000, 0% finished. total: 86192656, remaining time:733.422 min
126000, 0% finished. total: 86192656, remaining time:802.221 min
126000, 0% finished. total: 86192656, remaining time:843.919 min
128000, 0% finished. total: 86192656, remaining time:1298.2 min
130000, 0% finished. total: 86192656, remaining time:1278.24 min
132000, 0% finished. total: 86192656, remaining time:1258.85 min
134000, 0% finished. total: 86192656, remaining time:1240.03 min
136000, 0% finished. total: 86192656, remaining time:1939.37 min
138000, 0% finished. total: 86192656, remaining time:1911.26 min
140000, 0% finished. total: 86192656, remaining time:1883.92 min
142000, 0% finished. total: 86192656, remaining time:1857.34 min
144000, 0% finished. total: 86192656, remaining time:1831.5 min
146000, 0% finished. total: 86192656, remaining time:2632.17 min
148000, 0% finished. total: 86192656, remaining time:2596.54 min
150000, 0% finished. total: 86192656, remaining time:2561.86 min
152000, 0% finished. total: 86192656, remaining time:2528.1 min
154000, 0% finished. total: 86192656, remaining time:2495.21 min
156000, 0% finished. total: 86192656, remaining time:3384 min
158000, 0% finished. total: 86192656, remaining time:3341.14 min
160000, 0% finished. total: 86192656, remaining time:3299.3 min
162000, 0% finished. total: 86192656, remaining time:3258.5 min
164000, 0% finished. total: 86192656, remaining time:3218.69 min
166000, 0% finished. total: 86192656, remaining time:4196.72 min
168000, 0% finished. total: 86192656, remaining time:4146.66 min
170000, 0% finished. total: 86192656, remaining time:4097.78 min
172000, 0% finished. total: 86192656, remaining time:4050.04 min
174000, 0% finished. total: 86192656, remaining time:4003.4 min
176000, 0% finished. total: 86192656, remaining time:5048.8 min
178000, 0% finished. total: 86192656, remaining time:4992 min
180000, 0% finished. total: 86192656, remaining time:4936.42 min
182000, 0% finished. total: 86192656, remaining time:4882.06 min
184000, 0% finished. total: 86192656, remaining time:4828.88 min
186000, 0% finished. total: 86192656, remaining time:5931.59 min
188000, 0% finished. total: 86192656, remaining time:5868.38 min
190000, 0% finished. total: 86192656, remaining time:5806.47 min
192000, 0% finished. total: 86192656, remaining time:5745.85 min
194000, 0% finished. total: 86192656, remaining time:5686.49 min
196000, 0% finished. total: 86192656, remaining time:6840.63 min
198000, 0% finished. total: 86192656, remaining time:6771.38 min
200000, 0% finished. total: 86192656, remaining time:6703.51 min
202000, 0% finished. total: 86192656, remaining time:6636.99 min
204000, 0% finished. total: 86192656, remaining time:6571.77 min
206000, 0% finished. total: 86192656, remaining time:7774.48 min
208000, 0% finished. total: 86192656, remaining time:7699.58 min
210000, 0% finished. total: 86192656, remaining time:7626.07 min
212000, 0% finished. total: 86192656, remaining time:7553.96 min
214000, 0% finished. total: 86192656, remaining time:7483.19 min
216000, 0% finished. total: 86192656, remaining time:8752.36 min
218000, 0% finished. total: 86192656, remaining time:8671.87 min
220000, 0% finished. total: 86192656, remaining time:8592.83 min
222000, 0% finished. total: 86192656, remaining time:8515.22 min
224000, 0% finished. total: 86192656, remaining time:8439 min
226000, 0% finished. total: 86192656, remaining time:9711.42 min
228000, 0% finished. total: 86192656, remaining time:9626.04 min
230000, 0% finished. total: 86192656, remaining time:9542.11 min
232000, 0% finished. total: 86192656, remaining time:9459.63 min
234000, 0% finished. total: 86192656, remaining time:9378.56 min
236000, 0% finished. total: 86192656, remaining time:10460 min
238000, 0% finished. total: 86192656, remaining time:10601.8 min
240000, 0% finished. total: 86192656, remaining time:10513.2 min
242000, 0% finished. total: 86192656, remaining time:10426.1 min
244000, 0% finished. total: 86192656, remaining time:10340.4 min
246000, 0% finished. total: 86192656, remaining time:10912 min
248000, 0% finished. total: 86192656, remaining time:11594.2 min
250000, 0% finished. total: 86192656, remaining time:11501.2 min
252000, 0% finished. total: 86192656, remaining time:11409.6 min
254000, 0% finished. total: 86192656, remaining time:11319.5 min
256000, 0% finished. total: 86192656, remaining time:11328.8 min
258000, 0% finished. total: 86192656, remaining time:12599.2 min
260000, 0% finished. total: 86192656, remaining time:12502 min
262000, 0% finished. total: 86192656, remaining time:12406.3 min
264000, 0% finished. total: 86192656, remaining time:12312 min
266000, 0% finished. total: 86192656, remaining time:12219.2 min
268000, 0% finished. total: 86192656, remaining time:13574.9 min
270000, 0% finished. total: 86192656, remaining time:13474.1 min
272000, 0% finished. total: 86192656, remaining time:13374.7 min
274000, 0% finished. total: 86192656, remaining time:13276.7 min
276000, 0% finished. total: 86192656, remaining time:13180.2 min
278000, 0% finished. total: 86192656, remaining time:13120.9 min
280000, 0% finished. total: 86192656, remaining time:13026.8 min
282000, 0% finished. total: 86192656, remaining time:12934.1 min
284000, 0% finished. total: 86192656, remaining time:12842.8 min
286000, 0% finished. total: 86192656, remaining time:12752.7 min
288000, 0% finished. total: 86192656, remaining time:14108 min
290000, 0% finished. total: 86192656, remaining time:14010.4 min
292000, 0% finished. total: 86192656, remaining time:13914.1 min
294000, 0% finished. total: 86192656, remaining time:13819.1 min
296000, 0% finished. total: 86192656, remaining time:13725.4 min
298000, 0% finished. total: 86192656, remaining time:14691.2 min
300000, 0% finished. total: 86192656, remaining time:14593 min
302000, 0% finished. total: 86192656, remaining time:14496 min
304000, 0% finished. total: 86192656, remaining time:14400.3 min
306000, 0% finished. total: 86192656, remaining time:14704.7 min
308000, 0% finished. total: 86192656, remaining time:14608.8 min
310000, 0% finished. total: 86192656, remaining time:14514.3 min
312000, 0% finished. total: 86192656, remaining time:14420.9 min
314000, 0% finished. total: 86192656, remaining time:14328.7 min
316000, 0% finished. total: 86192656, remaining time:15108.9 min
318000, 0% finished. total: 86192656, remaining time:15645.9 min
320000, 0% finished. total: 86192656, remaining time:15547.7 min
322000, 0% finished. total: 86192656, remaining time:15450.8 min
324000, 0% finished. total: 86192656, remaining time:15355.1 min
326000, 0% finished. total: 86192656, remaining time:15327.9 min
328000, 0% finished. total: 86192656, remaining time:16026.3 min
330000, 0% finished. total: 86192656, remaining time:15928.8 min
332000, 0% finished. total: 86192656, remaining time:16480.6 min
334000, 0% finished. total: 86192656, remaining time:16381.6 min
336000, 0% finished. total: 86192656, remaining time:16283.7 min
338000, 0% finished. total: 86192656, remaining time:16186.9 min
340000, 0% finished. total: 86192656, remaining time:16091.3 min
342000, 0% finished. total: 86192656, remaining time:16940.9 min
344000, 0% finished. total: 86192656, remaining time:17398.6 min
346000, 0% finished. total: 86192656, remaining time:17297.6 min
348000, 0% finished. total: 86192656, remaining time:17197.8 min
350000, 0% finished. total: 86192656, remaining time:17099.1 min
352000, 0% finished. total: 86192656, remaining time:17080 min
354000, 0% finished. total: 86192656, remaining time:18420.5 min
356000, 0% finished. total: 86192656, remaining time:18316.6 min
358000, 0% finished. total: 86192656, remaining time:18213.8 min
360000, 0% finished. total: 86192656, remaining time:18112.2 min
362000, 0% finished. total: 86192656, remaining time:18011.7 min
364000, 0% finished. total: 86192656, remaining time:18775.6 min
366000, 0% finished. total: 86192656, remaining time:18955.8 min
368000, 0% finished. total: 86192656, remaining time:18852.4 min
370000, 0% finished. total: 86192656, remaining time:19009.8 min
372000, 0% finished. total: 86192656, remaining time:19048.8 min
374000, 0% finished. total: 86192656, remaining time:18946.5 min
376000, 0% finished. total: 86192656, remaining time:18845.3 min
378000, 0% finished. total: 86192656, remaining time:18745.2 min
380000, 0% finished. total: 86192656, remaining time:19031 min
382000, 0% finished. total: 86192656, remaining time:18930.9 min
384000, 0% finished. total: 86192656, remaining time:18831.9 min
386000, 0% finished. total: 86192656, remaining time:18733.9 min
388000, 0% finished. total: 86192656, remaining time:18636.9 min
390000, 0% finished. total: 86192656, remaining time:18793.2 min
392000, 0% finished. total: 86192656, remaining time:18696.9 min
394000, 0% finished. total: 86192656, remaining time:18601.6 min
396000, 0% finished. total: 86192656, remaining time:18507.2 min
398000, 0% finished. total: 86192656, remaining time:18413.8 min
400000, 0% finished. total: 86192656, remaining time:19171 min
402000, 0% finished. total: 86192656, remaining time:19075.2 min
404000, 0% finished. total: 86192656, remaining time:18980.3 min
406000, 0% finished. total: 86192656, remaining time:18886.4 min
408000, 0% finished. total: 86192656, remaining time:18793.4 min
410000, 0% finished. total: 86192656, remaining time:19600.7 min
412000, 0% finished. total: 86192656, remaining time:20094.4 min
414000, 0% finished. total: 86192656, remaining time:19996.8 min
416000, 0% finished. total: 86192656, remaining time:19900.2 min
418000, 0% finished. total: 86192656, remaining time:19804.6 min
420000, 0% finished. total: 86192656, remaining time:19709.8 min
422000, 0% finished. total: 86192656, remaining time:20983 min
424000, 0% finished. total: 86192656, remaining time:21020.5 min
426000, 0% finished. total: 86192656, remaining time:20921.3 min
428000, 0% finished. total: 86192656, remaining time:20823.1 min
430000, 0% finished. total: 86192656, remaining time:20725.7 min
432000, 0% finished. total: 86192656, remaining time:21011.4 min
434000, 0% finished. total: 86192656, remaining time:22069.2 min
436000, 0% finished. total: 86192656, remaining time:21967.5 min
438000, 0% finished. total: 86192656, remaining time:21866.7 min
440000, 0% finished. total: 86192656, remaining time:21766.8 min
442000, 0% finished. total: 86192656, remaining time:21667.8 min
444000, 0% finished. total: 86192656, remaining time:22293.1 min
446000, 0% finished. total: 86192656, remaining time:23001.3 min
448000, 0% finished. total: 86192656, remaining time:22898.1 min
450000, 0% finished. total: 86192656, remaining time:22795.8 min
452000, 0% finished. total: 86192656, remaining time:22694.4 min
454000, 0% finished. total: 86192656, remaining time:22593.9 min
456000, 0% finished. total: 86192656, remaining time:23501 min
458000, 0% finished. total: 86192656, remaining time:23397.9 min
460000, 0% finished. total: 86192656, remaining time:23295.6 min
462000, 0% finished. total: 86192656, remaining time:23194.2 min
464000, 0% finished. total: 86192656, remaining time:23093.7 min
466000, 0% finished. total: 86192656, remaining time:23526.6 min
468000, 0% finished. total: 86192656, remaining time:23425.5 min
470000, 0% finished. total: 86192656, remaining time:23325.3 min
472000, 0% finished. total: 86192656, remaining time:23225.9 min
474000, 0% finished. total: 86192656, remaining time:23127.4 min
476000, 0% finished. total: 86192656, remaining time:23099.5 min
478000, 0% finished. total: 86192656, remaining time:23002.3 min
480000, 0% finished. total: 86192656, remaining time:22906 min
482000, 0% finished. total: 86192656, remaining time:22810.4 min
484000, 0% finished. total: 86192656, remaining time:22715.6 min
486000, 0% finished. total: 86192656, remaining time:22966 min
488000, 0% finished. total: 86192656, remaining time:22871.3 min
490000, 0% finished. total: 86192656, remaining time:23473.3 min
492000, 0% finished. total: 86192656, remaining time:23712.9 min
494000, 0% finished. total: 86192656, remaining time:23616.4 min
496000, 0% finished. total: 86192656, remaining time:23520.6 min
498000, 0% finished. total: 86192656, remaining time:23425.6 min
500000, 0% finished. total: 86192656, remaining time:23446.6 min
502000, 0% finished. total: 86192656, remaining time:24528.7 min
504000, 0% finished. total: 86192656, remaining time:24595.8 min
506000, 0% finished. total: 86192656, remaining time:24498 min
508000, 0% finished. total: 86192656, remaining time:24401 min
510000, 0% finished. total: 86192656, remaining time:24304.8 min
512000, 0% finished. total: 86192656, remaining time:24476.8 min
514000, 0% finished. total: 86192656, remaining time:25520.6 min
516000, 0% finished. total: 86192656, remaining time:25457.3 min
518000, 0% finished. total: 86192656, remaining time:25358.4 min
520000, 0% finished. total: 86192656, remaining time:25260.3 min
522000, 0% finished. total: 86192656, remaining time:25162.9 min
524000, 0% finished. total: 86192656, remaining time:25457.2 min
526000, 0% finished. total: 86192656, remaining time:26412.2 min
528000, 0% finished. total: 86192656, remaining time:26311.6 min
530000, 0% finished. total: 86192656, remaining time:26211.7 min
532000, 0% finished. total: 86192656, remaining time:26112.5 min
534000, 0% finished. total: 86192656, remaining time:26014.1 min
536000, 0% finished. total: 86192656, remaining time:26198 min
538000, 0% finished. total: 86192656, remaining time:26100 min
540000, 0% finished. total: 86192656, remaining time:26002.7 min
542000, 0% finished. total: 86192656, remaining time:25906.1 min
544000, 0% finished. total: 86192656, remaining time:25810.3 min
546000, 0% finished. total: 86192656, remaining time:26280.1 min
548000, 0% finished. total: 86192656, remaining time:26183.6 min
550000, 0% finished. total: 86192656, remaining time:26087.7 min
552000, 0% finished. total: 86192656, remaining time:25992.6 min
554000, 0% finished. total: 86192656, remaining time:25898.2 min
556000, 0% finished. total: 86192656, remaining time:26380.2 min
558000, 0% finished. total: 86192656, remaining time:26285.1 min
560000, 0% finished. total: 86192656, remaining time:26190.6 min
562000, 0% finished. total: 86192656, remaining time:26096.8 min
564000, 0% finished. total: 86192656, remaining time:26003.6 min
566000, 0% finished. total: 86192656, remaining time:26587.1 min
568000, 0% finished. total: 86192656, remaining time:26749.9 min
570000, 0% finished. total: 86192656, remaining time:26655.4 min
572000, 0% finished. total: 86192656, remaining time:26561.6 min
574000, 0% finished. total: 86192656, remaining time:26468.5 min
576000, 0% finished. total: 86192656, remaining time:26570.5 min
578000, 0% finished. total: 86192656, remaining time:26753 min
580000, 0% finished. total: 86192656, remaining time:26660.1 min
582000, 0% finished. total: 86192656, remaining time:26567.9 min
584000, 0% finished. total: 86192656, remaining time:26476.3 min
586000, 0% finished. total: 86192656, remaining time:26491.9 min
588000, 0% finished. total: 86192656, remaining time:26922.4 min
590000, 0% finished. total: 86192656, remaining time:26830.5 min
592000, 0% finished. total: 86192656, remaining time:27481 min
594000, 0% finished. total: 86192656, remaining time:27438.2 min
596000, 0% finished. total: 86192656, remaining time:27345.5 min
598000, 0% finished. total: 86192656, remaining time:27253.4 min
600000, 0% finished. total: 86192656, remaining time:27162 min
602000, 0% finished. total: 86192656, remaining time:27400.6 min
604000, 0% finished. total: 86192656, remaining time:27816.5 min
606000, 0% finished. total: 86192656, remaining time:27724.1 min
608000, 0% finished. total: 86192656, remaining time:28114.5 min
610000, 0% finished. total: 86192656, remaining time:28126.4 min
612000, 0% finished. total: 86192656, remaining time:28033.8 min
614000, 0% finished. total: 86192656, remaining time:27941.8 min
616000, 0% finished. total: 86192656, remaining time:27850.5 min
618000, 0% finished. total: 86192656, remaining time:27787.9 min
620000, 0% finished. total: 86192656, remaining time:27697.6 min
622000, 0% finished. total: 86192656, remaining time:27607.9 min
624000, 0% finished. total: 86192656, remaining time:27518.8 min
626000, 0% finished. total: 86192656, remaining time:27690.2 min
628000, 0% finished. total: 86192656, remaining time:27601.4 min
630000, 0% finished. total: 86192656, remaining time:27513.1 min
632000, 0% finished. total: 86192656, remaining time:27425.4 min
634000, 0% finished. total: 86192656, remaining time:27338.3 min
636000, 0% finished. total: 86192656, remaining time:28048.5 min
638000, 0% finished. total: 86192656, remaining time:28296.6 min
640000, 0% finished. total: 86192656, remaining time:28207.5 min
642000, 0% finished. total: 86192656, remaining time:28119 min
644000, 0% finished. total: 86192656, remaining time:28031 min
646000, 0% finished. total: 86192656, remaining time:27962.2 min
648000, 0% finished. total: 86192656, remaining time:28054.8 min
650000, 0% finished. total: 86192656, remaining time:27967.8 min
652000, 0% finished. total: 86192656, remaining time:28705.5 min
654000, 0% finished. total: 86192656, remaining time:28780.9 min
656000, 0% finished. total: 86192656, remaining time:28692.4 min
658000, 0% finished. total: 86192656, remaining time:28604.6 min
660000, 0% finished. total: 86192656, remaining time:28517.2 min
662000, 0% finished. total: 86192656, remaining time:28638.5 min
664000, 0% finished. total: 86192656, remaining time:28551.5 min
666000, 0% finished. total: 86192656, remaining time:28465.1 min
668000, 0% finished. total: 86192656, remaining time:28379.2 min
670000, 0% finished. total: 86192656, remaining time:28293.9 min
672000, 0% finished. total: 86192656, remaining time:28560.9 min
674000, 0% finished. total: 86192656, remaining time:29372.1 min
676000, 0% finished. total: 86192656, remaining time:29436.9 min
678000, 0% finished. total: 86192656, remaining time:29349.3 min
680000, 0% finished. total: 86192656, remaining time:29262.3 min
682000, 0% finished. total: 86192656, remaining time:29175.8 min
684000, 0% finished. total: 86192656, remaining time:29275.5 min
686000, 0% finished. total: 86192656, remaining time:29896.5 min
688000, 0% finished. total: 86192656, remaining time:29808.9 min
690000, 0% finished. total: 86192656, remaining time:29721.8 min
692000, 0% finished. total: 86192656, remaining time:29635.2 min
694000, 0% finished. total: 86192656, remaining time:29549.1 min
696000, 0% finished. total: 86192656, remaining time:29970.7 min
698000, 0% finished. total: 86192656, remaining time:29884.2 min
700000, 0% finished. total: 86192656, remaining time:29798.1 min
702000, 0% finished. total: 86192656, remaining time:29712.5 min
704000, 0% finished. total: 86192656, remaining time:29627.4 min
706000, 0% finished. total: 86192656, remaining time:29976 min
708000, 0% finished. total: 86192656, remaining time:29890.7 min
710000, 0% finished. total: 86192656, remaining time:29805.8 min
712000, 0% finished. total: 86192656, remaining time:29721.4 min
714000, 0% finished. total: 86192656, remaining time:29637.4 min
716000, 0% finished. total: 86192656, remaining time:29959.6 min
718000, 0% finished. total: 86192656, remaining time:29875.5 min
720000, 0% finished. total: 86192656, remaining time:29791.8 min
722000, 0% finished. total: 86192656, remaining time:29708.6 min
724000, 0% finished. total: 86192656, remaining time:29625.8 min
726000, 0% finished. total: 86192656, remaining time:30081.3 min
728000, 0% finished. total: 86192656, remaining time:29998 min
730000, 0% finished. total: 86192656, remaining time:29915.1 min
732000, 0% finished. total: 86192656, remaining time:29832.6 min
734000, 0% finished. total: 86192656, remaining time:29750.7 min
736000, 0% finished. total: 86192656, remaining time:30175.7 min
738000, 0% finished. total: 86192656, remaining time:30481.2 min
740000, 0% finished. total: 86192656, remaining time:30398.1 min
742000, 0% finished. total: 86192656, remaining time:30315.4 min
744000, 0% finished. total: 86192656, remaining time:30233.2 min
746000, 0% finished. total: 86192656, remaining time:30151.5 min
748000, 0% finished. total: 86192656, remaining time:30572.3 min
750000, 0% finished. total: 86192656, remaining time:30490.1 min
752000, 0% finished. total: 86192656, remaining time:30408.3 min
754000, 0% finished. total: 86192656, remaining time:30326.9 min
756000, 0% finished. total: 86192656, remaining time:30246 min
758000, 0% finished. total: 86192656, remaining time:30730.1 min
760000, 0% finished. total: 86192656, remaining time:31067.3 min
762000, 0% finished. total: 86192656, remaining time:30985 min
764000, 0% finished. total: 86192656, remaining time:30903.2 min
766000, 0% finished. total: 86192656, remaining time:30821.8 min
768000, 0% finished. total: 86192656, remaining time:31063.6 min
770000, 0% finished. total: 86192656, remaining time:31069 min
772000, 0% finished. total: 86192656, remaining time:30987.8 min
774000, 0% finished. total: 86192656, remaining time:30907 min
776000, 0% finished. total: 86192656, remaining time:30826.6 min
778000, 0% finished. total: 86192656, remaining time:30931.8 min
780000, 0% finished. total: 86192656, remaining time:30851.7 min
782000, 0% finished. total: 86192656, remaining time:30772.1 min
784000, 0% finished. total: 86192656, remaining time:30692.9 min
786000, 0% finished. total: 86192656, remaining time:30614.1 min
788000, 0% finished. total: 86192656, remaining time:30584.2 min
790000, 0% finished. total: 86192656, remaining time:30506.1 min
792000, 0% finished. total: 86192656, remaining time:30596.3 min
794000, 0% finished. total: 86192656, remaining time:31271.1 min
796000, 0% finished. total: 86192656, remaining time:31421.9 min
798000, 0% finished. total: 86192656, remaining time:31342.4 min
800000, 0% finished. total: 86192656, remaining time:31263.4 min
802000, 0% finished. total: 86192656, remaining time:31184.7 min
804000, 0% finished. total: 86192656, remaining time:31167.6 min
806000, 0% finished. total: 86192656, remaining time:31590.1 min
808000, 0% finished. total: 86192656, remaining time:31511.1 min
810000, 0% finished. total: 86192656, remaining time:31517.9 min
812000, 0% finished. total: 86192656, remaining time:32176 min
814000, 0% finished. total: 86192656, remaining time:32096.2 min
816000, 0% finished. total: 86192656, remaining time:32016.7 min
818000, 0% finished. total: 86192656, remaining time:31937.7 min
820000, 0% finished. total: 86192656, remaining time:31859.1 min
822000, 0% finished. total: 86192656, remaining time:31968.5 min
824000, 0% finished. total: 86192656, remaining time:31890.1 min
826000, 0% finished. total: 86192656, remaining time:31812.2 min
828000, 0% finished. total: 86192656, remaining time:31734.6 min
830000, 0% finished. total: 86192656, remaining time:31657.4 min
832000, 0% finished. total: 86192656, remaining time:31991.3 min
834000, 0% finished. total: 86192656, remaining time:32636.2 min
836000, 0% finished. total: 86192656, remaining time:32587.5 min
838000, 0% finished. total: 86192656, remaining time:32509 min
840000, 0% finished. total: 86192656, remaining time:32430.8 min
842000, 0% finished. total: 86192656, remaining time:32353 min
844000, 0% finished. total: 86192656, remaining time:32518.6 min
846000, 0% finished. total: 86192656, remaining time:32955.7 min
848000, 0% finished. total: 86192656, remaining time:32877.2 min
850000, 0% finished. total: 86192656, remaining time:32799.1 min
852000, 0% finished. total: 86192656, remaining time:32721.3 min
854000, 0% finished. total: 86192656, remaining time:32643.9 min
856000, 0% finished. total: 86192656, remaining time:32834.5 min
858000, 0% finished. total: 86192656, remaining time:32757.2 min
860000, 0% finished. total: 86192656, remaining time:32997.7 min
862000, 1% finished. total: 86192656, remaining time:32920.4 min
864000, 1% finished. total: 86192656, remaining time:32843.4 min
866000, 1% finished. total: 86192656, remaining time:32766.8 min
868000, 1% finished. total: 86192656, remaining time:32690.5 min
870000, 1% finished. total: 86192656, remaining time:32867.7 min
872000, 1% finished. total: 86192656, remaining time:32791.5 min
874000, 1% finished. total: 86192656, remaining time:32715.7 min
876000, 1% finished. total: 86192656, remaining time:32640.3 min
878000, 1% finished. total: 86192656, remaining time:32565.2 min
880000, 1% finished. total: 86192656, remaining time:33027.2 min
882000, 1% finished. total: 86192656, remaining time:33480 min
884000, 1% finished. total: 86192656, remaining time:33403.4 min
886000, 1% finished. total: 86192656, remaining time:33327.3 min
888000, 1% finished. total: 86192656, remaining time:33251.4 min
890000, 1% finished. total: 86192656, remaining time:33175.9 min
892000, 1% finished. total: 86192656, remaining time:33507.2 min
894000, 1% finished. total: 86192656, remaining time:33501.9 min
896000, 1% finished. total: 86192656, remaining time:33426.3 min
898000, 1% finished. total: 86192656, remaining time:33351.1 min
900000, 1% finished. total: 86192656, remaining time:33276.2 min
902000, 1% finished. total: 86192656, remaining time:33326.4 min
904000, 1% finished. total: 86192656, remaining time:33251.9 min
906000, 1% finished. total: 86192656, remaining time:33177.7 min
908000, 1% finished. total: 86192656, remaining time:33103.9 min
910000, 1% finished. total: 86192656, remaining time:33134.4 min
912000, 1% finished. total: 86192656, remaining time:33663.3 min
914000, 1% finished. total: 86192656, remaining time:33588.8 min
916000, 1% finished. total: 86192656, remaining time:33514.7 min
918000, 1% finished. total: 86192656, remaining time:33440.9 min
920000, 1% finished. total: 86192656, remaining time:33367.4 min
922000, 1% finished. total: 86192656, remaining time:33600.9 min
924000, 1% finished. total: 86192656, remaining time:34180.9 min
926000, 1% finished. total: 86192656, remaining time:34383.6 min
928000, 1% finished. total: 86192656, remaining time:34308.7 min
930000, 1% finished. total: 86192656, remaining time:34234.1 min
932000, 1% finished. total: 86192656, remaining time:34228 min
934000, 1% finished. total: 86192656, remaining time:34153.9 min
936000, 1% finished. total: 86192656, remaining time:34080.1 min
938000, 1% finished. total: 86192656, remaining time:34006.6 min
940000, 1% finished. total: 86192656, remaining time:33935.6 min
942000, 1% finished. total: 86192656, remaining time:33885.3 min
944000, 1% finished. total: 86192656, remaining time:33812.7 min
946000, 1% finished. total: 86192656, remaining time:33740.5 min
948000, 1% finished. total: 86192656, remaining time:33668.5 min
950000, 1% finished. total: 86192656, remaining time:33814.4 min
952000, 1% finished. total: 86192656, remaining time:34251.2 min
954000, 1% finished. total: 86192656, remaining time:34178.6 min
956000, 1% finished. total: 86192656, remaining time:34106.3 min
958000, 1% finished. total: 86192656, remaining time:34034.3 min
