start job on SBATCH:c41 size7 run557 max_process:/max_trial:1000 Tue Jul 7 09:46:50 PDT 2020
SLURM_JOB_ID:1733985 SLURM_JOB_NAME:product SLURM_JOB_DIR:/rhome/wzeng002/Documents/GitHub/concatenation
note:[n_low=7, n_high=7, k_low=1, k_high=1 sub_mode=], sub_mode_A:2, sub_mode_B:4, na_input:7, n_low:7, n_high=7, data_folder:data/random4/trial557, num_core=, log_file:log/product557-size7.log status_file:
start: id_Gax=1000,	 id_Gax_MAX=1023,	 Gax_row=2
start: id_Gax=2000,	 id_Gax_MAX=4095,	 Gax_row=3
start: id_Gax=1000,	 id_Gax_MAX=4095,	 Gax_row=3
start: id_Gax=3000,	 id_Gax_MAX=4095,	 Gax_row=3
start: id_Gax=4000,	 id_Gax_MAX=4095,	 Gax_row=3
start: id_Gax=2000,	 id_Gax_MAX=4095,	 Gax_row=4
start: id_Gax=1000,	 id_Gax_MAX=4095,	 Gax_row=4
start: id_Gax=3000,	 id_Gax_MAX=4095,	 Gax_row=4
start: id_Gax=4000,	 id_Gax_MAX=4095,	 Gax_row=4
start: id_Gax=1000,	 id_Gax_MAX=1023,	 Gax_row=5
start calculating for 9284 cases out of 14308734 trials.
time used: 11.7177 sec
68960000, 80% finished. total: 86192656, remaining time:0.00104969 min
68970000, 80% finished. total: 86192656, remaining time:0.0979567 min
68980000, 80% finished. total: 86192656, remaining time:0.200945 min
68990000, 80% finished. total: 86192656, remaining time:0.302843 min
69000000, 80% finished. total: 86192656, remaining time:0.410748 min
69010000, 80% finished. total: 86192656, remaining time:0.502593 min
69020000, 80% finished. total: 86192656, remaining time:0.609031 min
69030000, 80% finished. total: 86192656, remaining time:0.721841 min
69040000, 80% finished. total: 86192656, remaining time:0.834701 min
69050000, 80% finished. total: 86192656, remaining time:0.93738 min
69060000, 80% finished. total: 86192656, remaining time:1.04245 min
69070000, 80% finished. total: 86192656, remaining time:1.16181 min
69080000, 80% finished. total: 86192656, remaining time:1.28659 min
69090000, 80% finished. total: 86192656, remaining time:1.42028 min
69100000, 80% finished. total: 86192656, remaining time:1.52902 min
69110000, 80% finished. total: 86192656, remaining time:1.6387 min
69120000, 80% finished. total: 86192656, remaining time:1.75362 min
69130000, 80% finished. total: 86192656, remaining time:1.89534 min
69140000, 80% finished. total: 86192656, remaining time:1.96976 min
69150000, 80% finished. total: 86192656, remaining time:2.09703 min
69160000, 80% finished. total: 86192656, remaining time:2.21184 min
69170000, 80% finished. total: 86192656, remaining time:2.305 min
69180000, 80% finished. total: 86192656, remaining time:2.41246 min
69190000, 80% finished. total: 86192656, remaining time:2.53553 min
69200000, 80% finished. total: 86192656, remaining time:2.64694 min
69210000, 80% finished. total: 86192656, remaining time:2.74768 min
69220000, 80% finished. total: 86192656, remaining time:2.8434 min
69230000, 80% finished. total: 86192656, remaining time:2.95231 min
69240000, 80% finished. total: 86192656, remaining time:3.06566 min
69250000, 80% finished. total: 86192656, remaining time:3.18102 min
69260000, 80% finished. total: 86192656, remaining time:3.27101 min
69270000, 80% finished. total: 86192656, remaining time:3.39155 min
69280000, 80% finished. total: 86192656, remaining time:3.50807 min
69290000, 80% finished. total: 86192656, remaining time:3.60186 min
69300000, 80% finished. total: 86192656, remaining time:3.68268 min
69310000, 80% finished. total: 86192656, remaining time:3.81519 min
69320000, 80% finished. total: 86192656, remaining time:3.92858 min
69330000, 80% finished. total: 86192656, remaining time:4.02718 min
69340000, 80% finished. total: 86192656, remaining time:4.12652 min
69350000, 80% finished. total: 86192656, remaining time:4.22346 min
69360000, 80% finished. total: 86192656, remaining time:4.33255 min
69370000, 80% finished. total: 86192656, remaining time:4.4592 min
69380000, 80% finished. total: 86192656, remaining time:4.58305 min
69390000, 80% finished. total: 86192656, remaining time:4.72561 min
69400000, 80% finished. total: 86192656, remaining time:4.83469 min
69410000, 80% finished. total: 86192656, remaining time:4.93622 min
69420000, 80% finished. total: 86192656, remaining time:5.07058 min
69430000, 80% finished. total: 86192656, remaining time:5.17969 min
69440000, 80% finished. total: 86192656, remaining time:5.2628 min
69450000, 80% finished. total: 86192656, remaining time:5.37487 min
69460000, 80% finished. total: 86192656, remaining time:5.50903 min
69470000, 80% finished. total: 86192656, remaining time:5.66203 min
69480000, 80% finished. total: 86192656, remaining time:5.8135 min
69490000, 80% finished. total: 86192656, remaining time:5.9672 min
69500000, 80% finished. total: 86192656, remaining time:6.10617 min
69510000, 80% finished. total: 86192656, remaining time:6.2622 min
69520000, 80% finished. total: 86192656, remaining time:6.41853 min
69530000, 80% finished. total: 86192656, remaining time:6.59089 min
69540000, 80% finished. total: 86192656, remaining time:6.70364 min
69550000, 80% finished. total: 86192656, remaining time:6.87791 min
69560000, 80% finished. total: 86192656, remaining time:6.98366 min
69570000, 80% finished. total: 86192656, remaining time:7.10203 min
69580000, 80% finished. total: 86192656, remaining time:7.25561 min
69590000, 80% finished. total: 86192656, remaining time:7.411 min
69600000, 80% finished. total: 86192656, remaining time:7.48269 min
69610000, 80% finished. total: 86192656, remaining time:7.5976 min
69620000, 80% finished. total: 86192656, remaining time:7.75528 min
69630000, 80% finished. total: 86192656, remaining time:7.88207 min
69640000, 80% finished. total: 86192656, remaining time:8.0322 min
69650000, 80% finished. total: 86192656, remaining time:8.14108 min
69660000, 80% finished. total: 86192656, remaining time:8.27463 min
69670000, 80% finished. total: 86192656, remaining time:8.42756 min
69680000, 80% finished. total: 86192656, remaining time:8.55779 min
69690000, 80% finished. total: 86192656, remaining time:8.67482 min
69700000, 80% finished. total: 86192656, remaining time:8.82149 min
69710000, 80% finished. total: 86192656, remaining time:8.97647 min
69720000, 80% finished. total: 86192656, remaining time:9.09639 min
69730000, 80% finished. total: 86192656, remaining time:9.22331 min
69740000, 80% finished. total: 86192656, remaining time:9.35313 min
69750000, 80% finished. total: 86192656, remaining time:9.49223 min
69760000, 80% finished. total: 86192656, remaining time:9.63931 min
69770000, 80% finished. total: 86192656, remaining time:9.75147 min
69780000, 80% finished. total: 86192656, remaining time:9.8776 min
69790000, 80% finished. total: 86192656, remaining time:10.036 min
69800000, 80% finished. total: 86192656, remaining time:10.2035 min
69810000, 80% finished. total: 86192656, remaining time:10.381 min
69820000, 81% finished. total: 86192656, remaining time:10.5587 min
69830000, 81% finished. total: 86192656, remaining time:10.7008 min
69840000, 81% finished. total: 86192656, remaining time:10.8266 min
69850000, 81% finished. total: 86192656, remaining time:10.9741 min
69860000, 81% finished. total: 86192656, remaining time:11.0901 min
69870000, 81% finished. total: 86192656, remaining time:11.2152 min
69880000, 81% finished. total: 86192656, remaining time:11.3737 min
69890000, 81% finished. total: 86192656, remaining time:11.4819 min
69900000, 81% finished. total: 86192656, remaining time:11.5988 min
69910000, 81% finished. total: 86192656, remaining time:11.7325 min
69920000, 81% finished. total: 86192656, remaining time:11.8978 min
69930000, 81% finished. total: 86192656, remaining time:12.0659 min
69940000, 81% finished. total: 86192656, remaining time:12.1984 min
69950000, 81% finished. total: 86192656, remaining time:12.3659 min
69960000, 81% finished. total: 86192656, remaining time:12.4949 min
69970000, 81% finished. total: 86192656, remaining time:12.5945 min
69980000, 81% finished. total: 86192656, remaining time:12.7246 min
69990000, 81% finished. total: 86192656, remaining time:12.8505 min
70000000, 81% finished. total: 86192656, remaining time:12.9975 min
70010000, 81% finished. total: 86192656, remaining time:13.1085 min
70020000, 81% finished. total: 86192656, remaining time:13.2474 min
70030000, 81% finished. total: 86192656, remaining time:13.3547 min
70040000, 81% finished. total: 86192656, remaining time:13.4548 min
70050000, 81% finished. total: 86192656, remaining time:13.5815 min
70060000, 81% finished. total: 86192656, remaining time:13.7095 min
70070000, 81% finished. total: 86192656, remaining time:13.8641 min
70080000, 81% finished. total: 86192656, remaining time:14.0246 min
70090000, 81% finished. total: 86192656, remaining time:14.1621 min
70100000, 81% finished. total: 86192656, remaining time:14.3205 min
70110000, 81% finished. total: 86192656, remaining time:14.4482 min
70120000, 81% finished. total: 86192656, remaining time:14.6042 min
70130000, 81% finished. total: 86192656, remaining time:14.6962 min
70140000, 81% finished. total: 86192656, remaining time:14.8341 min
70150000, 81% finished. total: 86192656, remaining time:14.9573 min
70160000, 81% finished. total: 86192656, remaining time:15.042 min
70170000, 81% finished. total: 86192656, remaining time:15.1602 min
70180000, 81% finished. total: 86192656, remaining time:15.28 min
70190000, 81% finished. total: 86192656, remaining time:15.3902 min
70200000, 81% finished. total: 86192656, remaining time:15.4742 min
70210000, 81% finished. total: 86192656, remaining time:15.601 min
70220000, 81% finished. total: 86192656, remaining time:15.7225 min
70230000, 81% finished. total: 86192656, remaining time:15.8145 min
70240000, 81% finished. total: 86192656, remaining time:15.9025 min
70250000, 81% finished. total: 86192656, remaining time:16.0228 min
70260000, 81% finished. total: 86192656, remaining time:16.124 min
70270000, 81% finished. total: 86192656, remaining time:16.2523 min
70280000, 81% finished. total: 86192656, remaining time:16.3558 min
70290000, 81% finished. total: 86192656, remaining time:16.4499 min
70300000, 81% finished. total: 86192656, remaining time:16.5531 min
70310000, 81% finished. total: 86192656, remaining time:16.6551 min
70320000, 81% finished. total: 86192656, remaining time:16.7546 min
70330000, 81% finished. total: 86192656, remaining time:16.8747 min
70340000, 81% finished. total: 86192656, remaining time:17.0053 min
70350000, 81% finished. total: 86192656, remaining time:17.1158 min
70360000, 81% finished. total: 86192656, remaining time:17.2052 min
70370000, 81% finished. total: 86192656, remaining time:17.3081 min
70380000, 81% finished. total: 86192656, remaining time:17.4297 min
70390000, 81% finished. total: 86192656, remaining time:17.5461 min
70400000, 81% finished. total: 86192656, remaining time:17.6506 min
70410000, 81% finished. total: 86192656, remaining time:17.7645 min
70420000, 81% finished. total: 86192656, remaining time:17.8778 min
70430000, 81% finished. total: 86192656, remaining time:17.9875 min
70440000, 81% finished. total: 86192656, remaining time:18.0891 min
70450000, 81% finished. total: 86192656, remaining time:18.2139 min
70460000, 81% finished. total: 86192656, remaining time:18.345 min
70470000, 81% finished. total: 86192656, remaining time:18.4545 min
70480000, 81% finished. total: 86192656, remaining time:18.5533 min
70490000, 81% finished. total: 86192656, remaining time:18.6948 min
70500000, 81% finished. total: 86192656, remaining time:18.8372 min
70510000, 81% finished. total: 86192656, remaining time:18.9459 min
70520000, 81% finished. total: 86192656, remaining time:19.0689 min
70530000, 81% finished. total: 86192656, remaining time:19.2169 min
70540000, 81% finished. total: 86192656, remaining time:19.3108 min
70550000, 81% finished. total: 86192656, remaining time:19.431 min
70560000, 81% finished. total: 86192656, remaining time:19.5642 min
70570000, 81% finished. total: 86192656, remaining time:19.7149 min
70580000, 81% finished. total: 86192656, remaining time:19.8675 min
70590000, 81% finished. total: 86192656, remaining time:20.0288 min
70600000, 81% finished. total: 86192656, remaining time:20.197 min
70610000, 81% finished. total: 86192656, remaining time:20.3125 min
70620000, 81% finished. total: 86192656, remaining time:20.4563 min
70630000, 81% finished. total: 86192656, remaining time:20.5642 min
70640000, 81% finished. total: 86192656, remaining time:20.6676 min
70650000, 81% finished. total: 86192656, remaining time:20.7995 min
70660000, 81% finished. total: 86192656, remaining time:20.9322 min
70670000, 81% finished. total: 86192656, remaining time:21.0454 min
70680000, 82% finished. total: 86192656, remaining time:21.1892 min
70690000, 82% finished. total: 86192656, remaining time:21.3389 min
70700000, 82% finished. total: 86192656, remaining time:21.4776 min
70710000, 82% finished. total: 86192656, remaining time:21.5878 min
70720000, 82% finished. total: 86192656, remaining time:21.707 min
70730000, 82% finished. total: 86192656, remaining time:21.799 min
70740000, 82% finished. total: 86192656, remaining time:21.9077 min
70750000, 82% finished. total: 86192656, remaining time:22.037 min
70760000, 82% finished. total: 86192656, remaining time:22.1516 min
70770000, 82% finished. total: 86192656, remaining time:22.2796 min
70780000, 82% finished. total: 86192656, remaining time:22.3881 min
70790000, 82% finished. total: 86192656, remaining time:22.5068 min
70800000, 82% finished. total: 86192656, remaining time:22.6065 min
70810000, 82% finished. total: 86192656, remaining time:22.686 min
70820000, 82% finished. total: 86192656, remaining time:22.7556 min
70830000, 82% finished. total: 86192656, remaining time:22.8461 min
70840000, 82% finished. total: 86192656, remaining time:22.9479 min
70850000, 82% finished. total: 86192656, remaining time:23.0414 min
70860000, 82% finished. total: 86192656, remaining time:23.135 min
70870000, 82% finished. total: 86192656, remaining time:23.2492 min
70880000, 82% finished. total: 86192656, remaining time:23.3362 min
70890000, 82% finished. total: 86192656, remaining time:23.4513 min
70900000, 82% finished. total: 86192656, remaining time:23.5428 min
70910000, 82% finished. total: 86192656, remaining time:23.6472 min
70920000, 82% finished. total: 86192656, remaining time:23.743 min
70930000, 82% finished. total: 86192656, remaining time:23.8424 min
70940000, 82% finished. total: 86192656, remaining time:23.9333 min
70950000, 82% finished. total: 86192656, remaining time:24.0564 min
70960000, 82% finished. total: 86192656, remaining time:24.1394 min
70970000, 82% finished. total: 86192656, remaining time:24.2341 min
70980000, 82% finished. total: 86192656, remaining time:24.3379 min
70990000, 82% finished. total: 86192656, remaining time:24.4162 min
71000000, 82% finished. total: 86192656, remaining time:24.4866 min
71010000, 82% finished. total: 86192656, remaining time:24.5982 min
71020000, 82% finished. total: 86192656, remaining time:24.7024 min
71030000, 82% finished. total: 86192656, remaining time:24.7923 min
71040000, 82% finished. total: 86192656, remaining time:24.8871 min
71050000, 82% finished. total: 86192656, remaining time:24.9724 min
71060000, 82% finished. total: 86192656, remaining time:25.0605 min
71070000, 82% finished. total: 86192656, remaining time:25.1612 min
71080000, 82% finished. total: 86192656, remaining time:25.2551 min
71090000, 82% finished. total: 86192656, remaining time:25.3481 min
71100000, 82% finished. total: 86192656, remaining time:25.431 min
71110000, 82% finished. total: 86192656, remaining time:25.5172 min
71120000, 82% finished. total: 86192656, remaining time:25.6274 min
71130000, 82% finished. total: 86192656, remaining time:25.7189 min
71140000, 82% finished. total: 86192656, remaining time:25.7921 min
71150000, 82% finished. total: 86192656, remaining time:25.8888 min
71160000, 82% finished. total: 86192656, remaining time:26.0012 min
71170000, 82% finished. total: 86192656, remaining time:26.1122 min
71180000, 82% finished. total: 86192656, remaining time:26.204 min
71190000, 82% finished. total: 86192656, remaining time:26.3077 min
71200000, 82% finished. total: 86192656, remaining time:26.4117 min
71210000, 82% finished. total: 86192656, remaining time:26.4986 min
71220000, 82% finished. total: 86192656, remaining time:26.598 min
71230000, 82% finished. total: 86192656, remaining time:26.7082 min
71240000, 82% finished. total: 86192656, remaining time:26.808 min
71250000, 82% finished. total: 86192656, remaining time:26.9183 min
71260000, 82% finished. total: 86192656, remaining time:27.0215 min
71270000, 82% finished. total: 86192656, remaining time:27.1171 min
71280000, 82% finished. total: 86192656, remaining time:27.1829 min
71290000, 82% finished. total: 86192656, remaining time:27.2767 min
71300000, 82% finished. total: 86192656, remaining time:27.3608 min
71310000, 82% finished. total: 86192656, remaining time:27.4386 min
71320000, 82% finished. total: 86192656, remaining time:27.5241 min
71330000, 82% finished. total: 86192656, remaining time:27.6126 min
71340000, 82% finished. total: 86192656, remaining time:27.6726 min
71350000, 82% finished. total: 86192656, remaining time:27.7657 min
71360000, 82% finished. total: 86192656, remaining time:27.8293 min
71370000, 82% finished. total: 86192656, remaining time:27.9148 min
71380000, 82% finished. total: 86192656, remaining time:27.9947 min
71390000, 82% finished. total: 86192656, remaining time:28.0623 min
71400000, 82% finished. total: 86192656, remaining time:28.1168 min
71410000, 82% finished. total: 86192656, remaining time:28.1984 min
71420000, 82% finished. total: 86192656, remaining time:28.2829 min
71430000, 82% finished. total: 86192656, remaining time:28.3776 min
71440000, 82% finished. total: 86192656, remaining time:28.4418 min
71450000, 82% finished. total: 86192656, remaining time:28.5225 min
71460000, 82% finished. total: 86192656, remaining time:28.5841 min
71470000, 82% finished. total: 86192656, remaining time:28.6315 min
71480000, 82% finished. total: 86192656, remaining time:28.7171 min
71490000, 82% finished. total: 86192656, remaining time:28.8031 min
71500000, 82% finished. total: 86192656, remaining time:28.8942 min
71510000, 82% finished. total: 86192656, remaining time:28.98 min
71520000, 82% finished. total: 86192656, remaining time:29.0815 min
71530000, 82% finished. total: 86192656, remaining time:29.1601 min
71540000, 83% finished. total: 86192656, remaining time:29.2334 min
71550000, 83% finished. total: 86192656, remaining time:29.3154 min
71560000, 83% finished. total: 86192656, remaining time:29.4095 min
71570000, 83% finished. total: 86192656, remaining time:29.4993 min
71580000, 83% finished. total: 86192656, remaining time:29.5901 min
71590000, 83% finished. total: 86192656, remaining time:29.6651 min
71600000, 83% finished. total: 86192656, remaining time:29.731 min
71610000, 83% finished. total: 86192656, remaining time:29.815 min
71620000, 83% finished. total: 86192656, remaining time:29.9114 min
71630000, 83% finished. total: 86192656, remaining time:30.0171 min
71640000, 83% finished. total: 86192656, remaining time:30.1128 min
71650000, 83% finished. total: 86192656, remaining time:30.1971 min
71660000, 83% finished. total: 86192656, remaining time:30.3008 min
71670000, 83% finished. total: 86192656, remaining time:30.407 min
71680000, 83% finished. total: 86192656, remaining time:30.5224 min
71690000, 83% finished. total: 86192656, remaining time:30.6272 min
71700000, 83% finished. total: 86192656, remaining time:30.72 min
71710000, 83% finished. total: 86192656, remaining time:30.831 min
71720000, 83% finished. total: 86192656, remaining time:30.935 min
71730000, 83% finished. total: 86192656, remaining time:31.045 min
71740000, 83% finished. total: 86192656, remaining time:31.1077 min
71750000, 83% finished. total: 86192656, remaining time:31.1905 min
71760000, 83% finished. total: 86192656, remaining time:31.2753 min
71770000, 83% finished. total: 86192656, remaining time:31.3425 min
71780000, 83% finished. total: 86192656, remaining time:31.423 min
71790000, 83% finished. total: 86192656, remaining time:31.489 min
71800000, 83% finished. total: 86192656, remaining time:31.586 min
71810000, 83% finished. total: 86192656, remaining time:31.6649 min
71820000, 83% finished. total: 86192656, remaining time:31.7622 min
71830000, 83% finished. total: 86192656, remaining time:31.8044 min
71840000, 83% finished. total: 86192656, remaining time:31.8821 min
71850000, 83% finished. total: 86192656, remaining time:31.9595 min
71860000, 83% finished. total: 86192656, remaining time:32.0231 min
71870000, 83% finished. total: 86192656, remaining time:32.0913 min
71880000, 83% finished. total: 86192656, remaining time:32.1458 min
71890000, 83% finished. total: 86192656, remaining time:32.2368 min
71900000, 83% finished. total: 86192656, remaining time:32.3002 min
71910000, 83% finished. total: 86192656, remaining time:32.3854 min
71920000, 83% finished. total: 86192656, remaining time:32.4518 min
71930000, 83% finished. total: 86192656, remaining time:32.5468 min
71940000, 83% finished. total: 86192656, remaining time:32.6532 min
71950000, 83% finished. total: 86192656, remaining time:32.7606 min
71960000, 83% finished. total: 86192656, remaining time:32.8467 min
71970000, 83% finished. total: 86192656, remaining time:32.9472 min
71980000, 83% finished. total: 86192656, remaining time:33.0123 min
71990000, 83% finished. total: 86192656, remaining time:33.1216 min
72000000, 83% finished. total: 86192656, remaining time:33.2015 min
72010000, 83% finished. total: 86192656, remaining time:33.3027 min
72020000, 83% finished. total: 86192656, remaining time:33.3936 min
72030000, 83% finished. total: 86192656, remaining time:33.4851 min
72040000, 83% finished. total: 86192656, remaining time:33.5869 min
72050000, 83% finished. total: 86192656, remaining time:33.6941 min
72060000, 83% finished. total: 86192656, remaining time:33.7658 min
72070000, 83% finished. total: 86192656, remaining time:33.8725 min
72080000, 83% finished. total: 86192656, remaining time:33.9489 min
72090000, 83% finished. total: 86192656, remaining time:34.0296 min
72100000, 83% finished. total: 86192656, remaining time:34.1279 min
72110000, 83% finished. total: 86192656, remaining time:34.2129 min
72120000, 83% finished. total: 86192656, remaining time:34.2942 min
72130000, 83% finished. total: 86192656, remaining time:34.3982 min
72140000, 83% finished. total: 86192656, remaining time:34.4685 min
72150000, 83% finished. total: 86192656, remaining time:34.5443 min
72160000, 83% finished. total: 86192656, remaining time:34.6159 min
72170000, 83% finished. total: 86192656, remaining time:34.7157 min
72180000, 83% finished. total: 86192656, remaining time:34.8072 min
72190000, 83% finished. total: 86192656, remaining time:34.8473 min
72200000, 83% finished. total: 86192656, remaining time:34.9503 min
72210000, 83% finished. total: 86192656, remaining time:35.0227 min
72220000, 83% finished. total: 86192656, remaining time:35.0774 min
72230000, 83% finished. total: 86192656, remaining time:35.1708 min
72240000, 83% finished. total: 86192656, remaining time:35.2708 min
72250000, 83% finished. total: 86192656, remaining time:35.3495 min
72260000, 83% finished. total: 86192656, remaining time:35.4402 min
72270000, 83% finished. total: 86192656, remaining time:35.5155 min
72280000, 83% finished. total: 86192656, remaining time:35.594 min
72290000, 83% finished. total: 86192656, remaining time:35.6475 min
72300000, 83% finished. total: 86192656, remaining time:35.6949 min
72310000, 83% finished. total: 86192656, remaining time:35.7825 min
72320000, 83% finished. total: 86192656, remaining time:35.8544 min
72330000, 83% finished. total: 86192656, remaining time:35.9289 min
72340000, 83% finished. total: 86192656, remaining time:36.0184 min
72350000, 83% finished. total: 86192656, remaining time:36.1017 min
72360000, 83% finished. total: 86192656, remaining time:36.1866 min
72370000, 83% finished. total: 86192656, remaining time:36.2896 min
72380000, 83% finished. total: 86192656, remaining time:36.3641 min
72390000, 83% finished. total: 86192656, remaining time:36.4402 min
72400000, 83% finished. total: 86192656, remaining time:36.5227 min
72410000, 84% finished. total: 86192656, remaining time:36.5984 min
72420000, 84% finished. total: 86192656, remaining time:36.6554 min
72430000, 84% finished. total: 86192656, remaining time:36.748 min
72440000, 84% finished. total: 86192656, remaining time:36.8152 min
72450000, 84% finished. total: 86192656, remaining time:36.9131 min
72460000, 84% finished. total: 86192656, remaining time:36.9964 min
72470000, 84% finished. total: 86192656, remaining time:37.0719 min
72480000, 84% finished. total: 86192656, remaining time:37.1432 min
72490000, 84% finished. total: 86192656, remaining time:37.2302 min
72500000, 84% finished. total: 86192656, remaining time:37.3084 min
72510000, 84% finished. total: 86192656, remaining time:37.3874 min
72520000, 84% finished. total: 86192656, remaining time:37.4558 min
72530000, 84% finished. total: 86192656, remaining time:37.5522 min
72540000, 84% finished. total: 86192656, remaining time:37.6357 min
72550000, 84% finished. total: 86192656, remaining time:37.7234 min
72560000, 84% finished. total: 86192656, remaining time:37.8077 min
72570000, 84% finished. total: 86192656, remaining time:37.8788 min
72580000, 84% finished. total: 86192656, remaining time:37.9682 min
72590000, 84% finished. total: 86192656, remaining time:38.0702 min
72600000, 84% finished. total: 86192656, remaining time:38.1485 min
72610000, 84% finished. total: 86192656, remaining time:38.2001 min
72620000, 84% finished. total: 86192656, remaining time:38.255 min
72630000, 84% finished. total: 86192656, remaining time:38.3152 min
72640000, 84% finished. total: 86192656, remaining time:38.3794 min
72650000, 84% finished. total: 86192656, remaining time:38.449 min
72660000, 84% finished. total: 86192656, remaining time:38.5404 min
72670000, 84% finished. total: 86192656, remaining time:38.6218 min
72680000, 84% finished. total: 86192656, remaining time:38.7108 min
72690000, 84% finished. total: 86192656, remaining time:38.7892 min
72700000, 84% finished. total: 86192656, remaining time:38.8894 min
72710000, 84% finished. total: 86192656, remaining time:38.9441 min
72720000, 84% finished. total: 86192656, remaining time:39.0113 min
72730000, 84% finished. total: 86192656, remaining time:39.0772 min
72740000, 84% finished. total: 86192656, remaining time:39.1591 min
72750000, 84% finished. total: 86192656, remaining time:39.2298 min
72760000, 84% finished. total: 86192656, remaining time:39.325 min
72770000, 84% finished. total: 86192656, remaining time:39.409 min
72780000, 84% finished. total: 86192656, remaining time:39.505 min
72790000, 84% finished. total: 86192656, remaining time:39.5844 min
72800000, 84% finished. total: 86192656, remaining time:39.6834 min
72810000, 84% finished. total: 86192656, remaining time:39.7504 min
72820000, 84% finished. total: 86192656, remaining time:39.8236 min
72830000, 84% finished. total: 86192656, remaining time:39.9057 min
72840000, 84% finished. total: 86192656, remaining time:39.992 min
72850000, 84% finished. total: 86192656, remaining time:40.0866 min
72860000, 84% finished. total: 86192656, remaining time:40.1809 min
72870000, 84% finished. total: 86192656, remaining time:40.2665 min
72880000, 84% finished. total: 86192656, remaining time:40.3406 min
72890000, 84% finished. total: 86192656, remaining time:40.4259 min
72900000, 84% finished. total: 86192656, remaining time:40.4624 min
72910000, 84% finished. total: 86192656, remaining time:40.5245 min
72920000, 84% finished. total: 86192656, remaining time:40.6179 min
72930000, 84% finished. total: 86192656, remaining time:40.7 min
72940000, 84% finished. total: 86192656, remaining time:40.8027 min
72950000, 84% finished. total: 86192656, remaining time:40.9103 min
72960000, 84% finished. total: 86192656, remaining time:41.0299 min
72970000, 84% finished. total: 86192656, remaining time:41.1269 min
72980000, 84% finished. total: 86192656, remaining time:41.2361 min
72990000, 84% finished. total: 86192656, remaining time:41.343 min
73000000, 84% finished. total: 86192656, remaining time:41.4172 min
73010000, 84% finished. total: 86192656, remaining time:41.5062 min
73020000, 84% finished. total: 86192656, remaining time:41.5997 min
73030000, 84% finished. total: 86192656, remaining time:41.6884 min
73040000, 84% finished. total: 86192656, remaining time:41.7914 min
73050000, 84% finished. total: 86192656, remaining time:41.8526 min
73060000, 84% finished. total: 86192656, remaining time:41.9414 min
73070000, 84% finished. total: 86192656, remaining time:42.0436 min
73080000, 84% finished. total: 86192656, remaining time:42.1359 min
73090000, 84% finished. total: 86192656, remaining time:42.2168 min
73100000, 84% finished. total: 86192656, remaining time:42.3018 min
73110000, 84% finished. total: 86192656, remaining time:42.3661 min
73120000, 84% finished. total: 86192656, remaining time:42.4269 min
73130000, 84% finished. total: 86192656, remaining time:42.5201 min
73140000, 84% finished. total: 86192656, remaining time:42.6122 min
73150000, 84% finished. total: 86192656, remaining time:42.7045 min
73160000, 84% finished. total: 86192656, remaining time:42.806 min
73170000, 84% finished. total: 86192656, remaining time:42.9183 min
73180000, 84% finished. total: 86192656, remaining time:43.0006 min
73190000, 84% finished. total: 86192656, remaining time:43.1162 min
73200000, 84% finished. total: 86192656, remaining time:43.1709 min
73210000, 84% finished. total: 86192656, remaining time:43.2615 min
73220000, 84% finished. total: 86192656, remaining time:43.3392 min
73230000, 84% finished. total: 86192656, remaining time:43.4291 min
73240000, 84% finished. total: 86192656, remaining time:43.495 min
73250000, 84% finished. total: 86192656, remaining time:43.567 min
73260000, 84% finished. total: 86192656, remaining time:43.6261 min
73270000, 85% finished. total: 86192656, remaining time:43.6828 min
73280000, 85% finished. total: 86192656, remaining time:43.7633 min
73290000, 85% finished. total: 86192656, remaining time:43.827 min
73300000, 85% finished. total: 86192656, remaining time:43.8697 min
73310000, 85% finished. total: 86192656, remaining time:43.9155 min
73320000, 85% finished. total: 86192656, remaining time:43.991 min
73330000, 85% finished. total: 86192656, remaining time:44.0267 min
73340000, 85% finished. total: 86192656, remaining time:44.0986 min
73350000, 85% finished. total: 86192656, remaining time:44.1508 min
73360000, 85% finished. total: 86192656, remaining time:44.2205 min
73370000, 85% finished. total: 86192656, remaining time:44.2996 min
73380000, 85% finished. total: 86192656, remaining time:44.3658 min
73390000, 85% finished. total: 86192656, remaining time:44.4274 min
73400000, 85% finished. total: 86192656, remaining time:44.498 min
73410000, 85% finished. total: 86192656, remaining time:44.5655 min
73420000, 85% finished. total: 86192656, remaining time:44.6536 min
73430000, 85% finished. total: 86192656, remaining time:44.7253 min
73440000, 85% finished. total: 86192656, remaining time:44.8063 min
73450000, 85% finished. total: 86192656, remaining time:44.8789 min
73460000, 85% finished. total: 86192656, remaining time:44.9632 min
73470000, 85% finished. total: 86192656, remaining time:45.0105 min
73480000, 85% finished. total: 86192656, remaining time:45.0948 min
73490000, 85% finished. total: 86192656, remaining time:45.1729 min
73500000, 85% finished. total: 86192656, remaining time:45.2456 min
73510000, 85% finished. total: 86192656, remaining time:45.3322 min
73520000, 85% finished. total: 86192656, remaining time:45.3889 min
73530000, 85% finished. total: 86192656, remaining time:45.4453 min
73540000, 85% finished. total: 86192656, remaining time:45.4979 min
73550000, 85% finished. total: 86192656, remaining time:45.5641 min
73560000, 85% finished. total: 86192656, remaining time:45.6452 min
73570000, 85% finished. total: 86192656, remaining time:45.7318 min
73580000, 85% finished. total: 86192656, remaining time:45.7893 min
73590000, 85% finished. total: 86192656, remaining time:45.8565 min
73600000, 85% finished. total: 86192656, remaining time:45.93 min
73610000, 85% finished. total: 86192656, remaining time:46.0062 min
73620000, 85% finished. total: 86192656, remaining time:46.0571 min
73630000, 85% finished. total: 86192656, remaining time:46.1152 min
73640000, 85% finished. total: 86192656, remaining time:46.1806 min
73650000, 85% finished. total: 86192656, remaining time:46.2278 min
73660000, 85% finished. total: 86192656, remaining time:46.276 min
73670000, 85% finished. total: 86192656, remaining time:46.3254 min
73680000, 85% finished. total: 86192656, remaining time:46.3908 min
73690000, 85% finished. total: 86192656, remaining time:46.4425 min
73700000, 85% finished. total: 86192656, remaining time:46.4974 min
73710000, 85% finished. total: 86192656, remaining time:46.5576 min
73720000, 85% finished. total: 86192656, remaining time:46.6156 min
73730000, 85% finished. total: 86192656, remaining time:46.6744 min
73740000, 85% finished. total: 86192656, remaining time:46.755 min
73750000, 85% finished. total: 86192656, remaining time:46.8163 min
73760000, 85% finished. total: 86192656, remaining time:46.8548 min
73770000, 85% finished. total: 86192656, remaining time:46.9296 min
73780000, 85% finished. total: 86192656, remaining time:47.0076 min
73790000, 85% finished. total: 86192656, remaining time:47.0928 min
73800000, 85% finished. total: 86192656, remaining time:47.171 min
73810000, 85% finished. total: 86192656, remaining time:47.2591 min
73820000, 85% finished. total: 86192656, remaining time:47.3077 min
73830000, 85% finished. total: 86192656, remaining time:47.3764 min
73840000, 85% finished. total: 86192656, remaining time:47.4446 min
73850000, 85% finished. total: 86192656, remaining time:47.5231 min
73860000, 85% finished. total: 86192656, remaining time:47.573 min
73870000, 85% finished. total: 86192656, remaining time:47.6303 min
73880000, 85% finished. total: 86192656, remaining time:47.6848 min
73890000, 85% finished. total: 86192656, remaining time:47.7205 min
73900000, 85% finished. total: 86192656, remaining time:47.7747 min
73910000, 85% finished. total: 86192656, remaining time:47.839 min
73920000, 85% finished. total: 86192656, remaining time:47.8779 min
73930000, 85% finished. total: 86192656, remaining time:47.9383 min
73940000, 85% finished. total: 86192656, remaining time:47.9831 min
73950000, 85% finished. total: 86192656, remaining time:48.0267 min
73960000, 85% finished. total: 86192656, remaining time:48.0952 min
73970000, 85% finished. total: 86192656, remaining time:48.1395 min
73980000, 85% finished. total: 86192656, remaining time:48.1842 min
73990000, 85% finished. total: 86192656, remaining time:48.2285 min
74000000, 85% finished. total: 86192656, remaining time:48.2838 min
74010000, 85% finished. total: 86192656, remaining time:48.3521 min
74020000, 85% finished. total: 86192656, remaining time:48.4302 min
74030000, 85% finished. total: 86192656, remaining time:48.5061 min
74040000, 85% finished. total: 86192656, remaining time:48.5878 min
74050000, 85% finished. total: 86192656, remaining time:48.6523 min
74060000, 85% finished. total: 86192656, remaining time:48.7282 min
74070000, 85% finished. total: 86192656, remaining time:48.7945 min
74080000, 85% finished. total: 86192656, remaining time:48.8298 min
74090000, 85% finished. total: 86192656, remaining time:48.9013 min
74100000, 85% finished. total: 86192656, remaining time:48.9492 min
74110000, 85% finished. total: 86192656, remaining time:49.0256 min
74120000, 85% finished. total: 86192656, remaining time:49.1072 min
74130000, 86% finished. total: 86192656, remaining time:49.1562 min
74140000, 86% finished. total: 86192656, remaining time:49.1974 min
74150000, 86% finished. total: 86192656, remaining time:49.2564 min
74160000, 86% finished. total: 86192656, remaining time:49.3036 min
74170000, 86% finished. total: 86192656, remaining time:49.3609 min
74180000, 86% finished. total: 86192656, remaining time:49.4184 min
74190000, 86% finished. total: 86192656, remaining time:49.4549 min
74200000, 86% finished. total: 86192656, remaining time:49.4882 min
74210000, 86% finished. total: 86192656, remaining time:49.5312 min
74220000, 86% finished. total: 86192656, remaining time:49.5598 min
74230000, 86% finished. total: 86192656, remaining time:49.5927 min
74240000, 86% finished. total: 86192656, remaining time:49.6399 min
74250000, 86% finished. total: 86192656, remaining time:49.6797 min
74260000, 86% finished. total: 86192656, remaining time:49.7322 min
74270000, 86% finished. total: 86192656, remaining time:49.7756 min
74280000, 86% finished. total: 86192656, remaining time:49.7859 min
74290000, 86% finished. total: 86192656, remaining time:49.8413 min
74300000, 86% finished. total: 86192656, remaining time:49.904 min
74310000, 86% finished. total: 86192656, remaining time:49.9424 min
74320000, 86% finished. total: 86192656, remaining time:49.9647 min
74330000, 86% finished. total: 86192656, remaining time:50.0207 min
74340000, 86% finished. total: 86192656, remaining time:50.0646 min
74350000, 86% finished. total: 86192656, remaining time:50.0844 min
74360000, 86% finished. total: 86192656, remaining time:50.1047 min
74370000, 86% finished. total: 86192656, remaining time:50.1547 min
74380000, 86% finished. total: 86192656, remaining time:50.1766 min
74390000, 86% finished. total: 86192656, remaining time:50.2259 min
74400000, 86% finished. total: 86192656, remaining time:50.2866 min
74410000, 86% finished. total: 86192656, remaining time:50.3292 min
74420000, 86% finished. total: 86192656, remaining time:50.3626 min
74430000, 86% finished. total: 86192656, remaining time:50.4177 min
74440000, 86% finished. total: 86192656, remaining time:50.4802 min
74450000, 86% finished. total: 86192656, remaining time:50.5463 min
74460000, 86% finished. total: 86192656, remaining time:50.6064 min
74470000, 86% finished. total: 86192656, remaining time:50.6268 min
74480000, 86% finished. total: 86192656, remaining time:50.6883 min
74490000, 86% finished. total: 86192656, remaining time:50.7282 min
74500000, 86% finished. total: 86192656, remaining time:50.7861 min
74510000, 86% finished. total: 86192656, remaining time:50.8006 min
74520000, 86% finished. total: 86192656, remaining time:50.8214 min
74530000, 86% finished. total: 86192656, remaining time:50.8564 min
74540000, 86% finished. total: 86192656, remaining time:50.8925 min
74550000, 86% finished. total: 86192656, remaining time:50.9462 min
74560000, 86% finished. total: 86192656, remaining time:51.0032 min
74570000, 86% finished. total: 86192656, remaining time:51.0546 min
74580000, 86% finished. total: 86192656, remaining time:51.1118 min
74590000, 86% finished. total: 86192656, remaining time:51.1478 min
74600000, 86% finished. total: 86192656, remaining time:51.1643 min
74610000, 86% finished. total: 86192656, remaining time:51.2081 min
74620000, 86% finished. total: 86192656, remaining time:51.2354 min
74630000, 86% finished. total: 86192656, remaining time:51.2828 min
74640000, 86% finished. total: 86192656, remaining time:51.309 min
74650000, 86% finished. total: 86192656, remaining time:51.3417 min
74660000, 86% finished. total: 86192656, remaining time:51.3724 min
74670000, 86% finished. total: 86192656, remaining time:51.4144 min
74680000, 86% finished. total: 86192656, remaining time:51.4524 min
74690000, 86% finished. total: 86192656, remaining time:51.5023 min
74700000, 86% finished. total: 86192656, remaining time:51.541 min
74710000, 86% finished. total: 86192656, remaining time:51.586 min
74720000, 86% finished. total: 86192656, remaining time:51.6332 min
74730000, 86% finished. total: 86192656, remaining time:51.69 min
74740000, 86% finished. total: 86192656, remaining time:51.7324 min
74750000, 86% finished. total: 86192656, remaining time:51.7364 min
74760000, 86% finished. total: 86192656, remaining time:51.751 min
74770000, 86% finished. total: 86192656, remaining time:51.792 min
74780000, 86% finished. total: 86192656, remaining time:51.8359 min
74790000, 86% finished. total: 86192656, remaining time:51.8767 min
74800000, 86% finished. total: 86192656, remaining time:51.9321 min
74810000, 86% finished. total: 86192656, remaining time:51.9673 min
74820000, 86% finished. total: 86192656, remaining time:51.97 min
74830000, 86% finished. total: 86192656, remaining time:52.0028 min
74840000, 86% finished. total: 86192656, remaining time:52.03 min
74850000, 86% finished. total: 86192656, remaining time:52.0671 min
74860000, 86% finished. total: 86192656, remaining time:52.1049 min
74870000, 86% finished. total: 86192656, remaining time:52.1538 min
74880000, 86% finished. total: 86192656, remaining time:52.1845 min
74890000, 86% finished. total: 86192656, remaining time:52.2355 min
74900000, 86% finished. total: 86192656, remaining time:52.2665 min
74910000, 86% finished. total: 86192656, remaining time:52.3141 min
74920000, 86% finished. total: 86192656, remaining time:52.3505 min
74930000, 86% finished. total: 86192656, remaining time:52.3704 min
74940000, 86% finished. total: 86192656, remaining time:52.4023 min
74950000, 86% finished. total: 86192656, remaining time:52.4551 min
74960000, 86% finished. total: 86192656, remaining time:52.5001 min
74970000, 86% finished. total: 86192656, remaining time:52.5341 min
74980000, 86% finished. total: 86192656, remaining time:52.5651 min
74990000, 87% finished. total: 86192656, remaining time:52.6192 min
75000000, 87% finished. total: 86192656, remaining time:52.6709 min
75010000, 87% finished. total: 86192656, remaining time:52.7057 min
75020000, 87% finished. total: 86192656, remaining time:52.7468 min
75030000, 87% finished. total: 86192656, remaining time:52.7904 min
75040000, 87% finished. total: 86192656, remaining time:52.8367 min
75050000, 87% finished. total: 86192656, remaining time:52.8643 min
75060000, 87% finished. total: 86192656, remaining time:52.8892 min
75070000, 87% finished. total: 86192656, remaining time:52.9289 min
75080000, 87% finished. total: 86192656, remaining time:52.9751 min
75090000, 87% finished. total: 86192656, remaining time:53.0083 min
75100000, 87% finished. total: 86192656, remaining time:53.0236 min
75110000, 87% finished. total: 86192656, remaining time:53.0726 min
75120000, 87% finished. total: 86192656, remaining time:53.0986 min
75130000, 87% finished. total: 86192656, remaining time:53.1388 min
75140000, 87% finished. total: 86192656, remaining time:53.1794 min
75150000, 87% finished. total: 86192656, remaining time:53.2319 min
75160000, 87% finished. total: 86192656, remaining time:53.2703 min
75170000, 87% finished. total: 86192656, remaining time:53.3006 min
75180000, 87% finished. total: 86192656, remaining time:53.3607 min
75190000, 87% finished. total: 86192656, remaining time:53.4079 min
75200000, 87% finished. total: 86192656, remaining time:53.4529 min
75210000, 87% finished. total: 86192656, remaining time:53.473 min
75220000, 87% finished. total: 86192656, remaining time:53.5064 min
75230000, 87% finished. total: 86192656, remaining time:53.5525 min
75240000, 87% finished. total: 86192656, remaining time:53.5727 min
75250000, 87% finished. total: 86192656, remaining time:53.6079 min
75260000, 87% finished. total: 86192656, remaining time:53.6566 min
75270000, 87% finished. total: 86192656, remaining time:53.694 min
75280000, 87% finished. total: 86192656, remaining time:53.7194 min
75290000, 87% finished. total: 86192656, remaining time:53.7407 min
75300000, 87% finished. total: 86192656, remaining time:53.7668 min
75310000, 87% finished. total: 86192656, remaining time:53.7663 min
75320000, 87% finished. total: 86192656, remaining time:53.8049 min
75330000, 87% finished. total: 86192656, remaining time:53.8331 min
75340000, 87% finished. total: 86192656, remaining time:53.8686 min
75350000, 87% finished. total: 86192656, remaining time:53.9113 min
75360000, 87% finished. total: 86192656, remaining time:53.9454 min
75370000, 87% finished. total: 86192656, remaining time:53.9978 min
75380000, 87% finished. total: 86192656, remaining time:54.0252 min
75390000, 87% finished. total: 86192656, remaining time:54.0767 min
75400000, 87% finished. total: 86192656, remaining time:54.1283 min
75410000, 87% finished. total: 86192656, remaining time:54.1849 min
75420000, 87% finished. total: 86192656, remaining time:54.2314 min
75430000, 87% finished. total: 86192656, remaining time:54.2587 min
75440000, 87% finished. total: 86192656, remaining time:54.2923 min
75450000, 87% finished. total: 86192656, remaining time:54.3305 min
75460000, 87% finished. total: 86192656, remaining time:54.3507 min
75470000, 87% finished. total: 86192656, remaining time:54.3759 min
75480000, 87% finished. total: 86192656, remaining time:54.4028 min
75490000, 87% finished. total: 86192656, remaining time:54.4297 min
75500000, 87% finished. total: 86192656, remaining time:54.4655 min
75510000, 87% finished. total: 86192656, remaining time:54.4664 min
75520000, 87% finished. total: 86192656, remaining time:54.4748 min
75530000, 87% finished. total: 86192656, remaining time:54.4881 min
75540000, 87% finished. total: 86192656, remaining time:54.5219 min
75550000, 87% finished. total: 86192656, remaining time:54.555 min
75560000, 87% finished. total: 86192656, remaining time:54.5539 min
75570000, 87% finished. total: 86192656, remaining time:54.5662 min
75580000, 87% finished. total: 86192656, remaining time:54.599 min
75590000, 87% finished. total: 86192656, remaining time:54.6258 min
75600000, 87% finished. total: 86192656, remaining time:54.6581 min
75610000, 87% finished. total: 86192656, remaining time:54.6742 min
75620000, 87% finished. total: 86192656, remaining time:54.7075 min
75630000, 87% finished. total: 86192656, remaining time:54.7432 min
75640000, 87% finished. total: 86192656, remaining time:54.7657 min
75650000, 87% finished. total: 86192656, remaining time:54.7714 min
75660000, 87% finished. total: 86192656, remaining time:54.7771 min
75670000, 87% finished. total: 86192656, remaining time:54.8099 min
75680000, 87% finished. total: 86192656, remaining time:54.8134 min
75690000, 87% finished. total: 86192656, remaining time:54.8424 min
75700000, 87% finished. total: 86192656, remaining time:54.8716 min
75710000, 87% finished. total: 86192656, remaining time:54.8771 min
75720000, 87% finished. total: 86192656, remaining time:54.8823 min
75730000, 87% finished. total: 86192656, remaining time:54.91 min
75740000, 87% finished. total: 86192656, remaining time:54.9401 min
75750000, 87% finished. total: 86192656, remaining time:54.9582 min
75760000, 87% finished. total: 86192656, remaining time:54.9928 min
75770000, 87% finished. total: 86192656, remaining time:55.0185 min
75780000, 87% finished. total: 86192656, remaining time:54.9982 min
75790000, 87% finished. total: 86192656, remaining time:55.0133 min
75800000, 87% finished. total: 86192656, remaining time:55.033 min
75810000, 87% finished. total: 86192656, remaining time:55.0522 min
75820000, 87% finished. total: 86192656, remaining time:55.0653 min
75830000, 87% finished. total: 86192656, remaining time:55.0555 min
75840000, 87% finished. total: 86192656, remaining time:55.0675 min
75850000, 88% finished. total: 86192656, remaining time:55.0953 min
75860000, 88% finished. total: 86192656, remaining time:55.111 min
75870000, 88% finished. total: 86192656, remaining time:55.1159 min
75880000, 88% finished. total: 86192656, remaining time:55.1463 min
75890000, 88% finished. total: 86192656, remaining time:55.1389 min
75900000, 88% finished. total: 86192656, remaining time:55.1587 min
75910000, 88% finished. total: 86192656, remaining time:55.1834 min
75920000, 88% finished. total: 86192656, remaining time:55.2044 min
75930000, 88% finished. total: 86192656, remaining time:55.2352 min
75940000, 88% finished. total: 86192656, remaining time:55.2688 min
75950000, 88% finished. total: 86192656, remaining time:55.2989 min
75960000, 88% finished. total: 86192656, remaining time:55.3324 min
75970000, 88% finished. total: 86192656, remaining time:55.339 min
75980000, 88% finished. total: 86192656, remaining time:55.3796 min
75990000, 88% finished. total: 86192656, remaining time:55.4014 min
76000000, 88% finished. total: 86192656, remaining time:55.4312 min
76010000, 88% finished. total: 86192656, remaining time:55.4345 min
76020000, 88% finished. total: 86192656, remaining time:55.4556 min
76030000, 88% finished. total: 86192656, remaining time:55.4858 min
76040000, 88% finished. total: 86192656, remaining time:55.5117 min
76050000, 88% finished. total: 86192656, remaining time:55.5069 min
76060000, 88% finished. total: 86192656, remaining time:55.4955 min
76070000, 88% finished. total: 86192656, remaining time:55.5168 min
76080000, 88% finished. total: 86192656, remaining time:55.5376 min
76090000, 88% finished. total: 86192656, remaining time:55.5393 min
76100000, 88% finished. total: 86192656, remaining time:55.5528 min
76110000, 88% finished. total: 86192656, remaining time:55.5534 min
76120000, 88% finished. total: 86192656, remaining time:55.5645 min
76130000, 88% finished. total: 86192656, remaining time:55.5749 min
76140000, 88% finished. total: 86192656, remaining time:55.5953 min
76150000, 88% finished. total: 86192656, remaining time:55.6294 min
76160000, 88% finished. total: 86192656, remaining time:55.6464 min
76170000, 88% finished. total: 86192656, remaining time:55.67 min
76180000, 88% finished. total: 86192656, remaining time:55.6828 min
76190000, 88% finished. total: 86192656, remaining time:55.7177 min
76200000, 88% finished. total: 86192656, remaining time:55.7398 min
76210000, 88% finished. total: 86192656, remaining time:55.7607 min
76220000, 88% finished. total: 86192656, remaining time:55.7813 min
76230000, 88% finished. total: 86192656, remaining time:55.7961 min
76240000, 88% finished. total: 86192656, remaining time:55.7964 min
76250000, 88% finished. total: 86192656, remaining time:55.8227 min
76260000, 88% finished. total: 86192656, remaining time:55.8498 min
76270000, 88% finished. total: 86192656, remaining time:55.8697 min
76280000, 88% finished. total: 86192656, remaining time:55.9113 min
76290000, 88% finished. total: 86192656, remaining time:55.9241 min
76300000, 88% finished. total: 86192656, remaining time:55.9581 min
76310000, 88% finished. total: 86192656, remaining time:55.9895 min
76320000, 88% finished. total: 86192656, remaining time:56.0013 min
76330000, 88% finished. total: 86192656, remaining time:56.0243 min
76340000, 88% finished. total: 86192656, remaining time:56.0418 min
76350000, 88% finished. total: 86192656, remaining time:56.0649 min
76360000, 88% finished. total: 86192656, remaining time:56.0772 min
76370000, 88% finished. total: 86192656, remaining time:56.1056 min
76380000, 88% finished. total: 86192656, remaining time:56.1089 min
76390000, 88% finished. total: 86192656, remaining time:56.1276 min
76400000, 88% finished. total: 86192656, remaining time:56.16 min
76410000, 88% finished. total: 86192656, remaining time:56.1766 min
76420000, 88% finished. total: 86192656, remaining time:56.1995 min
76430000, 88% finished. total: 86192656, remaining time:56.2364 min
76440000, 88% finished. total: 86192656, remaining time:56.2558 min
76450000, 88% finished. total: 86192656, remaining time:56.2908 min
76460000, 88% finished. total: 86192656, remaining time:56.2976 min
76470000, 88% finished. total: 86192656, remaining time:56.335 min
76480000, 88% finished. total: 86192656, remaining time:56.3686 min
76490000, 88% finished. total: 86192656, remaining time:56.41 min
76500000, 88% finished. total: 86192656, remaining time:56.4532 min
76510000, 88% finished. total: 86192656, remaining time:56.5042 min
76520000, 88% finished. total: 86192656, remaining time:56.5399 min
76530000, 88% finished. total: 86192656, remaining time:56.5866 min
76540000, 88% finished. total: 86192656, remaining time:56.6114 min
76550000, 88% finished. total: 86192656, remaining time:56.6075 min
76560000, 88% finished. total: 86192656, remaining time:56.6296 min
76570000, 88% finished. total: 86192656, remaining time:56.6307 min
76580000, 88% finished. total: 86192656, remaining time:56.6591 min
76590000, 88% finished. total: 86192656, remaining time:56.6741 min
76600000, 88% finished. total: 86192656, remaining time:56.6837 min
76610000, 88% finished. total: 86192656, remaining time:56.6925 min
76620000, 88% finished. total: 86192656, remaining time:56.7039 min
76630000, 88% finished. total: 86192656, remaining time:56.7312 min
76640000, 88% finished. total: 86192656, remaining time:56.7318 min
76650000, 88% finished. total: 86192656, remaining time:56.7451 min
76660000, 88% finished. total: 86192656, remaining time:56.7639 min
76670000, 88% finished. total: 86192656, remaining time:56.7729 min
76680000, 88% finished. total: 86192656, remaining time:56.7671 min
76690000, 88% finished. total: 86192656, remaining time:56.7412 min
76700000, 88% finished. total: 86192656, remaining time:56.737 min
76710000, 88% finished. total: 86192656, remaining time:56.7413 min
76720000, 89% finished. total: 86192656, remaining time:56.7457 min
76730000, 89% finished. total: 86192656, remaining time:56.7536 min
76740000, 89% finished. total: 86192656, remaining time:56.7632 min
76750000, 89% finished. total: 86192656, remaining time:56.7676 min
76760000, 89% finished. total: 86192656, remaining time:56.7847 min
76770000, 89% finished. total: 86192656, remaining time:56.7824 min
76780000, 89% finished. total: 86192656, remaining time:56.8125 min
76790000, 89% finished. total: 86192656, remaining time:56.8478 min
76800000, 89% finished. total: 86192656, remaining time:56.8694 min
76810000, 89% finished. total: 86192656, remaining time:56.8896 min
76820000, 89% finished. total: 86192656, remaining time:56.916 min
76830000, 89% finished. total: 86192656, remaining time:56.9344 min
76840000, 89% finished. total: 86192656, remaining time:56.9519 min
76850000, 89% finished. total: 86192656, remaining time:56.973 min
76860000, 89% finished. total: 86192656, remaining time:57.0001 min
76870000, 89% finished. total: 86192656, remaining time:56.999 min
76880000, 89% finished. total: 86192656, remaining time:57.008 min
76890000, 89% finished. total: 86192656, remaining time:57.0186 min
76900000, 89% finished. total: 86192656, remaining time:57.0408 min
76910000, 89% finished. total: 86192656, remaining time:57.0314 min
76920000, 89% finished. total: 86192656, remaining time:57.0402 min
76930000, 89% finished. total: 86192656, remaining time:57.0525 min
76940000, 89% finished. total: 86192656, remaining time:57.0832 min
76950000, 89% finished. total: 86192656, remaining time:57.0967 min
76960000, 89% finished. total: 86192656, remaining time:57.1034 min
76970000, 89% finished. total: 86192656, remaining time:57.1165 min
76980000, 89% finished. total: 86192656, remaining time:57.1255 min
76990000, 89% finished. total: 86192656, remaining time:57.1217 min
77000000, 89% finished. total: 86192656, remaining time:57.1336 min
77010000, 89% finished. total: 86192656, remaining time:57.1395 min
77020000, 89% finished. total: 86192656, remaining time:57.1551 min
77030000, 89% finished. total: 86192656, remaining time:57.1815 min
77040000, 89% finished. total: 86192656, remaining time:57.1892 min
77050000, 89% finished. total: 86192656, remaining time:57.2196 min
77060000, 89% finished. total: 86192656, remaining time:57.2584 min
77070000, 89% finished. total: 86192656, remaining time:57.3006 min
77080000, 89% finished. total: 86192656, remaining time:57.3505 min
77090000, 89% finished. total: 86192656, remaining time:57.3629 min
77100000, 89% finished. total: 86192656, remaining time:57.3955 min
77110000, 89% finished. total: 86192656, remaining time:57.4279 min
77120000, 89% finished. total: 86192656, remaining time:57.4521 min
77130000, 89% finished. total: 86192656, remaining time:57.4802 min
77140000, 89% finished. total: 86192656, remaining time:57.5226 min
77150000, 89% finished. total: 86192656, remaining time:57.5516 min
77160000, 89% finished. total: 86192656, remaining time:57.565 min
77170000, 89% finished. total: 86192656, remaining time:57.5899 min
77180000, 89% finished. total: 86192656, remaining time:57.6224 min
77190000, 89% finished. total: 86192656, remaining time:57.6365 min
77200000, 89% finished. total: 86192656, remaining time:57.6568 min
77210000, 89% finished. total: 86192656, remaining time:57.6732 min
77220000, 89% finished. total: 86192656, remaining time:57.6868 min
77230000, 89% finished. total: 86192656, remaining time:57.6797 min
77240000, 89% finished. total: 86192656, remaining time:57.6893 min
77250000, 89% finished. total: 86192656, remaining time:57.7 min
77260000, 89% finished. total: 86192656, remaining time:57.722 min
77270000, 89% finished. total: 86192656, remaining time:57.7418 min
77280000, 89% finished. total: 86192656, remaining time:57.7329 min
77290000, 89% finished. total: 86192656, remaining time:57.7403 min
77300000, 89% finished. total: 86192656, remaining time:57.7593 min
77310000, 89% finished. total: 86192656, remaining time:57.7701 min
77320000, 89% finished. total: 86192656, remaining time:57.7718 min
77330000, 89% finished. total: 86192656, remaining time:57.7627 min
77340000, 89% finished. total: 86192656, remaining time:57.7681 min
77350000, 89% finished. total: 86192656, remaining time:57.7685 min
77360000, 89% finished. total: 86192656, remaining time:57.7723 min
77370000, 89% finished. total: 86192656, remaining time:57.7877 min
77380000, 89% finished. total: 86192656, remaining time:57.7794 min
77390000, 89% finished. total: 86192656, remaining time:57.7811 min
77400000, 89% finished. total: 86192656, remaining time:57.7656 min
77410000, 89% finished. total: 86192656, remaining time:57.7378 min
77420000, 89% finished. total: 86192656, remaining time:57.742 min
77430000, 89% finished. total: 86192656, remaining time:57.7471 min
77440000, 89% finished. total: 86192656, remaining time:57.7651 min
77450000, 89% finished. total: 86192656, remaining time:57.7801 min
77460000, 89% finished. total: 86192656, remaining time:57.7988 min
77470000, 89% finished. total: 86192656, remaining time:57.8148 min
77480000, 89% finished. total: 86192656, remaining time:57.8272 min
77490000, 89% finished. total: 86192656, remaining time:57.8396 min
77500000, 89% finished. total: 86192656, remaining time:57.8684 min
77510000, 89% finished. total: 86192656, remaining time:57.8773 min
77520000, 89% finished. total: 86192656, remaining time:57.8689 min
77530000, 89% finished. total: 86192656, remaining time:57.8718 min
77540000, 89% finished. total: 86192656, remaining time:57.8681 min
77550000, 89% finished. total: 86192656, remaining time:57.8402 min
77560000, 89% finished. total: 86192656, remaining time:57.8398 min
77570000, 89% finished. total: 86192656, remaining time:57.8321 min
77580000, 90% finished. total: 86192656, remaining time:57.8201 min
77590000, 90% finished. total: 86192656, remaining time:57.822 min
77600000, 90% finished. total: 86192656, remaining time:57.8169 min
77610000, 90% finished. total: 86192656, remaining time:57.8063 min
77620000, 90% finished. total: 86192656, remaining time:57.807 min
77630000, 90% finished. total: 86192656, remaining time:57.8078 min
77640000, 90% finished. total: 86192656, remaining time:57.8 min
77650000, 90% finished. total: 86192656, remaining time:57.8012 min
77660000, 90% finished. total: 86192656, remaining time:57.808 min
77670000, 90% finished. total: 86192656, remaining time:57.8099 min
77680000, 90% finished. total: 86192656, remaining time:57.8047 min
77690000, 90% finished. total: 86192656, remaining time:57.7921 min
77700000, 90% finished. total: 86192656, remaining time:57.7757 min
77710000, 90% finished. total: 86192656, remaining time:57.7626 min
77720000, 90% finished. total: 86192656, remaining time:57.7588 min
77730000, 90% finished. total: 86192656, remaining time:57.7641 min
77740000, 90% finished. total: 86192656, remaining time:57.7569 min
77750000, 90% finished. total: 86192656, remaining time:57.7661 min
77760000, 90% finished. total: 86192656, remaining time:57.7694 min
77770000, 90% finished. total: 86192656, remaining time:57.7765 min
77780000, 90% finished. total: 86192656, remaining time:57.7871 min
77790000, 90% finished. total: 86192656, remaining time:57.8016 min
77800000, 90% finished. total: 86192656, remaining time:57.7811 min
77810000, 90% finished. total: 86192656, remaining time:57.7783 min
77820000, 90% finished. total: 86192656, remaining time:57.7718 min
77830000, 90% finished. total: 86192656, remaining time:57.7532 min
77840000, 90% finished. total: 86192656, remaining time:57.7369 min
77850000, 90% finished. total: 86192656, remaining time:57.7273 min
77860000, 90% finished. total: 86192656, remaining time:57.715 min
77870000, 90% finished. total: 86192656, remaining time:57.6943 min
77880000, 90% finished. total: 86192656, remaining time:57.6743 min
77890000, 90% finished. total: 86192656, remaining time:57.6647 min
77900000, 90% finished. total: 86192656, remaining time:57.6426 min
77910000, 90% finished. total: 86192656, remaining time:57.6253 min
77920000, 90% finished. total: 86192656, remaining time:57.6169 min
77930000, 90% finished. total: 86192656, remaining time:57.593 min
77940000, 90% finished. total: 86192656, remaining time:57.5777 min
77950000, 90% finished. total: 86192656, remaining time:57.5504 min
77960000, 90% finished. total: 86192656, remaining time:57.5287 min
77970000, 90% finished. total: 86192656, remaining time:57.5201 min
77980000, 90% finished. total: 86192656, remaining time:57.4987 min
77990000, 90% finished. total: 86192656, remaining time:57.4917 min
78000000, 90% finished. total: 86192656, remaining time:57.4814 min
78010000, 90% finished. total: 86192656, remaining time:57.4707 min
78020000, 90% finished. total: 86192656, remaining time:57.4711 min
78030000, 90% finished. total: 86192656, remaining time:57.4602 min
78040000, 90% finished. total: 86192656, remaining time:57.4626 min
78050000, 90% finished. total: 86192656, remaining time:57.4497 min
78060000, 90% finished. total: 86192656, remaining time:57.4348 min
78070000, 90% finished. total: 86192656, remaining time:57.4307 min
78080000, 90% finished. total: 86192656, remaining time:57.4177 min
78090000, 90% finished. total: 86192656, remaining time:57.4022 min
78100000, 90% finished. total: 86192656, remaining time:57.393 min
78110000, 90% finished. total: 86192656, remaining time:57.3903 min
78120000, 90% finished. total: 86192656, remaining time:57.3973 min
78130000, 90% finished. total: 86192656, remaining time:57.3906 min
78140000, 90% finished. total: 86192656, remaining time:57.3901 min
78150000, 90% finished. total: 86192656, remaining time:57.3818 min
78160000, 90% finished. total: 86192656, remaining time:57.3707 min
78170000, 90% finished. total: 86192656, remaining time:57.3726 min
78180000, 90% finished. total: 86192656, remaining time:57.3609 min
78190000, 90% finished. total: 86192656, remaining time:57.3612 min
78200000, 90% finished. total: 86192656, remaining time:57.3642 min
78210000, 90% finished. total: 86192656, remaining time:57.3495 min
78220000, 90% finished. total: 86192656, remaining time:57.3322 min
78230000, 90% finished. total: 86192656, remaining time:57.3276 min
78240000, 90% finished. total: 86192656, remaining time:57.3157 min
78250000, 90% finished. total: 86192656, remaining time:57.3136 min
78260000, 90% finished. total: 86192656, remaining time:57.2998 min
78270000, 90% finished. total: 86192656, remaining time:57.2799 min
78280000, 90% finished. total: 86192656, remaining time:57.2529 min
78290000, 90% finished. total: 86192656, remaining time:57.2383 min
78300000, 90% finished. total: 86192656, remaining time:57.2177 min
78310000, 90% finished. total: 86192656, remaining time:57.1941 min
78320000, 90% finished. total: 86192656, remaining time:57.1736 min
78330000, 90% finished. total: 86192656, remaining time:57.1555 min
78340000, 90% finished. total: 86192656, remaining time:57.1368 min
78350000, 90% finished. total: 86192656, remaining time:57.1101 min
78360000, 90% finished. total: 86192656, remaining time:57.0912 min
78370000, 90% finished. total: 86192656, remaining time:57.076 min
78380000, 90% finished. total: 86192656, remaining time:57.0684 min
78390000, 90% finished. total: 86192656, remaining time:57.0431 min
78400000, 90% finished. total: 86192656, remaining time:57.0317 min
78410000, 90% finished. total: 86192656, remaining time:57.0226 min
78420000, 90% finished. total: 86192656, remaining time:56.9925 min
78430000, 90% finished. total: 86192656, remaining time:56.9707 min
78440000, 91% finished. total: 86192656, remaining time:56.9655 min
78450000, 91% finished. total: 86192656, remaining time:56.9369 min
78460000, 91% finished. total: 86192656, remaining time:56.923 min
78470000, 91% finished. total: 86192656, remaining time:56.8987 min
78480000, 91% finished. total: 86192656, remaining time:56.8901 min
78490000, 91% finished. total: 86192656, remaining time:56.8714 min
78500000, 91% finished. total: 86192656, remaining time:56.8707 min
78510000, 91% finished. total: 86192656, remaining time:56.8729 min
78520000, 91% finished. total: 86192656, remaining time:56.8766 min
78530000, 91% finished. total: 86192656, remaining time:56.8897 min
78540000, 91% finished. total: 86192656, remaining time:56.8631 min
78550000, 91% finished. total: 86192656, remaining time:56.8476 min
78560000, 91% finished. total: 86192656, remaining time:56.842 min
78570000, 91% finished. total: 86192656, remaining time:56.8415 min
78580000, 91% finished. total: 86192656, remaining time:56.8407 min
78590000, 91% finished. total: 86192656, remaining time:56.812 min
78600000, 91% finished. total: 86192656, remaining time:56.8084 min
78610000, 91% finished. total: 86192656, remaining time:56.7729 min
78620000, 91% finished. total: 86192656, remaining time:56.7528 min
78630000, 91% finished. total: 86192656, remaining time:56.7496 min
78640000, 91% finished. total: 86192656, remaining time:56.7328 min
78650000, 91% finished. total: 86192656, remaining time:56.7284 min
78660000, 91% finished. total: 86192656, remaining time:56.7147 min
78670000, 91% finished. total: 86192656, remaining time:56.6961 min
78680000, 91% finished. total: 86192656, remaining time:56.6824 min
78690000, 91% finished. total: 86192656, remaining time:56.6761 min
78700000, 91% finished. total: 86192656, remaining time:56.6611 min
78710000, 91% finished. total: 86192656, remaining time:56.6408 min
78720000, 91% finished. total: 86192656, remaining time:56.6292 min
78730000, 91% finished. total: 86192656, remaining time:56.5921 min
78740000, 91% finished. total: 86192656, remaining time:56.5621 min
78750000, 91% finished. total: 86192656, remaining time:56.5403 min
78760000, 91% finished. total: 86192656, remaining time:56.5134 min
78770000, 91% finished. total: 86192656, remaining time:56.4851 min
78780000, 91% finished. total: 86192656, remaining time:56.4451 min
