start job on SBATCH:i47 size6 run552 max_process:/max_trial:1000 Thu Jul 2 23:51:53 PDT 2020
SLURM_JOB_ID:1704573 SLURM_JOB_NAME:product SLURM_JOB_DIR:/rhome/wzeng002/Documents/GitHub/concatenation
note:[n_low=7, n_high=7, k_low=1, k_high=1 sub_mode=], sub_mode_A:1, sub_mode_B:4, na_input:6, n_low:7, n_high=7, data_folder:data/random4/trial552, num_core=, log_file:log/product552-size6.log status_file:
start calculating for 469 cases out of 72577 trials.
time used: 0.104294 sec
wrong input or no input for sub_mode_A. It should be 2
2199, 0% finished. total: 219961, remaining time:0.0781166 min
4398, 1% finished. total: 219961, remaining time:0.0649239 min
6597, 2% finished. total: 219961, remaining time:3.08169 min
8796, 3% finished. total: 219961, remaining time:9.1367 min
10995, 4% finished. total: 219961, remaining time:12.702 min
13194, 5% finished. total: 219961, remaining time:16.3397 min
15393, 6% finished. total: 219961, remaining time:16.6876 min
17592, 7% finished. total: 219961, remaining time:18.324 min
19791, 8% finished. total: 219961, remaining time:20.2297 min
21990, 9% finished. total: 219961, remaining time:20.9964 min
24189, 10% finished. total: 219961, remaining time:22.9721 min
26388, 11% finished. total: 219961, remaining time:23.4479 min
28587, 12% finished. total: 219961, remaining time:23.6073 min
30786, 13% finished. total: 219961, remaining time:24.3138 min
32985, 14% finished. total: 219961, remaining time:23.6324 min
35184, 15% finished. total: 219961, remaining time:23.7941 min
37383, 16% finished. total: 219961, remaining time:24.0026 min
39582, 17% finished. total: 219961, remaining time:23.6339 min
41781, 18% finished. total: 219961, remaining time:23.9015 min
43980, 19% finished. total: 219961, remaining time:23.2124 min
46179, 20% finished. total: 219961, remaining time:23.6248 min
48378, 21% finished. total: 219961, remaining time:23.4772 min
50577, 22% finished. total: 219961, remaining time:23.5595 min
52776, 23% finished. total: 219961, remaining time:23.8647 min
54975, 24% finished. total: 219961, remaining time:23.9335 min
57174, 25% finished. total: 219961, remaining time:23.9366 min
59373, 26% finished. total: 219961, remaining time:23.7443 min
61572, 27% finished. total: 219961, remaining time:23.18 min
63771, 28% finished. total: 219961, remaining time:23.1183 min
65970, 29% finished. total: 219961, remaining time:23.0875 min
68169, 30% finished. total: 219961, remaining time:22.4405 min
70368, 31% finished. total: 219961, remaining time:22.4765 min
72567, 32% finished. total: 219961, remaining time:22.6208 min
74766, 33% finished. total: 219961, remaining time:22.3926 min
76965, 34% finished. total: 219961, remaining time:22.1558 min
79164, 35% finished. total: 219961, remaining time:22.1808 min
81363, 36% finished. total: 219961, remaining time:21.9379 min
83562, 37% finished. total: 219961, remaining time:22.0075 min
85761, 38% finished. total: 219961, remaining time:22.0195 min
87960, 39% finished. total: 219961, remaining time:21.6744 min
90159, 40% finished. total: 219961, remaining time:22.0298 min
92358, 41% finished. total: 219961, remaining time:21.7189 min
94557, 42% finished. total: 219961, remaining time:21.7056 min
96756, 43% finished. total: 219961, remaining time:21.1638 min
98955, 44% finished. total: 219961, remaining time:21.1068 min
101154, 45% finished. total: 219961, remaining time:20.7069 min
103353, 46% finished. total: 219961, remaining time:20.6106 min
105552, 47% finished. total: 219961, remaining time:20.254 min
107751, 48% finished. total: 219961, remaining time:20.1816 min
109950, 49% finished. total: 219961, remaining time:19.6403 min
112149, 50% finished. total: 219961, remaining time:19.1644 min
114348, 51% finished. total: 219961, remaining time:18.9183 min
116547, 52% finished. total: 219961, remaining time:18.9004 min
118746, 53% finished. total: 219961, remaining time:18.745 min
120945, 54% finished. total: 219961, remaining time:18.4629 min
123144, 55% finished. total: 219961, remaining time:18.1277 min
125343, 56% finished. total: 219961, remaining time:17.8898 min
127542, 57% finished. total: 219961, remaining time:17.6261 min
129741, 58% finished. total: 219961, remaining time:17.272 min
131940, 59% finished. total: 219961, remaining time:16.9923 min
134139, 60% finished. total: 219961, remaining time:16.6098 min
136338, 61% finished. total: 219961, remaining time:16.3281 min
138537, 62% finished. total: 219961, remaining time:15.9877 min
140736, 63% finished. total: 219961, remaining time:15.7125 min
142935, 64% finished. total: 219961, remaining time:15.3626 min
145134, 65% finished. total: 219961, remaining time:14.9662 min
147333, 66% finished. total: 219961, remaining time:14.5541 min
149532, 67% finished. total: 219961, remaining time:14.2036 min
151731, 68% finished. total: 219961, remaining time:13.8547 min
153930, 69% finished. total: 219961, remaining time:13.5939 min
156129, 70% finished. total: 219961, remaining time:13.2658 min
158328, 71% finished. total: 219961, remaining time:12.8948 min
160527, 72% finished. total: 219961, remaining time:12.584 min
162726, 73% finished. total: 219961, remaining time:12.2719 min
164925, 74% finished. total: 219961, remaining time:11.9408 min
167124, 75% finished. total: 219961, remaining time:11.5746 min
169323, 76% finished. total: 219961, remaining time:11.1689 min
171522, 77% finished. total: 219961, remaining time:10.7669 min
173721, 78% finished. total: 219961, remaining time:10.3167 min
175920, 79% finished. total: 219961, remaining time:9.9063 min
178119, 80% finished. total: 219961, remaining time:9.47753 min
180318, 81% finished. total: 219961, remaining time:9.0493 min
182517, 82% finished. total: 219961, remaining time:8.62948 min
184716, 83% finished. total: 219961, remaining time:8.16193 min
186915, 84% finished. total: 219961, remaining time:7.72744 min
189114, 85% finished. total: 219961, remaining time:7.26974 min
191313, 86% finished. total: 219961, remaining time:6.79629 min
193512, 87% finished. total: 219961, remaining time:6.33888 min
195711, 88% finished. total: 219961, remaining time:5.86324 min
197910, 89% finished. total: 219961, remaining time:5.38225 min
200109, 90% finished. total: 219961, remaining time:4.88145 min
202308, 91% finished. total: 219961, remaining time:4.37423 min
204507, 92% finished. total: 219961, remaining time:3.8587 min
206706, 93% finished. total: 219961, remaining time:3.33641 min
208905, 94% finished. total: 219961, remaining time:2.80424 min
211104, 95% finished. total: 219961, remaining time:2.26319 min
213303, 96% finished. total: 219961, remaining time:1.71421 min
215502, 97% finished. total: 219961, remaining time:1.15652 min
217701, 98% finished. total: 219961, remaining time:0.59067 min
219900, 99% finished. total: 219961, remaining time:0.0160685 min

finish job on i47 552 /1000 Fri Jul 3 00:49:52 PDT 2020
