start job on SBATCH:i56 size6 run531 max_process:/max_trial:1000000 Wed Jul 1 22:31:28 PDT 2020
SLURM_JOB_ID:1689654 SLURM_JOB_NAME:product SLURM_JOB_DIR:/rhome/wzeng002/Documents/GitHub/concatenation
note:[n_low=9, n_high=9, k_low=1, k_high=1 sub_mode=], sub_mode_A:3, sub_mode_B:4, na_input:6, n_low:9, n_high=9, data_folder:data/random4/trial531, log_file:log/product531-size6.log status_file:log/status-product531-size6.log
start calculating for 469 cases out of 67161 trials.
time used: 0.10628 sec
0% finished. total: 219961, remaining time:0.0117943 min
0% finished. total: 219961, remaining time:0.0172686 min
0% finished. total: 219961, remaining time:0.0123742 min
0% finished. total: 219961, remaining time:0.00997 min
0% finished. total: 219961, remaining time:0.00817818 min
0% finished. total: 219961, remaining time:0.0070009 min
0% finished. total: 219961, remaining time:0.00625942 min
0% finished. total: 219961, remaining time:0.00568894 min
0% finished. total: 219961, remaining time:0.0327819 min
0% finished. total: 219961, remaining time:0.0329497 min
0% finished. total: 219961, remaining time:0.1607 min
0% finished. total: 219961, remaining time:0.147402 min
0% finished. total: 219961, remaining time:0.162356 min
0% finished. total: 219961, remaining time:0.150799 min
0% finished. total: 219961, remaining time:0.145147 min
0% finished. total: 219961, remaining time:0.136098 min
0% finished. total: 219961, remaining time:0.131354 min
0% finished. total: 219961, remaining time:0.124081 min
0% finished. total: 219961, remaining time:0.117673 min
0% finished. total: 219961, remaining time:0.130213 min
0% finished. total: 219961, remaining time:0.124022 min
1% finished. total: 219961, remaining time:0.118353 min
1% finished. total: 219961, remaining time:0.113669 min
1% finished. total: 219961, remaining time:0.108977 min
1% finished. total: 219961, remaining time:0.124414 min
1% finished. total: 219961, remaining time:0.119631 min
1% finished. total: 219961, remaining time:0.115175 min
1% finished. total: 219961, remaining time:0.111062 min
1% finished. total: 219961, remaining time:0.107229 min
1% finished. total: 219961, remaining time:0.103634 min
1% finished. total: 219961, remaining time:10.3058 min
1% finished. total: 219961, remaining time:14.8547 min
1% finished. total: 219961, remaining time:20.631 min
1% finished. total: 219961, remaining time:27.687 min
1% finished. total: 219961, remaining time:26.8836 min
1% finished. total: 219961, remaining time:30.8752 min
1% finished. total: 219961, remaining time:38.0342 min
1% finished. total: 219961, remaining time:42.2478 min
1% finished. total: 219961, remaining time:48.6377 min
1% finished. total: 219961, remaining time:54.4753 min
1% finished. total: 219961, remaining time:58.2697 min
1% finished. total: 219961, remaining time:63.7788 min
1% finished. total: 219961, remaining time:64.3212 min
2% finished. total: 219961, remaining time:62.8302 min
2% finished. total: 219961, remaining time:66.0856 min
2% finished. total: 219961, remaining time:64.619 min
2% finished. total: 219961, remaining time:63.2147 min
2% finished. total: 219961, remaining time:62.5855 min
2% finished. total: 219961, remaining time:66.9774 min
2% finished. total: 219961, remaining time:70.5711 min
2% finished. total: 219961, remaining time:74.1688 min
2% finished. total: 219961, remaining time:73.5717 min
2% finished. total: 219961, remaining time:72.15 min
2% finished. total: 219961, remaining time:74.228 min
2% finished. total: 219961, remaining time:77.4463 min
2% finished. total: 219961, remaining time:80.754 min
2% finished. total: 219961, remaining time:83.9049 min
2% finished. total: 219961, remaining time:83.397 min
2% finished. total: 219961, remaining time:82.5226 min
2% finished. total: 219961, remaining time:85.4611 min
2% finished. total: 219961, remaining time:88.1895 min
2% finished. total: 219961, remaining time:90.4129 min
2% finished. total: 219961, remaining time:88.9373 min
2% finished. total: 219961, remaining time:90.5762 min
2% finished. total: 219961, remaining time:93.0323 min
3% finished. total: 219961, remaining time:95.5105 min
3% finished. total: 219961, remaining time:96.039 min
3% finished. total: 219961, remaining time:94.5823 min
3% finished. total: 219961, remaining time:93.1679 min
3% finished. total: 219961, remaining time:95.2056 min
3% finished. total: 219961, remaining time:97.58 min
3% finished. total: 219961, remaining time:99.7911 min
3% finished. total: 219961, remaining time:101.614 min
3% finished. total: 219961, remaining time:103.748 min
3% finished. total: 219961, remaining time:105.51 min
3% finished. total: 219961, remaining time:107.411 min
3% finished. total: 219961, remaining time:109.206 min
3% finished. total: 219961, remaining time:110.875 min
3% finished. total: 219961, remaining time:112.718 min
3% finished. total: 219961, remaining time:114.096 min
3% finished. total: 219961, remaining time:115.595 min
3% finished. total: 219961, remaining time:115.303 min
3% finished. total: 219961, remaining time:116.769 min
3% finished. total: 219961, remaining time:118.365 min
3% finished. total: 219961, remaining time:119.657 min
3% finished. total: 219961, remaining time:121.04 min
3% finished. total: 219961, remaining time:122.344 min
4% finished. total: 219961, remaining time:123.68 min
4% finished. total: 219961, remaining time:124.691 min
4% finished. total: 219961, remaining time:126.001 min
4% finished. total: 219961, remaining time:126.372 min
4% finished. total: 219961, remaining time:127.513 min
4% finished. total: 219961, remaining time:128.627 min
4% finished. total: 219961, remaining time:129.77 min
4% finished. total: 219961, remaining time:128.636 min
4% finished. total: 219961, remaining time:127.236 min
4% finished. total: 219961, remaining time:126.114 min
4% finished. total: 219961, remaining time:127.336 min
4% finished. total: 219961, remaining time:128.419 min
4% finished. total: 219961, remaining time:129.513 min
4% finished. total: 219961, remaining time:130.512 min
4% finished. total: 219961, remaining time:131.503 min
4% finished. total: 219961, remaining time:132.533 min
4% finished. total: 219961, remaining time:133.494 min
4% finished. total: 219961, remaining time:134.456 min
