start job on SBATCH:c21 size run491 max_process:/max_trial:1000000 Wed Jun 3 00:11:16 PDT 2020
SLURM_JOB_ID:1394290 SLURM_JOB_NAME:product SLURM_JOB_DIR:/rhome/wzeng002/Documents/GitHub/concatenation
note:identical code A B, sub_mode:3, n_low:10, n_high=15, data_folder:data_hpcc/random3, log_file:log/product491-size.log status_file:log/status-product491-size.log
PSEUDO [1;31mCASE:[0m mode (0) dax*dbx=36, dcx=37. dax,daz,dbx,dbz = 6,2,6,2,na,nb,nc,15,15,225,data_hpcc/random3/trial491-153,identicalcodeAB,sub_mode3
PSEUDO [1;31mCASE:[0m mode (0) dax*dbx=9, dcx=10. dax,daz,dbx,dbz = 3,3,3,3,na,nb,nc,13,13,169,data_hpcc/random3/trial491-165,identicalcodeAB,sub_mode3
PSEUDO [1;31mCASE:[0m mode (1) daz*dbz=16, dcz=17. dax,daz,dbx,dbz = 2,4,2,4,na,nb,nc,13,13,169,data_hpcc/random3/trial491-59,identicalcodeAB,sub_mode3
PSEUDO [1;31mCASE:[0m mode (0) dax*dbx=25, dcx=26. dax,daz,dbx,dbz = 5,2,5,2,na,nb,nc,15,15,225,data_hpcc/random3/trial491-227,identicalcodeAB,sub_mode3
PSEUDO [1;31mCASE:[0m mode (0) dax*dbx=16, dcx=17. dax,daz,dbx,dbz = 4,2,4,2,na,nb,nc,14,14,196,data_hpcc/random3/trial491-188,identicalcodeAB,sub_mode3
PSEUDO [1;31mCASE:[0m mode (0) dax*dbx=25, dcx=28. dax,daz,dbx,dbz = 5,2,5,2,na,nb,nc,15,15,225,data_hpcc/random3/trial491-76,identicalcodeAB,sub_mode3
PSEUDO [1;31mCASE:[0m mode (0) dax*dbx=16, dcx=17. dax,daz,dbx,dbz = 4,2,4,2,na,nb,nc,14,14,196,data_hpcc/random3/trial491-334,identicalcodeAB,sub_mode3
PSEUDO [1;31mCASE:[0m mode (0) dax*dbx=9, dcx=10. dax,daz,dbx,dbz = 3,2,3,2,na,nb,nc,14,14,196,data_hpcc/random3/trial491-40,identicalcodeAB,sub_mode3
PSEUDO [1;31mCASE:[0m mode (1) daz*dbz=25, dcz=26. dax,daz,dbx,dbz = 2,5,2,5,na,nb,nc,15,15,225,data_hpcc/random3/trial491-355,identicalcodeAB,sub_mode3
PSEUDO [1;31mCASE:[0m mode (1) daz*dbz=25, dcz=26. dax,daz,dbx,dbz = 2,5,2,5,na,nb,nc,13,13,169,data_hpcc/random3/trial491-632,identicalcodeAB,sub_mode3
PSEUDO [1;31mCASE:[0m mode (0) dax*dbx=25, dcx=26. dax,daz,dbx,dbz = 5,2,5,2,na,nb,nc,14,14,196,data_hpcc/random3/trial491-390,identicalcodeAB,sub_mode3
PSEUDO [1;31mCASE:[0m mode (1) daz*dbz=25, dcz=26. dax,daz,dbx,dbz = 2,5,2,5,na,nb,nc,15,15,225,data_hpcc/random3/trial491-543,identicalcodeAB,sub_mode3
PSEUDO [1;31mCASE:[0m mode (1) daz*dbz=16, dcz=17. dax,daz,dbx,dbz = 2,4,2,4,na,nb,nc,13,13,169,data_hpcc/random3/trial491-482,identicalcodeAB,sub_mode3
PSEUDO [1;31mCASE:[0m mode (1) daz*dbz=25, dcz=26. dax,daz,dbx,dbz = 2,5,2,5,na,nb,nc,15,15,225,data_hpcc/random3/trial491-392,identicalcodeAB,sub_mode3
PSEUDO [1;31mCASE:[0m mode (0) dax*dbx=25, dcx=27. dax,daz,dbx,dbz = 5,2,5,2,na,nb,nc,15,15,225,data_hpcc/random3/trial491-410,identicalcodeAB,sub_mode3
PSEUDO [1;31mCASE:[0m mode (1) daz*dbz=25, dcz=26. dax,daz,dbx,dbz = 2,5,2,5,na,nb,nc,15,15,225,data_hpcc/random3/trial491-500,identicalcodeAB,sub_mode3
PSEUDO [1;31mCASE:[0m mode (0) dax*dbx=16, dcx=17. dax,daz,dbx,dbz = 4,2,4,2,na,nb,nc,13,13,169,data_hpcc/random3/trial491-436,identicalcodeAB,sub_mode3
PSEUDO [1;31mCASE:[0m mode (0) dax*dbx=16, dcx=17. dax,daz,dbx,dbz = 4,2,4,2,na,nb,nc,14,14,196,data_hpcc/random3/trial491-83,identicalcodeAB,sub_mode3
PSEUDO [1;31mCASE:[0m mode (1) daz*dbz=25, dcz=27. dax,daz,dbx,dbz = 2,5,2,5,na,nb,nc,15,15,225,data_hpcc/random3/trial491-830,identicalcodeAB,sub_mode3
PSEUDO [1;31mCASE:[0m mode (1) daz*dbz=25, dcz=26. dax,daz,dbx,dbz = 2,5,2,5,na,nb,nc,14,14,196,data_hpcc/random3/trial491-881,identicalcodeAB,sub_mode3
[1;31mCASE:[0m mode (1) daz*dbz=9, dcz=7. dax,daz,dbx,dbz = 3,3,3,3,na,nb,nc,14,14,196,data_hpcc/random3/trial491-1020,identicalcodeAB,sub_mode3
PSEUDO [1;31mCASE:[0m mode (0) dax*dbx=16, dcx=17. dax,daz,dbx,dbz = 4,2,4,2,na,nb,nc,13,13,169,data_hpcc/random3/trial491-738,identicalcodeAB,sub_mode3
PSEUDO [1;31mCASE:[0m mode (0) dax*dbx=16, dcx=17. dax,daz,dbx,dbz = 4,2,4,2,na,nb,nc,15,15,225,data_hpcc/random3/trial491-782,identicalcodeAB,sub_mode3
PSEUDO [1;31mCASE:[0m mode (1) daz*dbz=9, dcz=10. dax,daz,dbx,dbz = 3,3,3,3,na,nb,nc,15,15,225,data_hpcc/random3/trial491-444,identicalcodeAB,sub_mode3
PSEUDO [1;31mCASE:[0m mode (1) daz*dbz=16, dcz=17. dax,daz,dbx,dbz = 3,4,3,4,na,nb,nc,14,14,196,data_hpcc/random3/trial491-452,identicalcodeAB,sub_mode3
PSEUDO [1;31mCASE:[0m mode (1) daz*dbz=16, dcz=17. dax,daz,dbx,dbz = 2,4,2,4,na,nb,nc,14,14,196,data_hpcc/random3/trial491-391,identicalcodeAB,sub_mode3
PSEUDO [1;31mCASE:[0m mode (0) dax*dbx=36, dcx=37. dax,daz,dbx,dbz = 6,2,6,2,na,nb,nc,15,15,225,data_hpcc/random3/trial491-1052,identicalcodeAB,sub_mode3
PSEUDO [1;31mCASE:[0m mode (0) dax*dbx=16, dcx=17. dax,daz,dbx,dbz = 4,3,4,3,na,nb,nc,15,15,225,data_hpcc/random3/trial491-655,identicalcodeAB,sub_mode3
PSEUDO [1;31mCASE:[0m mode (1) daz*dbz=25, dcz=26. dax,daz,dbx,dbz = 2,5,2,5,na,nb,nc,15,15,225,data_hpcc/random3/trial491-1019,identicalcodeAB,sub_mode3
PSEUDO [1;31mCASE:[0m mode (0) dax*dbx=9, dcx=10. dax,daz,dbx,dbz = 3,2,3,2,na,nb,nc,15,15,225,data_hpcc/random3/trial491-744,identicalcodeAB,sub_mode3
PSEUDO [1;31mCASE:[0m mode (1) daz*dbz=25, dcz=27. dax,daz,dbx,dbz = 2,5,2,5,na,nb,nc,15,15,225,data_hpcc/random3/trial491-1122,identicalcodeAB,sub_mode3
PSEUDO [1;31mCASE:[0m mode (1) daz*dbz=16, dcz=17. dax,daz,dbx,dbz = 2,4,2,4,na,nb,nc,15,15,225,data_hpcc/random3/trial491-950,identicalcodeAB,sub_mode3
PSEUDO [1;31mCASE:[0m mode (0) dax*dbx=16, dcx=17. dax,daz,dbx,dbz = 4,2,4,2,na,nb,nc,14,14,196,data_hpcc/random3/trial491-1012,identicalcodeAB,sub_mode3
PSEUDO [1;31mCASE:[0m mode (1) daz*dbz=25, dcz=26. dax,daz,dbx,dbz = 2,5,2,5,na,nb,nc,13,13,169,data_hpcc/random3/trial491-1295,identicalcodeAB,sub_mode3
PSEUDO [1;31mCASE:[0m mode (1) daz*dbz=36, dcz=37. dax,daz,dbx,dbz = 2,6,2,6,na,nb,nc,15,15,225,data_hpcc/random3/trial491-1341,identicalcodeAB,sub_mode3
PSEUDO [1;31mCASE:[0m mode (1) daz*dbz=16, dcz=17. dax,daz,dbx,dbz = 2,4,2,4,na,nb,nc,14,14,196,data_hpcc/random3/trial491-1249,identicalcodeAB,sub_mode3
PSEUDO [1;31mCASE:[0m mode (0) dax*dbx=25, dcx=26. dax,daz,dbx,dbz = 5,2,5,2,na,nb,nc,15,15,225,data_hpcc/random3/trial491-1374,identicalcodeAB,sub_mode3
PSEUDO [1;31mCASE:[0m mode (1) daz*dbz=25, dcz=26. dax,daz,dbx,dbz = 2,5,2,5,na,nb,nc,14,14,196,data_hpcc/random3/trial491-1396,identicalcodeAB,sub_mode3
PSEUDO [1;31mCASE:[0m mode (1) daz*dbz=36, dcz=40. dax,daz,dbx,dbz = 2,6,2,6,na,nb,nc,15,15,225,data_hpcc/random3/trial491-1386,identicalcodeAB,sub_mode3
PSEUDO [1;31mCASE:[0m mode (1) daz*dbz=16, dcz=17. dax,daz,dbx,dbz = 2,4,2,4,na,nb,nc,14,14,196,data_hpcc/random3/trial491-1256,identicalcodeAB,sub_mode3
PSEUDO [1;31mCASE:[0m mode (0) dax*dbx=9, dcx=10. dax,daz,dbx,dbz = 3,3,3,3,na,nb,nc,15,15,225,data_hpcc/random3/trial491-1250,identicalcodeAB,sub_mode3
PSEUDO [1;31mCASE:[0m mode (1) daz*dbz=25, dcz=28. dax,daz,dbx,dbz = 2,5,2,5,na,nb,nc,15,15,225,data_hpcc/random3/trial491-1328,identicalcodeAB,sub_mode3
PSEUDO [1;31mCASE:[0m mode (1) daz*dbz=9, dcz=11. dax,daz,dbx,dbz = 3,3,3,3,na,nb,nc,15,15,225,data_hpcc/random3/trial491-1255,identicalcodeAB,sub_mode3
PSEUDO [1;31mCASE:[0m mode (0) dax*dbx=16, dcx=17. dax,daz,dbx,dbz = 4,2,4,2,na,nb,nc,14,14,196,data_hpcc/random3/trial491-1573,identicalcodeAB,sub_mode3
PSEUDO [1;31mCASE:[0m mode (1) daz*dbz=9, dcz=10. dax,daz,dbx,dbz = 2,3,2,3,na,nb,nc,12,12,144,data_hpcc/random3/trial491-1577,identicalcodeAB,sub_mode3
PSEUDO [1;31mCASE:[0m mode (0) dax*dbx=16, dcx=17. dax,daz,dbx,dbz = 4,2,4,2,na,nb,nc,14,14,196,data_hpcc/random3/trial491-1565,identicalcodeAB,sub_mode3
PSEUDO [1;31mCASE:[0m mode (1) daz*dbz=16, dcz=17. dax,daz,dbx,dbz = 2,4,2,4,na,nb,nc,14,14,196,data_hpcc/random3/trial491-1458,identicalcodeAB,sub_mode3
PSEUDO [1;31mCASE:[0m mode (1) daz*dbz=16, dcz=17. dax,daz,dbx,dbz = 3,4,3,4,na,nb,nc,15,15,225,data_hpcc/random3/trial491-1506,identicalcodeAB,sub_mode3
PSEUDO [1;31mCASE:[0m mode (1) daz*dbz=25, dcz=26. dax,daz,dbx,dbz = 2,5,2,5,na,nb,nc,14,14,196,data_hpcc/random3/trial491-1730,identicalcodeAB,sub_mode3
PSEUDO [1;31mCASE:[0m mode (0) dax*dbx=25, dcx=26. dax,daz,dbx,dbz = 5,2,5,2,na,nb,nc,15,15,225,data_hpcc/random3/trial491-1805,identicalcodeAB,sub_mode3
PSEUDO [1;31mCASE:[0m mode (0) dax*dbx=16, dcx=17. dax,daz,dbx,dbz = 4,2,4,2,na,nb,nc,14,14,196,data_hpcc/random3/trial491-1804,identicalcodeAB,sub_mode3
PSEUDO [1;31mCASE:[0m mode (0) dax*dbx=16, dcx=17. dax,daz,dbx,dbz = 4,2,4,2,na,nb,nc,14,14,196,data_hpcc/random3/trial491-1851,identicalcodeAB,sub_mode3
PSEUDO [1;31mCASE:[0m mode (1) daz*dbz=36, dcz=37. dax,daz,dbx,dbz = 2,6,2,6,na,nb,nc,15,15,225,data_hpcc/random3/trial491-1993,identicalcodeAB,sub_mode3
PSEUDO [1;31mCASE:[0m mode (1) daz*dbz=25, dcz=28. dax,daz,dbx,dbz = 2,5,2,5,na,nb,nc,15,15,225,data_hpcc/random3/trial491-1781,identicalcodeAB,sub_mode3
PSEUDO [1;31mCASE:[0m mode (1) daz*dbz=16, dcz=17. dax,daz,dbx,dbz = 2,4,2,4,na,nb,nc,14,14,196,data_hpcc/random3/trial491-1582,identicalcodeAB,sub_mode3
PSEUDO [1;31mCASE:[0m mode (0) dax*dbx=9, dcx=10. dax,daz,dbx,dbz = 3,3,3,3,na,nb,nc,15,15,225,data_hpcc/random3/trial491-1793,identicalcodeAB,sub_mode3
PSEUDO [1;31mCASE:[0m mode (1) daz*dbz=25, dcz=26. dax,daz,dbx,dbz = 2,5,2,5,na,nb,nc,15,15,225,data_hpcc/random3/trial491-1769,identicalcodeAB,sub_mode3
PSEUDO [1;31mCASE:[0m mode (0) dax*dbx=25, dcx=26. dax,daz,dbx,dbz = 5,2,5,2,na,nb,nc,14,14,196,data_hpcc/random3/trial491-2010,identicalcodeAB,sub_mode3
PSEUDO [1;31mCASE:[0m mode (1) daz*dbz=9, dcz=10. dax,daz,dbx,dbz = 3,3,3,3,na,nb,nc,13,13,169,data_hpcc/random3/trial491-2080,identicalcodeAB,sub_mode3
PSEUDO [1;31mCASE:[0m mode (1) daz*dbz=25, dcz=26. dax,daz,dbx,dbz = 2,5,2,5,na,nb,nc,15,15,225,data_hpcc/random3/trial491-1513,identicalcodeAB,sub_mode3
PSEUDO [1;31mCASE:[0m mode (0) dax*dbx=16, dcx=17. dax,daz,dbx,dbz = 4,2,4,2,na,nb,nc,14,14,196,data_hpcc/random3/trial491-1963,identicalcodeAB,sub_mode3
PSEUDO [1;31mCASE:[0m mode (0) dax*dbx=25, dcx=26. dax,daz,dbx,dbz = 5,2,5,2,na,nb,nc,14,14,196,data_hpcc/random3/trial491-2301,identicalcodeAB,sub_mode3
PSEUDO [1;31mCASE:[0m mode (3) daz*dbz=25, dcz=30. dax,daz,dbx,dbz = 2,5,2,5,na,nb,nc,15,15,305,data_hpcc/random3/trial491-1781,identicalcodeAB,sub_mode3
PSEUDO [1;31mCASE:[0m mode (0) dax*dbx=16, dcx=17. dax,daz,dbx,dbz = 4,3,4,3,na,nb,nc,15,15,225,data_hpcc/random3/trial491-1838,identicalcodeAB,sub_mode3
[1;31mCASE:[0m mode (0) dax*dbx=9, dcx=7. dax,daz,dbx,dbz = 3,3,3,3,na,nb,nc,10,10,100,data_hpcc/random3/trial491-2599,identicalcodeAB,sub_mode3
PSEUDO [1;31mCASE:[0m mode (0) dax*dbx=16, dcx=17. dax,daz,dbx,dbz = 4,2,4,2,na,nb,nc,15,15,225,data_hpcc/random3/trial491-2126,identicalcodeAB,sub_mode3
PSEUDO [1;31mCASE:[0m mode (0) dax*dbx=25, dcx=26. dax,daz,dbx,dbz = 5,2,5,2,na,nb,nc,14,14,196,data_hpcc/random3/trial491-2583,identicalcodeAB,sub_mode3
PSEUDO [1;31mCASE:[0m mode (1) daz*dbz=16, dcz=17. dax,daz,dbx,dbz = 2,4,2,4,na,nb,nc,14,14,196,data_hpcc/random3/trial491-2463,identicalcodeAB,sub_mode3
PSEUDO [1;31mCASE:[0m mode (1) daz*dbz=16, dcz=17. dax,daz,dbx,dbz = 2,4,2,4,na,nb,nc,15,15,225,data_hpcc/random3/trial491-2174,identicalcodeAB,sub_mode3
PSEUDO [1;31mCASE:[0m mode (0) dax*dbx=36, dcx=37. dax,daz,dbx,dbz = 6,2,6,2,na,nb,nc,14,14,196,data_hpcc/random3/trial491-2710,identicalcodeAB,sub_mode3
PSEUDO [1;31mCASE:[0m mode (1) daz*dbz=25, dcz=26. dax,daz,dbx,dbz = 2,5,2,5,na,nb,nc,13,13,169,data_hpcc/random3/trial491-2672,identicalcodeAB,sub_mode3
PSEUDO [1;31mCASE:[0m mode (0) dax*dbx=9, dcx=10. dax,daz,dbx,dbz = 3,2,3,2,na,nb,nc,14,14,196,data_hpcc/random3/trial491-2540,identicalcodeAB,sub_mode3
PSEUDO [1;31mCASE:[0m mode (0) dax*dbx=16, dcx=17. dax,daz,dbx,dbz = 4,2,4,2,na,nb,nc,13,13,169,data_hpcc/random3/trial491-2694,identicalcodeAB,sub_mode3
PSEUDO [1;31mCASE:[0m mode (0) dax*dbx=16, dcx=17. dax,daz,dbx,dbz = 4,2,4,2,na,nb,nc,15,15,225,data_hpcc/random3/trial491-2457,identicalcodeAB,sub_mode3
PSEUDO [1;31mCASE:[0m mode (0) dax*dbx=25, dcx=26. dax,daz,dbx,dbz = 5,2,5,2,na,nb,nc,15,15,225,data_hpcc/random3/trial491-2814,identicalcodeAB,sub_mode3
PSEUDO [1;31mCASE:[0m mode (0) dax*dbx=9, dcx=10. dax,daz,dbx,dbz = 3,2,3,2,na,nb,nc,15,15,225,data_hpcc/random3/trial491-2649,identicalcodeAB,sub_mode3
PSEUDO [1;31mCASE:[0m mode (1) daz*dbz=36, dcz=37. dax,daz,dbx,dbz = 2,6,2,6,na,nb,nc,15,15,225,data_hpcc/random3/trial491-2810,identicalcodeAB,sub_mode3
PSEUDO [1;31mCASE:[0m mode (1) daz*dbz=9, dcz=11. dax,daz,dbx,dbz = 3,3,3,3,na,nb,nc,15,15,225,data_hpcc/random3/trial491-2764,identicalcodeAB,sub_mode3
PSEUDO [1;31mCASE:[0m mode (1) daz*dbz=9, dcz=11. dax,daz,dbx,dbz = 2,3,2,3,na,nb,nc,15,15,225,data_hpcc/random3/trial491-2788,identicalcodeAB,sub_mode3
PSEUDO [1;31mCASE:[0m mode (0) dax*dbx=25, dcx=26. dax,daz,dbx,dbz = 5,2,5,2,na,nb,nc,15,15,225,data_hpcc/random3/trial491-2978,identicalcodeAB,sub_mode3
PSEUDO [1;31mCASE:[0m mode (0) dax*dbx=16, dcx=17. dax,daz,dbx,dbz = 4,2,4,2,na,nb,nc,15,15,225,data_hpcc/random3/trial491-2987,identicalcodeAB,sub_mode3
PSEUDO [1;31mCASE:[0m mode (3) daz*dbz=36, dcz=46. dax,daz,dbx,dbz = 2,6,2,6,na,nb,nc,15,15,305,data_hpcc/random3/trial491-2810,identicalcodeAB,sub_mode3
PSEUDO [1;31mCASE:[0m mode (0) dax*dbx=25, dcx=26. dax,daz,dbx,dbz = 5,2,5,2,na,nb,nc,15,15,225,data_hpcc/random3/trial491-3295,identicalcodeAB,sub_mode3
PSEUDO [1;31mCASE:[0m mode (0) dax*dbx=16, dcx=17. dax,daz,dbx,dbz = 4,2,4,2,na,nb,nc,15,15,225,data_hpcc/random3/trial491-3034,identicalcodeAB,sub_mode3
PSEUDO [1;31mCASE:[0m mode (0) dax*dbx=16, dcx=17. dax,daz,dbx,dbz = 4,2,4,2,na,nb,nc,15,15,225,data_hpcc/random3/trial491-3091,identicalcodeAB,sub_mode3
PSEUDO [1;31mCASE:[0m mode (1) daz*dbz=16, dcz=17. dax,daz,dbx,dbz = 2,4,2,4,na,nb,nc,15,15,225,data_hpcc/random3/trial491-2903,identicalcodeAB,sub_mode3
PSEUDO [1;31mCASE:[0m mode (0) dax*dbx=25, dcx=27. dax,daz,dbx,dbz = 5,2,5,2,na,nb,nc,15,15,225,data_hpcc/random3/trial491-3394,identicalcodeAB,sub_mode3
PSEUDO [1;31mCASE:[0m mode (1) daz*dbz=16, dcz=17. dax,daz,dbx,dbz = 2,4,2,4,na,nb,nc,12,12,144,data_hpcc/random3/trial491-3398,identicalcodeAB,sub_mode3
PSEUDO [1;31mCASE:[0m mode (1) daz*dbz=9, dcz=10. dax,daz,dbx,dbz = 3,3,3,3,na,nb,nc,15,15,225,data_hpcc/random3/trial491-3172,identicalcodeAB,sub_mode3
PSEUDO [1;31mCASE:[0m mode (1) daz*dbz=16, dcz=17. dax,daz,dbx,dbz = 2,4,2,4,na,nb,nc,15,15,225,data_hpcc/random3/trial491-3306,identicalcodeAB,sub_mode3
PSEUDO [1;31mCASE:[0m mode (1) daz*dbz=16, dcz=17. dax,daz,dbx,dbz = 3,4,3,4,na,nb,nc,15,15,225,data_hpcc/random3/trial491-3290,identicalcodeAB,sub_mode3
PSEUDO [1;31mCASE:[0m mode (0) dax*dbx=25, dcx=26. dax,daz,dbx,dbz = 5,2,5,2,na,nb,nc,13,13,169,data_hpcc/random3/trial491-3650,identicalcodeAB,sub_mode3
PSEUDO [1;31mCASE:[0m mode (1) daz*dbz=25, dcz=26. dax,daz,dbx,dbz = 2,5,2,5,na,nb,nc,15,15,225,data_hpcc/random3/trial491-3691,identicalcodeAB,sub_mode3
PSEUDO [1;31mCASE:[0m mode (0) dax*dbx=16, dcx=17. dax,daz,dbx,dbz = 4,2,4,2,na,nb,nc,12,12,144,data_hpcc/random3/trial491-3812,identicalcodeAB,sub_mode3
PSEUDO [1;31mCASE:[0m mode (1) daz*dbz=25, dcz=26. dax,daz,dbx,dbz = 2,5,2,5,na,nb,nc,15,15,225,data_hpcc/random3/trial491-3639,identicalcodeAB,sub_mode3
PSEUDO [1;31mCASE:[0m mode (1) daz*dbz=25, dcz=27. dax,daz,dbx,dbz = 2,5,2,5,na,nb,nc,14,14,196,data_hpcc/random3/trial491-3669,identicalcodeAB,sub_mode3
PSEUDO [1;31mCASE:[0m mode (1) daz*dbz=16, dcz=17. dax,daz,dbx,dbz = 2,4,2,4,na,nb,nc,15,15,225,data_hpcc/random3/trial491-3928,identicalcodeAB,sub_mode3
PSEUDO [1;31mCASE:[0m mode (0) dax*dbx=36, dcx=37. dax,daz,dbx,dbz = 6,2,6,2,na,nb,nc,15,15,225,data_hpcc/random3/trial491-4086,identicalcodeAB,sub_mode3
PSEUDO [1;31mCASE:[0m mode (0) dax*dbx=25, dcx=26. dax,daz,dbx,dbz = 5,2,5,2,na,nb,nc,15,15,225,data_hpcc/random3/trial491-4088,identicalcodeAB,sub_mode3
PSEUDO [1;31mCASE:[0m mode (1) daz*dbz=16, dcz=18. dax,daz,dbx,dbz = 2,4,2,4,na,nb,nc,14,14,196,data_hpcc/random3/trial491-3909,identicalcodeAB,sub_mode3
PSEUDO [1;31mCASE:[0m mode (0) dax*dbx=36, dcx=37. dax,daz,dbx,dbz = 6,2,6,2,na,nb,nc,14,14,196,data_hpcc/random3/trial491-4173,identicalcodeAB,sub_mode3
PSEUDO [1;31mCASE:[0m mode (0) dax*dbx=9, dcx=10. dax,daz,dbx,dbz = 3,3,3,3,na,nb,nc,14,14,196,data_hpcc/random3/trial491-4135,identicalcodeAB,sub_mode3
PSEUDO [1;31mCASE:[0m mode (0) dax*dbx=36, dcx=37. dax,daz,dbx,dbz = 6,2,6,2,na,nb,nc,14,14,196,data_hpcc/random3/trial491-4170,identicalcodeAB,sub_mode3
PSEUDO [1;31mCASE:[0m mode (0) dax*dbx=16, dcx=17. dax,daz,dbx,dbz = 4,2,4,2,na,nb,nc,15,15,225,data_hpcc/random3/trial491-3983,identicalcodeAB,sub_mode3
PSEUDO [1;31mCASE:[0m mode (1) daz*dbz=25, dcz=27. dax,daz,dbx,dbz = 2,5,2,5,na,nb,nc,15,15,225,data_hpcc/random3/trial491-4149,identicalcodeAB,sub_mode3
PSEUDO [1;31mCASE:[0m mode (1) daz*dbz=16, dcz=17. dax,daz,dbx,dbz = 2,4,2,4,na,nb,nc,15,15,225,data_hpcc/random3/trial491-4159,identicalcodeAB,sub_mode3
PSEUDO [1;31mCASE:[0m mode (1) daz*dbz=36, dcz=37. dax,daz,dbx,dbz = 2,6,2,6,na,nb,nc,14,14,196,data_hpcc/random3/trial491-4343,identicalcodeAB,sub_mode3
PSEUDO [1;31mCASE:[0m mode (4) dax*dbx=36, dcx=39. dax,daz,dbx,dbz = 6,2,6,2,na,nb,nc,14,14,256,data_hpcc/random3/trial491-4173,identicalcodeAB,sub_mode3
PSEUDO [1;31mCASE:[0m mode (0) dax*dbx=16, dcx=18. dax,daz,dbx,dbz = 4,2,4,2,na,nb,nc,13,13,169,data_hpcc/random3/trial491-4266,identicalcodeAB,sub_mode3
PSEUDO [1;31mCASE:[0m mode (1) daz*dbz=9, dcz=10. dax,daz,dbx,dbz = 2,3,2,3,na,nb,nc,15,15,225,data_hpcc/random3/trial491-4246,identicalcodeAB,sub_mode3
