start job on i02 size10 run417 150/1000000 Sat May 30 23:05:08 PDT 2020
1263864 product /rhome/wzeng002/Documents/GitHub/concatenation
data folder data_hpcc/random3, log file: log/product417-size10.log
one * means 1000 test
.*w
.....*.....*.....*.....*.....*.....*.....*.....*.....*.....*w
.....*.....*.....*.....*.....*.....*.....*.....*.....*.....*w
.....*.....*.....*.....*.....*.....*.....*.....*.....*.....*w
.....*.....*.....*.....*.....*.....*.....*.....*.....*.....*w
.....*.....*.....*.....*.....*.....*.....*.....*.....*.....*w
.....*.....*.....*.....*.....*.....*.....*.....*.....*.....*w
.....*.....*.....*.....*.....*.....*.....*.....*.....*.....*w
.....*.....*.....*.....*.....*.....*.....*.....*.....*.....*w
.....*.....*.....*.....*.....*.....*.....*.....*.....*.....*w
.....*.....*.....*.....*.....*.....*.....*.....*.....*.....*w
.....*.....*.....*.....*.....*.....*.....*.....*.....*.....*w
.....*.....*.....*.....*.....*.....*.....*.....*.....*.....*w
.....*.....*.....*.....*.....*.....*.....*.....*.....*.....*w
.....*.....*.....*.....*.....*.....*.....*.....*.....*.....*w
.....*.....*.....*.....*.....*.....*.....*.....*.....*.....*w
.....*.....*.....*.....*.....*.....*.....*.....*.....*.....*w
.....*.....*.....*.....*.....*.....*.....*.....*.....*.....*w
.....*.....*.....*.....*.....*.....*.....*.....*.....*.....*w
.....*.....*.....*.....*.....*.....*.....*.....*.....*.....*w
.....*.....*.....*.....*.....*.....*.....*.....*.....*.....*w
.....*.....*.....*.....*.....*.....*.....*.....*.....*.....*w
.....*.....*.....*.....*.....*.....*.....*.....*.....*.....*w
.....*.....*.....*.....*.....*.....*.....*.....*.....*.....*w
.....*.....*.....*.....*.....*.....*.....*.....*.....*.....*w
.....*.....*.....*.....*.....*.....*.....*.....*.....*.....*w
.....*.....*.....*.....*.....*.....*.....*.....*.....*.....*w
.....*.....*.....*.....*.....*.....*.....*.....*.....*.....*w
.....*.....*.....*.....*.....*.....*.....*.....*.....*.....*w
.....*.....*.....*.....*.....*.....*.....*.....*.....*.....*w
.....*.....*.....*.....*.....*.....*.....*.....*.....*.....*w
.....*.....*.....*.....*.....*.....*.....*.....*.....*.....*w
.....*.....*.....*.....*.....*.....*.....*.....*.....*.....*w
.....*.....*.....*.....*.....*.....*.....*.....*.....*.....*w
.....*.....*.....*.....*.....*.....*.....*.....*.....*.....*w
.....*.....*.....*.....*.....*.....*.....*.....*.....*.....*w
.....*.....*...