start job on SBATCH:i11 size6 run534 max_process:/max_trial:1000000 Thu Jul 2 15:25:45 PDT 2020
SLURM_JOB_ID:1694865 SLURM_JOB_NAME:product SLURM_JOB_DIR:/rhome/wzeng002/Documents/GitHub/concatenation
note:[n_low=9, n_high=9, k_low=1, k_high=1 sub_mode=], sub_mode_A:3, sub_mode_B:4, na_input:6, n_low:9, n_high=9, data_folder:data/random4/trial534, log_file:log/product534-size6.log status_file:
start calculating for 469 cases out of 78594 trials.
time used: 0.083163 sec
0% finished. total: 219961, remaining time:0.054141 min
0% finished. total: 219961, remaining time:0.036932 min
0% finished. total: 219961, remaining time:0.0770438 min
0% finished. total: 219961, remaining time:0.063156 min
1% finished. total: 219961, remaining time:0.0538912 min
1% finished. total: 219961, remaining time:0.0476399 min
1% finished. total: 219961, remaining time:0.0444507 min
1% finished. total: 219961, remaining time:0.0430799 min
2% finished. total: 219961, remaining time:0.0394684 min
2% finished. total: 219961, remaining time:0.037083 min
2% finished. total: 219961, remaining time:0.0348284 min
2% finished. total: 219961, remaining time:0.0325875 min
2% finished. total: 219961, remaining time:6.65045 min
3% finished. total: 219961, remaining time:9.56989 min
3% finished. total: 219961, remaining time:11.1207 min
3% finished. total: 219961, remaining time:17.5107 min
3% finished. total: 219961, remaining time:19.1531 min
4% finished. total: 219961, remaining time:23.6945 min
4% finished. total: 219961, remaining time:25.4729 min
4% finished. total: 219961, remaining time:28.9408 min
4% finished. total: 219961, remaining time:28.0723 min
5% finished. total: 219961, remaining time:30.2798 min
5% finished. total: 219961, remaining time:30.8747 min
5% finished. total: 219961, remaining time:32.4238 min
5% finished. total: 219961, remaining time:32.7791 min
5% finished. total: 219961, remaining time:33.804 min
6% finished. total: 219961, remaining time:36.4966 min
6% finished. total: 219961, remaining time:35.7764 min
6% finished. total: 219961, remaining time:35.105 min
6% finished. total: 219961, remaining time:34.4625 min
7% finished. total: 219961, remaining time:37.2212 min
7% finished. total: 219961, remaining time:37.2504 min
7% finished. total: 219961, remaining time:37.5549 min
7% finished. total: 219961, remaining time:42.1031 min
7% finished. total: 219961, remaining time:41.5434 min
8% finished. total: 219961, remaining time:40.3373 min
8% finished. total: 219961, remaining time:43.424 min
8% finished. total: 219961, remaining time:44.3863 min
8% finished. total: 219961, remaining time:44.4886 min
9% finished. total: 219961, remaining time:43.9134 min
9% finished. total: 219961, remaining time:44.7188 min
9% finished. total: 219961, remaining time:46.9767 min
9% finished. total: 219961, remaining time:47.8883 min
10% finished. total: 219961, remaining time:47.7342 min
10% finished. total: 219961, remaining time:47.9964 min
10% finished. total: 219961, remaining time:49.3858 min
10% finished. total: 219961, remaining time:49.1933 min
10% finished. total: 219961, remaining time:48.3414 min
11% finished. total: 219961, remaining time:47.5732 min
11% finished. total: 219961, remaining time:47.1535 min
11% finished. total: 219961, remaining time:48.1134 min
11% finished. total: 219961, remaining time:49.3068 min
12% finished. total: 219961, remaining time:50.9753 min
12% finished. total: 219961, remaining time:51.3189 min
12% finished. total: 219961, remaining time:51.2978 min
12% finished. total: 219961, remaining time:51.8315 min
12% finished. total: 219961, remaining time:50.9828 min
13% finished. total: 219961, remaining time:53.3775 min
13% finished. total: 219961, remaining time:52.9476 min
13% finished. total: 219961, remaining time:52.333 min
13% finished. total: 219961, remaining time:53.3412 min
14% finished. total: 219961, remaining time:52.6612 min
14% finished. total: 219961, remaining time:52.3372 min
14% finished. total: 219961, remaining time:52.3096 min
14% finished. total: 219961, remaining time:51.4422 min
15% finished. total: 219961, remaining time:51.1908 min
15% finished. total: 219961, remaining time:51.7306 min
15% finished. total: 219961, remaining time:50.9396 min
15% finished. total: 219961, remaining time:50.7838 min
15% finished. total: 219961, remaining time:52.3062 min
16% finished. total: 219961, remaining time:52.9885 min
16% finished. total: 219961, remaining time:52.1494 min
16% finished. total: 219961, remaining time:52.4137 min
16% finished. total: 219961, remaining time:52.5325 min
17% finished. total: 219961, remaining time:51.8567 min
17% finished. total: 219961, remaining time:52.0968 min
17% finished. total: 219961, remaining time:51.8408 min
17% finished. total: 219961, remaining time:51.0362 min
17% finished. total: 219961, remaining time:50.5375 min
18% finished. total: 219961, remaining time:50.8489 min
18% finished. total: 219961, remaining time:51.0906 min
18% finished. total: 219961, remaining time:51.3461 min
18% finished. total: 219961, remaining time:51.5523 min
19% finished. total: 219961, remaining time:51.0337 min
19% finished. total: 219961, remaining time:50.548 min
19% finished. total: 219961, remaining time:49.9299 min
19% finished. total: 219961, remaining time:50.0505 min
20% finished. total: 219961, remaining time:50.0537 min
20% finished. total: 219961, remaining time:50.2153 min
20% finished. total: 219961, remaining time:49.9462 min
20% finished. total: 219961, remaining time:49.659 min
20% finished. total: 219961, remaining time:49.1645 min
21% finished. total: 219961, remaining time:50.9459 min
21% finished. total: 219961, remaining time:51.7663 min
21% finished. total: 219961, remaining time:51.6218 min
21% finished. total: 219961, remaining time:51.4811 min
22% finished. total: 219961, remaining time:51.0554 min
22% finished. total: 219961, remaining time:51.5583 min
22% finished. total: 219961, remaining time:51.8536 min
22% finished. total: 219961, remaining time:51.8436 min
22% finished. total: 219961, remaining time:51.5259 min
23% finished. total: 219961, remaining time:52.1752 min
23% finished. total: 219961, remaining time:52.1739 min
23% finished. total: 219961, remaining time:51.9576 min
23% finished. total: 219961, remaining time:51.8801 min
24% finished. total: 219961, remaining time:51.6824 min
24% finished. total: 219961, remaining time:51.9185 min
24% finished. total: 219961, remaining time:52.7532 min
24% finished. total: 219961, remaining time:52.5723 min
25% finished. total: 219961, remaining time:52.617 min
25% finished. total: 219961, remaining time:52.6892 min
25% finished. total: 219961, remaining time:52.2785 min
25% finished. total: 219961, remaining time:52.018 min
25% finished. total: 219961, remaining time:52.0996 min
26% finished. total: 219961, remaining time:52.4479 min
26% finished. total: 219961, remaining time:52.2485 min
26% finished. total: 219961, remaining time:51.6992 min
26% finished. total: 219961, remaining time:51.3103 min
27% finished. total: 219961, remaining time:51.7811 min
27% finished. total: 219961, remaining time:51.4987 min
27% finished. total: 219961, remaining time:51.2809 min
27% finished. total: 219961, remaining time:50.9756 min
27% finished. total: 219961, remaining time:50.5435 min
28% finished. total: 219961, remaining time:50.6051 min
28% finished. total: 219961, remaining time:50.9854 min
28% finished. total: 219961, remaining time:50.8314 min
28% finished. total: 219961, remaining time:50.6672 min
29% finished. total: 219961, remaining time:51.0928 min
29% finished. total: 219961, remaining time:51.2504 min
29% finished. total: 219961, remaining time:50.8193 min
29% finished. total: 219961, remaining time:51.2767 min
30% finished. total: 219961, remaining time:51.036 min
30% finished. total: 219961, remaining time:50.6901 min
30% finished. total: 219961, remaining time:50.8235 min
30% finished. total: 219961, remaining time:50.3527 min
30% finished. total: 219961, remaining time:50.0715 min
31% finished. total: 219961, remaining time:49.8689 min
31% finished. total: 219961, remaining time:50.5963 min
31% finished. total: 219961, remaining time:50.7289 min
31% finished. total: 219961, remaining time:50.9532 min
32% finished. total: 219961, remaining time:50.6258 min
32% finished. total: 219961, remaining time:50.6655 min
32% finished. total: 219961, remaining time:50.3721 min
32% finished. total: 219961, remaining time:50.2224 min
32% finished. total: 219961, remaining time:49.9232 min
33% finished. total: 219961, remaining time:49.6087 min
33% finished. total: 219961, remaining time:49.3173 min
33% finished. total: 219961, remaining time:49.3228 min
33% finished. total: 219961, remaining time:49.2263 min
34% finished. total: 219961, remaining time:49.3207 min
34% finished. total: 219961, remaining time:48.9096 min
34% finished. total: 219961, remaining time:48.7954 min
34% finished. total: 219961, remaining time:48.3244 min
35% finished. total: 219961, remaining time:48.5206 min
35% finished. total: 219961, remaining time:49.2954 min
35% finished. total: 219961, remaining time:49.1444 min
35% finished. total: 219961, remaining time:49.8437 min
35% finished. total: 219961, remaining time:50.2561 min
36% finished. total: 219961, remaining time:49.7955 min
36% finished. total: 219961, remaining time:49.5391 min
36% finished. total: 219961, remaining time:49.2855 min
36% finished. total: 219961, remaining time:49.3419 min
37% finished. total: 219961, remaining time:49.0621 min
37% finished. total: 219961, remaining time:49.0368 min
37% finished. total: 219961, remaining time:48.9957 min
37% finished. total: 219961, remaining time:48.892 min
37% finished. total: 219961, remaining time:48.7387 min
38% finished. total: 219961, remaining time:48.7085 min
38% finished. total: 219961, remaining time:49.0602 min
38% finished. total: 219961, remaining time:49.2749 min
38% finished. total: 219961, remaining time:49.0344 min
39% finished. total: 219961, remaining time:49.0363 min
39% finished. total: 219961, remaining time:49.1464 min
39% finished. total: 219961, remaining time:49.0185 min
39% finished. total: 219961, remaining time:49.1354 min
40% finished. total: 219961, remaining time:49.1972 min
40% finished. total: 219961, remaining time:48.8401 min
40% finished. total: 219961, remaining time:48.4757 min
40% finished. total: 219961, remaining time:48.2788 min
40% finished. total: 219961, remaining time:48.3425 min
41% finished. total: 219961, remaining time:48.3326 min
41% finished. total: 219961, remaining time:48.0166 min
41% finished. total: 219961, remaining time:47.7211 min
41% finished. total: 219961, remaining time:47.4605 min
42% finished. total: 219961, remaining time:47.5167 min
42% finished. total: 219961, remaining time:47.1167 min
42% finished. total: 219961, remaining time:47.1384 min
42% finished. total: 219961, remaining time:47.3687 min
42% finished. total: 219961, remaining time:47.5137 min
43% finished. total: 219961, remaining time:47.2559 min
43% finished. total: 219961, remaining time:46.9152 min
43% finished. total: 219961, remaining time:46.7535 min
43% finished. total: 219961, remaining time:46.5872 min
44% finished. total: 219961, remaining time:46.4383 min
44% finished. total: 219961, remaining time:46.0617 min
44% finished. total: 219961, remaining time:45.9634 min
44% finished. total: 219961, remaining time:45.7785 min
45% finished. total: 219961, remaining time:45.7749 min
45% finished. total: 219961, remaining time:45.6601 min
45% finished. total: 219961, remaining time:45.5575 min
45% finished. total: 219961, remaining time:45.3334 min
45% finished. total: 219961, remaining time:45.0197 min
46% finished. total: 219961, remaining time:44.6229 min
46% finished. total: 219961, remaining time:44.7708 min
46% finished. total: 219961, remaining time:44.4724 min
46% finished. total: 219961, remaining time:44.6693 min
47% finished. total: 219961, remaining time:44.6999 min
47% finished. total: 219961, remaining time:44.3898 min
47% finished. total: 219961, remaining time:44.3088 min
47% finished. total: 219961, remaining time:44.2522 min
47% finished. total: 219961, remaining time:44.217 min
48% finished. total: 219961, remaining time:43.8981 min
48% finished. total: 219961, remaining time:43.6546 min
48% finished. total: 219961, remaining time:43.5923 min
48% finished. total: 219961, remaining time:43.4515 min
49% finished. total: 219961, remaining time:43.5105 min
49% finished. total: 219961, remaining time:43.4626 min
49% finished. total: 219961, remaining time:43.1974 min
49% finished. total: 219961, remaining time:42.9111 min
50% finished. total: 219961, remaining time:42.9437 min
50% finished. total: 219961, remaining time:42.8068 min
50% finished. total: 219961, remaining time:42.5059 min
50% finished. total: 219961, remaining time:42.2958 min
50% finished. total: 219961, remaining time:42.0494 min
51% finished. total: 219961, remaining time:41.7847 min
51% finished. total: 219961, remaining time:41.7102 min
51% finished. total: 219961, remaining time:41.6857 min
51% finished. total: 219961, remaining time:41.4793 min
52% finished. total: 219961, remaining time:41.4183 min
52% finished. total: 219961, remaining time:41.3737 min
52% finished. total: 219961, remaining time:41.1296 min
52% finished. total: 219961, remaining time:41.0244 min
52% finished. total: 219961, remaining time:40.9843 min
53% finished. total: 219961, remaining time:40.9681 min
53% finished. total: 219961, remaining time:41.0371 min
53% finished. total: 219961, remaining time:40.901 min
53% finished. total: 219961, remaining time:41.0238 min
54% finished. total: 219961, remaining time:40.8777 min
54% finished. total: 219961, remaining time:40.699 min
54% finished. total: 219961, remaining time:40.772 min
54% finished. total: 219961, remaining time:40.4345 min
55% finished. total: 219961, remaining time:40.1403 min
55% finished. total: 219961, remaining time:40.1281 min
55% finished. total: 219961, remaining time:39.8049 min
55% finished. total: 219961, remaining time:39.6644 min
55% finished. total: 219961, remaining time:39.5104 min
56% finished. total: 219961, remaining time:39.5397 min
56% finished. total: 219961, remaining time:39.4383 min
56% finished. total: 219961, remaining time:39.1893 min
56% finished. total: 219961, remaining time:39.0266 min
57% finished. total: 219961, remaining time:38.8827 min
57% finished. total: 219961, remaining time:38.986 min
57% finished. total: 219961, remaining time:38.8372 min
57% finished. total: 219961, remaining time:38.5097 min
57% finished. total: 219961, remaining time:38.37 min
58% finished. total: 219961, remaining time:38.0833 min
58% finished. total: 219961, remaining time:37.9235 min
58% finished. total: 219961, remaining time:38.0029 min
58% finished. total: 219961, remaining time:37.78 min
59% finished. total: 219961, remaining time:37.5199 min
59% finished. total: 219961, remaining time:37.3142 min
59% finished. total: 219961, remaining time:37.1153 min
59% finished. total: 219961, remaining time:37.1837 min
60% finished. total: 219961, remaining time:37.0345 min
60% finished. total: 219961, remaining time:36.8056 min
60% finished. total: 219961, remaining time:36.8012 min
60% finished. total: 219961, remaining time:36.6463 min
60% finished. total: 219961, remaining time:36.4962 min
61% finished. total: 219961, remaining time:36.4325 min
61% finished. total: 219961, remaining time:36.3083 min
61% finished. total: 219961, remaining time:36.0411 min
61% finished. total: 219961, remaining time:35.8709 min
62% finished. total: 219961, remaining time:35.6326 min
62% finished. total: 219961, remaining time:35.4465 min
62% finished. total: 219961, remaining time:35.3091 min
62% finished. total: 219961, remaining time:35.2387 min
62% finished. total: 219961, remaining time:35.1677 min
63% finished. total: 219961, remaining time:34.9785 min
63% finished. total: 219961, remaining time:34.8477 min
63% finished. total: 219961, remaining time:34.7875 min
63% finished. total: 219961, remaining time:34.5197 min
64% finished. total: 219961, remaining time:34.4471 min
64% finished. total: 219961, remaining time:34.2208 min
64% finished. total: 219961, remaining time:34.0141 min
64% finished. total: 219961, remaining time:33.9498 min
65% finished. total: 219961, remaining time:33.8278 min
65% finished. total: 219961, remaining time:33.5609 min
65% finished. total: 219961, remaining time:33.3687 min
65% finished. total: 219961, remaining time:33.1704 min
65% finished. total: 219961, remaining time:33.0245 min
66% finished. total: 219961, remaining time:32.7924 min
66% finished. total: 219961, remaining time:32.5347 min
66% finished. total: 219961, remaining time:32.2295 min
66% finished. total: 219961, remaining time:32.1181 min
67% finished. total: 219961, remaining time:32.0267 min
67% finished. total: 219961, remaining time:31.8142 min
67% finished. total: 219961, remaining time:31.6905 min
67% finished. total: 219961, remaining time:31.6265 min
67% finished. total: 219961, remaining time:31.366 min
68% finished. total: 219961, remaining time:31.0651 min
68% finished. total: 219961, remaining time:30.9832 min
68% finished. total: 219961, remaining time:30.8605 min
68% finished. total: 219961, remaining time:30.7422 min
69% finished. total: 219961, remaining time:30.6637 min
69% finished. total: 219961, remaining time:30.4935 min
69% finished. total: 219961, remaining time:30.2987 min
69% finished. total: 219961, remaining time:30.2019 min
70% finished. total: 219961, remaining time:30.0917 min
70% finished. total: 219961, remaining time:29.9128 min
70% finished. total: 219961, remaining time:29.7703 min
70% finished. total: 219961, remaining time:29.613 min
70% finished. total: 219961, remaining time:29.4633 min
71% finished. total: 219961, remaining time:29.2522 min
71% finished. total: 219961, remaining time:29.0452 min
71% finished. total: 219961, remaining time:28.797 min
71% finished. total: 219961, remaining time:28.5486 min
72% finished. total: 219961, remaining time:28.3787 min
72% finished. total: 219961, remaining time:28.1803 min
72% finished. total: 219961, remaining time:27.9237 min
72% finished. total: 219961, remaining time:27.805 min
72% finished. total: 219961, remaining time:27.6816 min
73% finished. total: 219961, remaining time:27.5553 min
73% finished. total: 219961, remaining time:27.4277 min
73% finished. total: 219961, remaining time:27.2953 min
73% finished. total: 219961, remaining time:27.0805 min
74% finished. total: 219961, remaining time:26.8907 min
74% finished. total: 219961, remaining time:26.7106 min
74% finished. total: 219961, remaining time:26.5234 min
74% finished. total: 219961, remaining time:26.381 min
75% finished. total: 219961, remaining time:26.2014 min
75% finished. total: 219961, remaining time:26.0241 min
75% finished. total: 219961, remaining time:25.8265 min
75% finished. total: 219961, remaining time:25.6326 min
75% finished. total: 219961, remaining time:25.4436 min
76% finished. total: 219961, remaining time:25.2912 min
76% finished. total: 219961, remaining time:25.0963 min
76% finished. total: 219961, remaining time:24.8984 min
76% finished. total: 219961, remaining time:24.7041 min
77% finished. total: 219961, remaining time:24.5096 min
77% finished. total: 219961, remaining time:24.3489 min
77% finished. total: 219961, remaining time:24.1103 min
77% finished. total: 219961, remaining time:23.8893 min
77% finished. total: 219961, remaining time:23.6629 min
78% finished. total: 219961, remaining time:23.4767 min
78% finished. total: 219961, remaining time:23.2867 min
78% finished. total: 219961, remaining time:23.0877 min
78% finished. total: 219961, remaining time:22.9135 min
79% finished. total: 219961, remaining time:22.6844 min
79% finished. total: 219961, remaining time:22.4963 min
79% finished. total: 219961, remaining time:22.2924 min
79% finished. total: 219961, remaining time:22.0787 min
80% finished. total: 219961, remaining time:21.8725 min
80% finished. total: 219961, remaining time:21.6802 min
80% finished. total: 219961, remaining time:21.4719 min
80% finished. total: 219961, remaining time:21.2062 min
80% finished. total: 219961, remaining time:20.9937 min
81% finished. total: 219961, remaining time:20.7641 min
81% finished. total: 219961, remaining time:20.5748 min
81% finished. total: 219961, remaining time:20.3839 min
81% finished. total: 219961, remaining time:20.1671 min
82% finished. total: 219961, remaining time:19.9523 min
82% finished. total: 219961, remaining time:19.7186 min
82% finished. total: 219961, remaining time:19.5101 min
82% finished. total: 219961, remaining time:19.2854 min
82% finished. total: 219961, remaining time:19.0509 min
83% finished. total: 219961, remaining time:18.8009 min
83% finished. total: 219961, remaining time:18.5784 min
83% finished. total: 219961, remaining time:18.3146 min
83% finished. total: 219961, remaining time:18.0937 min
84% finished. total: 219961, remaining time:17.8894 min
84% finished. total: 219961, remaining time:17.6827 min
84% finished. total: 219961, remaining time:17.4582 min
84% finished. total: 219961, remaining time:17.2325 min
85% finished. total: 219961, remaining time:17.0209 min
85% finished. total: 219961, remaining time:16.7955 min
85% finished. total: 219961, remaining time:16.5437 min
85% finished. total: 219961, remaining time:16.3193 min
85% finished. total: 219961, remaining time:16.0947 min
86% finished. total: 219961, remaining time:15.8506 min
86% finished. total: 219961, remaining time:15.6325 min
86% finished. total: 219961, remaining time:15.3976 min
86% finished. total: 219961, remaining time:15.1559 min
87% finished. total: 219961, remaining time:14.9175 min
87% finished. total: 219961, remaining time:14.6805 min
87% finished. total: 219961, remaining time:14.4402 min
87% finished. total: 219961, remaining time:14.2138 min
87% finished. total: 219961, remaining time:13.9882 min
88% finished. total: 219961, remaining time:13.7577 min
88% finished. total: 219961, remaining time:13.5218 min
88% finished. total: 219961, remaining time:13.29 min
88% finished. total: 219961, remaining time:13.0467 min
89% finished. total: 219961, remaining time:12.8013 min
