start job on SBATCH:i11 size7 run538 max_process:/max_trial:1000000 Thu Jul 2 17:12:40 PDT 2020
SLURM_JOB_ID:1697126 SLURM_JOB_NAME:product SLURM_JOB_DIR:/rhome/wzeng002/Documents/GitHub/concatenation
note:[n_low=9, n_high=9, k_low=1, k_high=1 sub_mode=], sub_mode_A:3, sub_mode_B:4, na_input:7, n_low:9, n_high=9, data_folder:data/random4/trial538, log_file:log/product538-size7.log status_file:
start: id_Gax=1000,	 id_Gax_MAX=1023,	 Gax_row=2
start: id_Gax=2000,	 id_Gax_MAX=4095,	 Gax_row=3
start: id_Gax=1000,	 id_Gax_MAX=4095,	 Gax_row=3
start: id_Gax=3000,	 id_Gax_MAX=4095,	 Gax_row=3
start: id_Gax=4000,	 id_Gax_MAX=4095,	 Gax_row=3
start: id_Gax=2000,	 id_Gax_MAX=4095,	 Gax_row=4
start: id_Gax=1000,	 id_Gax_MAX=4095,	 Gax_row=4
start: id_Gax=3000,	 id_Gax_MAX=4095,	 Gax_row=4
start: id_Gax=4000,	 id_Gax_MAX=4095,	 Gax_row=4
start: id_Gax=1000,	 id_Gax_MAX=1023,	 Gax_row=5
start calculating for 9284 cases out of 11927324 trials.
time used: 5.89708 sec
0% finished. total: 86192656, remaining time:0.407571 min
0% finished. total: 86192656, remaining time:0.428119 min
0% finished. total: 86192656, remaining time:0.501638 min
0% finished. total: 86192656, remaining time:0.531375 min
0% finished. total: 86192656, remaining time:0.524008 min
0% finished. total: 86192656, remaining time:0.538161 min
0% finished. total: 86192656, remaining time:0.521164 min
0% finished. total: 86192656, remaining time:0.52965 min
0% finished. total: 86192656, remaining time:0.526355 min
0% finished. total: 86192656, remaining time:0.52776 min
0% finished. total: 86192656, remaining time:0.53196 min
0% finished. total: 86192656, remaining time:0.535802 min
0% finished. total: 86192656, remaining time:0.536523 min
0% finished. total: 86192656, remaining time:0.529216 min
0% finished. total: 86192656, remaining time:0.526489 min
0% finished. total: 86192656, remaining time:0.528213 min
0% finished. total: 86192656, remaining time:0.527074 min
0% finished. total: 86192656, remaining time:0.523778 min
0% finished. total: 86192656, remaining time:0.524182 min
0% finished. total: 86192656, remaining time:0.522832 min
0% finished. total: 86192656, remaining time:0.524057 min
0% finished. total: 86192656, remaining time:0.522306 min
0% finished. total: 86192656, remaining time:0.521333 min
0% finished. total: 86192656, remaining time:0.518271 min
0% finished. total: 86192656, remaining time:0.515345 min
0% finished. total: 86192656, remaining time:0.51454 min
0% finished. total: 86192656, remaining time:0.511106 min
0% finished. total: 86192656, remaining time:0.508748 min
0% finished. total: 86192656, remaining time:0.507545 min
0% finished. total: 86192656, remaining time:0.506719 min
0% finished. total: 86192656, remaining time:0.508354 min
0% finished. total: 86192656, remaining time:0.509244 min
0% finished. total: 86192656, remaining time:0.508441 min
0% finished. total: 86192656, remaining time:0.508087 min
0% finished. total: 86192656, remaining time:0.510141 min
0% finished. total: 86192656, remaining time:0.50938 min
0% finished. total: 86192656, remaining time:0.509048 min
0% finished. total: 86192656, remaining time:0.509634 min
0% finished. total: 86192656, remaining time:0.51019 min
0% finished. total: 86192656, remaining time:0.510427 min
0% finished. total: 86192656, remaining time:0.508832 min
0% finished. total: 86192656, remaining time:0.509025 min
0% finished. total: 86192656, remaining time:0.5076 min
0% finished. total: 86192656, remaining time:0.504543 min
0% finished. total: 86192656, remaining time:0.504894 min
0% finished. total: 86192656, remaining time:0.509458 min
0% finished. total: 86192656, remaining time:0.508698 min
0% finished. total: 86192656, remaining time:0.509225 min
0% finished. total: 86192656, remaining time:0.509507 min
0% finished. total: 86192656, remaining time:0.508381 min
0% finished. total: 86192656, remaining time:0.509165 min
0% finished. total: 86192656, remaining time:0.508931 min
0% finished. total: 86192656, remaining time:0.571565 min
0% finished. total: 86192656, remaining time:0.571933 min
0% finished. total: 86192656, remaining time:0.571243 min
0% finished. total: 86192656, remaining time:0.5712 min
0% finished. total: 86192656, remaining time:0.569441 min
0% finished. total: 86192656, remaining time:0.567094 min
0% finished. total: 86192656, remaining time:0.566682 min
0% finished. total: 86192656, remaining time:0.565269 min
0% finished. total: 86192656, remaining time:0.564811 min
0% finished. total: 86192656, remaining time:0.56408 min
0% finished. total: 86192656, remaining time:0.563645 min
0% finished. total: 86192656, remaining time:0.564796 min
0% finished. total: 86192656, remaining time:0.5653 min
0% finished. total: 86192656, remaining time:0.564129 min
0% finished. total: 86192656, remaining time:0.565006 min
0% finished. total: 86192656, remaining time:0.565474 min
0% finished. total: 86192656, remaining time:0.565016 min
0% finished. total: 86192656, remaining time:0.56462 min
0% finished. total: 86192656, remaining time:0.563945 min
0% finished. total: 86192656, remaining time:0.564478 min
0% finished. total: 86192656, remaining time:0.565559 min
0% finished. total: 86192656, remaining time:0.565445 min
0% finished. total: 86192656, remaining time:0.56579 min
0% finished. total: 86192656, remaining time:0.566919 min
0% finished. total: 86192656, remaining time:0.567681 min
0% finished. total: 86192656, remaining time:0.56751 min
0% finished. total: 86192656, remaining time:0.567482 min
0% finished. total: 86192656, remaining time:0.568105 min
0% finished. total: 86192656, remaining time:0.567782 min
0% finished. total: 86192656, remaining time:0.56776 min
0% finished. total: 86192656, remaining time:0.568142 min
0% finished. total: 86192656, remaining time:0.5677 min
0% finished. total: 86192656, remaining time:0.56768 min
0% finished. total: 86192656, remaining time:0.567317 min
0% finished. total: 86192656, remaining time:0.567262 min
0% finished. total: 86192656, remaining time:0.566585 min
0% finished. total: 86192656, remaining time:0.566539 min
0% finished. total: 86192656, remaining time:0.566661 min
0% finished. total: 86192656, remaining time:0.565886 min
0% finished. total: 86192656, remaining time:0.565633 min
0% finished. total: 86192656, remaining time:0.565194 min
0% finished. total: 86192656, remaining time:0.5648 min
0% finished. total: 86192656, remaining time:0.564415 min
0% finished. total: 86192656, remaining time:0.563468 min
0% finished. total: 86192656, remaining time:0.562864 min
0% finished. total: 86192656, remaining time:0.562601 min
0% finished. total: 86192656, remaining time:0.562192 min
0% finished. total: 86192656, remaining time:0.561591 min
0% finished. total: 86192656, remaining time:0.561484 min
0% finished. total: 86192656, remaining time:0.560789 min
0% finished. total: 86192656, remaining time:0.560193 min
0% finished. total: 86192656, remaining time:0.559858 min
0% finished. total: 86192656, remaining time:0.559335 min
0% finished. total: 86192656, remaining time:0.55866 min
0% finished. total: 86192656, remaining time:0.557754 min
0% finished. total: 86192656, remaining time:0.55708 min
0% finished. total: 86192656, remaining time:0.556262 min
0% finished. total: 86192656, remaining time:0.555247 min
0% finished. total: 86192656, remaining time:0.554275 min
0% finished. total: 86192656, remaining time:0.553607 min
0% finished. total: 86192656, remaining time:0.552897 min
0% finished. total: 86192656, remaining time:0.552476 min
0% finished. total: 86192656, remaining time:0.551389 min
0% finished. total: 86192656, remaining time:0.550692 min
0% finished. total: 86192656, remaining time:0.549955 min
0% finished. total: 86192656, remaining time:0.549479 min
0% finished. total: 86192656, remaining time:0.548885 min
0% finished. total: 86192656, remaining time:0.548307 min
0% finished. total: 86192656, remaining time:0.547896 min
0% finished. total: 86192656, remaining time:0.54738 min
0% finished. total: 86192656, remaining time:0.546661 min
0% finished. total: 86192656, remaining time:0.545771 min
0% finished. total: 86192656, remaining time:0.545328 min
0% finished. total: 86192656, remaining time:0.544963 min
0% finished. total: 86192656, remaining time:0.544533 min
0% finished. total: 86192656, remaining time:0.544158 min
0% finished. total: 86192656, remaining time:0.543497 min
0% finished. total: 86192656, remaining time:0.542493 min
0% finished. total: 86192656, remaining time:0.542054 min
0% finished. total: 86192656, remaining time:0.541465 min
0% finished. total: 86192656, remaining time:0.540823 min
0% finished. total: 86192656, remaining time:0.540171 min
0% finished. total: 86192656, remaining time:0.539568 min
0% finished. total: 86192656, remaining time:0.539101 min
0% finished. total: 86192656, remaining time:0.53837 min
0% finished. total: 86192656, remaining time:0.537937 min
0% finished. total: 86192656, remaining time:0.537329 min
0% finished. total: 86192656, remaining time:0.536685 min
0% finished. total: 86192656, remaining time:0.535706 min
0% finished. total: 86192656, remaining time:0.535145 min
0% finished. total: 86192656, remaining time:0.534391 min
0% finished. total: 86192656, remaining time:0.533647 min
0% finished. total: 86192656, remaining time:0.532796 min
0% finished. total: 86192656, remaining time:0.532388 min
0% finished. total: 86192656, remaining time:0.531533 min
0% finished. total: 86192656, remaining time:0.530871 min
0% finished. total: 86192656, remaining time:0.530194 min
0% finished. total: 86192656, remaining time:0.529736 min
0% finished. total: 86192656, remaining time:0.528885 min
0% finished. total: 86192656, remaining time:0.528483 min
0% finished. total: 86192656, remaining time:0.527709 min
0% finished. total: 86192656, remaining time:0.52683 min
0% finished. total: 86192656, remaining time:0.526095 min
0% finished. total: 86192656, remaining time:0.525628 min
0% finished. total: 86192656, remaining time:0.525202 min
0% finished. total: 86192656, remaining time:0.524582 min
0% finished. total: 86192656, remaining time:0.524547 min
0% finished. total: 86192656, remaining time:0.523759 min
0% finished. total: 86192656, remaining time:0.523002 min
0% finished. total: 86192656, remaining time:0.522285 min
0% finished. total: 86192656, remaining time:0.521596 min
0% finished. total: 86192656, remaining time:0.521125 min
0% finished. total: 86192656, remaining time:0.520834 min
0% finished. total: 86192656, remaining time:0.520027 min
0% finished. total: 86192656, remaining time:0.519524 min
0% finished. total: 86192656, remaining time:0.51858 min
0% finished. total: 86192656, remaining time:0.517804 min
0% finished. total: 86192656, remaining time:0.517219 min
0% finished. total: 86192656, remaining time:0.516624 min
0% finished. total: 86192656, remaining time:0.515738 min
0% finished. total: 86192656, remaining time:0.514795 min
0% finished. total: 86192656, remaining time:0.514008 min
0% finished. total: 86192656, remaining time:0.51325 min
0% finished. total: 86192656, remaining time:0.512551 min
0% finished. total: 86192656, remaining time:0.511759 min
0% finished. total: 86192656, remaining time:0.510896 min
0% finished. total: 86192656, remaining time:0.510187 min
0% finished. total: 86192656, remaining time:0.509391 min
0% finished. total: 86192656, remaining time:0.508336 min
0% finished. total: 86192656, remaining time:0.507367 min
0% finished. total: 86192656, remaining time:0.50627 min
0% finished. total: 86192656, remaining time:0.505249 min
0% finished. total: 86192656, remaining time:0.504283 min
0% finished. total: 86192656, remaining time:0.503357 min
0% finished. total: 86192656, remaining time:0.502353 min
0% finished. total: 86192656, remaining time:0.50157 min
0% finished. total: 86192656, remaining time:0.500673 min
0% finished. total: 86192656, remaining time:0.499832 min
0% finished. total: 86192656, remaining time:0.499018 min
0% finished. total: 86192656, remaining time:0.49818 min
0% finished. total: 86192656, remaining time:0.497305 min
0% finished. total: 86192656, remaining time:0.496632 min
0% finished. total: 86192656, remaining time:0.495746 min
0% finished. total: 86192656, remaining time:0.494882 min
0% finished. total: 86192656, remaining time:0.494218 min
0% finished. total: 86192656, remaining time:0.493485 min
0% finished. total: 86192656, remaining time:0.492577 min
0% finished. total: 86192656, remaining time:0.491572 min
0% finished. total: 86192656, remaining time:0.490567 min
0% finished. total: 86192656, remaining time:0.489501 min
0% finished. total: 86192656, remaining time:0.48833 min
0% finished. total: 86192656, remaining time:0.487088 min
0% finished. total: 86192656, remaining time:0.485897 min
0% finished. total: 86192656, remaining time:0.484844 min
0% finished. total: 86192656, remaining time:0.483692 min
0% finished. total: 86192656, remaining time:0.482551 min
0% finished. total: 86192656, remaining time:0.481254 min
0% finished. total: 86192656, remaining time:0.48011 min
0% finished. total: 86192656, remaining time:0.478837 min
0% finished. total: 86192656, remaining time:0.477563 min
0% finished. total: 86192656, remaining time:0.476115 min
0% finished. total: 86192656, remaining time:0.474274 min
0% finished. total: 86192656, remaining time:221.675 min
0% finished. total: 86192656, remaining time:220.648 min
0% finished. total: 86192656, remaining time:219.63 min
0% finished. total: 86192656, remaining time:218.622 min
0% finished. total: 86192656, remaining time:217.623 min
0% finished. total: 86192656, remaining time:216.633 min
0% finished. total: 86192656, remaining time:215.652 min
0% finished. total: 86192656, remaining time:214.679 min
0% finished. total: 86192656, remaining time:213.716 min
0% finished. total: 86192656, remaining time:212.761 min
0% finished. total: 86192656, remaining time:211.814 min
0% finished. total: 86192656, remaining time:210.876 min
0% finished. total: 86192656, remaining time:209.946 min
0% finished. total: 86192656, remaining time:209.024 min
0% finished. total: 86192656, remaining time:208.111 min
0% finished. total: 86192656, remaining time:207.205 min
0% finished. total: 86192656, remaining time:206.307 min
0% finished. total: 86192656, remaining time:205.417 min
0% finished. total: 86192656, remaining time:252.223 min
0% finished. total: 86192656, remaining time:513.147 min
0% finished. total: 86192656, remaining time:510.977 min
0% finished. total: 86192656, remaining time:508.81 min
0% finished. total: 86192656, remaining time:506.66 min
0% finished. total: 86192656, remaining time:504.529 min
0% finished. total: 86192656, remaining time:502.415 min
0% finished. total: 86192656, remaining time:500.319 min
0% finished. total: 86192656, remaining time:498.24 min
0% finished. total: 86192656, remaining time:496.179 min
0% finished. total: 86192656, remaining time:494.134 min
0% finished. total: 86192656, remaining time:492.107 min
0% finished. total: 86192656, remaining time:490.096 min
0% finished. total: 86192656, remaining time:488.101 min
0% finished. total: 86192656, remaining time:486.122 min
0% finished. total: 86192656, remaining time:484.159 min
0% finished. total: 86192656, remaining time:482.213 min
0% finished. total: 86192656, remaining time:480.281 min
0% finished. total: 86192656, remaining time:478.365 min
0% finished. total: 86192656, remaining time:604.424 min
0% finished. total: 86192656, remaining time:891.132 min
0% finished. total: 86192656, remaining time:887.62 min
0% finished. total: 86192656, remaining time:884.134 min
0% finished. total: 86192656, remaining time:880.676 min
0% finished. total: 86192656, remaining time:877.244 min
0% finished. total: 86192656, remaining time:873.839 min
0% finished. total: 86192656, remaining time:870.46 min
0% finished. total: 86192656, remaining time:867.108 min
0% finished. total: 86192656, remaining time:863.781 min
0% finished. total: 86192656, remaining time:860.479 min
0% finished. total: 86192656, remaining time:857.203 min
0% finished. total: 86192656, remaining time:853.951 min
0% finished. total: 86192656, remaining time:850.724 min
0% finished. total: 86192656, remaining time:847.521 min
0% finished. total: 86192656, remaining time:844.342 min
0% finished. total: 86192656, remaining time:841.187 min
0% finished. total: 86192656, remaining time:838.055 min
0% finished. total: 86192656, remaining time:834.947 min
0% finished. total: 86192656, remaining time:909.347 min
0% finished. total: 86192656, remaining time:1339.16 min
0% finished. total: 86192656, remaining time:1334.26 min
0% finished. total: 86192656, remaining time:1329.38 min
0% finished. total: 86192656, remaining time:1324.54 min
0% finished. total: 86192656, remaining time:1319.73 min
0% finished. total: 86192656, remaining time:1314.96 min
0% finished. total: 86192656, remaining time:1310.22 min
0% finished. total: 86192656, remaining time:1305.52 min
0% finished. total: 86192656, remaining time:1300.85 min
0% finished. total: 86192656, remaining time:1296.21 min
0% finished. total: 86192656, remaining time:1291.61 min
0% finished. total: 86192656, remaining time:1287.04 min
0% finished. total: 86192656, remaining time:1282.5 min
0% finished. total: 86192656, remaining time:1277.99 min
0% finished. total: 86192656, remaining time:1273.52 min
0% finished. total: 86192656, remaining time:1269.07 min
0% finished. total: 86192656, remaining time:1264.66 min
0% finished. total: 86192656, remaining time:1260.27 min
0% finished. total: 86192656, remaining time:1255.92 min
0% finished. total: 86192656, remaining time:1837.28 min
0% finished. total: 86192656, remaining time:1831 min
0% finished. total: 86192656, remaining time:1824.74 min
0% finished. total: 86192656, remaining time:1818.53 min
0% finished. total: 86192656, remaining time:1812.35 min
0% finished. total: 86192656, remaining time:1806.22 min
0% finished. total: 86192656, remaining time:1800.13 min
0% finished. total: 86192656, remaining time:1794.08 min
0% finished. total: 86192656, remaining time:1788.07 min
0% finished. total: 86192656, remaining time:1782.09 min
0% finished. total: 86192656, remaining time:1776.16 min
0% finished. total: 86192656, remaining time:1770.27 min
0% finished. total: 86192656, remaining time:1764.42 min
0% finished. total: 86192656, remaining time:1758.61 min
0% finished. total: 86192656, remaining time:1752.83 min
0% finished. total: 86192656, remaining time:1747.09 min
0% finished. total: 86192656, remaining time:1741.39 min
0% finished. total: 86192656, remaining time:1735.73 min
0% finished. total: 86192656, remaining time:1730.1 min
0% finished. total: 86192656, remaining time:2117.85 min
0% finished. total: 86192656, remaining time:2379.03 min
0% finished. total: 86192656, remaining time:2371.39 min
0% finished. total: 86192656, remaining time:2363.8 min
0% finished. total: 86192656, remaining time:2356.26 min
0% finished. total: 86192656, remaining time:2348.77 min
0% finished. total: 86192656, remaining time:2341.32 min
0% finished. total: 86192656, remaining time:2333.92 min
0% finished. total: 86192656, remaining time:2326.57 min
0% finished. total: 86192656, remaining time:2319.26 min
0% finished. total: 86192656, remaining time:2312 min
0% finished. total: 86192656, remaining time:2304.79 min
0% finished. total: 86192656, remaining time:2297.62 min
0% finished. total: 86192656, remaining time:2290.49 min
0% finished. total: 86192656, remaining time:2283.41 min
0% finished. total: 86192656, remaining time:2276.37 min
0% finished. total: 86192656, remaining time:2269.37 min
0% finished. total: 86192656, remaining time:2262.42 min
0% finished. total: 86192656, remaining time:2255.51 min
0% finished. total: 86192656, remaining time:2280.98 min
0% finished. total: 86192656, remaining time:2945 min
0% finished. total: 86192656, remaining time:2963.05 min
0% finished. total: 86192656, remaining time:2954.11 min
0% finished. total: 86192656, remaining time:2945.22 min
0% finished. total: 86192656, remaining time:2936.39 min
0% finished. total: 86192656, remaining time:2927.6 min
0% finished. total: 86192656, remaining time:2918.87 min
0% finished. total: 86192656, remaining time:2910.2 min
0% finished. total: 86192656, remaining time:2901.57 min
0% finished. total: 86192656, remaining time:2892.99 min
0% finished. total: 86192656, remaining time:2884.47 min
0% finished. total: 86192656, remaining time:2875.99 min
0% finished. total: 86192656, remaining time:2867.57 min
0% finished. total: 86192656, remaining time:2859.19 min
0% finished. total: 86192656, remaining time:2850.86 min
0% finished. total: 86192656, remaining time:2842.58 min
0% finished. total: 86192656, remaining time:2834.35 min
0% finished. total: 86192656, remaining time:2826.17 min
0% finished. total: 86192656, remaining time:2818.03 min
0% finished. total: 86192656, remaining time:3053.99 min
0% finished. total: 86192656, remaining time:3583.19 min
0% finished. total: 86192656, remaining time:3572.98 min
0% finished. total: 86192656, remaining time:3562.81 min
0% finished. total: 86192656, remaining time:3552.7 min
0% finished. total: 86192656, remaining time:3542.64 min
0% finished. total: 86192656, remaining time:3532.64 min
0% finished. total: 86192656, remaining time:3522.7 min
0% finished. total: 86192656, remaining time:3512.81 min
0% finished. total: 86192656, remaining time:3502.98 min
0% finished. total: 86192656, remaining time:3493.2 min
0% finished. total: 86192656, remaining time:3483.47 min
0% finished. total: 86192656, remaining time:3473.81 min
0% finished. total: 86192656, remaining time:3464.19 min
0% finished. total: 86192656, remaining time:3454.63 min
0% finished. total: 86192656, remaining time:3445.12 min
0% finished. total: 86192656, remaining time:3435.66 min
0% finished. total: 86192656, remaining time:3426.25 min
0% finished. total: 86192656, remaining time:3416.89 min
0% finished. total: 86192656, remaining time:3407.59 min
0% finished. total: 86192656, remaining time:3741.19 min
0% finished. total: 86192656, remaining time:4213.03 min
0% finished. total: 86192656, remaining time:4201.67 min
0% finished. total: 86192656, remaining time:4190.35 min
0% finished. total: 86192656, remaining time:4179.09 min
0% finished. total: 86192656, remaining time:4167.89 min
0% finished. total: 86192656, remaining time:4156.76 min
0% finished. total: 86192656, remaining time:4145.68 min
0% finished. total: 86192656, remaining time:4134.66 min
0% finished. total: 86192656, remaining time:4123.7 min
0% finished. total: 86192656, remaining time:4112.79 min
0% finished. total: 86192656, remaining time:4101.94 min
0% finished. total: 86192656, remaining time:4091.15 min
0% finished. total: 86192656, remaining time:4080.42 min
0% finished. total: 86192656, remaining time:4069.74 min
0% finished. total: 86192656, remaining time:4059.12 min
0% finished. total: 86192656, remaining time:4048.56 min
0% finished. total: 86192656, remaining time:4038.04 min
0% finished. total: 86192656, remaining time:4027.59 min
0% finished. total: 86192656, remaining time:4017.18 min
0% finished. total: 86192656, remaining time:4354 min
0% finished. total: 86192656, remaining time:4875.64 min
0% finished. total: 86192656, remaining time:4863.17 min
0% finished. total: 86192656, remaining time:4850.73 min
0% finished. total: 86192656, remaining time:4838.36 min
0% finished. total: 86192656, remaining time:4826.05 min
0% finished. total: 86192656, remaining time:4813.81 min
0% finished. total: 86192656, remaining time:4801.63 min
0% finished. total: 86192656, remaining time:4789.5 min
0% finished. total: 86192656, remaining time:4777.44 min
0% finished. total: 86192656, remaining time:4765.44 min
0% finished. total: 86192656, remaining time:4753.5 min
0% finished. total: 86192656, remaining time:4741.62 min
0% finished. total: 86192656, remaining time:4729.8 min
0% finished. total: 86192656, remaining time:4718.03 min
0% finished. total: 86192656, remaining time:4706.33 min
0% finished. total: 86192656, remaining time:4694.68 min
0% finished. total: 86192656, remaining time:4683.09 min
0% finished. total: 86192656, remaining time:4671.55 min
0% finished. total: 86192656, remaining time:4660.08 min
0% finished. total: 86192656, remaining time:4909.85 min
0% finished. total: 86192656, remaining time:5420.38 min
0% finished. total: 86192656, remaining time:5541.37 min
0% finished. total: 86192656, remaining time:5527.89 min
0% finished. total: 86192656, remaining time:5514.47 min
0% finished. total: 86192656, remaining time:5501.12 min
0% finished. total: 86192656, remaining time:5487.83 min
0% finished. total: 86192656, remaining time:5474.61 min
0% finished. total: 86192656, remaining time:5461.45 min
0% finished. total: 86192656, remaining time:5448.35 min
0% finished. total: 86192656, remaining time:5435.32 min
0% finished. total: 86192656, remaining time:5422.34 min
0% finished. total: 86192656, remaining time:5409.43 min
0% finished. total: 86192656, remaining time:5396.58 min
0% finished. total: 86192656, remaining time:5383.8 min
0% finished. total: 86192656, remaining time:5371.07 min
0% finished. total: 86192656, remaining time:5358.4 min
0% finished. total: 86192656, remaining time:5345.79 min
0% finished. total: 86192656, remaining time:5333.24 min
0% finished. total: 86192656, remaining time:5320.75 min
0% finished. total: 86192656, remaining time:5408.54 min
0% finished. total: 86192656, remaining time:5900.98 min
0% finished. total: 86192656, remaining time:6238.17 min
0% finished. total: 86192656, remaining time:6223.69 min
0% finished. total: 86192656, remaining time:6209.28 min
0% finished. total: 86192656, remaining time:6194.94 min
0% finished. total: 86192656, remaining time:6180.66 min
0% finished. total: 86192656, remaining time:6166.45 min
0% finished. total: 86192656, remaining time:6152.3 min
0% finished. total: 86192656, remaining time:6138.22 min
0% finished. total: 86192656, remaining time:6124.21 min
0% finished. total: 86192656, remaining time:6110.25 min
0% finished. total: 86192656, remaining time:6096.36 min
0% finished. total: 86192656, remaining time:6082.53 min
0% finished. total: 86192656, remaining time:6068.77 min
0% finished. total: 86192656, remaining time:6055.06 min
0% finished. total: 86192656, remaining time:6041.42 min
0% finished. total: 86192656, remaining time:6027.84 min
0% finished. total: 86192656, remaining time:6014.32 min
0% finished. total: 86192656, remaining time:6000.86 min
0% finished. total: 86192656, remaining time:5987.46 min
0% finished. total: 86192656, remaining time:6340.3 min
0% finished. total: 86192656, remaining time:6807.44 min
0% finished. total: 86192656, remaining time:6921.91 min
0% finished. total: 86192656, remaining time:6906.59 min
0% finished. total: 86192656, remaining time:6891.34 min
0% finished. total: 86192656, remaining time:6876.15 min
0% finished. total: 86192656, remaining time:6861.03 min
0% finished. total: 86192656, remaining time:6845.98 min
0% finished. total: 86192656, remaining time:6830.99 min
0% finished. total: 86192656, remaining time:6816.07 min
0% finished. total: 86192656, remaining time:6801.22 min
0% finished. total: 86192656, remaining time:6786.42 min
0% finished. total: 86192656, remaining time:6771.69 min
0% finished. total: 86192656, remaining time:6757.03 min
0% finished. total: 86192656, remaining time:6742.43 min
0% finished. total: 86192656, remaining time:6727.89 min
0% finished. total: 86192656, remaining time:6713.41 min
0% finished. total: 86192656, remaining time:6699 min
0% finished. total: 86192656, remaining time:6684.65 min
0% finished. total: 86192656, remaining time:6670.35 min
0% finished. total: 86192656, remaining time:6741.76 min
0% finished. total: 86192656, remaining time:7183.53 min
0% finished. total: 86192656, remaining time:7627.71 min
0% finished. total: 86192656, remaining time:7624.04 min
0% finished. total: 86192656, remaining time:7607.91 min
0% finished. total: 86192656, remaining time:7591.85 min
0% finished. total: 86192656, remaining time:7575.85 min
0% finished. total: 86192656, remaining time:7559.93 min
0% finished. total: 86192656, remaining time:7544.07 min
0% finished. total: 86192656, remaining time:7528.28 min
0% finished. total: 86192656, remaining time:7512.55 min
0% finished. total: 86192656, remaining time:7496.89 min
0% finished. total: 86192656, remaining time:7481.29 min
0% finished. total: 86192656, remaining time:7465.76 min
0% finished. total: 86192656, remaining time:7450.29 min
0% finished. total: 86192656, remaining time:7434.88 min
0% finished. total: 86192656, remaining time:7419.54 min
0% finished. total: 86192656, remaining time:7404.26 min
0% finished. total: 86192656, remaining time:7389.05 min
0% finished. total: 86192656, remaining time:7373.9 min
0% finished. total: 86192656, remaining time:7358.8 min
0% finished. total: 86192656, remaining time:7536.24 min
0% finished. total: 86192656, remaining time:7959.78 min
0% finished. total: 86192656, remaining time:8342.13 min
0% finished. total: 86192656, remaining time:8325.2 min
0% finished. total: 86192656, remaining time:8308.33 min
0% finished. total: 86192656, remaining time:8291.53 min
0% finished. total: 86192656, remaining time:8274.8 min
0% finished. total: 86192656, remaining time:8258.14 min
0% finished. total: 86192656, remaining time:8241.54 min
0% finished. total: 86192656, remaining time:8225.01 min
0% finished. total: 86192656, remaining time:8208.55 min
0% finished. total: 86192656, remaining time:8192.15 min
0% finished. total: 86192656, remaining time:8175.81 min
0% finished. total: 86192656, remaining time:8159.54 min
0% finished. total: 86192656, remaining time:8143.34 min
0% finished. total: 86192656, remaining time:8127.2 min
0% finished. total: 86192656, remaining time:8111.12 min
0% finished. total: 86192656, remaining time:8095.11 min
0% finished. total: 86192656, remaining time:8079.16 min
0% finished. total: 86192656, remaining time:8063.27 min
0% finished. total: 86192656, remaining time:8047.44 min
0% finished. total: 86192656, remaining time:8262.61 min
0% finished. total: 86192656, remaining time:8674.65 min
0% finished. total: 86192656, remaining time:9040.89 min
0% finished. total: 86192656, remaining time:9023.29 min
0% finished. total: 86192656, remaining time:9005.75 min
0% finished. total: 86192656, remaining time:8988.28 min
0% finished. total: 86192656, remaining time:8970.87 min
0% finished. total: 86192656, remaining time:8953.53 min
0% finished. total: 86192656, remaining time:8936.26 min
0% finished. total: 86192656, remaining time:8919.06 min
0% finished. total: 86192656, remaining time:8901.92 min
0% finished. total: 86192656, remaining time:8884.85 min
0% finished. total: 86192656, remaining time:8867.84 min
0% finished. total: 86192656, remaining time:8850.9 min
0% finished. total: 86192656, remaining time:8834.02 min
0% finished. total: 86192656, remaining time:8817.21 min
0% finished. total: 86192656, remaining time:8800.46 min
0% finished. total: 86192656, remaining time:8783.77 min
0% finished. total: 86192656, remaining time:8767.15 min
0% finished. total: 86192656, remaining time:8750.59 min
0% finished. total: 86192656, remaining time:8734.09 min
0% finished. total: 86192656, remaining time:8941.13 min
0% finished. total: 86192656, remaining time:9332.73 min
0% finished. total: 86192656, remaining time:9685.56 min
0% finished. total: 86192656, remaining time:9667.44 min
0% finished. total: 86192656, remaining time:9649.38 min
0% finished. total: 86192656, remaining time:9631.39 min
0% finished. total: 86192656, remaining time:9613.47 min
0% finished. total: 86192656, remaining time:9595.61 min
0% finished. total: 86192656, remaining time:9577.82 min
0% finished. total: 86192656, remaining time:9560.09 min
0% finished. total: 86192656, remaining time:9542.43 min
0% finished. total: 86192656, remaining time:9524.83 min
0% finished. total: 86192656, remaining time:9507.3 min
0% finished. total: 86192656, remaining time:9489.83 min
0% finished. total: 86192656, remaining time:9472.43 min
0% finished. total: 86192656, remaining time:9455.09 min
0% finished. total: 86192656, remaining time:9437.81 min
0% finished. total: 86192656, remaining time:9420.6 min
0% finished. total: 86192656, remaining time:9403.44 min
0% finished. total: 86192656, remaining time:9386.35 min
0% finished. total: 86192656, remaining time:9369.33 min
0% finished. total: 86192656, remaining time:9420.04 min
0% finished. total: 86192656, remaining time:9403.01 min
0% finished. total: 86192656, remaining time:9386.04 min
0% finished. total: 86192656, remaining time:9369.14 min
0% finished. total: 86192656, remaining time:9352.29 min
0% finished. total: 86192656, remaining time:9335.51 min
0% finished. total: 86192656, remaining time:9318.78 min
0% finished. total: 86192656, remaining time:9302.12 min
0% finished. total: 86192656, remaining time:9285.51 min
0% finished. total: 86192656, remaining time:9268.97 min
0% finished. total: 86192656, remaining time:9252.48 min
0% finished. total: 86192656, remaining time:9236.05 min
0% finished. total: 86192656, remaining time:9219.68 min
0% finished. total: 86192656, remaining time:9203.36 min
0% finished. total: 86192656, remaining time:9187.11 min
0% finished. total: 86192656, remaining time:9170.91 min
0% finished. total: 86192656, remaining time:9154.76 min
0% finished. total: 86192656, remaining time:9138.68 min
0% finished. total: 86192656, remaining time:9167.06 min
0% finished. total: 86192656, remaining time:9534.18 min
0% finished. total: 86192656, remaining time:9891.26 min
0% finished. total: 86192656, remaining time:10111.3 min
0% finished. total: 86192656, remaining time:10093.7 min
0% finished. total: 86192656, remaining time:10076.2 min
0% finished. total: 86192656, remaining time:10058.7 min
0% finished. total: 86192656, remaining time:10041.3 min
0% finished. total: 86192656, remaining time:10023.9 min
0% finished. total: 86192656, remaining time:10006.6 min
0% finished. total: 86192656, remaining time:9989.32 min
0% finished. total: 86192656, remaining time:9972.13 min
0% finished. total: 86192656, remaining time:9955 min
0% finished. total: 86192656, remaining time:9937.92 min
0% finished. total: 86192656, remaining time:9920.91 min
0% finished. total: 86192656, remaining time:9903.95 min
0% finished. total: 86192656, remaining time:9887.05 min
0% finished. total: 86192656, remaining time:9870.2 min
0% finished. total: 86192656, remaining time:9853.42 min
0% finished. total: 86192656, remaining time:9836.69 min
0% finished. total: 86192656, remaining time:9820.01 min
0% finished. total: 86192656, remaining time:9803.4 min
0% finished. total: 86192656, remaining time:10096.5 min
0% finished. total: 86192656, remaining time:10445.4 min
