start job on SBATCH:i11 size6 run533 max_process:/max_trial:1000000 Thu Jul 2 15:09:39 PDT 2020
SLURM_JOB_ID:1694771 SLURM_JOB_NAME:product SLURM_JOB_DIR:/rhome/wzeng002/Documents/GitHub/concatenation
note:[n_low=9, n_high=9, k_low=1, k_high=1 sub_mode=], sub_mode_A:3, sub_mode_B:4, na_input:6, n_low:9, n_high=9, data_folder:data/random4/trial533, log_file:log/product533-size6.log status_file:
start calculating for 469 cases out of 75343 trials.
time used: 0.136134 sec
90% finished. total: 219961, remaining time:6.12619e-06 min
90% finished. total: 219961, remaining time:6.1816e-06 min
90% finished. total: 219961, remaining time:6.28721e-06 min
90% finished. total: 219961, remaining time:6.39753e-06 min
90% finished. total: 219961, remaining time:6.5168e-06 min
90% finished. total: 219961, remaining time:6.56622e-06 min
90% finished. total: 219961, remaining time:6.65072e-06 min
90% finished. total: 219961, remaining time:6.69449e-06 min
90% finished. total: 219961, remaining time:6.73621e-06 min
90% finished. total: 219961, remaining time:6.7536e-06 min
90% finished. total: 219961, remaining time:6.75875e-06 min
90% finished. total: 219961, remaining time:6.7631e-06 min
90% finished. total: 219961, remaining time:6.77078e-06 min
90% finished. total: 219961, remaining time:6.818e-06 min
90% finished. total: 219961, remaining time:6.82093e-06 min
90% finished. total: 219961, remaining time:6.82552e-06 min
90% finished. total: 219961, remaining time:6.86699e-06 min
90% finished. total: 219961, remaining time:6.87862e-06 min
90% finished. total: 219961, remaining time:6.88856e-06 min
90% finished. total: 219961, remaining time:6.91118e-06 min
90% finished. total: 219961, remaining time:6.91652e-06 min
90% finished. total: 219961, remaining time:6.91314e-06 min
91% finished. total: 219961, remaining time:7.16279e-06 min
91% finished. total: 219961, remaining time:7.17369e-06 min
91% finished. total: 219961, remaining time:7.15458e-06 min
91% finished. total: 219961, remaining time:8.37798e-06 min
91% finished. total: 219961, remaining time:8.37105e-06 min
91% finished. total: 219961, remaining time:8.36218e-06 min
91% finished. total: 219961, remaining time:8.34306e-06 min
91% finished. total: 219961, remaining time:1.49922e-05 min
91% finished. total: 219961, remaining time:1.49598e-05 min
91% finished. total: 219961, remaining time:1.94754e-05 min
91% finished. total: 219961, remaining time:1.94151e-05 min
91% finished. total: 219961, remaining time:1.93208e-05 min
91% finished. total: 219961, remaining time:2.23901e-05 min
91% finished. total: 219961, remaining time:2.23072e-05 min
91% finished. total: 219961, remaining time:2.21924e-05 min
91% finished. total: 219961, remaining time:2.6587e-05 min
91% finished. total: 219961, remaining time:2.64823e-05 min
91% finished. total: 219961, remaining time:2.74389e-05 min
91% finished. total: 219961, remaining time:2.73106e-05 min
91% finished. total: 219961, remaining time:2.71612e-05 min
91% finished. total: 219961, remaining time:2.70105e-05 min
91% finished. total: 219961, remaining time:3.20247e-05 min
92% finished. total: 219961, remaining time:3.18656e-05 min
92% finished. total: 219961, remaining time:3.16842e-05 min
92% finished. total: 219961, remaining time:3.15015e-05 min
92% finished. total: 219961, remaining time:3.86362e-05 min
92% finished. total: 219961, remaining time:3.84429e-05 min
92% finished. total: 219961, remaining time:3.82171e-05 min
92% finished. total: 219961, remaining time:4.20514e-05 min
92% finished. total: 219961, remaining time:4.18357e-05 min
92% finished. total: 219961, remaining time:4.15835e-05 min
92% finished. total: 219961, remaining time:4.133e-05 min
92% finished. total: 219961, remaining time:4.19236e-05 min
92% finished. total: 219961, remaining time:4.16998e-05 min
92% finished. total: 219961, remaining time:4.14434e-05 min
92% finished. total: 219961, remaining time:4.46852e-05 min
92% finished. total: 219961, remaining time:4.44362e-05 min
92% finished. total: 219961, remaining time:4.55468e-05 min
92% finished. total: 219961, remaining time:4.52619e-05 min
92% finished. total: 219961, remaining time:4.524e-05 min
92% finished. total: 219961, remaining time:4.49816e-05 min
92% finished. total: 219961, remaining time:4.46923e-05 min
92% finished. total: 219961, remaining time:4.43979e-05 min
92% finished. total: 219961, remaining time:4.72878e-05 min
93% finished. total: 219961, remaining time:4.70088e-05 min
93% finished. total: 219961, remaining time:4.77053e-05 min
93% finished. total: 219961, remaining time:4.74163e-05 min
93% finished. total: 219961, remaining time:4.70989e-05 min
93% finished. total: 219961, remaining time:4.84747e-05 min
93% finished. total: 219961, remaining time:4.81854e-05 min
93% finished. total: 219961, remaining time:4.78544e-05 min
93% finished. total: 219961, remaining time:4.75204e-05 min
93% finished. total: 219961, remaining time:4.79493e-05 min
93% finished. total: 219961, remaining time:4.76391e-05 min
93% finished. total: 219961, remaining time:4.73052e-05 min
93% finished. total: 219961, remaining time:4.69715e-05 min
93% finished. total: 219961, remaining time:4.73765e-05 min
93% finished. total: 219961, remaining time:4.7059e-05 min
93% finished. total: 219961, remaining time:4.67162e-05 min
93% finished. total: 219961, remaining time:4.63714e-05 min
93% finished. total: 219961, remaining time:4.66952e-05 min
93% finished. total: 219961, remaining time:4.63732e-05 min
93% finished. total: 219961, remaining time:4.60289e-05 min
93% finished. total: 219961, remaining time:4.56837e-05 min
93% finished. total: 219961, remaining time:4.65134e-05 min
93% finished. total: 219961, remaining time:4.61825e-05 min
94% finished. total: 219961, remaining time:4.583e-05 min
94% finished. total: 219961, remaining time:4.54756e-05 min
94% finished. total: 219961, remaining time:4.6073e-05 min
94% finished. total: 219961, remaining time:4.57317e-05 min
94% finished. total: 219961, remaining time:4.53738e-05 min
94% finished. total: 219961, remaining time:4.50118e-05 min
94% finished. total: 219961, remaining time:4.56362e-05 min
94% finished. total: 219961, remaining time:4.52909e-05 min
94% finished. total: 219961, remaining time:4.49228e-05 min
94% finished. total: 219961, remaining time:4.45536e-05 min
94% finished. total: 219961, remaining time:4.43495e-05 min
94% finished. total: 219961, remaining time:4.39984e-05 min
94% finished. total: 219961, remaining time:4.3625e-05 min
94% finished. total: 219961, remaining time:4.3249e-05 min
94% finished. total: 219961, remaining time:4.33751e-05 min
94% finished. total: 219961, remaining time:4.30228e-05 min
94% finished. total: 219961, remaining time:4.26501e-05 min
94% finished. total: 219961, remaining time:4.22756e-05 min
94% finished. total: 219961, remaining time:4.22251e-05 min
94% finished. total: 219961, remaining time:4.18739e-05 min
94% finished. total: 219961, remaining time:4.14947e-05 min
94% finished. total: 219961, remaining time:4.11121e-05 min
95% finished. total: 219961, remaining time:4.11352e-05 min
95% finished. total: 219961, remaining time:4.07724e-05 min
95% finished. total: 219961, remaining time:4.03922e-05 min
95% finished. total: 219961, remaining time:4.00115e-05 min
95% finished. total: 219961, remaining time:3.96307e-05 min
95% finished. total: 219961, remaining time:3.98766e-05 min
95% finished. total: 219961, remaining time:3.95095e-05 min
95% finished. total: 219961, remaining time:3.91241e-05 min
95% finished. total: 219961, remaining time:3.90127e-05 min
95% finished. total: 219961, remaining time:3.86534e-05 min
95% finished. total: 219961, remaining time:3.82685e-05 min
95% finished. total: 219961, remaining time:3.78817e-05 min
95% finished. total: 219961, remaining time:3.7496e-05 min
95% finished. total: 219961, remaining time:3.75705e-05 min
95% finished. total: 219961, remaining time:3.71928e-05 min
95% finished. total: 219961, remaining time:3.68004e-05 min
95% finished. total: 219961, remaining time:3.64069e-05 min
95% finished. total: 219961, remaining time:3.64235e-05 min
95% finished. total: 219961, remaining time:3.60392e-05 min
95% finished. total: 219961, remaining time:3.56381e-05 min
95% finished. total: 219961, remaining time:3.52359e-05 min
95% finished. total: 219961, remaining time:3.50165e-05 min
96% finished. total: 219961, remaining time:3.46263e-05 min
96% finished. total: 219961, remaining time:3.42226e-05 min
96% finished. total: 219961, remaining time:3.38201e-05 min
96% finished. total: 219961, remaining time:3.34159e-05 min
96% finished. total: 219961, remaining time:3.33965e-05 min
96% finished. total: 219961, remaining time:3.30069e-05 min
96% finished. total: 219961, remaining time:3.2601e-05 min
96% finished. total: 219961, remaining time:3.21933e-05 min
96% finished. total: 219961, remaining time:3.92705e-05 min
96% finished. total: 219961, remaining time:3.87867e-05 min
96% finished. total: 219961, remaining time:3.82868e-05 min
96% finished. total: 219961, remaining time:3.77853e-05 min
96% finished. total: 219961, remaining time:3.72859e-05 min
96% finished. total: 219961, remaining time:3.98347e-05 min
96% finished. total: 219961, remaining time:3.93037e-05 min
96% finished. total: 219961, remaining time:3.87588e-05 min
96% finished. total: 219961, remaining time:3.82139e-05 min
96% finished. total: 219961, remaining time:3.77648e-05 min
96% finished. total: 219961, remaining time:3.72354e-05 min
96% finished. total: 219961, remaining time:3.66935e-05 min
96% finished. total: 219961, remaining time:3.61511e-05 min
96% finished. total: 219961, remaining time:3.56092e-05 min
97% finished. total: 219961, remaining time:3.51595e-05 min
97% finished. total: 219961, remaining time:3.46276e-05 min
97% finished. total: 219961, remaining time:3.40857e-05 min
97% finished. total: 219961, remaining time:3.35424e-05 min
97% finished. total: 219961, remaining time:3.31516e-05 min
97% finished. total: 219961, remaining time:3.26196e-05 min
97% finished. total: 219961, remaining time:3.20757e-05 min
97% finished. total: 219961, remaining time:3.15306e-05 min
97% finished. total: 219961, remaining time:3.09857e-05 min
97% finished. total: 219961, remaining time:3.04455e-05 min
97% finished. total: 219961, remaining time:2.99115e-05 min
97% finished. total: 219961, remaining time:2.93715e-05 min
97% finished. total: 219961, remaining time:2.88276e-05 min
97% finished. total: 219961, remaining time:3.34296e-05 min
97% finished. total: 219961, remaining time:3.27993e-05 min
97% finished. total: 219961, remaining time:3.21582e-05 min
97% finished. total: 219961, remaining time:3.15162e-05 min
97% finished. total: 219961, remaining time:3.08752e-05 min
97% finished. total: 219961, remaining time:0.00244125 min
97% finished. total: 219961, remaining time:0.00457431 min
97% finished. total: 219961, remaining time:0.00535253 min
97% finished. total: 219961, remaining time:0.00664573 min
98% finished. total: 219961, remaining time:0.00865164 min
98% finished. total: 219961, remaining time:0.0101284 min
98% finished. total: 219961, remaining time:0.0109064 min
98% finished. total: 219961, remaining time:0.0106394 min
98% finished. total: 219961, remaining time:0.0117715 min
98% finished. total: 219961, remaining time:0.0140779 min
98% finished. total: 219961, remaining time:0.0141409 min
98% finished. total: 219961, remaining time:0.0161887 min
98% finished. total: 219961, remaining time:0.0168382 min
98% finished. total: 219961, remaining time:0.0177533 min
98% finished. total: 219961, remaining time:0.017384 min
98% finished. total: 219961, remaining time:0.0170292 min
98% finished. total: 219961, remaining time:0.0174727 min
98% finished. total: 219961, remaining time:0.0170987 min
98% finished. total: 219961, remaining time:0.0188163 min
98% finished. total: 219961, remaining time:0.0204284 min
98% finished. total: 219961, remaining time:0.0197059 min
98% finished. total: 219961, remaining time:0.0189834 min
98% finished. total: 219961, remaining time:0.0184659 min
98% finished. total: 219961, remaining time:0.0182692 min
98% finished. total: 219961, remaining time:0.0182432 min
98% finished. total: 219961, remaining time:0.0175118 min
99% finished. total: 219961, remaining time:0.0173246 min
99% finished. total: 219961, remaining time:0.0165153 min
99% finished. total: 219961, remaining time:0.0159508 min
99% finished. total: 219961, remaining time:0.0155668 min
99% finished. total: 219961, remaining time:0.0151754 min
99% finished. total: 219961, remaining time:0.0144965 min
99% finished. total: 219961, remaining time:0.0142376 min
99% finished. total: 219961, remaining time:0.0133194 min
99% finished. total: 219961, remaining time:0.0125701 min
99% finished. total: 219961, remaining time:0.0116882 min
99% finished. total: 219961, remaining time:0.0111387 min
99% finished. total: 219961, remaining time:0.0101746 min
99% finished. total: 219961, remaining time:0.00921144 min
99% finished. total: 219961, remaining time:0.00848487 min
99% finished. total: 219961, remaining time:0.0076163 min
99% finished. total: 219961, remaining time:0.00661245 min
99% finished. total: 219961, remaining time:0.00573726 min
99% finished. total: 219961, remaining time:0.00474332 min
99% finished. total: 219961, remaining time:0.00371271 min
99% finished. total: 219961, remaining time:0.00268304 min
99% finished. total: 219961, remaining time:0.00170582 min
99% finished. total: 219961, remaining time:0.000646011 min

finish job on i11 533 70/1000000 Thu Jul 2 15:11:59 PDT 2020
