start job on SBATCH:i05 size7 run508 max_process:/max_trial:1000000 Wed Jun 10 23:38:33 PDT 2020
SLURM_JOB_ID:1551643 SLURM_JOB_NAME:product SLURM_JOB_DIR:/rhome/wzeng002/Documents/GitHub/concatenation
note:[n_low=9, n_high=9, k_low=1, k_high=1 sub_mode=1], sub_mode_A:, sub_mode_B:, na_input:7, n_low:9, n_high=9, data_folder:data/random4/trial508, log_file:log/product508-size7.log status_file:log/status-product508-size7.log
sub_mode_B=2,na=7,Gax_row=2,id_Gax=263,Gaz_row=2, id_Gaz=527,dax=2,daz=2
sub_mode_B=2,na=7,Gax_row=2,id_Gax=359,Gaz_row=2, id_Gaz=527,dax=2,daz=2
sub_mode_B=2,na=7,Gax_row=2,id_Gax=356,Gaz_row=2, id_Gaz=527,dax=2,daz=2
sub_mode_B=2,na=7,Gax_row=2,id_Gax=418,Gaz_row=2, id_Gaz=527,dax=2,daz=2
sub_mode_B=2,na=7,Gax_row=2,id_Gax=423,Gaz_row=2, id_Gaz=527,dax=2,daz=2
sub_mode_B=2,na=7,Gax_row=2,id_Gax=427,Gaz_row=2, id_Gaz=527,dax=2,daz=2
sub_mode_B=2,na=7,Gax_row=2,id_Gax=449,Gaz_row=2, id_Gaz=527,dax=2,daz=2
sub_mode_B=2,na=7,Gax_row=2,id_Gax=455,Gaz_row=2, id_Gaz=527,dax=2,daz=2
sub_mode_B=2,na=7,Gax_row=2,id_Gax=459,Gaz_row=2, id_Gaz=527,dax=2,daz=2
sub_mode_B=2,na=7,Gax_row=2,id_Gax=461,Gaz_row=2, id_Gaz=527,dax=2,daz=2
sub_mode_B=2,na=7,Gax_row=2,id_Gax=527,Gaz_row=2, id_Gaz=558,dax=2,daz=2
sub_mode_B=2,na=7,Gax_row=2,id_Gax=519,Gaz_row=2, id_Gaz=744,dax=2,daz=2
sub_mode_B=2,na=7,Gax_row=2,id_Gax=558,Gaz_row=2, id_Gaz=527,dax=2,daz=2
sub_mode_B=2,na=7,Gax_row=2,id_Gax=559,Gaz_row=2, id_Gaz=559,dax=2,daz=2
sub_mode_B=2,na=7,Gax_row=2,id_Gax=523,Gaz_row=2, id_Gaz=868,dax=2,daz=2
sub_mode_B=2,na=7,Gax_row=2,id_Gax=589,Gaz_row=2, id_Gaz=527,dax=2,daz=2
sub_mode_B=2,na=7,Gax_row=2,id_Gax=591,Gaz_row=2, id_Gaz=558,dax=2,daz=2
sub_mode_B=2,na=7,Gax_row=2,id_Gax=526,Gaz_row=2, id_Gaz=961,dax=2,daz=2
sub_mode_B=2,na=7,Gax_row=2,id_Gax=525,Gaz_row=2, id_Gaz=930,dax=2,daz=2
sub_mode_B=2,na=7,Gax_row=2,id_Gax=623,Gaz_row=2, id_Gaz=558,dax=2,daz=2
sub_mode_B=2,na=7,Gax_row=2,id_Gax=620,Gaz_row=2, id_Gaz=651,dax=2,daz=2
sub_mode_B=2,na=7,Gax_row=2,id_Gax=621,Gaz_row=1, id_Gaz=31,dax=2,daz=2
sub_mode_B=2,na=7,Gax_row=2,id_Gax=622,Gaz_row=1, id_Gaz=31,dax=2,daz=2
sub_mode_B=2,na=7,Gax_row=2,id_Gax=615,Gaz_row=2, id_Gaz=744,dax=2,daz=2
sub_mode_B=2,na=7,Gax_row=2,id_Gax=612,Gaz_row=2, id_Gaz=744,dax=2,daz=2
sub_mode_B=2,na=7,Gax_row=2,id_Gax=651,Gaz_row=2, id_Gaz=527,dax=2,daz=2
sub_mode_B=2,na=7,Gax_row=2,id_Gax=655,Gaz_row=2, id_Gaz=558,dax=2,daz=2
sub_mode_B=2,na=7,Gax_row=2,id_Gax=619,Gaz_row=2, id_Gaz=868,dax=2,daz=2
sub_mode_B=2,na=7,Gax_row=2,id_Gax=616,Gaz_row=2, id_Gaz=868,dax=2,daz=2
sub_mode_B=2,na=7,Gax_row=2,id_Gax=682,Gaz_row=2, id_Gaz=589,dax=2,daz=2
sub_mode_B=2,na=7,Gax_row=2,id_Gax=683,Gaz_row=1, id_Gaz=31,dax=2,daz=2
sub_mode_B=2,na=7,Gax_row=2,id_Gax=686,Gaz_row=1, id_Gaz=31,dax=2,daz=2
sub_mode_B=2,na=7,Gax_row=2,id_Gax=687,Gaz_row=2, id_Gaz=558,dax=2,daz=2
sub_mode_B=2,na=7,Gax_row=2,id_Gax=679,Gaz_row=2, id_Gaz=744,dax=2,daz=2
sub_mode_B=2,na=7,Gax_row=2,id_Gax=674,Gaz_row=2, id_Gaz=744,dax=2,daz=2
sub_mode_B=2,na=7,Gax_row=2,id_Gax=713,Gaz_row=2, id_Gaz=558,dax=2,daz=2
sub_mode_B=2,na=7,Gax_row=2,id_Gax=691,Gaz_row=2, id_Gaz=744,dax=2,daz=2
sub_mode_B=2,na=7,Gax_row=2,id_Gax=715,Gaz_row=1, id_Gaz=31,dax=2,daz=2
sub_mode_B=2,na=7,Gax_row=2,id_Gax=711,Gaz_row=2, id_Gaz=744,dax=2,daz=2
sub_mode_B=2,na=7,Gax_row=2,id_Gax=717,Gaz_row=1, id_Gaz=31,dax=2,daz=2
sub_mode_B=2,na=7,Gax_row=2,id_Gax=705,Gaz_row=2, id_Gaz=744,dax=2,daz=2
sub_mode_B=2,na=7,Gax_row=2,id_Gax=680,Gaz_row=2, id_Gaz=930,dax=2,daz=2
sub_mode_B=2,na=7,Gax_row=2,id_Gax=719,Gaz_row=2, id_Gaz=558,dax=2,daz=2
sub_mode_B=2,na=7,Gax_row=2,id_Gax=685,Gaz_row=2, id_Gaz=930,dax=2,daz=2
sub_mode_B=2,na=7,Gax_row=2,id_Gax=723,Gaz_row=2, id_Gaz=744,dax=2,daz=2
sub_mode_B=2,na=7,Gax_row=2,id_Gax=725,Gaz_row=2, id_Gaz=744,dax=2,daz=2
sub_mode_B=2,na=7,Gax_row=2,id_Gax=718,Gaz_row=2, id_Gaz=961,dax=2,daz=2
sub_mode_B=2,na=7,Gax_row=2,id_Gax=744,Gaz_row=2, id_Gaz=527,dax=2,daz=2
sub_mode_B=2,na=7,Gax_row=2,id_Gax=712,Gaz_row=2, id_Gaz=961,dax=2,daz=2
sub_mode_B=2,na=7,Gax_row=2,id_Gax=745,Gaz_row=2, id_Gaz=559,dax=2,daz=2
sub_mode_B=2,na=7,Gax_row=2,id_Gax=746,Gaz_row=2, id_Gaz=591,dax=2,daz=2
sub_mode_B=2,na=7,Gax_row=2,id_Gax=747,Gaz_row=2, id_Gaz=527,dax=2,daz=2
sub_mode_B=2,na=7,Gax_row=2,id_Gax=748,Gaz_row=2, id_Gaz=655,dax=2,daz=2
sub_mode_B=2,na=7,Gax_row=2,id_Gax=749,Gaz_row=2, id_Gaz=527,dax=2,daz=2
sub_mode_B=2,na=7,Gax_row=2,id_Gax=750,Gaz_row=2, id_Gaz=527,dax=2,daz=2
sub_mode_B=2,na=7,Gax_row=2,id_Gax=751,Gaz_row=2, id_Gaz=559,dax=2,daz=2
sub_mode_B=2,na=7,Gax_row=2,id_Gax=775,Gaz_row=2, id_Gaz=527,dax=2,daz=2
                                                                         id_Gax_MAX=1023,id_Gaz_MAX=1023
sub_mode_B=3,na=7,Gax_row=2,id_Gax=263,Gaz_row=2, id_Gaz=527,dax=2,daz=2
                                                                         id_Gax_MAX=1023,id_Gaz_MAX=1023
sub_mode_B=3,na=7,Gax_row=2,id_Gax=359,Gaz_row=2, id_Gaz=527,dax=2,daz=2
                                                                         id_Gax_MAX=1023,id_Gaz_MAX=1023
sub_mode_B=3,na=7,Gax_row=2,id_Gax=356,Gaz_row=2, id_Gaz=527,dax=2,daz=2
                                                                         id_Gax_MAX=1023,id_Gaz_MAX=1023
sub_mode_B=3,na=7,Gax_row=2,id_Gax=449,Gaz_row=2, id_Gaz=527,dax=2,daz=2
                                                                         id_Gax_MAX=1023,id_Gaz_MAX=1023
                                                                         id_Gax_MAX=1023,id_Gaz_MAX=1023
sub_mode_B=3,na=7,Gax_row=2,id_Gax=455,Gaz_row=2, id_Gaz=527,dax=2,daz=2
sub_mode_B=3,na=7,Gax_row=2,id_Gax=427,Gaz_row=2, id_Gaz=527,dax=2,daz=2
                                                                         id_Gax_MAX=1023,id_Gaz_MAX=1023
                                                                         id_Gax_MAX=1023,id_Gaz_MAX=1023
sub_mode_B=3,na=7,Gax_row=2,id_Gax=459,Gaz_row=2, id_Gaz=527,dax=2,daz=2
                                                                         id_Gax_MAX=1023,id_Gaz_MAX=1023
sub_mode_B=3,na=7,Gax_row=2,id_Gax=418,Gaz_row=2, id_Gaz=527,dax=2,daz=2
sub_mode_B=3,na=7,Gax_row=2,id_Gax=461,Gaz_row=2, id_Gaz=527,dax=2,daz=2
                                                                         id_Gax_MAX=1023,id_Gaz_MAX=1023
sub_mode_B=3,na=7,Gax_row=2,id_Gax=423,Gaz_row=2, id_Gaz=527,dax=2,daz=2
                                                                         id_Gax_MAX=1023,id_Gaz_MAX=1023
sub_mode_B=3,na=7,Gax_row=2,id_Gax=527,Gaz_row=2, id_Gaz=558,dax=2,daz=2
sub_mode_B=2,na=7,Gax_row=2,id_Gax=783,Gaz_row=2, id_Gaz=558,dax=2,daz=2
                                                                         id_Gax_MAX=1023,id_Gaz_MAX=1023
sub_mode_B=3,na=7,Gax_row=2,id_Gax=519,Gaz_row=2, id_Gaz=744,dax=2,daz=2
                                                                         id_Gax_MAX=1023,id_Gaz_MAX=1023
sub_mode_B=3,na=7,Gax_row=2,id_Gax=558,Gaz_row=2, id_Gaz=527,dax=2,daz=2
                                                                         id_Gax_MAX=1023,id_Gaz_MAX=1023
                                                                         id_Gax_MAX=1023,id_Gaz_MAX=1023
sub_mode_B=3,na=7,Gax_row=2,id_Gax=526,Gaz_row=2, id_Gaz=961,dax=2,daz=2
                                                                         id_Gax_MAX=1023,id_Gaz_MAX=1023
                                                                         id_Gax_MAX=1023,id_Gaz_MAX=1023
sub_mode_B=3,na=7,Gax_row=2,id_Gax=591,Gaz_row=2, id_Gaz=558,dax=2,daz=2
sub_mode_B=3,na=7,Gax_row=2,id_Gax=559,Gaz_row=2, id_Gaz=559,dax=2,daz=2
sub_mode_B=3,na=7,Gax_row=2,id_Gax=523,Gaz_row=2, id_Gaz=868,dax=2,daz=2
                                                                         id_Gax_MAX=1023,id_Gaz_MAX=1023
sub_mode_B=3,na=7,Gax_row=2,id_Gax=589,Gaz_row=2, id_Gaz=527,dax=2,daz=2
                                                                         id_Gax_MAX=1023,id_Gaz_MAX=1023
sub_mode_B=3,na=7,Gax_row=2,id_Gax=623,Gaz_row=2, id_Gaz=558,dax=2,daz=2
                                                                         id_Gax_MAX=1023,id_Gaz_MAX=1023
                                                                         id_Gax_MAX=1023,id_Gaz_MAX=1023
sub_mode_B=3,na=7,Gax_row=2,id_Gax=612,Gaz_row=2, id_Gaz=744,dax=2,daz=2
sub_mode_B=3,na=7,Gax_row=2,id_Gax=525,Gaz_row=2, id_Gaz=930,dax=2,daz=2
                                                                         id_Gax_MAX=1023,id_Gaz_MAX=1023
                                                                         id_Gax_MAX=1023,id_Gaz_MAX=1023
                                                                         id_Gax_MAX=1023,id_Gaz_MAX=1023
sub_mode_B=3,na=7,Gax_row=2,id_Gax=619,Gaz_row=2, id_Gaz=868,dax=2,daz=2
sub_mode_B=3,na=7,Gax_row=2,id_Gax=615,Gaz_row=2, id_Gaz=744,dax=2,daz=2
sub_mode_B=3,na=7,Gax_row=2,id_Gax=620,Gaz_row=2, id_Gaz=651,dax=2,daz=2
                                                                         id_Gax_MAX=1023,id_Gaz_MAX=1023
sub_mode_B=3,na=7,Gax_row=2,id_Gax=651,Gaz_row=2, id_Gaz=527,dax=2,daz=2
                                                                         id_Gax_MAX=1023,id_Gaz_MAX=1023
sub_mode_B=3,na=7,Gax_row=2,id_Gax=655,Gaz_row=2, id_Gaz=558,dax=2,daz=2
                                                                         id_Gax_MAX=1023,id_Gaz_MAX=1023
sub_mode_B=3,na=7,Gax_row=2,id_Gax=616,Gaz_row=2, id_Gaz=868,dax=2,daz=2
                                                                         id_Gax_MAX=1023,id_Gaz_MAX=1023
                                                                         id_Gax_MAX=1023,id_Gaz_MAX=1023
sub_mode_B=3,na=7,Gax_row=2,id_Gax=682,Gaz_row=2, id_Gaz=589,dax=2,daz=2
sub_mode_B=3,na=7,Gax_row=2,id_Gax=679,Gaz_row=2, id_Gaz=744,dax=2,daz=2
                                                                         id_Gax_MAX=1023,id_Gaz_MAX=1023
                                                                         id_Gax_MAX=1023,id_Gaz_MAX=1023
sub_mode_B=3,na=7,Gax_row=2,id_Gax=687,Gaz_row=2, id_Gaz=558,dax=2,daz=2
                                                                         id_Gax_MAX=1023,id_Gaz_MAX=1023
sub_mode_B=3,na=7,Gax_row=2,id_Gax=674,Gaz_row=2, id_Gaz=744,dax=2,daz=2
sub_mode_B=3,na=7,Gax_row=2,id_Gax=680,Gaz_row=2, id_Gaz=930,dax=2,daz=2
                                                                         id_Gax_MAX=1023,id_Gaz_MAX=1023
                                                                         id_Gax_MAX=1023,id_Gaz_MAX=1023
sub_mode_B=3,na=7,Gax_row=2,id_Gax=711,Gaz_row=2, id_Gaz=744,dax=2,daz=2
sub_mode_B=3,na=7,Gax_row=2,id_Gax=691,Gaz_row=2, id_Gaz=744,dax=2,daz=2
                                                                         id_Gax_MAX=1023,id_Gaz_MAX=1023
sub_mode_B=3,na=7,Gax_row=2,id_Gax=713,Gaz_row=2, id_Gaz=558,dax=2,daz=2
                                                                         id_Gax_MAX=1023,id_Gaz_MAX=1023
                                                                         id_Gax_MAX=1023,id_Gaz_MAX=1023
sub_mode_B=2,na=7,Gax_row=2,id_Gax=791,Gaz_row=2, id_Gaz=527,dax=2,daz=2
sub_mode_B=3,na=7,Gax_row=2,id_Gax=705,Gaz_row=2, id_Gaz=744,dax=2,daz=2
sub_mode_B=3,na=7,Gax_row=2,id_Gax=685,Gaz_row=2, id_Gaz=930,dax=2,daz=2
                                                                         id_Gax_MAX=1023,id_Gaz_MAX=1023
                                                                         id_Gax_MAX=1023,id_Gaz_MAX=1023
sub_mode_B=3,na=7,Gax_row=2,id_Gax=719,Gaz_row=2, id_Gaz=558,dax=2,daz=2
sub_mode_B=3,na=7,Gax_row=2,id_Gax=725,Gaz_row=2, id_Gaz=744,dax=2,daz=2
                                                                         id_Gax_MAX=1023,id_Gaz_MAX=1023
sub_mode_B=3,na=7,Gax_row=2,id_Gax=718,Gaz_row=2, id_Gaz=961,dax=2,daz=2
