start job on SBATCH:c45 size run490 max_process:/max_trial:1000000 Wed Jun 3 00:10:50 PDT 2020
SLURM_JOB_ID:1394260 SLURM_JOB_NAME:product SLURM_JOB_DIR:/rhome/wzeng002/Documents/GitHub/concatenation
note:identical code A B, sub_mode:3, n_low:10, n_high=15, data_folder:data_hpcc/random3, log_file:log/product490-size.log status_file:log/status-product490-size.log
PSEUDO [1;31mCASE:[0m mode (0) dax*dbx=25, dcx=26. dax,daz,dbx,dbz = 5,2,5,2,na,nb,nc,13,13,169,data_hpcc/random3/trial490-66,identicalcodeAB,sub_mode3
PSEUDO [1;31mCASE:[0m mode (1) daz*dbz=16, dcz=18. dax,daz,dbx,dbz = 2,4,2,4,na,nb,nc,13,13,169,data_hpcc/random3/trial490-27,identicalcodeAB,sub_mode3
PSEUDO [1;31mCASE:[0m mode (0) dax*dbx=25, dcx=26. dax,daz,dbx,dbz = 5,2,5,2,na,nb,nc,15,15,225,data_hpcc/random3/trial490-453,identicalcodeAB,sub_mode3
PSEUDO [1;31mCASE:[0m mode (1) daz*dbz=25, dcz=26. dax,daz,dbx,dbz = 2,5,2,5,na,nb,nc,14,14,196,data_hpcc/random3/trial490-67,identicalcodeAB,sub_mode3
PSEUDO [1;31mCASE:[0m mode (1) daz*dbz=16, dcz=17. dax,daz,dbx,dbz = 2,4,2,4,na,nb,nc,15,15,225,data_hpcc/random3/trial490-184,identicalcodeAB,sub_mode3
PSEUDO [1;31mCASE:[0m mode (1) daz*dbz=25, dcz=26. dax,daz,dbx,dbz = 2,5,2,5,na,nb,nc,14,14,196,data_hpcc/random3/trial490-398,identicalcodeAB,sub_mode3
PSEUDO [1;31mCASE:[0m mode (0) dax*dbx=25, dcx=26. dax,daz,dbx,dbz = 5,2,5,2,na,nb,nc,14,14,196,data_hpcc/random3/trial490-610,identicalcodeAB,sub_mode3
PSEUDO [1;31mCASE:[0m mode (1) daz*dbz=25, dcz=27. dax,daz,dbx,dbz = 2,5,2,5,na,nb,nc,15,15,225,data_hpcc/random3/trial490-452,identicalcodeAB,sub_mode3
PSEUDO [1;31mCASE:[0m mode (1) daz*dbz=9, dcz=10. dax,daz,dbx,dbz = 3,3,3,3,na,nb,nc,14,14,196,data_hpcc/random3/trial490-451,identicalcodeAB,sub_mode3
PSEUDO [1;31mCASE:[0m mode (1) daz*dbz=9, dcz=10. dax,daz,dbx,dbz = 3,3,3,3,na,nb,nc,15,15,225,data_hpcc/random3/trial490-252,identicalcodeAB,sub_mode3
PSEUDO [1;31mCASE:[0m mode (1) daz*dbz=25, dcz=27. dax,daz,dbx,dbz = 2,5,2,5,na,nb,nc,13,13,169,data_hpcc/random3/trial490-658,identicalcodeAB,sub_mode3
PSEUDO [1;31mCASE:[0m mode (0) dax*dbx=16, dcx=17. dax,daz,dbx,dbz = 4,2,4,2,na,nb,nc,13,13,169,data_hpcc/random3/trial490-597,identicalcodeAB,sub_mode3
PSEUDO [1;31mCASE:[0m mode (1) daz*dbz=25, dcz=26. dax,daz,dbx,dbz = 2,5,2,5,na,nb,nc,15,15,225,data_hpcc/random3/trial490-593,identicalcodeAB,sub_mode3
PSEUDO [1;31mCASE:[0m mode (1) daz*dbz=25, dcz=26. dax,daz,dbx,dbz = 2,5,2,5,na,nb,nc,14,14,196,data_hpcc/random3/trial490-638,identicalcodeAB,sub_mode3
PSEUDO [1;31mCASE:[0m mode (0) dax*dbx=9, dcx=10. dax,daz,dbx,dbz = 3,2,3,2,na,nb,nc,15,15,225,data_hpcc/random3/trial490-327,identicalcodeAB,sub_mode3
PSEUDO [1;31mCASE:[0m mode (0) dax*dbx=36, dcx=37. dax,daz,dbx,dbz = 6,2,6,2,na,nb,nc,15,15,225,data_hpcc/random3/trial490-735,identicalcodeAB,sub_mode3
PSEUDO [1;31mCASE:[0m mode (1) daz*dbz=25, dcz=26. dax,daz,dbx,dbz = 2,5,2,5,na,nb,nc,14,14,196,data_hpcc/random3/trial490-780,identicalcodeAB,sub_mode3
PSEUDO [1;31mCASE:[0m mode (0) dax*dbx=25, dcx=27. dax,daz,dbx,dbz = 5,2,5,2,na,nb,nc,14,14,196,data_hpcc/random3/trial490-778,identicalcodeAB,sub_mode3
PSEUDO [1;31mCASE:[0m mode (0) dax*dbx=36, dcx=37. dax,daz,dbx,dbz = 6,2,6,2,na,nb,nc,15,15,225,data_hpcc/random3/trial490-839,identicalcodeAB,sub_mode3
PSEUDO [1;31mCASE:[0m mode (1) daz*dbz=25, dcz=27. dax,daz,dbx,dbz = 2,5,2,5,na,nb,nc,15,15,225,data_hpcc/random3/trial490-440,identicalcodeAB,sub_mode3
PSEUDO [1;31mCASE:[0m mode (0) dax*dbx=25, dcx=26. dax,daz,dbx,dbz = 5,2,5,2,na,nb,nc,15,15,225,data_hpcc/random3/trial490-806,identicalcodeAB,sub_mode3
PSEUDO [1;31mCASE:[0m mode (0) dax*dbx=25, dcx=27. dax,daz,dbx,dbz = 5,2,5,2,na,nb,nc,15,15,225,data_hpcc/random3/trial490-675,identicalcodeAB,sub_mode3
PSEUDO [1;31mCASE:[0m mode (0) dax*dbx=16, dcx=17. dax,daz,dbx,dbz = 4,2,4,2,na,nb,nc,14,14,196,data_hpcc/random3/trial490-834,identicalcodeAB,sub_mode3
PSEUDO [1;31mCASE:[0m mode (1) daz*dbz=25, dcz=26. dax,daz,dbx,dbz = 2,5,2,5,na,nb,nc,15,15,225,data_hpcc/random3/trial490-1056,identicalcodeAB,sub_mode3
PSEUDO [1;31mCASE:[0m mode (0) dax*dbx=25, dcx=26. dax,daz,dbx,dbz = 5,2,5,2,na,nb,nc,14,14,196,data_hpcc/random3/trial490-1085,identicalcodeAB,sub_mode3
PSEUDO [1;31mCASE:[0m mode (0) dax*dbx=9, dcx=10. dax,daz,dbx,dbz = 3,2,3,2,na,nb,nc,10,10,100,data_hpcc/random3/trial490-1252,identicalcodeAB,sub_mode3
PSEUDO [1;31mCASE:[0m mode (1) daz*dbz=36, dcz=37. dax,daz,dbx,dbz = 2,6,2,6,na,nb,nc,15,15,225,data_hpcc/random3/trial490-1226,identicalcodeAB,sub_mode3
PSEUDO [1;31mCASE:[0m mode (0) dax*dbx=16, dcx=18. dax,daz,dbx,dbz = 4,2,4,2,na,nb,nc,15,15,225,data_hpcc/random3/trial490-906,identicalcodeAB,sub_mode3
PSEUDO [1;31mCASE:[0m mode (0) dax*dbx=16, dcx=17. dax,daz,dbx,dbz = 4,2,4,2,na,nb,nc,15,15,225,data_hpcc/random3/trial490-785,identicalcodeAB,sub_mode3
PSEUDO [1;31mCASE:[0m mode (1) daz*dbz=25, dcz=29. dax,daz,dbx,dbz = 2,5,2,5,na,nb,nc,14,14,196,data_hpcc/random3/trial490-1142,identicalcodeAB,sub_mode3
PSEUDO [1;31mCASE:[0m mode (1) daz*dbz=36, dcz=37. dax,daz,dbx,dbz = 2,6,2,6,na,nb,nc,15,15,225,data_hpcc/random3/trial490-1303,identicalcodeAB,sub_mode3
PSEUDO [1;31mCASE:[0m mode (1) daz*dbz=9, dcz=10. dax,daz,dbx,dbz = 3,3,3,3,na,nb,nc,15,15,225,data_hpcc/random3/trial490-28,identicalcodeAB,sub_mode3
PSEUDO [1;31mCASE:[0m mode (0) dax*dbx=16, dcx=17. dax,daz,dbx,dbz = 4,3,4,3,na,nb,nc,15,15,225,data_hpcc/random3/trial490-788,identicalcodeAB,sub_mode3
PSEUDO [1;31mCASE:[0m mode (1) daz*dbz=25, dcz=26. dax,daz,dbx,dbz = 2,5,2,5,na,nb,nc,15,15,225,data_hpcc/random3/trial490-1268,identicalcodeAB,sub_mode3
PSEUDO [1;31mCASE:[0m mode (3) daz*dbz=25, dcz=30. dax,daz,dbx,dbz = 2,5,2,5,na,nb,nc,15,15,315,data_hpcc/random3/trial490-440,identicalcodeAB,sub_mode3
PSEUDO [1;31mCASE:[0m mode (1) daz*dbz=16, dcz=17. dax,daz,dbx,dbz = 2,4,2,4,na,nb,nc,15,15,225,data_hpcc/random3/trial490-1424,identicalcodeAB,sub_mode3
PSEUDO [1;31mCASE:[0m mode (1) daz*dbz=25, dcz=26. dax,daz,dbx,dbz = 2,5,2,5,na,nb,nc,15,15,225,data_hpcc/random3/trial490-1590,identicalcodeAB,sub_mode3
PSEUDO [1;31mCASE:[0m mode (1) daz*dbz=16, dcz=17. dax,daz,dbx,dbz = 2,4,2,4,na,nb,nc,15,15,225,data_hpcc/random3/trial490-1373,identicalcodeAB,sub_mode3
PSEUDO [1;31mCASE:[0m mode (1) daz*dbz=9, dcz=10. dax,daz,dbx,dbz = 2,3,2,3,na,nb,nc,14,14,196,data_hpcc/random3/trial490-1593,identicalcodeAB,sub_mode3
PSEUDO [1;31mCASE:[0m mode (1) daz*dbz=25, dcz=26. dax,daz,dbx,dbz = 2,5,2,5,na,nb,nc,15,15,225,data_hpcc/random3/trial490-1733,identicalcodeAB,sub_mode3
PSEUDO [1;31mCASE:[0m mode (0) dax*dbx=25, dcx=26. dax,daz,dbx,dbz = 5,2,5,2,na,nb,nc,15,15,225,data_hpcc/random3/trial490-1949,identicalcodeAB,sub_mode3
PSEUDO [1;31mCASE:[0m mode (0) dax*dbx=36, dcx=37. dax,daz,dbx,dbz = 6,2,6,2,na,nb,nc,15,15,225,data_hpcc/random3/trial490-2146,identicalcodeAB,sub_mode3
PSEUDO [1;31mCASE:[0m mode (1) daz*dbz=16, dcz=17. dax,daz,dbx,dbz = 2,4,2,4,na,nb,nc,14,14,196,data_hpcc/random3/trial490-1951,identicalcodeAB,sub_mode3
PSEUDO [1;31mCASE:[0m mode (1) daz*dbz=25, dcz=26. dax,daz,dbx,dbz = 2,5,2,5,na,nb,nc,15,15,225,data_hpcc/random3/trial490-2028,identicalcodeAB,sub_mode3
PSEUDO [1;31mCASE:[0m mode (0) dax*dbx=16, dcx=20. dax,daz,dbx,dbz = 4,2,4,2,na,nb,nc,15,15,225,data_hpcc/random3/trial490-1591,identicalcodeAB,sub_mode3
PSEUDO [1;31mCASE:[0m mode (1) daz*dbz=9, dcz=10. dax,daz,dbx,dbz = 3,3,3,3,na,nb,nc,14,14,196,data_hpcc/random3/trial490-1853,identicalcodeAB,sub_mode3
PSEUDO [1;31mCASE:[0m mode (1) daz*dbz=9, dcz=10. dax,daz,dbx,dbz = 3,3,3,3,na,nb,nc,15,15,225,data_hpcc/random3/trial490-1908,identicalcodeAB,sub_mode3
PSEUDO [1;31mCASE:[0m mode (1) daz*dbz=16, dcz=18. dax,daz,dbx,dbz = 2,4,2,4,na,nb,nc,15,15,225,data_hpcc/random3/trial490-1636,identicalcodeAB,sub_mode3
PSEUDO [1;31mCASE:[0m mode (0) dax*dbx=25, dcx=27. dax,daz,dbx,dbz = 5,2,5,2,na,nb,nc,14,14,196,data_hpcc/random3/trial490-2173,identicalcodeAB,sub_mode3
PSEUDO [1;31mCASE:[0m mode (0) dax*dbx=16, dcx=17. dax,daz,dbx,dbz = 4,2,4,2,na,nb,nc,14,14,196,data_hpcc/random3/trial490-2117,identicalcodeAB,sub_mode3
PSEUDO [1;31mCASE:[0m mode (1) daz*dbz=25, dcz=26. dax,daz,dbx,dbz = 2,5,2,5,na,nb,nc,14,14,196,data_hpcc/random3/trial490-2324,identicalcodeAB,sub_mode3
PSEUDO [1;31mCASE:[0m mode (0) dax*dbx=16, dcx=17. dax,daz,dbx,dbz = 4,2,4,2,na,nb,nc,13,13,169,data_hpcc/random3/trial490-2293,identicalcodeAB,sub_mode3
PSEUDO [1;31mCASE:[0m mode (0) dax*dbx=25, dcx=26. dax,daz,dbx,dbz = 5,2,5,2,na,nb,nc,14,14,196,data_hpcc/random3/trial490-2302,identicalcodeAB,sub_mode3
PSEUDO [1;31mCASE:[0m mode (1) daz*dbz=9, dcz=10. dax,daz,dbx,dbz = 2,3,2,3,na,nb,nc,13,13,169,data_hpcc/random3/trial490-2359,identicalcodeAB,sub_mode3
PSEUDO [1;31mCASE:[0m mode (0) dax*dbx=9, dcx=10. dax,daz,dbx,dbz = 3,2,3,2,na,nb,nc,15,15,225,data_hpcc/random3/trial490-2231,identicalcodeAB,sub_mode3
PSEUDO [1;31mCASE:[0m mode (1) daz*dbz=16, dcz=17. dax,daz,dbx,dbz = 2,4,2,4,na,nb,nc,14,14,196,data_hpcc/random3/trial490-2171,identicalcodeAB,sub_mode3
PSEUDO [1;31mCASE:[0m mode (1) daz*dbz=36, dcz=37. dax,daz,dbx,dbz = 2,6,2,6,na,nb,nc,15,15,225,data_hpcc/random3/trial490-2560,identicalcodeAB,sub_mode3
PSEUDO [1;31mCASE:[0m mode (1) daz*dbz=9, dcz=10. dax,daz,dbx,dbz = 3,3,3,3,na,nb,nc,13,13,169,data_hpcc/random3/trial490-2465,identicalcodeAB,sub_mode3
PSEUDO [1;31mCASE:[0m mode (1) daz*dbz=36, dcz=39. dax,daz,dbx,dbz = 2,6,2,6,na,nb,nc,15,15,225,data_hpcc/random3/trial490-2529,identicalcodeAB,sub_mode3
PSEUDO [1;31mCASE:[0m mode (1) daz*dbz=36, dcz=37. dax,daz,dbx,dbz = 2,6,2,6,na,nb,nc,15,15,225,data_hpcc/random3/trial490-2578,identicalcodeAB,sub_mode3
PSEUDO [1;31mCASE:[0m mode (1) daz*dbz=25, dcz=26. dax,daz,dbx,dbz = 2,5,2,5,na,nb,nc,15,15,225,data_hpcc/random3/trial490-2554,identicalcodeAB,sub_mode3
PSEUDO [1;31mCASE:[0m mode (1) daz*dbz=36, dcz=37. dax,daz,dbx,dbz = 2,6,2,6,na,nb,nc,14,14,196,data_hpcc/random3/trial490-2702,identicalcodeAB,sub_mode3
PSEUDO [1;31mCASE:[0m mode (1) daz*dbz=9, dcz=10. dax,daz,dbx,dbz = 2,3,2,3,na,nb,nc,15,15,225,data_hpcc/random3/trial490-2343,identicalcodeAB,sub_mode3
PSEUDO [1;31mCASE:[0m mode (0) dax*dbx=25, dcx=27. dax,daz,dbx,dbz = 5,2,5,2,na,nb,nc,15,15,225,data_hpcc/random3/trial490-2544,identicalcodeAB,sub_mode3
PSEUDO [1;31mCASE:[0m mode (1) daz*dbz=16, dcz=17. dax,daz,dbx,dbz = 2,4,2,4,na,nb,nc,15,15,225,data_hpcc/random3/trial490-2441,identicalcodeAB,sub_mode3
PSEUDO [1;31mCASE:[0m mode (0) dax*dbx=16, dcx=17. dax,daz,dbx,dbz = 4,2,4,2,na,nb,nc,15,15,225,data_hpcc/random3/trial490-2314,identicalcodeAB,sub_mode3
PSEUDO [1;31mCASE:[0m mode (1) daz*dbz=16, dcz=17. dax,daz,dbx,dbz = 2,4,2,4,na,nb,nc,14,14,196,data_hpcc/random3/trial490-2709,identicalcodeAB,sub_mode3
PSEUDO [1;31mCASE:[0m mode (1) daz*dbz=25, dcz=26. dax,daz,dbx,dbz = 2,5,2,5,na,nb,nc,15,15,225,data_hpcc/random3/trial490-2752,identicalcodeAB,sub_mode3
PSEUDO [1;31mCASE:[0m mode (1) daz*dbz=16, dcz=17. dax,daz,dbx,dbz = 2,4,2,4,na,nb,nc,14,14,196,data_hpcc/random3/trial490-2772,identicalcodeAB,sub_mode3
PSEUDO [1;31mCASE:[0m mode (1) daz*dbz=25, dcz=26. dax,daz,dbx,dbz = 2,5,2,5,na,nb,nc,15,15,225,data_hpcc/random3/trial490-2877,identicalcodeAB,sub_mode3
PSEUDO [1;31mCASE:[0m mode (1) daz*dbz=9, dcz=10. dax,daz,dbx,dbz = 2,3,2,3,na,nb,nc,15,15,225,data_hpcc/random3/trial490-2641,identicalcodeAB,sub_mode3
PSEUDO [1;31mCASE:[0m mode (1) daz*dbz=16, dcz=18. dax,daz,dbx,dbz = 3,4,3,4,na,nb,nc,15,15,225,data_hpcc/random3/trial490-2662,identicalcodeAB,sub_mode3
PSEUDO [1;31mCASE:[0m mode (0) dax*dbx=16, dcx=17. dax,daz,dbx,dbz = 4,2,4,2,na,nb,nc,14,14,196,data_hpcc/random3/trial490-3013,identicalcodeAB,sub_mode3
PSEUDO [1;31mCASE:[0m mode (1) daz*dbz=16, dcz=17. dax,daz,dbx,dbz = 2,4,2,4,na,nb,nc,14,14,196,data_hpcc/random3/trial490-3046,identicalcodeAB,sub_mode3
PSEUDO [1;31mCASE:[0m mode (4) dax*dbx=25, dcx=30. dax,daz,dbx,dbz = 5,2,5,2,na,nb,nc,15,15,305,data_hpcc/random3/trial490-2544,identicalcodeAB,sub_mode3
PSEUDO [1;31mCASE:[0m mode (0) dax*dbx=25, dcx=26. dax,daz,dbx,dbz = 5,2,5,2,na,nb,nc,15,15,225,data_hpcc/random3/trial490-3033,identicalcodeAB,sub_mode3
PSEUDO [1;31mCASE:[0m mode (1) daz*dbz=25, dcz=26. dax,daz,dbx,dbz = 2,5,2,5,na,nb,nc,14,14,196,data_hpcc/random3/trial490-3184,identicalcodeAB,sub_mode3
PSEUDO [1;31mCASE:[0m mode (1) daz*dbz=36, dcz=37. dax,daz,dbx,dbz = 2,6,2,6,na,nb,nc,15,15,225,data_hpcc/random3/trial490-3259,identicalcodeAB,sub_mode3
PSEUDO [1;31mCASE:[0m mode (1) daz*dbz=16, dcz=18. dax,daz,dbx,dbz = 2,4,2,4,na,nb,nc,15,15,225,data_hpcc/random3/trial490-2705,identicalcodeAB,sub_mode3
PSEUDO [1;31mCASE:[0m mode (1) daz*dbz=25, dcz=27. dax,daz,dbx,dbz = 2,5,2,5,na,nb,nc,15,15,225,data_hpcc/random3/trial490-3136,identicalcodeAB,sub_mode3
PSEUDO [1;31mCASE:[0m mode (1) daz*dbz=9, dcz=10. dax,daz,dbx,dbz = 3,3,3,3,na,nb,nc,15,15,225,data_hpcc/random3/trial490-3032,identicalcodeAB,sub_mode3
PSEUDO [1;31mCASE:[0m mode (1) daz*dbz=16, dcz=17. dax,daz,dbx,dbz = 2,4,2,4,na,nb,nc,15,15,225,data_hpcc/random3/trial490-3071,identicalcodeAB,sub_mode3
PSEUDO [1;31mCASE:[0m mode (0) dax*dbx=25, dcx=27. dax,daz,dbx,dbz = 5,2,5,2,na,nb,nc,14,14,196,data_hpcc/random3/trial490-3442,identicalcodeAB,sub_mode3
PSEUDO [1;31mCASE:[0m mode (1) daz*dbz=16, dcz=17. dax,daz,dbx,dbz = 2,4,2,4,na,nb,nc,13,13,169,data_hpcc/random3/trial490-3407,identicalcodeAB,sub_mode3
PSEUDO [1;31mCASE:[0m mode (1) daz*dbz=25, dcz=26. dax,daz,dbx,dbz = 2,5,2,5,na,nb,nc,15,15,225,data_hpcc/random3/trial490-3293,identicalcodeAB,sub_mode3
PSEUDO [1;31mCASE:[0m mode (1) daz*dbz=16, dcz=17. dax,daz,dbx,dbz = 2,4,2,4,na,nb,nc,14,14,196,data_hpcc/random3/trial490-3437,identicalcodeAB,sub_mode3
PSEUDO [1;31mCASE:[0m mode (1) daz*dbz=16, dcz=17. dax,daz,dbx,dbz = 2,4,2,4,na,nb,nc,14,14,196,data_hpcc/random3/trial490-3270,identicalcodeAB,sub_mode3
PSEUDO [1;31mCASE:[0m mode (0) dax*dbx=16, dcx=17. dax,daz,dbx,dbz = 4,2,4,2,na,nb,nc,15,15,225,data_hpcc/random3/trial490-3505,identicalcodeAB,sub_mode3
PSEUDO [1;31mCASE:[0m mode (0) dax*dbx=16, dcx=17. dax,daz,dbx,dbz = 4,2,4,2,na,nb,nc,13,13,169,data_hpcc/random3/trial490-3636,identicalcodeAB,sub_mode3
PSEUDO [1;31mCASE:[0m mode (0) dax*dbx=16, dcx=17. dax,daz,dbx,dbz = 4,2,4,2,na,nb,nc,14,14,196,data_hpcc/random3/trial490-3508,identicalcodeAB,sub_mode3
PSEUDO [1;31mCASE:[0m mode (0) dax*dbx=25, dcx=26. dax,daz,dbx,dbz = 5,2,5,2,na,nb,nc,14,14,196,data_hpcc/random3/trial490-3691,identicalcodeAB,sub_mode3
PSEUDO [1;31mCASE:[0m mode (0) dax*dbx=25, dcx=26. dax,daz,dbx,dbz = 5,2,5,2,na,nb,nc,15,15,225,data_hpcc/random3/trial490-3843,identicalcodeAB,sub_mode3
PSEUDO [1;31mCASE:[0m mode (0) dax*dbx=16, dcx=17. dax,daz,dbx,dbz = 4,2,4,2,na,nb,nc,14,14,196,data_hpcc/random3/trial490-3822,identicalcodeAB,sub_mode3
PSEUDO [1;31mCASE:[0m mode (1) daz*dbz=25, dcz=29. dax,daz,dbx,dbz = 2,5,2,5,na,nb,nc,15,15,225,data_hpcc/random3/trial490-3689,identicalcodeAB,sub_mode3
PSEUDO [1;31mCASE:[0m mode (0) dax*dbx=9, dcx=10. dax,daz,dbx,dbz = 3,3,3,3,na,nb,nc,13,13,169,data_hpcc/random3/trial490-3956,identicalcodeAB,sub_mode3
PSEUDO [1;31mCASE:[0m mode (1) daz*dbz=25, dcz=27. dax,daz,dbx,dbz = 2,5,2,5,na,nb,nc,15,15,225,data_hpcc/random3/trial490-3936,identicalcodeAB,sub_mode3
PSEUDO [1;31mCASE:[0m mode (0) dax*dbx=25, dcx=26. dax,daz,dbx,dbz = 5,2,5,2,na,nb,nc,15,15,225,data_hpcc/random3/trial490-4013,identicalcodeAB,sub_mode3
PSEUDO [1;31mCASE:[0m mode (0) dax*dbx=25, dcx=26. dax,daz,dbx,dbz = 5,2,5,2,na,nb,nc,14,14,196,data_hpcc/random3/trial490-3963,identicalcodeAB,sub_mode3
PSEUDO [1;31mCASE:[0m mode (1) daz*dbz=16, dcz=17. dax,daz,dbx,dbz = 2,4,2,4,na,nb,nc,12,12,144,data_hpcc/random3/trial490-3986,identicalcodeAB,sub_mode3
PSEUDO [1;31mCASE:[0m mode (1) daz*dbz=36, dcz=37. dax,daz,dbx,dbz = 2,6,2,6,na,nb,nc,15,15,225,data_hpcc/random3/trial490-4156,identicalcodeAB,sub_mode3
PSEUDO [1;31mCASE:[0m mode (1) daz*dbz=16, dcz=19. dax,daz,dbx,dbz = 2,4,2,4,na,nb,nc,15,15,225,data_hpcc/random3/trial490-3656,identicalcodeAB,sub_mode3
PSEUDO [1;31mCASE:[0m mode (0) dax*dbx=16, dcx=19. dax,daz,dbx,dbz = 4,2,4,2,na,nb,nc,15,15,225,data_hpcc/random3/trial490-3793,identicalcodeAB,sub_mode3
PSEUDO [1;31mCASE:[0m mode (1) daz*dbz=9, dcz=10. dax,daz,dbx,dbz = 3,3,3,3,na,nb,nc,15,15,225,data_hpcc/random3/trial490-4053,identicalcodeAB,sub_mode3
PSEUDO [1;31mCASE:[0m mode (1) daz*dbz=16, dcz=17. dax,daz,dbx,dbz = 2,4,2,4,na,nb,nc,14,14,196,data_hpcc/random3/trial490-4107,identicalcodeAB,sub_mode3
PSEUDO [1;31mCASE:[0m mode (1) daz*dbz=16, dcz=17. dax,daz,dbx,dbz = 2,4,2,4,na,nb,nc,14,14,196,data_hpcc/random3/trial490-4080,identicalcodeAB,sub_mode3
PSEUDO [1;31mCASE:[0m mode (0) dax*dbx=25, dcx=26. dax,daz,dbx,dbz = 5,2,5,2,na,nb,nc,15,15,225,data_hpcc/random3/trial490-4367,identicalcodeAB,sub_mode3
PSEUDO [1;31mCASE:[0m mode (3) daz*dbz=25, dcz=38. dax,daz,dbx,dbz = 2,5,2,5,na,nb,nc,15,15,315,data_hpcc/random3/trial490-3689,identicalcodeAB,sub_mode3
PSEUDO [1;31mCASE:[0m mode (0) dax*dbx=16, dcx=17. dax,daz,dbx,dbz = 4,2,4,2,na,nb,nc,13,13,169,data_hpcc/random3/trial490-4457,identicalcodeAB,sub_mode3
PSEUDO [1;31mCASE:[0m mode (0) dax*dbx=16, dcx=17. dax,daz,dbx,dbz = 4,3,4,3,na,nb,nc,15,15,225,data_hpcc/random3/trial490-4085,identicalcodeAB,sub_mode3
PSEUDO [1;31mCASE:[0m mode (0) dax*dbx=16, dcx=18. dax,daz,dbx,dbz = 4,2,4,2,na,nb,nc,15,15,225,data_hpcc/random3/trial490-4239,identicalcodeAB,sub_mode3
PSEUDO [1;31mCASE:[0m mode (1) daz*dbz=25, dcz=26. dax,daz,dbx,dbz = 2,5,2,5,na,nb,nc,15,15,225,data_hpcc/random3/trial490-4464,identicalcodeAB,sub_mode3
PSEUDO [1;31mCASE:[0m mode (0) dax*dbx=16, dcx=17. dax,daz,dbx,dbz = 4,3,4,3,na,nb,nc,14,14,196,data_hpcc/random3/trial490-4307,identicalcodeAB,sub_mode3
PSEUDO [1;31mCASE:[0m mode (1) daz*dbz=9, dcz=10. dax,daz,dbx,dbz = 3,3,3,3,na,nb,nc,15,15,225,data_hpcc/random3/trial490-4045,identicalcodeAB,sub_mode3
PSEUDO [1;31mCASE:[0m mode (1) daz*dbz=36, dcz=39. dax,daz,dbx,dbz = 2,6,2,6,na,nb,nc,15,15,225,data_hpcc/random3/trial490-4482,identicalcodeAB,sub_mode3
PSEUDO [1;31mCASE:[0m mode (1) daz*dbz=16, dcz=17. dax,daz,dbx,dbz = 2,4,2,4,na,nb,nc,13,13,169,data_hpcc/random3/trial490-4446,identicalcodeAB,sub_mode3
PSEUDO [1;31mCASE:[0m mode (0) dax*dbx=9, dcx=10. dax,daz,dbx,dbz = 3,3,3,3,na,nb,nc,14,14,196,data_hpcc/random3/trial490-4499,identicalcodeAB,sub_mode3
PSEUDO [1;31mCASE:[0m mode (1) daz*dbz=25, dcz=27. dax,daz,dbx,dbz = 2,5,2,5,na,nb,nc,14,14,196,data_hpcc/random3/trial490-4472,identicalcodeAB,sub_mode3
PSEUDO [1;31mCASE:[0m mode (0) dax*dbx=16, dcx=17. dax,daz,dbx,dbz = 4,2,4,2,na,nb,nc,15,15,225,data_hpcc/random3/trial490-4316,identicalcodeAB,sub_mode3
PSEUDO [1;31mCASE:[0m mode (3) daz*dbz=36, dcz=41. dax,daz,dbx,dbz = 2,6,2,6,na,nb,nc,15,15,291,data_hpcc/random3/trial490-4482,identicalcodeAB,sub_mode3
PSEUDO [1;31mCASE:[0m mode (1) daz*dbz=25, dcz=28. dax,daz,dbx,dbz = 2,5,2,5,na,nb,nc,15,15,225,data_hpcc/random3/trial490-4593,identicalcodeAB,sub_mode3
