start job on SBATCH:i12 size6 run535 max_process:/max_trial:1000000 Thu Jul 2 15:26:21 PDT 2020
SLURM_JOB_ID:1694867 SLURM_JOB_NAME:product SLURM_JOB_DIR:/rhome/wzeng002/Documents/GitHub/concatenation
note:[n_low=9, n_high=9, k_low=1, k_high=1 sub_mode=], sub_mode_A:3, sub_mode_B:4, na_input:6, n_low:9, n_high=9, data_folder:data/random4/trial535, log_file:log/product535-size6.log status_file:
start calculating for 469 cases out of 72005 trials.
time used: 0.083385 sec
50% finished. total: 219961, remaining time:8.31389e-06 min
50% finished. total: 219961, remaining time:1.42808e-05 min
50% finished. total: 219961, remaining time:1.83409e-05 min
50% finished. total: 219961, remaining time:0.0643804 min
50% finished. total: 219961, remaining time:0.35122 min
51% finished. total: 219961, remaining time:0.692395 min
51% finished. total: 219961, remaining time:1.01495 min
51% finished. total: 219961, remaining time:1.5255 min
51% finished. total: 219961, remaining time:1.95411 min
52% finished. total: 219961, remaining time:2.3701 min
52% finished. total: 219961, remaining time:2.86667 min
52% finished. total: 219961, remaining time:3.21441 min
52% finished. total: 219961, remaining time:3.46622 min
52% finished. total: 219961, remaining time:3.79757 min
53% finished. total: 219961, remaining time:4.09208 min
53% finished. total: 219961, remaining time:4.21247 min
53% finished. total: 219961, remaining time:4.5505 min
53% finished. total: 219961, remaining time:4.95756 min
54% finished. total: 219961, remaining time:5.22914 min
54% finished. total: 219961, remaining time:5.67957 min
54% finished. total: 219961, remaining time:6.09741 min
54% finished. total: 219961, remaining time:6.43977 min
55% finished. total: 219961, remaining time:6.7783 min
55% finished. total: 219961, remaining time:7.1247 min
55% finished. total: 219961, remaining time:7.16608 min
55% finished. total: 219961, remaining time:7.3491 min
55% finished. total: 219961, remaining time:7.72518 min
56% finished. total: 219961, remaining time:8.09293 min
56% finished. total: 219961, remaining time:8.19879 min
56% finished. total: 219961, remaining time:8.55051 min
56% finished. total: 219961, remaining time:8.83529 min
57% finished. total: 219961, remaining time:9.08773 min
57% finished. total: 219961, remaining time:9.3251 min
57% finished. total: 219961, remaining time:9.56184 min
57% finished. total: 219961, remaining time:9.78421 min
57% finished. total: 219961, remaining time:9.96917 min
58% finished. total: 219961, remaining time:10.1885 min
58% finished. total: 219961, remaining time:10.4956 min
58% finished. total: 219961, remaining time:10.7915 min
58% finished. total: 219961, remaining time:11.0896 min
59% finished. total: 219961, remaining time:11.2882 min
59% finished. total: 219961, remaining time:11.5681 min
59% finished. total: 219961, remaining time:11.7515 min
59% finished. total: 219961, remaining time:11.7656 min
60% finished. total: 219961, remaining time:11.713 min
60% finished. total: 219961, remaining time:11.964 min
60% finished. total: 219961, remaining time:12.0472 min
60% finished. total: 219961, remaining time:12.2955 min
60% finished. total: 219961, remaining time:12.3288 min
61% finished. total: 219961, remaining time:12.471 min
61% finished. total: 219961, remaining time:12.454 min
61% finished. total: 219961, remaining time:12.449 min
61% finished. total: 219961, remaining time:12.6359 min
62% finished. total: 219961, remaining time:12.6817 min
62% finished. total: 219961, remaining time:12.6712 min
62% finished. total: 219961, remaining time:12.8879 min
62% finished. total: 219961, remaining time:12.9157 min
62% finished. total: 219961, remaining time:12.8724 min
63% finished. total: 219961, remaining time:12.9187 min
63% finished. total: 219961, remaining time:12.9593 min
63% finished. total: 219961, remaining time:12.9176 min
63% finished. total: 219961, remaining time:12.9437 min
64% finished. total: 219961, remaining time:13.0304 min
64% finished. total: 219961, remaining time:13.0187 min
64% finished. total: 219961, remaining time:12.9629 min
64% finished. total: 219961, remaining time:13.0051 min
65% finished. total: 219961, remaining time:13.0357 min
65% finished. total: 219961, remaining time:13.2156 min
65% finished. total: 219961, remaining time:13.3814 min
65% finished. total: 219961, remaining time:13.4256 min
65% finished. total: 219961, remaining time:13.5839 min
66% finished. total: 219961, remaining time:13.7384 min
66% finished. total: 219961, remaining time:13.8326 min
66% finished. total: 219961, remaining time:13.884 min
66% finished. total: 219961, remaining time:13.9356 min
67% finished. total: 219961, remaining time:14.0146 min
67% finished. total: 219961, remaining time:14.0635 min
67% finished. total: 219961, remaining time:14.1742 min
67% finished. total: 219961, remaining time:14.2318 min
67% finished. total: 219961, remaining time:14.2537 min
68% finished. total: 219961, remaining time:14.2972 min
68% finished. total: 219961, remaining time:14.3214 min
68% finished. total: 219961, remaining time:14.3798 min
68% finished. total: 219961, remaining time:14.4794 min
69% finished. total: 219961, remaining time:14.5715 min
69% finished. total: 219961, remaining time:14.6486 min
69% finished. total: 219961, remaining time:14.6669 min
69% finished. total: 219961, remaining time:14.6947 min
70% finished. total: 219961, remaining time:14.6356 min
70% finished. total: 219961, remaining time:14.6188 min
70% finished. total: 219961, remaining time:14.6926 min
70% finished. total: 219961, remaining time:14.7623 min
70% finished. total: 219961, remaining time:14.7767 min
71% finished. total: 219961, remaining time:14.7363 min
71% finished. total: 219961, remaining time:14.7694 min
71% finished. total: 219961, remaining time:14.7014 min
71% finished. total: 219961, remaining time:14.7394 min
72% finished. total: 219961, remaining time:14.7319 min
72% finished. total: 219961, remaining time:14.7316 min
72% finished. total: 219961, remaining time:14.632 min
72% finished. total: 219961, remaining time:14.5946 min
72% finished. total: 219961, remaining time:14.508 min
73% finished. total: 219961, remaining time:14.4895 min
73% finished. total: 219961, remaining time:14.4682 min
73% finished. total: 219961, remaining time:14.4072 min
73% finished. total: 219961, remaining time:14.3471 min
74% finished. total: 219961, remaining time:14.2796 min
74% finished. total: 219961, remaining time:14.2068 min
74% finished. total: 219961, remaining time:14.1228 min
74% finished. total: 219961, remaining time:14.0509 min
75% finished. total: 219961, remaining time:13.9789 min
75% finished. total: 219961, remaining time:13.9531 min
75% finished. total: 219961, remaining time:13.9347 min
75% finished. total: 219961, remaining time:13.8861 min
75% finished. total: 219961, remaining time:13.8109 min
76% finished. total: 219961, remaining time:13.7131 min
76% finished. total: 219961, remaining time:13.6897 min
76% finished. total: 219961, remaining time:13.6079 min
76% finished. total: 219961, remaining time:13.5248 min
77% finished. total: 219961, remaining time:13.4231 min
77% finished. total: 219961, remaining time:13.3988 min
77% finished. total: 219961, remaining time:13.3359 min
77% finished. total: 219961, remaining time:13.2513 min
77% finished. total: 219961, remaining time:13.1266 min
78% finished. total: 219961, remaining time:13.0587 min
78% finished. total: 219961, remaining time:13.0226 min
78% finished. total: 219961, remaining time:12.9547 min
78% finished. total: 219961, remaining time:12.895 min
79% finished. total: 219961, remaining time:12.8479 min
79% finished. total: 219961, remaining time:12.8215 min
79% finished. total: 219961, remaining time:12.7686 min
79% finished. total: 219961, remaining time:12.7163 min
80% finished. total: 219961, remaining time:12.6599 min
80% finished. total: 219961, remaining time:12.5981 min
80% finished. total: 219961, remaining time:12.5051 min
80% finished. total: 219961, remaining time:12.4628 min
80% finished. total: 219961, remaining time:12.4018 min
81% finished. total: 219961, remaining time:12.3099 min
81% finished. total: 219961, remaining time:12.2151 min
81% finished. total: 219961, remaining time:12.1438 min
81% finished. total: 219961, remaining time:12.0392 min
82% finished. total: 219961, remaining time:11.9688 min
82% finished. total: 219961, remaining time:11.9084 min
82% finished. total: 219961, remaining time:11.8342 min
82% finished. total: 219961, remaining time:11.7253 min
82% finished. total: 219961, remaining time:11.596 min
83% finished. total: 219961, remaining time:11.5232 min
83% finished. total: 219961, remaining time:11.4333 min
83% finished. total: 219961, remaining time:11.3219 min
83% finished. total: 219961, remaining time:11.1988 min
84% finished. total: 219961, remaining time:11.0881 min
84% finished. total: 219961, remaining time:10.9421 min
84% finished. total: 219961, remaining time:10.8581 min
84% finished. total: 219961, remaining time:10.7319 min
85% finished. total: 219961, remaining time:10.6268 min
85% finished. total: 219961, remaining time:10.5114 min
85% finished. total: 219961, remaining time:10.3543 min
85% finished. total: 219961, remaining time:10.2392 min
85% finished. total: 219961, remaining time:10.1317 min
86% finished. total: 219961, remaining time:10.0297 min
86% finished. total: 219961, remaining time:9.91923 min
86% finished. total: 219961, remaining time:9.76771 min
86% finished. total: 219961, remaining time:9.61848 min
87% finished. total: 219961, remaining time:9.50161 min
87% finished. total: 219961, remaining time:9.39037 min
87% finished. total: 219961, remaining time:9.26721 min
87% finished. total: 219961, remaining time:9.13971 min
87% finished. total: 219961, remaining time:8.98338 min
88% finished. total: 219961, remaining time:8.86434 min
88% finished. total: 219961, remaining time:8.7159 min
88% finished. total: 219961, remaining time:8.57259 min
88% finished. total: 219961, remaining time:8.43273 min
89% finished. total: 219961, remaining time:8.29123 min
89% finished. total: 219961, remaining time:8.14911 min
89% finished. total: 219961, remaining time:8.00942 min
89% finished. total: 219961, remaining time:7.87486 min
90% finished. total: 219961, remaining time:7.7372 min
90% finished. total: 219961, remaining time:7.59005 min
90% finished. total: 219961, remaining time:7.44 min
90% finished. total: 219961, remaining time:7.29216 min
90% finished. total: 219961, remaining time:7.13892 min
91% finished. total: 219961, remaining time:6.98893 min
91% finished. total: 219961, remaining time:6.83578 min
91% finished. total: 219961, remaining time:6.68059 min
91% finished. total: 219961, remaining time:6.52972 min
92% finished. total: 219961, remaining time:6.37737 min
92% finished. total: 219961, remaining time:6.22318 min
92% finished. total: 219961, remaining time:6.06316 min
92% finished. total: 219961, remaining time:5.9053 min
92% finished. total: 219961, remaining time:5.73308 min
93% finished. total: 219961, remaining time:5.5704 min
93% finished. total: 219961, remaining time:5.40756 min
93% finished. total: 219961, remaining time:5.24049 min
93% finished. total: 219961, remaining time:5.07117 min
94% finished. total: 219961, remaining time:4.89732 min
94% finished. total: 219961, remaining time:4.72675 min
94% finished. total: 219961, remaining time:4.55023 min
94% finished. total: 219961, remaining time:4.37592 min
95% finished. total: 219961, remaining time:4.20167 min
95% finished. total: 219961, remaining time:4.02649 min
95% finished. total: 219961, remaining time:3.84827 min
95% finished. total: 219961, remaining time:3.66955 min
95% finished. total: 219961, remaining time:3.4882 min
96% finished. total: 219961, remaining time:3.3067 min
96% finished. total: 219961, remaining time:3.12288 min
96% finished. total: 219961, remaining time:2.93837 min
96% finished. total: 219961, remaining time:2.75104 min
97% finished. total: 219961, remaining time:2.56238 min
97% finished. total: 219961, remaining time:2.37275 min
97% finished. total: 219961, remaining time:2.18138 min
97% finished. total: 219961, remaining time:1.98882 min
97% finished. total: 219961, remaining time:1.79439 min
98% finished. total: 219961, remaining time:1.59901 min
98% finished. total: 219961, remaining time:1.40224 min
98% finished. total: 219961, remaining time:1.20363 min
98% finished. total: 219961, remaining time:1.00378 min
99% finished. total: 219961, remaining time:0.802693 min
99% finished. total: 219961, remaining time:0.600126 min
99% finished. total: 219961, remaining time:0.396175 min
99% finished. total: 219961, remaining time:0.190728 min

finish job on i12 535 70/1000000 Thu Jul 2 16:57:43 PDT 2020
