start job on i19 size14 run426 max_process:50/max_trial:1000000 Sun May 31 14:38:05 PDT 2020
1265328 product /rhome/wzeng002/Documents/GitHub/concatenation
data folder data_hpcc/random3, log file: log/product426-size14.log
1000000 data_hpcc/random3/trial426-2 Sun May 31 14:38:05 PDT 2020
1000000 data_hpcc/random3/trial426-4 Sun May 31 14:38:05 PDT 2020
1000000 data_hpcc/random3/trial426-8 Sun May 31 14:38:05 PDT 2020
1000000 data_hpcc/random3/trial426-16 Sun May 31 14:38:05 PDT 2020
1000000 data_hpcc/random3/trial426-32 Sun May 31 14:38:05 PDT 2020
1000000 data_hpcc/random3/trial426-64 Sun May 31 14:38:12 PDT 2020
1000000 data_hpcc/random3/trial426-128 Sun May 31 14:38:24 PDT 2020
1000000 data_hpcc/random3/trial426-256 Sun May 31 14:40:56 PDT 2020
[1;31mCASE:[0m dax*dbx=9, dcx=10. dax,daz,dbx,dbz = 3,3,3,3,na,nb,nc14,14,196,data_hpcc/random3/trial426-172
[1;31mCASE:[0m dax*dbx=9, dcx=10. dax,daz,dbx,dbz = 3,3,3,3,na,nb,nc14,14,196,data_hpcc/random3/trial426-174
[1;31mCASE:[0m dax*dbx=9, dcx=10. dax,daz,dbx,dbz = 3,3,3,3,na,nb,nc14,14,196,data_hpcc/random3/trial426-173
[1;31mCASE:[0m dax*dbx=8, dcx=9. dax,daz,dbx,dbz = 4,2,2,4,na,nb,nc14,14,196,data_hpcc/random3/trial426-133
[1;31mCASE:[0m dax*dbx=8, dcx=9. dax,daz,dbx,dbz = 4,2,2,4,na,nb,nc14,14,196,data_hpcc/random3/trial426-127
[1;31mCASE:[0m dax*dbx=8, dcx=9. dax,daz,dbx,dbz = 4,2,2,4,na,nb,nc14,14,196,data_hpcc/random3/trial426-132
[1;31mCASE:[0m dax*dbx=8, dcx=9. dax,daz,dbx,dbz = 4,2,2,4,na,nb,nc14,14,196,data_hpcc/random3/trial426-134
[1;31mCASE:[0m dax*dbx=8, dcx=9. dax,daz,dbx,dbz = 4,2,2,4,na,nb,nc14,14,196,data_hpcc/random3/trial426-126
[1;31mCASE:[0m dax*dbx=8, dcx=9. dax,daz,dbx,dbz = 4,2,2,4,na,nb,nc14,14,196,data_hpcc/random3/trial426-131
[1;31mCASE:[0m dax*dbx=8, dcx=9. dax,daz,dbx,dbz = 4,2,2,4,na,nb,nc14,14,196,data_hpcc/random3/trial426-122
[1;31mCASE:[0m dax*dbx=8, dcx=9. dax,daz,dbx,dbz = 4,2,2,4,na,nb,nc14,14,196,data_hpcc/random3/trial426-125
[1;31mCASE:[0m dax*dbx=8, dcx=9. dax,daz,dbx,dbz = 4,2,2,4,na,nb,nc14,14,196,data_hpcc/random3/trial426-128
[1;31mCASE:[0m dax*dbx=8, dcx=9. dax,daz,dbx,dbz = 4,2,2,4,na,nb,nc14,14,196,data_hpcc/random3/trial426-129
[1;31mCASE:[0m dax*dbx=8, dcx=9. dax,daz,dbx,dbz = 4,2,2,4,na,nb,nc14,14,196,data_hpcc/random3/trial426-124
[1;31mCASE:[0m dax*dbx=8, dcx=9. dax,daz,dbx,dbz = 4,2,2,4,na,nb,nc14,14,196,data_hpcc/random3/trial426-123
[1;31mCASE:[0m dax*dbx=8, dcx=9. dax,daz,dbx,dbz = 4,2,2,4,na,nb,nc14,14,196,data_hpcc/random3/trial426-130
[1;31mCASE:[0m dax*dbx=8, dcx=9. dax,daz,dbx,dbz = 4,2,2,4,na,nb,nc14,14,196,data_hpcc/random3/trial426-277
1000000 data_hpcc/random3/trial426-512 Sun May 31 14:53:45 PDT 2020
[1;31mCASE:[0m daz*dbz=9, dcz=10. dax,daz,dbx,dbz = 3,3,3,3,na,nb,nc14,14,196,data_hpcc/random3/trial426-172
[1;31mCASE:[0m daz*dbz=9, dcz=10. dax,daz,dbx,dbz = 3,3,3,3,na,nb,nc14,14,196,data_hpcc/random3/trial426-174
[1;31mCASE:[0m daz*dbz=9, dcz=10. dax,daz,dbx,dbz = 3,3,3,3,na,nb,nc14,14,196,data_hpcc/random3/trial426-173
[1;31mCASE:[0m dax*dbx=9, dcx=10. dax,daz,dbx,dbz = 3,3,3,3,na,nb,nc14,14,196,data_hpcc/random3/trial426-427
[1;31mCASE:[0m dax*dbx=8, dcx=9. dax,daz,dbx,dbz = 2,4,4,2,na,nb,nc14,14,196,data_hpcc/random3/trial426-725
[1;31mCASE:[0m daz*dbz=9, dcz=10. dax,daz,dbx,dbz = 3,3,3,3,na,nb,nc14,14,196,data_hpcc/random3/trial426-103
[1;31mCASE:[0m daz*dbz=9, dcz=10. dax,daz,dbx,dbz = 3,3,3,3,na,nb,nc14,14,196,data_hpcc/random3/trial426-101
[1;31mCASE:[0m daz*dbz=9, dcz=10. dax,daz,dbx,dbz = 3,3,3,3,na,nb,nc14,14,196,data_hpcc/random3/trial426-105
1000000 data_hpcc/random3/trial426-1024 Sun May 31 15:15:18 PDT 2020
[1;31mCASE:[0m daz*dbz=9, dcz=10. dax,daz,dbx,dbz = 3,3,3,3,na,nb,nc14,14,196,data_hpcc/random3/trial426-106
[1;31mCASE:[0m daz*dbz=9, dcz=10. dax,daz,dbx,dbz = 3,3,3,3,na,nb,nc14,14,196,data_hpcc/random3/trial426-102
[1;31mCASE:[0m daz*dbz=9, dcz=10. dax,daz,dbx,dbz = 3,3,3,3,na,nb,nc14,14,196,data_hpcc/random3/trial426-104
[1;31mCASE:[0m dax*dbx=10, dcx=12. dax,daz,dbx,dbz = 2,5,5,2,na,nb,nc14,14,196,data_hpcc/random3/trial426-868
[1;31mCASE:[0m dax*dbx=10, dcx=11. dax,daz,dbx,dbz = 2,5,5,2,na,nb,nc14,14,196,data_hpcc/random3/trial426-1106
[1;31mCASE:[0m daz*dbz=10, dcz=12. dax,daz,dbx,dbz = 2,5,5,2,na,nb,nc14,14,196,data_hpcc/random3/trial426-868
[1;31mCASE:[0m dax*dbx=10, dcx=12. dax,daz,dbx,dbz = 5,2,2,5,na,nb,nc14,14,196,data_hpcc/random3/trial426-1217
[1;31mCASE:[0m dax*dbx=10, dcx=11. dax,daz,dbx,dbz = 2,5,5,2,na,nb,nc14,14,196,data_hpcc/random3/trial426-1281
[1;31mCASE:[0m dax*dbx=8, dcx=9. dax,daz,dbx,dbz = 2,4,4,2,na,nb,nc14,14,196,data_hpcc/random3/trial426-1409
[1;31mCASE:[0m daz*dbz=10, dcz=11. dax,daz,dbx,dbz = 5,2,2,5,na,nb,nc14,14,196,data_hpcc/random3/trial426-1217
[1;31mCASE:[0m daz*dbz=10, dcz=11. dax,daz,dbx,dbz = 2,5,5,2,na,nb,nc14,14,196,data_hpcc/random3/trial426-1281
[1;31mCASE:[0m dax*dbx=8, dcx=9. dax,daz,dbx,dbz = 4,2,2,4,na,nb,nc14,14,196,data_hpcc/random3/trial426-1614
[1;31mCASE:[0m dax*dbx=8, dcx=9. dax,daz,dbx,dbz = 4,2,2,4,na,nb,nc14,14,196,data_hpcc/random3/trial426-1717
[1;31mCASE:[0m daz*dbz=8, dcz=9. dax,daz,dbx,dbz = 4,2,2,4,na,nb,nc14,14,196,data_hpcc/random3/trial426-1614
1000000 data_hpcc/random3/trial426-2048 Sun May 31 15:58:43 PDT 2020
[1;31mCASE:[0m daz*dbz=8, dcz=9. dax,daz,dbx,dbz = 2,4,4,2,na,nb,nc14,14,196,data_hpcc/random3/trial426-1661
[1;31mCASE:[0m daz*dbz=8, dcz=9. dax,daz,dbx,dbz = 2,4,4,2,na,nb,nc14,14,196,data_hpcc/random3/trial426-1660
[1;31mCASE:[0m dax*dbx=8, dcx=9. dax,daz,dbx,dbz = 2,4,4,2,na,nb,nc14,14,196,data_hpcc/random3/trial426-2028
[1;31mCASE:[0m dax*dbx=8, dcx=9. dax,daz,dbx,dbz = 2,4,4,2,na,nb,nc14,14,196,data_hpcc/random3/trial426-2027
[1;31mCASE:[0m dax*dbx=8, dcx=9. dax,daz,dbx,dbz = 4,2,2,4,na,nb,nc14,14,196,data_hpcc/random3/trial426-2173
[1;31mCASE:[0m daz*dbz=8, dcz=9. dax,daz,dbx,dbz = 2,4,4,2,na,nb,nc14,14,196,data_hpcc/random3/trial426-2028
[1;31mCASE:[0m dax*dbx=8, dcx=9. dax,daz,dbx,dbz = 2,4,4,2,na,nb,nc14,14,196,data_hpcc/random3/trial426-2293
[1;31mCASE:[0m daz*dbz=8, dcz=10. dax,daz,dbx,dbz = 4,2,2,4,na,nb,nc14,14,196,data_hpcc/random3/trial426-2173
[1;31mCASE:[0m dax*dbx=8, dcx=9. dax,daz,dbx,dbz = 2,4,4,2,na,nb,nc14,14,196,data_hpcc/random3/trial426-2349
[1;31mCASE:[0m dax*dbx=8, dcx=9. dax,daz,dbx,dbz = 2,4,4,2,na,nb,nc14,14,196,data_hpcc/random3/trial426-2350
[1;31mCASE:[0m daz*dbz=8, dcz=9. dax,daz,dbx,dbz = 2,4,4,2,na,nb,nc14,14,196,data_hpcc/random3/trial426-2247
[1;31mCASE:[0m daz*dbz=8, dcz=9. dax,daz,dbx,dbz = 4,2,2,4,na,nb,nc14,14,196,data_hpcc/random3/trial426-1720
