83 Mon Jun 1 19:45:24 PDT 2020 data_hpcc/random3/trial472-207
start job on c15 Mon Jun 1 19:45:24 PDT 2020
check logfile: log/product473-size.log statusfile:log/status-product473-size.log
make[2]: Entering directory `/rhome/wzeng002/Documents/GitHub/concatenation'
make[2]: `counter_concatenation.out' is up to date.
make[2]: Leaving directory `/rhome/wzeng002/Documents/GitHub/concatenation'
start job on SBATCH:c15 size run473 max_process:/max_trial:1000000 Mon Jun 1 19:45:25 PDT 2020
SLURM_JOB_ID:1299142 SLURM_JOB_NAME:product SLURM_JOB_DIR:/rhome/wzeng002/Documents/GitHub/concatenation
data_folder:data_hpcc/random3, log_file:log/product473-size.log status_file:log/status-product473-size.log
0 Mon Jun 1 19:45:25 PDT 2020 data_hpcc/random3/trial473-2
0 Mon Jun 1 19:45:25 PDT 2020 data_hpcc/random3/trial473-4
0 Mon Jun 1 19:45:25 PDT 2020 data_hpcc/random3/trial473-6
0 Mon Jun 1 19:45:25 PDT 2020 data_hpcc/random3/trial473-9
0 Mon Jun 1 19:45:25 PDT 2020 data_hpcc/random3/trial473-12
0 Mon Jun 1 19:45:25 PDT 2020 data_hpcc/random3/trial473-16
0 Mon Jun 1 19:45:25 PDT 2020 data_hpcc/random3/trial473-21
0 Mon Jun 1 19:45:25 PDT 2020 data_hpcc/random3/trial473-27
0 Mon Jun 1 19:45:25 PDT 2020 data_hpcc/random3/trial473-34
0 Mon Jun 1 19:45:25 PDT 2020 data_hpcc/random3/trial473-42
0 Mon Jun 1 19:45:25 PDT 2020 data_hpcc/random3/trial473-52
0 Mon Jun 1 19:45:25 PDT 2020 data_hpcc/random3/trial473-64
75 Mon Jun 1 19:45:26 PDT 2020 data_hpcc/random3/trial471-171
75 Mon Jun 1 19:45:30 PDT 2020 data_hpcc/random3/trial470-207
82 Mon Jun 1 19:45:34 PDT 2020 data_hpcc/random3/trial472-250
73 Mon Jun 1 19:45:37 PDT 2020 data_hpcc/random3/trial470-250
76 Mon Jun 1 19:45:40 PDT 2020 data_hpcc/random3/trial473-78
69 Mon Jun 1 19:45:40 PDT 2020 data_hpcc/random3/trial471-207
73 Mon Jun 1 19:45:45 PDT 2020 data_hpcc/random3/trial471-250
76 Mon Jun 1 19:45:47 PDT 2020 data_hpcc/random3/trial470-302
81 Mon Jun 1 19:45:48 PDT 2020 data_hpcc/random3/trial472-302
75 Mon Jun 1 19:46:00 PDT 2020 data_hpcc/random3/trial471-302
73 Mon Jun 1 19:46:03 PDT 2020 data_hpcc/random3/trial470-364
80 Mon Jun 1 19:46:05 PDT 2020 data_hpcc/random3/trial472-364
75 Mon Jun 1 19:46:09 PDT 2020 data_hpcc/random3/trial473-95
73 Mon Jun 1 19:46:11 PDT 2020 data_hpcc/random3/trial473-116
74 Mon Jun 1 19:46:13 PDT 2020 data_hpcc/random3/trial471-364
71 Mon Jun 1 19:46:13 PDT 2020 data_hpcc/random3/trial473-141
75 Mon Jun 1 19:46:15 PDT 2020 data_hpcc/random3/trial470-438
82 Mon Jun 1 19:46:17 PDT 2020 data_hpcc/random3/trial472-438
76 Mon Jun 1 19:46:21 PDT 2020 data_hpcc/random3/trial473-171
72 Mon Jun 1 19:46:29 PDT 2020 data_hpcc/random3/trial473-207
76 Mon Jun 1 19:46:31 PDT 2020 data_hpcc/random3/trial471-438
75 Mon Jun 1 19:46:35 PDT 2020 data_hpcc/random3/trial470-527
71 Mon Jun 1 19:46:37 PDT 2020 data_hpcc/random3/trial473-250
80 Mon Jun 1 19:46:40 PDT 2020 data_hpcc/random3/trial472-527
73 Mon Jun 1 19:46:45 PDT 2020 data_hpcc/random3/trial473-302
71 Mon Jun 1 19:46:47 PDT 2020 data_hpcc/random3/trial471-527
74 Mon Jun 1 19:46:52 PDT 2020 data_hpcc/random3/trial470-634
71 Mon Jun 1 19:47:01 PDT 2020 data_hpcc/random3/trial473-364
81 Mon Jun 1 19:47:03 PDT 2020 data_hpcc/random3/trial472-634
73 Mon Jun 1 19:47:13 PDT 2020 data_hpcc/random3/trial471-634
75 Mon Jun 1 19:47:19 PDT 2020 data_hpcc/random3/trial473-438
75 Mon Jun 1 19:47:24 PDT 2020 data_hpcc/random3/trial470-762
83 Mon Jun 1 19:47:30 PDT 2020 data_hpcc/random3/trial472-762
75 Mon Jun 1 19:47:37 PDT 2020 data_hpcc/random3/trial473-527
74 Mon Jun 1 19:47:37 PDT 2020 data_hpcc/random3/trial471-762
76 Mon Jun 1 19:47:58 PDT 2020 data_hpcc/random3/trial470-916
83 Mon Jun 1 19:48:01 PDT 2020 data_hpcc/random3/trial472-916
75 Mon Jun 1 19:48:06 PDT 2020 data_hpcc/random3/trial473-634
71 Mon Jun 1 19:48:10 PDT 2020 data_hpcc/random3/trial471-916
72 Mon Jun 1 19:48:29 PDT 2020 data_hpcc/random3/trial473-762
76 Mon Jun 1 19:48:38 PDT 2020 data_hpcc/random3/trial470-1101
83 Mon Jun 1 19:48:43 PDT 2020 data_hpcc/random3/trial472-1101
76 Mon Jun 1 19:48:53 PDT 2020 data_hpcc/random3/trial471-1101
74 Mon Jun 1 19:49:16 PDT 2020 data_hpcc/random3/trial473-916
75 Mon Jun 1 19:49:40 PDT 2020 data_hpcc/random3/trial470-1323
75 Mon Jun 1 19:49:43 PDT 2020 data_hpcc/random3/trial471-1323
83 Mon Jun 1 19:49:43 PDT 2020 data_hpcc/random3/trial472-1323
74 Mon Jun 1 19:50:01 PDT 2020 data_hpcc/random3/trial473-1101
75 Mon Jun 1 19:50:50 PDT 2020 data_hpcc/random3/trial470-1589
74 Mon Jun 1 19:50:50 PDT 2020 data_hpcc/random3/trial471-1589
81 Mon Jun 1 19:50:52 PDT 2020 data_hpcc/random3/trial472-1589
76 Mon Jun 1 19:50:55 PDT 2020 data_hpcc/random3/trial473-1323
75 Mon Jun 1 19:51:53 PDT 2020 data_hpcc/random3/trial473-1589
73 Mon Jun 1 19:51:57 PDT 2020 data_hpcc/random3/trial471-1908
74 Mon Jun 1 19:52:02 PDT 2020 data_hpcc/random3/trial470-1908
83 Mon Jun 1 19:52:05 PDT 2020 data_hpcc/random3/trial472-1908
74 Mon Jun 1 19:53:03 PDT 2020 data_hpcc/random3/trial473-1908
75 Mon Jun 1 19:53:26 PDT 2020 data_hpcc/random3/trial471-2291
73 Mon Jun 1 19:53:34 PDT 2020 data_hpcc/random3/trial470-2291
79 Mon Jun 1 19:53:39 PDT 2020 data_hpcc/random3/trial472-2291
73 Mon Jun 1 19:54:15 PDT 2020 data_hpcc/random3/trial473-2291
slurmstepd-c11: error: _is_a_lwp: open() /proc/58757/status failed: No such file or directory
76 Mon Jun 1 19:54:49 PDT 2020 data_hpcc/random3/trial471-2751
72 Mon Jun 1 19:55:00 PDT 2020 data_hpcc/random3/trial470-2751
82 Mon Jun 1 19:55:15 PDT 2020 data_hpcc/random3/trial472-2751
75 Mon Jun 1 19:55:56 PDT 2020 data_hpcc/random3/trial473-2751
73 Mon Jun 1 19:56:45 PDT 2020 data_hpcc/random3/trial471-3303
74 Mon Jun 1 19:56:51 PDT 2020 data_hpcc/random3/trial470-3303
83 Mon Jun 1 19:57:14 PDT 2020 data_hpcc/random3/trial472-3303
75 Mon Jun 1 19:57:41 PDT 2020 data_hpcc/random3/trial473-3303
76 Mon Jun 1 19:59:20 PDT 2020 data_hpcc/random3/trial471-3965
75 Mon Jun 1 19:59:23 PDT 2020 data_hpcc/random3/trial470-3965
83 Mon Jun 1 19:59:49 PDT 2020 data_hpcc/random3/trial472-3965
74 Mon Jun 1 20:00:19 PDT 2020 data_hpcc/random3/trial473-3965
75 Mon Jun 1 20:02:24 PDT 2020 data_hpcc/random3/trial471-4760
75 Mon Jun 1 20:02:26 PDT 2020 data_hpcc/random3/trial470-4760
79 Mon Jun 1 20:02:46 PDT 2020 data_hpcc/random3/trial472-4760
70 Mon Jun 1 20:03:14 PDT 2020 data_hpcc/random3/trial473-4760
73 Mon Jun 1 20:05:49 PDT 2020 data_hpcc/random3/trial471-5714
74 Mon Jun 1 20:06:20 PDT 2020 data_hpcc/random3/trial470-5714
82 Mon Jun 1 20:06:29 PDT 2020 data_hpcc/random3/trial472-5714
71 Mon Jun 1 20:07:03 PDT 2020 data_hpcc/random3/trial473-5714
74 Mon Jun 1 20:10:10 PDT 2020 data_hpcc/random3/trial471-6858
75 Mon Jun 1 20:10:36 PDT 2020 data_hpcc/random3/trial470-6858
81 Mon Jun 1 20:10:38 PDT 2020 data_hpcc/random3/trial472-6858
74 Mon Jun 1 20:11:21 PDT 2020 data_hpcc/random3/trial473-6858
71 Mon Jun 1 20:15:02 PDT 2020 data_hpcc/random3/trial471-8231
75 Mon Jun 1 20:15:26 PDT 2020 data_hpcc/random3/trial470-8231
81 Mon Jun 1 20:15:27 PDT 2020 data_hpcc/random3/trial472-8231
74 Mon Jun 1 20:16:04 PDT 2020 data_hpcc/random3/trial473-8231
74 Mon Jun 1 20:20:51 PDT 2020 data_hpcc/random3/trial471-9879
80 Mon Jun 1 20:21:17 PDT 2020 data_hpcc/random3/trial472-9879
75 Mon Jun 1 20:21:21 PDT 2020 data_hpcc/random3/trial470-9879
76 Mon Jun 1 20:21:57 PDT 2020 data_hpcc/random3/trial473-9879
75 Mon Jun 1 20:27:51 PDT 2020 data_hpcc/random3/trial471-11856
83 Mon Jun 1 20:28:23 PDT 2020 data_hpcc/random3/trial472-11856
72 Mon Jun 1 20:28:31 PDT 2020 data_hpcc/random3/trial470-11856
75 Mon Jun 1 20:29:02 PDT 2020 data_hpcc/random3/trial473-11856
76 Mon Jun 1 20:36:06 PDT 2020 data_hpcc/random3/trial471-14229
81 Mon Jun 1 20:36:55 PDT 2020 data_hpcc/random3/trial472-14229
76 Mon Jun 1 20:37:05 PDT 2020 data_hpcc/random3/trial470-14229
73 Mon Jun 1 20:37:34 PDT 2020 data_hpcc/random3/trial473-14229
slurmstepd-c15: error: _is_a_lwp: 1 read() attempts on /proc/50634/status failed: No such process
76 Mon Jun 1 20:47:05 PDT 2020 data_hpcc/random3/trial471-17076
80 Mon Jun 1 20:48:00 PDT 2020 data_hpcc/random3/trial472-17076
73 Mon Jun 1 20:48:23 PDT 2020 data_hpcc/random3/trial470-17076
76 Mon Jun 1 20:48:30 PDT 2020 data_hpcc/random3/trial473-17076
74 Mon Jun 1 20:59:07 PDT 2020 data_hpcc/random3/trial471-20493
82 Mon Jun 1 21:00:21 PDT 2020 data_hpcc/random3/trial472-20493
75 Mon Jun 1 21:00:34 PDT 2020 data_hpcc/random3/trial470-20493
75 Mon Jun 1 21:00:52 PDT 2020 data_hpcc/random3/trial473-20493
76 Mon Jun 1 21:13:37 PDT 2020 data_hpcc/random3/trial471-24593
79 Mon Jun 1 21:15:14 PDT 2020 data_hpcc/random3/trial472-24593
74 Mon Jun 1 21:15:19 PDT 2020 data_hpcc/random3/trial470-24593
74 Mon Jun 1 21:15:44 PDT 2020 data_hpcc/random3/trial473-24593
slurmstepd-c44: error: _is_a_lwp: open() /proc/3375/status failed: No such file or directory
74 Mon Jun 1 21:31:42 PDT 2020 data_hpcc/random3/trial471-29513
76 Mon Jun 1 21:33:35 PDT 2020 data_hpcc/random3/trial470-29513
83 Mon Jun 1 21:33:45 PDT 2020 data_hpcc/random3/trial472-29513
76 Mon Jun 1 21:34:06 PDT 2020 data_hpcc/random3/trial473-29513
71 Mon Jun 1 21:52:05 PDT 2020 data_hpcc/random3/trial471-35417
72 Mon Jun 1 21:54:21 PDT 2020 data_hpcc/random3/trial470-35417
82 Mon Jun 1 21:54:28 PDT 2020 data_hpcc/random3/trial472-35417
73 Mon Jun 1 21:54:32 PDT 2020 data_hpcc/random3/trial473-35417
75 Mon Jun 1 22:17:29 PDT 2020 data_hpcc/random3/trial471-42502
75 Mon Jun 1 22:20:33 PDT 2020 data_hpcc/random3/trial473-42502
75 Mon Jun 1 22:20:33 PDT 2020 data_hpcc/random3/trial470-42502
83 Mon Jun 1 22:20:34 PDT 2020 data_hpcc/random3/trial472-42502
74 Mon Jun 1 22:48:31 PDT 2020 data_hpcc/random3/trial471-51004
83 Mon Jun 1 22:51:55 PDT 2020 data_hpcc/random3/trial472-51004
74 Mon Jun 1 22:51:58 PDT 2020 data_hpcc/random3/trial473-51004
75 Mon Jun 1 22:52:58 PDT 2020 data_hpcc/random3/trial470-51004
75 Mon Jun 1 23:25:22 PDT 2020 data_hpcc/random3/trial471-61206
82 Mon Jun 1 23:29:22 PDT 2020 data_hpcc/random3/trial472-61206
72 Mon Jun 1 23:29:54 PDT 2020 data_hpcc/random3/trial473-61206
73 Mon Jun 1 23:30:14 PDT 2020 data_hpcc/random3/trial470-61206
slurmstepd-c41: error: _is_a_lwp: open() /proc/20123/status failed: No such file or directory
73 Tue Jun 2 00:13:55 PDT 2020 data_hpcc/random3/trial471-73449
86 Tue Jun 2 00:18:11 PDT 2020 data_hpcc/random3/trial472-73449
80 Tue Jun 2 00:20:00 PDT 2020 data_hpcc/random3/trial470-73449
82 Tue Jun 2 00:20:05 PDT 2020 data_hpcc/random3/trial473-73449
74 Tue Jun 2 01:07:36 PDT 2020 data_hpcc/random3/trial471-88140
89 Tue Jun 2 01:12:39 PDT 2020 data_hpcc/random3/trial472-88140
83 Tue Jun 2 01:14:39 PDT 2020 data_hpcc/random3/trial470-88140
81 Tue Jun 2 01:15:05 PDT 2020 data_hpcc/random3/trial473-88140
75 Tue Jun 2 02:11:50 PDT 2020 data_hpcc/random3/trial471-105770
89 Tue Jun 2 02:16:44 PDT 2020 data_hpcc/random3/trial472-105770
81 Tue Jun 2 02:19:27 PDT 2020 data_hpcc/random3/trial470-105770
83 Tue Jun 2 02:20:16 PDT 2020 data_hpcc/random3/trial473-105770
slurmstepd-c44: error: _is_a_lwp: open() /proc/5543/status failed: No such file or directory
83 Tue Jun 2 03:28:46 PDT 2020 data_hpcc/random3/trial471-126926
89 Tue Jun 2 03:34:57 PDT 2020 data_hpcc/random3/trial472-126926
81 Tue Jun 2 03:38:02 PDT 2020 data_hpcc/random3/trial470-126926
81 Tue Jun 2 03:39:20 PDT 2020 data_hpcc/random3/trial473-126926
slurmstepd-c11: error: _is_a_lwp: 1 read() attempts on /proc/57070/status failed: No such process
82 Tue Jun 2 05:02:14 PDT 2020 data_hpcc/random3/trial471-152313
90 Tue Jun 2 05:10:17 PDT 2020 data_hpcc/random3/trial472-152313
81 Tue Jun 2 05:14:15 PDT 2020 data_hpcc/random3/trial470-152313
79 Tue Jun 2 05:15:15 PDT 2020 data_hpcc/random3/trial473-152313
79 Tue Jun 2 06:51:28 PDT 2020 data_hpcc/random3/trial471-182777
90 Tue Jun 2 07:00:15 PDT 2020 data_hpcc/random3/trial472-182777
82 Tue Jun 2 07:04:40 PDT 2020 data_hpcc/random3/trial470-182777
82 Tue Jun 2 07:05:59 PDT 2020 data_hpcc/random3/trial473-182777
slurmstepd-c41: error: _is_a_lwp: open() /proc/14740/status failed: No such file or directory
slurmstepd-c11: error: *** JOB 1299020 ON c11 CANCELLED AT 2020-06-02T07:44:53 DUE TO TIME LIMIT ***
slurmstepd-c41: error: *** JOB 1299019 ON c41 CANCELLED AT 2020-06-02T07:44:53 DUE TO TIME LIMIT ***
slurmstepd-c44: error: *** JOB 1299023 ON c44 CANCELLED AT 2020-06-02T07:44:53 DUE TO TIME LIMIT ***
slurmstepd-c15: error: *** JOB 1299142 ON c15 CANCELLED AT 2020-06-02T07:45:23 DUE TO TIME LIMIT ***
