start job on i18 size12 run424 max_process:50/max_trial:1000000 Sun May 31 13:15:55 PDT 2020
1265310 product /rhome/wzeng002/Documents/GitHub/concatenation
data folder data_hpcc/random3, log file: log/product424-size12.log
1000000 data_hpcc/random3/trial424-2 Sun May 31 13:15:55 PDT 2020
1000000 data_hpcc/random3/trial424-4 Sun May 31 13:15:55 PDT 2020
1000000 data_hpcc/random3/trial424-8 Sun May 31 13:15:55 PDT 2020
1000000 data_hpcc/random3/trial424-16 Sun May 31 13:15:55 PDT 2020
1000000 data_hpcc/random3/trial424-32 Sun May 31 13:15:56 PDT 2020
1000000 data_hpcc/random3/trial424-64 Sun May 31 13:15:56 PDT 2020
1000000 data_hpcc/random3/trial424-128 Sun May 31 13:16:25 PDT 2020
1000000 data_hpcc/random3/trial424-256 Sun May 31 13:16:41 PDT 2020
1000000 data_hpcc/random3/trial424-512 Sun May 31 13:17:23 PDT 2020
1000000 data_hpcc/random3/trial424-1024 Sun May 31 13:20:11 PDT 2020
1000000 data_hpcc/random3/trial424-2048 Sun May 31 13:27:26 PDT 2020
1000000 data_hpcc/random3/trial424-4096 Sun May 31 13:38:55 PDT 2020
[1;31mCASE:[0m daz*dbz=8, dcz=9. dax,daz,dbx,dbz = 2,4,4,2,na,nb,nc12,12,144,data_hpcc/random3/trial424-5947
1000000 data_hpcc/random3/trial424-8192 Sun May 31 14:12:18 PDT 2020
[1;31mCASE:[0m dax*dbx=8, dcx=9. dax,daz,dbx,dbz = 4,2,2,4,na,nb,nc12,12,144,data_hpcc/random3/trial424-13203
[1;31mCASE:[0m dax*dbx=6, dcx=7. dax,daz,dbx,dbz = 3,2,2,3,na,nb,nc12,12,144,data_hpcc/random3/trial424-15479
1000000 data_hpcc/random3/trial424-16384 Sun May 31 15:11:06 PDT 2020
[1;31mCASE:[0m daz*dbz=6, dcz=7. dax,daz,dbx,dbz = 3,2,2,3,na,nb,nc12,12,144,data_hpcc/random3/trial424-22748
[1;31mCASE:[0m daz*dbz=6, dcz=7. dax,daz,dbx,dbz = 3,2,2,3,na,nb,nc12,12,144,data_hpcc/random3/trial424-22747
[1;31mCASE:[0m daz*dbz=6, dcz=7. dax,daz,dbx,dbz = 3,2,2,3,na,nb,nc12,12,144,data_hpcc/random3/trial424-22749
[1;31mCASE:[0m dax*dbx=8, dcx=9. dax,daz,dbx,dbz = 4,2,2,4,na,nb,nc12,12,144,data_hpcc/random3/trial424-28622
[1;31mCASE:[0m dax*dbx=8, dcx=9. dax,daz,dbx,dbz = 4,2,2,4,na,nb,nc12,12,144,data_hpcc/random3/trial424-28623
[1;31mCASE:[0m dax*dbx=8, dcx=9. dax,daz,dbx,dbz = 4,2,2,4,na,nb,nc12,12,144,data_hpcc/random3/trial424-28621
[1;31mCASE:[0m dax*dbx=8, dcx=9. dax,daz,dbx,dbz = 4,2,2,4,na,nb,nc12,12,144,data_hpcc/random3/trial424-28620
[1;31mCASE:[0m dax*dbx=8, dcx=9. dax,daz,dbx,dbz = 4,2,2,4,na,nb,nc12,12,144,data_hpcc/random3/trial424-28624
1000000 data_hpcc/random3/trial424-32768 Sun May 31 16:59:57 PDT 2020
