start job on SBATCH:c17 size run488 max_process:/max_trial:1000000 Wed Jun 3 00:09:14 PDT 2020
SLURM_JOB_ID:1394183 SLURM_JOB_NAME:product SLURM_JOB_DIR:/rhome/wzeng002/Documents/GitHub/concatenation
note:identical code A B, sub_mode:3, n_low:10, n_high=15, data_folder:data_hpcc/random3, log_file:log/product488-size.log status_file:log/status-product488-size.log
PSEUDO [1;31mCASE:[0m mode (0) dax*dbx=16, dcx=17. dax,daz,dbx,dbz = 4,2,4,2,na,nb,nc,13,13,169,data_hpcc/random3/trial488-246,identicalcodeAB,sub_mode3
PSEUDO [1;31mCASE:[0m mode (1) daz*dbz=36, dcz=37. dax,daz,dbx,dbz = 2,6,2,6,na,nb,nc,15,15,225,data_hpcc/random3/trial488-359,identicalcodeAB,sub_mode3
PSEUDO [1;31mCASE:[0m mode (1) daz*dbz=25, dcz=26. dax,daz,dbx,dbz = 2,5,2,5,na,nb,nc,15,15,225,data_hpcc/random3/trial488-262,identicalcodeAB,sub_mode3
PSEUDO [1;31mCASE:[0m mode (0) dax*dbx=9, dcx=10. dax,daz,dbx,dbz = 3,3,3,3,na,nb,nc,14,14,196,data_hpcc/random3/trial488-212,identicalcodeAB,sub_mode3
PSEUDO [1;31mCASE:[0m mode (1) daz*dbz=16, dcz=17. dax,daz,dbx,dbz = 2,4,2,4,na,nb,nc,13,13,169,data_hpcc/random3/trial488-510,identicalcodeAB,sub_mode3
PSEUDO [1;31mCASE:[0m mode (1) daz*dbz=25, dcz=26. dax,daz,dbx,dbz = 2,5,2,5,na,nb,nc,15,15,225,data_hpcc/random3/trial488-238,identicalcodeAB,sub_mode3
PSEUDO [1;31mCASE:[0m mode (1) daz*dbz=16, dcz=17. dax,daz,dbx,dbz = 2,4,2,4,na,nb,nc,15,15,225,data_hpcc/random3/trial488-312,identicalcodeAB,sub_mode3
PSEUDO [1;31mCASE:[0m mode (1) daz*dbz=9, dcz=10. dax,daz,dbx,dbz = 2,3,2,3,na,nb,nc,14,14,196,data_hpcc/random3/trial488-308,identicalcodeAB,sub_mode3
PSEUDO [1;31mCASE:[0m mode (1) daz*dbz=16, dcz=18. dax,daz,dbx,dbz = 2,4,2,4,na,nb,nc,14,14,196,data_hpcc/random3/trial488-99,identicalcodeAB,sub_mode3
PSEUDO [1;31mCASE:[0m mode (0) dax*dbx=16, dcx=18. dax,daz,dbx,dbz = 4,2,4,2,na,nb,nc,14,14,196,data_hpcc/random3/trial488-257,identicalcodeAB,sub_mode3
PSEUDO [1;31mCASE:[0m mode (1) daz*dbz=9, dcz=10. dax,daz,dbx,dbz = 2,3,2,3,na,nb,nc,15,15,225,data_hpcc/random3/trial488-227,identicalcodeAB,sub_mode3
PSEUDO [1;31mCASE:[0m mode (0) dax*dbx=16, dcx=17. dax,daz,dbx,dbz = 4,2,4,2,na,nb,nc,13,13,169,data_hpcc/random3/trial488-680,identicalcodeAB,sub_mode3
PSEUDO [1;31mCASE:[0m mode (0) dax*dbx=16, dcx=17. dax,daz,dbx,dbz = 4,2,4,2,na,nb,nc,15,15,225,data_hpcc/random3/trial488-255,identicalcodeAB,sub_mode3
PSEUDO [1;31mCASE:[0m mode (1) daz*dbz=16, dcz=17. dax,daz,dbx,dbz = 2,4,2,4,na,nb,nc,15,15,225,data_hpcc/random3/trial488-121,identicalcodeAB,sub_mode3
PSEUDO [1;31mCASE:[0m mode (1) daz*dbz=25, dcz=26. dax,daz,dbx,dbz = 2,5,2,5,na,nb,nc,15,15,225,data_hpcc/random3/trial488-738,identicalcodeAB,sub_mode3
PSEUDO [1;31mCASE:[0m mode (1) daz*dbz=16, dcz=17. dax,daz,dbx,dbz = 2,4,2,4,na,nb,nc,12,12,144,data_hpcc/random3/trial488-926,identicalcodeAB,sub_mode3
PSEUDO [1;31mCASE:[0m mode (0) dax*dbx=36, dcx=39. dax,daz,dbx,dbz = 6,2,6,2,na,nb,nc,15,15,225,data_hpcc/random3/trial488-893,identicalcodeAB,sub_mode3
PSEUDO [1;31mCASE:[0m mode (1) daz*dbz=16, dcz=17. dax,daz,dbx,dbz = 2,4,2,4,na,nb,nc,15,15,225,data_hpcc/random3/trial488-82,identicalcodeAB,sub_mode3
PSEUDO [1;31mCASE:[0m mode (0) dax*dbx=16, dcx=17. dax,daz,dbx,dbz = 4,2,4,2,na,nb,nc,15,15,225,data_hpcc/random3/trial488-650,identicalcodeAB,sub_mode3
PSEUDO [1;31mCASE:[0m mode (1) daz*dbz=36, dcz=37. dax,daz,dbx,dbz = 2,6,2,6,na,nb,nc,14,14,196,data_hpcc/random3/trial488-1141,identicalcodeAB,sub_mode3
PSEUDO [1;31mCASE:[0m mode (0) dax*dbx=9, dcx=10. dax,daz,dbx,dbz = 3,2,3,2,na,nb,nc,14,14,196,data_hpcc/random3/trial488-821,identicalcodeAB,sub_mode3
PSEUDO [1;31mCASE:[0m mode (1) daz*dbz=25, dcz=27. dax,daz,dbx,dbz = 2,5,2,5,na,nb,nc,15,15,225,data_hpcc/random3/trial488-904,identicalcodeAB,sub_mode3
PSEUDO [1;31mCASE:[0m mode (0) dax*dbx=16, dcx=19. dax,daz,dbx,dbz = 4,2,4,2,na,nb,nc,15,15,225,data_hpcc/random3/trial488-489,identicalcodeAB,sub_mode3
PSEUDO [1;31mCASE:[0m mode (0) dax*dbx=16, dcx=17. dax,daz,dbx,dbz = 4,2,4,2,na,nb,nc,15,15,225,data_hpcc/random3/trial488-975,identicalcodeAB,sub_mode3
PSEUDO [1;31mCASE:[0m mode (0) dax*dbx=16, dcx=17. dax,daz,dbx,dbz = 4,3,4,3,na,nb,nc,15,15,225,data_hpcc/random3/trial488-731,identicalcodeAB,sub_mode3
PSEUDO [1;31mCASE:[0m mode (4) dax*dbx=36, dcx=44. dax,daz,dbx,dbz = 6,2,6,2,na,nb,nc,15,15,291,data_hpcc/random3/trial488-893,identicalcodeAB,sub_mode3
PSEUDO [1;31mCASE:[0m mode (0) dax*dbx=25, dcx=26. dax,daz,dbx,dbz = 5,2,5,2,na,nb,nc,14,14,196,data_hpcc/random3/trial488-1409,identicalcodeAB,sub_mode3
PSEUDO [1;31mCASE:[0m mode (1) daz*dbz=9, dcz=10. dax,daz,dbx,dbz = 2,3,2,3,na,nb,nc,15,15,225,data_hpcc/random3/trial488-1074,identicalcodeAB,sub_mode3
PSEUDO [1;31mCASE:[0m mode (1) daz*dbz=16, dcz=17. dax,daz,dbx,dbz = 2,4,2,4,na,nb,nc,14,14,196,data_hpcc/random3/trial488-1149,identicalcodeAB,sub_mode3
PSEUDO [1;31mCASE:[0m mode (1) daz*dbz=36, dcz=37. dax,daz,dbx,dbz = 2,6,2,6,na,nb,nc,15,15,225,data_hpcc/random3/trial488-1494,identicalcodeAB,sub_mode3
PSEUDO [1;31mCASE:[0m mode (1) daz*dbz=16, dcz=17. dax,daz,dbx,dbz = 2,4,2,4,na,nb,nc,13,13,169,data_hpcc/random3/trial488-1530,identicalcodeAB,sub_mode3
PSEUDO [1;31mCASE:[0m mode (1) daz*dbz=9, dcz=10. dax,daz,dbx,dbz = 2,3,2,3,na,nb,nc,15,15,225,data_hpcc/random3/trial488-1070,identicalcodeAB,sub_mode3
PSEUDO [1;31mCASE:[0m mode (1) daz*dbz=25, dcz=27. dax,daz,dbx,dbz = 2,5,2,5,na,nb,nc,15,15,225,data_hpcc/random3/trial488-1587,identicalcodeAB,sub_mode3
PSEUDO [1;31mCASE:[0m mode (1) daz*dbz=25, dcz=26. dax,daz,dbx,dbz = 2,5,2,5,na,nb,nc,15,15,225,data_hpcc/random3/trial488-1747,identicalcodeAB,sub_mode3
PSEUDO [1;31mCASE:[0m mode (0) dax*dbx=25, dcx=26. dax,daz,dbx,dbz = 5,2,5,2,na,nb,nc,15,15,225,data_hpcc/random3/trial488-1828,identicalcodeAB,sub_mode3
PSEUDO [1;31mCASE:[0m mode (0) dax*dbx=16, dcx=17. dax,daz,dbx,dbz = 4,2,4,2,na,nb,nc,14,14,196,data_hpcc/random3/trial488-1811,identicalcodeAB,sub_mode3
PSEUDO [1;31mCASE:[0m mode (1) daz*dbz=25, dcz=26. dax,daz,dbx,dbz = 2,5,2,5,na,nb,nc,15,15,225,data_hpcc/random3/trial488-1873,identicalcodeAB,sub_mode3
PSEUDO [1;31mCASE:[0m mode (0) dax*dbx=16, dcx=17. dax,daz,dbx,dbz = 4,2,4,2,na,nb,nc,15,15,225,data_hpcc/random3/trial488-1676,identicalcodeAB,sub_mode3
PSEUDO [1;31mCASE:[0m mode (1) daz*dbz=9, dcz=10. dax,daz,dbx,dbz = 2,3,2,3,na,nb,nc,15,15,225,data_hpcc/random3/trial488-1762,identicalcodeAB,sub_mode3
PSEUDO [1;31mCASE:[0m mode (0) dax*dbx=25, dcx=28. dax,daz,dbx,dbz = 5,2,5,2,na,nb,nc,15,15,225,data_hpcc/random3/trial488-1906,identicalcodeAB,sub_mode3
PSEUDO [1;31mCASE:[0m mode (1) daz*dbz=16, dcz=17. dax,daz,dbx,dbz = 2,4,2,4,na,nb,nc,14,14,196,data_hpcc/random3/trial488-1845,identicalcodeAB,sub_mode3
PSEUDO [1;31mCASE:[0m mode (1) daz*dbz=25, dcz=26. dax,daz,dbx,dbz = 2,5,2,5,na,nb,nc,15,15,225,data_hpcc/random3/trial488-1970,identicalcodeAB,sub_mode3
PSEUDO [1;31mCASE:[0m mode (0) dax*dbx=25, dcx=27. dax,daz,dbx,dbz = 5,2,5,2,na,nb,nc,15,15,225,data_hpcc/random3/trial488-1854,identicalcodeAB,sub_mode3
PSEUDO [1;31mCASE:[0m mode (0) dax*dbx=9, dcx=11. dax,daz,dbx,dbz = 3,3,3,3,na,nb,nc,15,15,225,data_hpcc/random3/trial488-1926,identicalcodeAB,sub_mode3
PSEUDO [1;31mCASE:[0m mode (0) dax*dbx=36, dcx=37. dax,daz,dbx,dbz = 6,2,6,2,na,nb,nc,15,15,225,data_hpcc/random3/trial488-1894,identicalcodeAB,sub_mode3
[1;31mCASE:[0m mode (0) dax*dbx=9, dcx=8. dax,daz,dbx,dbz = 3,3,3,3,na,nb,nc,14,14,196,data_hpcc/random3/trial488-2302,identicalcodeAB,sub_mode3
PSEUDO [1;31mCASE:[0m mode (1) daz*dbz=36, dcz=37. dax,daz,dbx,dbz = 2,6,2,6,na,nb,nc,15,15,225,data_hpcc/random3/trial488-2240,identicalcodeAB,sub_mode3
PSEUDO [1;31mCASE:[0m mode (1) daz*dbz=9, dcz=10. dax,daz,dbx,dbz = 2,3,2,3,na,nb,nc,14,14,196,data_hpcc/random3/trial488-2093,identicalcodeAB,sub_mode3
PSEUDO [1;31mCASE:[0m mode (0) dax*dbx=36, dcx=38. dax,daz,dbx,dbz = 6,2,6,2,na,nb,nc,15,15,225,data_hpcc/random3/trial488-2186,identicalcodeAB,sub_mode3
[1;31mCASE:[0m mode (0) dax*dbx=9, dcx=7. dax,daz,dbx,dbz = 3,4,3,4,na,nb,nc,14,14,196,data_hpcc/random3/trial488-2559,identicalcodeAB,sub_mode3
PSEUDO [1;31mCASE:[0m mode (1) daz*dbz=16, dcz=17. dax,daz,dbx,dbz = 2,4,2,4,na,nb,nc,15,15,225,data_hpcc/random3/trial488-2051,identicalcodeAB,sub_mode3
PSEUDO [1;31mCASE:[0m mode (0) dax*dbx=16, dcx=19. dax,daz,dbx,dbz = 4,2,4,2,na,nb,nc,15,15,225,data_hpcc/random3/trial488-1972,identicalcodeAB,sub_mode3
PSEUDO [1;31mCASE:[0m mode (1) daz*dbz=25, dcz=26. dax,daz,dbx,dbz = 2,5,2,5,na,nb,nc,15,15,225,data_hpcc/random3/trial488-2531,identicalcodeAB,sub_mode3
PSEUDO [1;31mCASE:[0m mode (1) daz*dbz=25, dcz=26. dax,daz,dbx,dbz = 2,5,2,5,na,nb,nc,15,15,225,data_hpcc/random3/trial488-2629,identicalcodeAB,sub_mode3
PSEUDO [1;31mCASE:[0m mode (0) dax*dbx=25, dcx=27. dax,daz,dbx,dbz = 5,2,5,2,na,nb,nc,14,14,196,data_hpcc/random3/trial488-2597,identicalcodeAB,sub_mode3
PSEUDO [1;31mCASE:[0m mode (0) dax*dbx=9, dcx=10. dax,daz,dbx,dbz = 3,3,3,3,na,nb,nc,14,14,196,data_hpcc/random3/trial488-2554,identicalcodeAB,sub_mode3
PSEUDO [1;31mCASE:[0m mode (4) dax*dbx=36, dcx=41. dax,daz,dbx,dbz = 6,2,6,2,na,nb,nc,15,15,305,data_hpcc/random3/trial488-1894,identicalcodeAB,sub_mode3
PSEUDO [1;31mCASE:[0m mode (0) dax*dbx=16, dcx=17. dax,daz,dbx,dbz = 4,2,4,2,na,nb,nc,14,14,196,data_hpcc/random3/trial488-2585,identicalcodeAB,sub_mode3
PSEUDO [1;31mCASE:[0m mode (0) dax*dbx=16, dcx=17. dax,daz,dbx,dbz = 4,2,4,2,na,nb,nc,15,15,225,data_hpcc/random3/trial488-2555,identicalcodeAB,sub_mode3
PSEUDO [1;31mCASE:[0m mode (0) dax*dbx=9, dcx=10. dax,daz,dbx,dbz = 3,2,3,2,na,nb,nc,13,13,169,data_hpcc/random3/trial488-2784,identicalcodeAB,sub_mode3
PSEUDO [1;31mCASE:[0m mode (1) daz*dbz=25, dcz=26. dax,daz,dbx,dbz = 2,5,2,5,na,nb,nc,15,15,225,data_hpcc/random3/trial488-2482,identicalcodeAB,sub_mode3
PSEUDO [1;31mCASE:[0m mode (0) dax*dbx=25, dcx=26. dax,daz,dbx,dbz = 5,2,5,2,na,nb,nc,15,15,225,data_hpcc/random3/trial488-2689,identicalcodeAB,sub_mode3
PSEUDO [1;31mCASE:[0m mode (0) dax*dbx=25, dcx=26. dax,daz,dbx,dbz = 5,2,5,2,na,nb,nc,15,15,225,data_hpcc/random3/trial488-2771,identicalcodeAB,sub_mode3
PSEUDO [1;31mCASE:[0m mode (0) dax*dbx=16, dcx=17. dax,daz,dbx,dbz = 4,2,4,2,na,nb,nc,13,13,169,data_hpcc/random3/trial488-2855,identicalcodeAB,sub_mode3
PSEUDO [1;31mCASE:[0m mode (1) daz*dbz=9, dcz=10. dax,daz,dbx,dbz = 2,3,2,3,na,nb,nc,15,15,225,data_hpcc/random3/trial488-2881,identicalcodeAB,sub_mode3
PSEUDO [1;31mCASE:[0m mode (4) dax*dbx=36, dcx=41. dax,daz,dbx,dbz = 6,2,6,2,na,nb,nc,15,15,305,data_hpcc/random3/trial488-2186,identicalcodeAB,sub_mode3
PSEUDO [1;31mCASE:[0m mode (1) daz*dbz=25, dcz=26. dax,daz,dbx,dbz = 2,5,2,5,na,nb,nc,15,15,225,data_hpcc/random3/trial488-3169,identicalcodeAB,sub_mode3
PSEUDO [1;31mCASE:[0m mode (0) dax*dbx=25, dcx=26. dax,daz,dbx,dbz = 5,2,5,2,na,nb,nc,14,14,196,data_hpcc/random3/trial488-3158,identicalcodeAB,sub_mode3
PSEUDO [1;31mCASE:[0m mode (1) daz*dbz=16, dcz=17. dax,daz,dbx,dbz = 2,4,2,4,na,nb,nc,13,13,169,data_hpcc/random3/trial488-3071,identicalcodeAB,sub_mode3
PSEUDO [1;31mCASE:[0m mode (0) dax*dbx=9, dcx=10. dax,daz,dbx,dbz = 3,3,3,3,na,nb,nc,14,14,196,data_hpcc/random3/trial488-3210,identicalcodeAB,sub_mode3
PSEUDO [1;31mCASE:[0m mode (0) dax*dbx=16, dcx=17. dax,daz,dbx,dbz = 4,2,4,2,na,nb,nc,15,15,225,data_hpcc/random3/trial488-2971,identicalcodeAB,sub_mode3
PSEUDO [1;31mCASE:[0m mode (0) dax*dbx=25, dcx=28. dax,daz,dbx,dbz = 5,2,5,2,na,nb,nc,15,15,225,data_hpcc/random3/trial488-3199,identicalcodeAB,sub_mode3
PSEUDO [1;31mCASE:[0m mode (0) dax*dbx=16, dcx=17. dax,daz,dbx,dbz = 4,2,4,2,na,nb,nc,15,15,225,data_hpcc/random3/trial488-3048,identicalcodeAB,sub_mode3
PSEUDO [1;31mCASE:[0m mode (1) daz*dbz=9, dcz=10. dax,daz,dbx,dbz = 3,3,3,3,na,nb,nc,15,15,225,data_hpcc/random3/trial488-2955,identicalcodeAB,sub_mode3
PSEUDO [1;31mCASE:[0m mode (1) daz*dbz=36, dcz=37. dax,daz,dbx,dbz = 2,6,2,6,na,nb,nc,14,14,196,data_hpcc/random3/trial488-3382,identicalcodeAB,sub_mode3
PSEUDO [1;31mCASE:[0m mode (0) dax*dbx=9, dcx=10. dax,daz,dbx,dbz = 3,3,3,3,na,nb,nc,15,15,225,data_hpcc/random3/trial488-3185,identicalcodeAB,sub_mode3
PSEUDO [1;31mCASE:[0m mode (1) daz*dbz=25, dcz=26. dax,daz,dbx,dbz = 2,5,2,5,na,nb,nc,13,13,169,data_hpcc/random3/trial488-3397,identicalcodeAB,sub_mode3
PSEUDO [1;31mCASE:[0m mode (0) dax*dbx=36, dcx=37. dax,daz,dbx,dbz = 6,2,6,2,na,nb,nc,15,15,225,data_hpcc/random3/trial488-3373,identicalcodeAB,sub_mode3
PSEUDO [1;31mCASE:[0m mode (1) daz*dbz=16, dcz=17. dax,daz,dbx,dbz = 2,4,2,4,na,nb,nc,15,15,225,data_hpcc/random3/trial488-3079,identicalcodeAB,sub_mode3
PSEUDO [1;31mCASE:[0m mode (0) dax*dbx=16, dcx=17. dax,daz,dbx,dbz = 4,2,4,2,na,nb,nc,15,15,225,data_hpcc/random3/trial488-3229,identicalcodeAB,sub_mode3
PSEUDO [1;31mCASE:[0m mode (0) dax*dbx=16, dcx=18. dax,daz,dbx,dbz = 4,2,4,2,na,nb,nc,14,14,196,data_hpcc/random3/trial488-3298,identicalcodeAB,sub_mode3
PSEUDO [1;31mCASE:[0m mode (0) dax*dbx=36, dcx=37. dax,daz,dbx,dbz = 6,2,6,2,na,nb,nc,15,15,225,data_hpcc/random3/trial488-3538,identicalcodeAB,sub_mode3
PSEUDO [1;31mCASE:[0m mode (0) dax*dbx=16, dcx=17. dax,daz,dbx,dbz = 4,2,4,2,na,nb,nc,14,14,196,data_hpcc/random3/trial488-3407,identicalcodeAB,sub_mode3
PSEUDO [1;31mCASE:[0m mode (1) daz*dbz=25, dcz=27. dax,daz,dbx,dbz = 2,5,2,5,na,nb,nc,14,14,196,data_hpcc/random3/trial488-3437,identicalcodeAB,sub_mode3
PSEUDO [1;31mCASE:[0m mode (1) daz*dbz=16, dcz=17. dax,daz,dbx,dbz = 3,4,3,4,na,nb,nc,15,15,225,data_hpcc/random3/trial488-3160,identicalcodeAB,sub_mode3
PSEUDO [1;31mCASE:[0m mode (1) daz*dbz=25, dcz=26. dax,daz,dbx,dbz = 2,5,2,5,na,nb,nc,15,15,225,data_hpcc/random3/trial488-3614,identicalcodeAB,sub_mode3
PSEUDO [1;31mCASE:[0m mode (1) daz*dbz=9, dcz=10. dax,daz,dbx,dbz = 3,3,3,3,na,nb,nc,14,14,196,data_hpcc/random3/trial488-3533,identicalcodeAB,sub_mode3
PSEUDO [1;31mCASE:[0m mode (4) dax*dbx=36, dcx=39. dax,daz,dbx,dbz = 6,2,6,2,na,nb,nc,15,15,291,data_hpcc/random3/trial488-3373,identicalcodeAB,sub_mode3
PSEUDO [1;31mCASE:[0m mode (4) dax*dbx=16, dcx=20. dax,daz,dbx,dbz = 4,2,4,2,na,nb,nc,15,15,323,data_hpcc/random3/trial488-1972,identicalcodeAB,sub_mode3
PSEUDO [1;31mCASE:[0m mode (0) dax*dbx=16, dcx=17. dax,daz,dbx,dbz = 4,2,4,2,na,nb,nc,14,14,196,data_hpcc/random3/trial488-3701,identicalcodeAB,sub_mode3
PSEUDO [1;31mCASE:[0m mode (0) dax*dbx=25, dcx=26. dax,daz,dbx,dbz = 5,2,5,2,na,nb,nc,14,14,196,data_hpcc/random3/trial488-3842,identicalcodeAB,sub_mode3
PSEUDO [1;31mCASE:[0m mode (0) dax*dbx=25, dcx=26. dax,daz,dbx,dbz = 5,2,5,2,na,nb,nc,14,14,196,data_hpcc/random3/trial488-3766,identicalcodeAB,sub_mode3
PSEUDO [1;31mCASE:[0m mode (1) daz*dbz=25, dcz=26. dax,daz,dbx,dbz = 2,5,2,5,na,nb,nc,15,15,225,data_hpcc/random3/trial488-3890,identicalcodeAB,sub_mode3
PSEUDO [1;31mCASE:[0m mode (0) dax*dbx=16, dcx=17. dax,daz,dbx,dbz = 4,2,4,2,na,nb,nc,15,15,225,data_hpcc/random3/trial488-3515,identicalcodeAB,sub_mode3
PSEUDO [1;31mCASE:[0m mode (0) dax*dbx=25, dcx=26. dax,daz,dbx,dbz = 5,2,5,2,na,nb,nc,15,15,225,data_hpcc/random3/trial488-3985,identicalcodeAB,sub_mode3
PSEUDO [1;31mCASE:[0m mode (1) daz*dbz=16, dcz=18. dax,daz,dbx,dbz = 2,4,2,4,na,nb,nc,14,14,196,data_hpcc/random3/trial488-3709,identicalcodeAB,sub_mode3
PSEUDO [1;31mCASE:[0m mode (0) dax*dbx=9, dcx=10. dax,daz,dbx,dbz = 3,2,3,2,na,nb,nc,15,15,225,data_hpcc/random3/trial488-3839,identicalcodeAB,sub_mode3
PSEUDO [1;31mCASE:[0m mode (0) dax*dbx=16, dcx=17. dax,daz,dbx,dbz = 4,2,4,2,na,nb,nc,15,15,225,data_hpcc/random3/trial488-3770,identicalcodeAB,sub_mode3
PSEUDO [1;31mCASE:[0m mode (1) daz*dbz=25, dcz=26. dax,daz,dbx,dbz = 2,5,2,5,na,nb,nc,14,14,196,data_hpcc/random3/trial488-4075,identicalcodeAB,sub_mode3
PSEUDO [1;31mCASE:[0m mode (0) dax*dbx=9, dcx=10. dax,daz,dbx,dbz = 3,2,3,2,na,nb,nc,15,15,225,data_hpcc/random3/trial488-4058,identicalcodeAB,sub_mode3
PSEUDO [1;31mCASE:[0m mode (0) dax*dbx=16, dcx=17. dax,daz,dbx,dbz = 4,2,4,2,na,nb,nc,14,14,196,data_hpcc/random3/trial488-4166,identicalcodeAB,sub_mode3
PSEUDO [1;31mCASE:[0m mode (0) dax*dbx=16, dcx=19. dax,daz,dbx,dbz = 4,2,4,2,na,nb,nc,15,15,225,data_hpcc/random3/trial488-3857,identicalcodeAB,sub_mode3
PSEUDO [1;31mCASE:[0m mode (1) daz*dbz=16, dcz=17. dax,daz,dbx,dbz = 2,4,2,4,na,nb,nc,15,15,225,data_hpcc/random3/trial488-3965,identicalcodeAB,sub_mode3
PSEUDO [1;31mCASE:[0m mode (0) dax*dbx=16, dcx=17. dax,daz,dbx,dbz = 4,2,4,2,na,nb,nc,14,14,196,data_hpcc/random3/trial488-4228,identicalcodeAB,sub_mode3
PSEUDO [1;31mCASE:[0m mode (0) dax*dbx=16, dcx=17. dax,daz,dbx,dbz = 4,2,4,2,na,nb,nc,13,13,169,data_hpcc/random3/trial488-4273,identicalcodeAB,sub_mode3
PSEUDO [1;31mCASE:[0m mode (0) dax*dbx=9, dcx=10. dax,daz,dbx,dbz = 3,3,3,3,na,nb,nc,15,15,225,data_hpcc/random3/trial488-4214,identicalcodeAB,sub_mode3
PSEUDO [1;31mCASE:[0m mode (0) dax*dbx=16, dcx=17. dax,daz,dbx,dbz = 4,2,4,2,na,nb,nc,14,14,196,data_hpcc/random3/trial488-4260,identicalcodeAB,sub_mode3
PSEUDO [1;31mCASE:[0m mode (1) daz*dbz=9, dcz=10. dax,daz,dbx,dbz = 3,3,3,3,na,nb,nc,14,14,196,data_hpcc/random3/trial488-2870,identicalcodeAB,sub_mode3
PSEUDO [1;31mCASE:[0m mode (0) dax*dbx=9, dcx=10. dax,daz,dbx,dbz = 3,3,3,3,na,nb,nc,15,15,225,data_hpcc/random3/trial488-4200,identicalcodeAB,sub_mode3
PSEUDO [1;31mCASE:[0m mode (0) dax*dbx=25, dcx=26. dax,daz,dbx,dbz = 5,2,5,2,na,nb,nc,15,15,225,data_hpcc/random3/trial488-4535,identicalcodeAB,sub_mode3
PSEUDO [1;31mCASE:[0m mode (0) dax*dbx=25, dcx=26. dax,daz,dbx,dbz = 5,2,5,2,na,nb,nc,14,14,196,data_hpcc/random3/trial488-4596,identicalcodeAB,sub_mode3
PSEUDO [1;31mCASE:[0m mode (0) dax*dbx=16, dcx=18. dax,daz,dbx,dbz = 4,2,4,2,na,nb,nc,15,15,225,data_hpcc/random3/trial488-4415,identicalcodeAB,sub_mode3
PSEUDO [1;31mCASE:[0m mode (0) dax*dbx=36, dcx=37. dax,daz,dbx,dbz = 6,2,6,2,na,nb,nc,15,15,225,data_hpcc/random3/trial488-4461,identicalcodeAB,sub_mode3
PSEUDO [1;31mCASE:[0m mode (0) dax*dbx=16, dcx=17. dax,daz,dbx,dbz = 4,2,4,2,na,nb,nc,14,14,196,data_hpcc/random3/trial488-4494,identicalcodeAB,sub_mode3
PSEUDO [1;31mCASE:[0m mode (0) dax*dbx=16, dcx=18. dax,daz,dbx,dbz = 4,2,4,2,na,nb,nc,15,15,225,data_hpcc/random3/trial488-4284,identicalcodeAB,sub_mode3
PSEUDO [1;31mCASE:[0m mode (0) dax*dbx=25, dcx=26. dax,daz,dbx,dbz = 5,2,5,2,na,nb,nc,15,15,225,data_hpcc/random3/trial488-4434,identicalcodeAB,sub_mode3
PSEUDO [1;31mCASE:[0m mode (0) dax*dbx=16, dcx=17. dax,daz,dbx,dbz = 4,2,4,2,na,nb,nc,15,15,225,data_hpcc/random3/trial488-4453,identicalcodeAB,sub_mode3
PSEUDO [1;31mCASE:[0m mode (0) dax*dbx=25, dcx=26. dax,daz,dbx,dbz = 5,2,5,2,na,nb,nc,13,13,169,data_hpcc/random3/trial488-4719,identicalcodeAB,sub_mode3
