start job on SBATCH:i07 size6 run537 max_process:/max_trial:1000000 Thu Jul 2 15:43:05 PDT 2020
SLURM_JOB_ID:1695007 SLURM_JOB_NAME:product SLURM_JOB_DIR:/rhome/wzeng002/Documents/GitHub/concatenation
note:[n_low=9, n_high=9, k_low=1, k_high=1 sub_mode=], sub_mode_A:3, sub_mode_B:4, na_input:6, n_low:9, n_high=9, data_folder:data/random4/trial537, log_file:log/product537-size6.log status_file:
start calculating for 469 cases out of 85406 trials.
time used: 0.0896289 sec
80% finished. total: 219961, remaining time:9.45881e-06 min
80% finished. total: 219961, remaining time:0.0597831 min
80% finished. total: 219961, remaining time:0.186084 min
80% finished. total: 219961, remaining time:0.298389 min
80% finished. total: 219961, remaining time:0.364426 min
81% finished. total: 219961, remaining time:0.483583 min
81% finished. total: 219961, remaining time:0.598714 min
81% finished. total: 219961, remaining time:0.696378 min
81% finished. total: 219961, remaining time:0.776663 min
82% finished. total: 219961, remaining time:0.881733 min
82% finished. total: 219961, remaining time:0.970158 min
82% finished. total: 219961, remaining time:1.06274 min
82% finished. total: 219961, remaining time:1.14605 min
82% finished. total: 219961, remaining time:1.22602 min
83% finished. total: 219961, remaining time:1.29421 min
83% finished. total: 219961, remaining time:1.36601 min
83% finished. total: 219961, remaining time:1.43119 min
83% finished. total: 219961, remaining time:1.5078 min
84% finished. total: 219961, remaining time:1.58545 min
84% finished. total: 219961, remaining time:1.65178 min
84% finished. total: 219961, remaining time:1.7215 min
84% finished. total: 219961, remaining time:1.78673 min
85% finished. total: 219961, remaining time:1.84899 min
85% finished. total: 219961, remaining time:1.88718 min
85% finished. total: 219961, remaining time:1.94339 min
85% finished. total: 219961, remaining time:1.98256 min
85% finished. total: 219961, remaining time:2.02622 min
86% finished. total: 219961, remaining time:2.07355 min
86% finished. total: 219961, remaining time:2.09731 min
86% finished. total: 219961, remaining time:2.11981 min
86% finished. total: 219961, remaining time:2.1599 min
87% finished. total: 219961, remaining time:2.17621 min
87% finished. total: 219961, remaining time:2.18178 min
87% finished. total: 219961, remaining time:2.20072 min
87% finished. total: 219961, remaining time:2.22224 min
87% finished. total: 219961, remaining time:2.23721 min
88% finished. total: 219961, remaining time:2.25225 min
88% finished. total: 219961, remaining time:2.25862 min
88% finished. total: 219961, remaining time:2.26547 min
88% finished. total: 219961, remaining time:2.26448 min
89% finished. total: 219961, remaining time:2.27938 min
89% finished. total: 219961, remaining time:2.28701 min
89% finished. total: 219961, remaining time:2.27561 min
89% finished. total: 219961, remaining time:2.28052 min
90% finished. total: 219961, remaining time:2.27289 min
90% finished. total: 219961, remaining time:2.2758 min
90% finished. total: 219961, remaining time:2.26942 min
90% finished. total: 219961, remaining time:2.25797 min
90% finished. total: 219961, remaining time:2.24022 min
91% finished. total: 219961, remaining time:2.23084 min
91% finished. total: 219961, remaining time:2.21183 min
91% finished. total: 219961, remaining time:2.1852 min
91% finished. total: 219961, remaining time:2.16505 min
92% finished. total: 219961, remaining time:2.13818 min
92% finished. total: 219961, remaining time:2.10982 min
92% finished. total: 219961, remaining time:2.0797 min
92% finished. total: 219961, remaining time:2.04667 min
92% finished. total: 219961, remaining time:2.01853 min
93% finished. total: 219961, remaining time:1.98441 min
93% finished. total: 219961, remaining time:1.95015 min
93% finished. total: 219961, remaining time:1.90716 min
93% finished. total: 219961, remaining time:1.86718 min
94% finished. total: 219961, remaining time:1.82468 min
94% finished. total: 219961, remaining time:1.78206 min
94% finished. total: 219961, remaining time:1.72968 min
94% finished. total: 219961, remaining time:1.6779 min
95% finished. total: 219961, remaining time:1.62918 min
95% finished. total: 219961, remaining time:1.57688 min
95% finished. total: 219961, remaining time:1.52317 min
95% finished. total: 219961, remaining time:1.4637 min
95% finished. total: 219961, remaining time:1.40477 min
96% finished. total: 219961, remaining time:1.34363 min
96% finished. total: 219961, remaining time:1.28048 min
96% finished. total: 219961, remaining time:1.21612 min
96% finished. total: 219961, remaining time:1.1483 min
97% finished. total: 219961, remaining time:1.0786 min
97% finished. total: 219961, remaining time:1.00759 min
97% finished. total: 219961, remaining time:0.934551 min
97% finished. total: 219961, remaining time:0.858752 min
97% finished. total: 219961, remaining time:0.780987 min
98% finished. total: 219961, remaining time:0.701348 min
98% finished. total: 219961, remaining time:0.619741 min
98% finished. total: 219961, remaining time:0.53627 min
98% finished. total: 219961, remaining time:0.45073 min
99% finished. total: 219961, remaining time:0.363081 min
99% finished. total: 219961, remaining time:0.273328 min
99% finished. total: 219961, remaining time:0.18171 min
99% finished. total: 219961, remaining time:0.0880982 min

finish job on i07 537 70/1000000 Thu Jul 2 16:27:28 PDT 2020
