start job on c01 size6 run415 150/1000000 Sat May 30 18:41:41 PDT 2020
1263667 zsh /rhome/wzeng002/Documents/GitHub/workspace
data folder data_hpcc/random3, log file: log/product415-size6.log
one * means 1000 test
.*w
.....*.....*.....*.....*.....*.....*.....*.....*.....*.....*w
.....*.....*.....*.....*.....*.....*.....*.....*.....*.....*w
.....*.....*.....*.....*.....*.....*.....*.....*.....*.....*w
.....*.....*.....*.....*.....*.....*.....*.....*.....*.....*w
.....*.....*.....*.....*.....*.....*.....*.....*.....*.....*w
.....*.....*.....*.....*.....*.....*.....*.....*.....*.....*w
.....*.....*.....*.....*.....*.....*.....*.....*.....*.....*w
.....*.....*.....*.....*.....*.....*.....*.....*.....*.....*w
.....*.....*.....*.....*.....*.....*.....*.....*.....*.....*w
.....*.....*.....*.....*.....*.....*.....*.....*.....*.....*w
.....*.....*.....*.....*.....*.....*.....*.....*.....*.....*w
.....*.....*.....*.....*.....*.....*.....*.....*.....*.....*w
.....*.....*.....*.....*.....*.....*.....*.....*.....*.....*w
.....*.....*.....*.....*.....*.....*.....*.....*.....*.....*w
.....*.....*.....*.....*.....*.....*.....*.....*.....*.....*w
.....*.....*.....*.....*.....*.....*.....*.....*.....*.....*w
.....*.....*.....*.....*.....*.....*.....*.....*.....*.....*w
.....*.....*.....*.....*.....*.....*.....*.....*.....*.....*w
.....*.....*.....*.....*.....*.....*.....*.....*.....*.....*w
.....*.....*.....*.....*.....*.....*.....*.....*.....*.....*w
.....*.....*.....*.....*.....*.....*.....*.....*.....*.....*w
.....*.....*.....*.....*.....*.....*.....*.....*.....*.....*w
.....*.....*.....*.....*.....*.....*.....*.....*.....*.....*w
.....*.....*.....*.....*.....*.....*.....*.....*.....*.....*w
.....*.....*.....*.....*.....*.....*.....*.....*.....*.....*w
.....*.....*.....*.....*.....*.....*.....*.....*.....*.....*w
.....*.....*.....*.....*.....*.....*.....*.....*.....*.....*w
.....*.....*.....*.....*.....*.....*.....*.....*.....*.....*w
.....*.....*.....*.....*.....*.....*.....*.....*.....*.....*w
.....*.....*.....*.....*.....*.....*.....*.....*.....*.....*w
.....*.....*.....*.....*.....*.....*.....*.....*.....*.....*w
.....*.....*.....*.....*.....*.....*.....*.....*.....*.....*w
.....*.....*.....*.....*.....*.....*.....*.....*.....*.....*w
.....*.....*.....*.....*.....*.....*.....*.....*.....*.....*w
.....*.....*.....*.....*.....*.....*.....*.....*.....*.....*w
.....*.....*.....*.....*.....*.....*.....*.....*.....*.....*w
.....*.....*.....*.....*.....*.....*.....*.....*.....*.....*w
.....*.....*.....*.....*