start job on c01 size9 run416 150/1000000 Sat May 30 20:03:46 PDT 2020
1263667 zsh /rhome/wzeng002/Documents/GitHub/workspace
data folder data_hpcc/random3, log file: log/product416-size9.log
one * means 1000 test
.*w
.....*.....*.....*.....*.....*.....*.....*.....*.....*.....*w
.....*.....*.....*.....*.....*.....*.....*.....*.....*.....*w
.....*.....*.....*.....*.....*.....*.....*.....*.....*.....*w
.....*.....*.....*.....*.....*.....*.....*.....*.....*.....*w
.....*.....*.....*.....*.....*.....*.....*.....*.....*.....*w
.....*.....*.....*.....*.....*.....*.....*.....*.....*.....*w
.....*.....*.....*.....*.....*.....*.....*.....*.....*.....*w
.....*.....*.....*.....*.....*.....*.....*.....*.....*.....*w
.....*.....*.....*.....*.....*.....*.....*.....*.....*.....*w
.....*.....*.....*.....*.....*.....*.....*.....*.....*.....*w
.....*.....*.....*.....*.....*.....*.....*.....*.....*.....*w
.....*.....*.....*.....*.....*.....*.....*.....*.....*.....*w
.....*.....*.....*.....*.....*.....*.....*.....*.....*.....*w
.....*.....*.....*.....*.....*.....*.....*.....*.....*.....*w
.....*.....*.....*.....*.....*.....*.....*.....*.....*.....*w
.....*.....*.....*..