start job on SBATCH:i59 size9 run517 max_process:/max_trial:1000000 Thu Jun 11 23:24:07 PDT 2020
SLURM_JOB_ID:1559920 SLURM_JOB_NAME:product SLURM_JOB_DIR:/rhome/wzeng002/Documents/GitHub/concatenation
note:[n_low=9, n_high=9, k_low=1, k_high=1 sub_mode=1], sub_mode_A:, sub_mode_B:, na_input:9, n_low:9, n_high=9, data_folder:data/random4/trial517, log_file:log/product517-size9.log status_file:log/status-product517-size9.log
start: id_Gax=100,	 id_Gax_MAX=255,	 Gax_row=1
start: id_Gax=200,	 id_Gax_MAX=255,	 Gax_row=1
start: id_Gax=7600,	 id_Gax_MAX=16383,	 Gax_row=2
start: id_Gax=7300,	 id_Gax_MAX=16383,	 Gax_row=2
start: id_Gax=9900,	 id_Gax_MAX=16383,	 Gax_row=2
start: id_Gax=3000,	 id_Gax_MAX=16383,	 Gax_row=2
start: id_Gax=7900,	 id_Gax_MAX=16383,	 Gax_row=2
start: id_Gax=7000,	 id_Gax_MAX=16383,	 Gax_row=2
start: id_Gax=6000,	 id_Gax_MAX=16383,	 Gax_row=2
start: id_Gax=4700,	 id_Gax_MAX=16383,	 Gax_row=2
start: id_Gax=4500,	 id_Gax_MAX=16383,	 Gax_row=2
start: id_Gax=4300,	 id_Gax_MAX=16383,	 Gax_row=2
start: id_Gax=9100,	 id_Gax_MAX=16383,	 Gax_row=2
start: id_Gax=9800,	 id_Gax_MAX=16383,	 Gax_row=2
start: id_Gax=4100,	 id_Gax_MAX=16383,	 Gax_row=2
start: id_Gax=4900,	 id_Gax_MAX=16383,	 Gax_row=2
start: id_Gax=9700,	 id_Gax_MAX=16383,	 Gax_row=2
start: id_Gax=300,	 id_Gax_MAX=16383,	 Gax_row=2
start: id_Gax=8600,	 id_Gax_MAX=16383,	 Gax_row=2
start: id_Gax=1600,	 id_Gax_MAX=16383,	 Gax_row=2
start: id_Gax=5100,	 id_Gax_MAX=16383,	 Gax_row=2
start: id_Gax=3900,	 id_Gax_MAX=16383,	 Gax_row=2
start: id_Gax=8200,	 id_Gax_MAX=16383,	 Gax_row=2
start: id_Gax=2800,	 id_Gax_MAX=16383,	 Gax_row=2
start: id_Gax=1100,	 id_Gax_MAX=16383,	 Gax_row=2
start: id_Gax=2100,	 id_Gax_MAX=16383,	 Gax_row=2
start: id_Gax=9600,	 id_Gax_MAX=16383,	 Gax_row=2
start: id_Gax=6700,	 id_Gax_MAX=16383,	 Gax_row=2
start: id_Gax=3700,	 id_Gax_MAX=16383,	 Gax_row=2
start: id_Gax=5300,	 id_Gax_MAX=16383,	 Gax_row=2
start: id_Gax=6200,	 id_Gax_MAX=16383,	 Gax_row=2
start: id_Gax=9000,	 id_Gax_MAX=16383,	 Gax_row=2
start: id_Gax=5500,	 id_Gax_MAX=16383,	 Gax_row=2
start: id_Gax=7800,	 id_Gax_MAX=16383,	 Gax_row=2
start: id_Gax=7500,	 id_Gax_MAX=16383,	 Gax_row=2
start: id_Gax=9500,	 id_Gax_MAX=16383,	 Gax_row=2
start: id_Gax=600,	 id_Gax_MAX=16383,	 Gax_row=2
start: id_Gax=2600,	 id_Gax_MAX=16383,	 Gax_row=2
start: id_Gax=8500,	 id_Gax_MAX=16383,	 Gax_row=2
start: id_Gax=3500,	 id_Gax_MAX=16383,	 Gax_row=2
start: id_Gax=6400,	 id_Gax_MAX=16383,	 Gax_row=2
start: id_Gax=8100,	 id_Gax_MAX=16383,	 Gax_row=2
start: id_Gax=1400,	 id_Gax_MAX=16383,	 Gax_row=2
start: id_Gax=6900,	 id_Gax_MAX=16383,	 Gax_row=2
start: id_Gax=5700,	 id_Gax_MAX=16383,	 Gax_row=2
start: id_Gax=1900,	 id_Gax_MAX=16383,	 Gax_row=2
start: id_Gax=3300,	 id_Gax_MAX=16383,	 Gax_row=2
start: id_Gax=8900,	 id_Gax_MAX=16383,	 Gax_row=2
start: id_Gax=10400,	 id_Gax_MAX=16383,	 Gax_row=2
start: id_Gax=9400,	 id_Gax_MAX=16383,	 Gax_row=2
start: id_Gax=900,	 id_Gax_MAX=16383,	 Gax_row=2
start: id_Gax=100,	 id_Gax_MAX=16383,	 Gax_row=2
start: id_Gax=5900,	 id_Gax_MAX=16383,	 Gax_row=2
start: id_Gax=10300,	 id_Gax_MAX=16383,	 Gax_row=2
start: id_Gax=7200,	 id_Gax_MAX=16383,	 Gax_row=2
start: id_Gax=2400,	 id_Gax_MAX=16383,	 Gax_row=2
start: id_Gax=7700,	 id_Gax_MAX=16383,	 Gax_row=2
start: id_Gax=8400,	 id_Gax_MAX=16383,	 Gax_row=2
start: id_Gax=8800,	 id_Gax_MAX=16383,	 Gax_row=2
start: id_Gax=6600,	 id_Gax_MAX=16383,	 Gax_row=2
start: id_Gax=9300,	 id_Gax_MAX=16383,	 Gax_row=2
start: id_Gax=7400,	 id_Gax_MAX=16383,	 Gax_row=2
start: id_Gax=3100,	 id_Gax_MAX=16383,	 Gax_row=2
start: id_Gax=4600,	 id_Gax_MAX=16383,	 Gax_row=2
start: id_Gax=4800,	 id_Gax_MAX=16383,	 Gax_row=2
start: id_Gax=6100,	 id_Gax_MAX=16383,	 Gax_row=2
start: id_Gax=8000,	 id_Gax_MAX=16383,	 Gax_row=2
start: id_Gax=7100,	 id_Gax_MAX=16383,	 Gax_row=2
start: id_Gax=5000,	 id_Gax_MAX=16383,	 Gax_row=2
start: id_Gax=400,	 id_Gax_MAX=16383,	 Gax_row=2
start: id_Gax=4200,	 id_Gax_MAX=16383,	 Gax_row=2
start: id_Gax=10100,	 id_Gax_MAX=16383,	 Gax_row=2
start: id_Gax=4400,	 id_Gax_MAX=16383,	 Gax_row=2
start: id_Gax=1200,	 id_Gax_MAX=16383,	 Gax_row=2
start: id_Gax=2900,	 id_Gax_MAX=16383,	 Gax_row=2
start: id_Gax=10000,	 id_Gax_MAX=16383,	 Gax_row=2
start: id_Gax=4000,	 id_Gax_MAX=16383,	 Gax_row=2
start: id_Gax=1700,	 id_Gax_MAX=16383,	 Gax_row=2
start: id_Gax=5200,	 id_Gax_MAX=16383,	 Gax_row=2
start: id_Gax=10200,	 id_Gax_MAX=16383,	 Gax_row=2
start: id_Gax=2200,	 id_Gax_MAX=16383,	 Gax_row=2
start: id_Gax=11000,	 id_Gax_MAX=16383,	 Gax_row=2
start: id_Gax=8700,	 id_Gax_MAX=16383,	 Gax_row=2
start: id_Gax=6800,	 id_Gax_MAX=16383,	 Gax_row=2
start: id_Gax=5400,	 id_Gax_MAX=16383,	 Gax_row=2
start: id_Gax=3800,	 id_Gax_MAX=16383,	 Gax_row=2
start: id_Gax=6300,	 id_Gax_MAX=16383,	 Gax_row=2
start: id_Gax=8300,	 id_Gax_MAX=16383,	 Gax_row=2
start: id_Gax=9200,	 id_Gax_MAX=16383,	 Gax_row=2
start: id_Gax=11100,	 id_Gax_MAX=16383,	 Gax_row=2
start: id_Gax=5600,	 id_Gax_MAX=16383,	 Gax_row=2
start: id_Gax=700,	 id_Gax_MAX=16383,	 Gax_row=2
start: id_Gax=2700,	 id_Gax_MAX=16383,	 Gax_row=2
start: id_Gax=12000,	 id_Gax_MAX=16383,	 Gax_row=2
start: id_Gax=3600,	 id_Gax_MAX=16383,	 Gax_row=2
start: id_Gax=1500,	 id_Gax_MAX=16383,	 Gax_row=2
start: id_Gax=2000,	 id_Gax_MAX=16383,	 Gax_row=2
start: id_Gax=6500,	 id_Gax_MAX=16383,	 Gax_row=2
start: id_Gax=5800,	 id_Gax_MAX=16383,	 Gax_row=2
start: id_Gax=200,	 id_Gax_MAX=16383,	 Gax_row=2
start: id_Gax=12800,	 id_Gax_MAX=16383,	 Gax_row=2
start: id_Gax=11300,	 id_Gax_MAX=16383,	 Gax_row=2
start: id_Gax=12300,	 id_Gax_MAX=16383,	 Gax_row=2
start: id_Gax=3400,	 id_Gax_MAX=16383,	 Gax_row=2
start: id_Gax=12500,	 id_Gax_MAX=16383,	 Gax_row=2
start: id_Gax=11700,	 id_Gax_MAX=16383,	 Gax_row=2
start: id_Gax=1000,	 id_Gax_MAX=16383,	 Gax_row=2
start: id_Gax=11800,	 id_Gax_MAX=16383,	 Gax_row=2
start: id_Gax=11200,	 id_Gax_MAX=16383,	 Gax_row=2
start: id_Gax=11400,	 id_Gax_MAX=16383,	 Gax_row=2
start: id_Gax=13200,	 id_Gax_MAX=16383,	 Gax_row=2
start: id_Gax=2500,	 id_Gax_MAX=16383,	 Gax_row=2
start: id_Gax=12700,	 id_Gax_MAX=16383,	 Gax_row=2
start: id_Gax=10500,	 id_Gax_MAX=16383,	 Gax_row=2
start: id_Gax=13100,	 id_Gax_MAX=16383,	 Gax_row=2
start: id_Gax=3200,	 id_Gax_MAX=16383,	 Gax_row=2
start: id_Gax=500,	 id_Gax_MAX=16383,	 Gax_row=2
start: id_Gax=11900,	 id_Gax_MAX=16383,	 Gax_row=2
start: id_Gax=10600,	 id_Gax_MAX=16383,	 Gax_row=2
start: id_Gax=12400,	 id_Gax_MAX=16383,	 Gax_row=2
start: id_Gax=10900,	 id_Gax_MAX=16383,	 Gax_row=2
start: id_Gax=10800,	 id_Gax_MAX=16383,	 Gax_row=2
start: id_Gax=11500,	 id_Gax_MAX=16383,	 Gax_row=2
start: id_Gax=13000,	 id_Gax_MAX=16383,	 Gax_row=2
start: id_Gax=12100,	 id_Gax_MAX=16383,	 Gax_row=2
start: id_Gax=1800,	 id_Gax_MAX=16383,	 Gax_row=2
start: id_Gax=1300,	 id_Gax_MAX=16383,	 Gax_row=2
start: id_Gax=13700,	 id_Gax_MAX=16383,	 Gax_row=2
start: id_Gax=10700,	 id_Gax_MAX=16383,	 Gax_row=2
start: id_Gax=12600,	 id_Gax_MAX=16383,	 Gax_row=2
start: id_Gax=2300,	 id_Gax_MAX=16383,	 Gax_row=2
start: id_Gax=14000,	 id_Gax_MAX=16383,	 Gax_row=2
start: id_Gax=12900,	 id_Gax_MAX=16383,	 Gax_row=2
start: id_Gax=12200,	 id_Gax_MAX=16383,	 Gax_row=2
start: id_Gax=14200,	 id_Gax_MAX=16383,	 Gax_row=2
start: id_Gax=800,	 id_Gax_MAX=16383,	 Gax_row=2
start: id_Gax=14600,	 id_Gax_MAX=16383,	 Gax_row=2
start: id_Gax=11600,	 id_Gax_MAX=16383,	 Gax_row=2
start: id_Gax=13800,	 id_Gax_MAX=16383,	 Gax_row=2
start: id_Gax=13400,	 id_Gax_MAX=16383,	 Gax_row=2
start: id_Gax=14800,	 id_Gax_MAX=16383,	 Gax_row=2
start: id_Gax=15200,	 id_Gax_MAX=16383,	 Gax_row=2
start: id_Gax=14100,	 id_Gax_MAX=16383,	 Gax_row=2
start: id_Gax=15100,	 id_Gax_MAX=16383,	 Gax_row=2
start: id_Gax=14700,	 id_Gax_MAX=16383,	 Gax_row=2
start: id_Gax=13300,	 id_Gax_MAX=16383,	 Gax_row=2
start: id_Gax=13500,	 id_Gax_MAX=16383,	 Gax_row=2
start: id_Gax=13900,	 id_Gax_MAX=16383,	 Gax_row=2
start: id_Gax=15300,	 id_Gax_MAX=16383,	 Gax_row=2
start: id_Gax=14400,	 id_Gax_MAX=16383,	 Gax_row=2
start: id_Gax=13600,	 id_Gax_MAX=16383,	 Gax_row=2
start: id_Gax=14500,	 id_Gax_MAX=16383,	 Gax_row=2
start: id_Gax=14900,	 id_Gax_MAX=16383,	 Gax_row=2
start: id_Gax=15000,	 id_Gax_MAX=16383,	 Gax_row=2
start: id_Gax=15400,	 id_Gax_MAX=16383,	 Gax_row=2
start: id_Gax=15700,	 id_Gax_MAX=16383,	 Gax_row=2
start: id_Gax=15500,	 id_Gax_MAX=16383,	 Gax_row=2
start: id_Gax=15900,	 id_Gax_MAX=16383,	 Gax_row=2
start: id_Gax=16000,	 id_Gax_MAX=16383,	 Gax_row=2
start: id_Gax=15600,	 id_Gax_MAX=16383,	 Gax_row=2
start: id_Gax=15800,	 id_Gax_MAX=16383,	 Gax_row=2
start: id_Gax=16100,	 id_Gax_MAX=16383,	 Gax_row=2
start: id_Gax=14300,	 id_Gax_MAX=16383,	 Gax_row=2
start: id_Gax=16200,	 id_Gax_MAX=16383,	 Gax_row=2
start: id_Gax=16300,	 id_Gax_MAX=16383,	 Gax_row=2
start: id_Gax=29100,	 id_Gax_MAX=262143,	 Gax_row=3
start: id_Gax=154600,	 id_Gax_MAX=262143,	 Gax_row=3
start: id_Gax=12900,	 id_Gax_MAX=262143,	 Gax_row=3
start: id_Gax=161600,	 id_Gax_MAX=262143,	 Gax_row=3
start: id_Gax=116600,	 id_Gax_MAX=262143,	 Gax_row=3
start: id_Gax=156400,	 id_Gax_MAX=262143,	 Gax_row=3
start: id_Gax=47900,	 id_Gax_MAX=262143,	 Gax_row=3
start: id_Gax=159900,	 id_Gax_MAX=262143,	 Gax_row=3
start: id_Gax=33000,	 id_Gax_MAX=262143,	 Gax_row=3
start: id_Gax=143200,	 id_Gax_MAX=262143,	 Gax_row=3
start: id_Gax=4400,	 id_Gax_MAX=262143,	 Gax_row=3
start: id_Gax=71700,	 id_Gax_MAX=262143,	 Gax_row=3
1/497M
start: id_Gax=55000,	 id_Gax_MAX=262143,	 Gax_row=3
start: id_Gax=152800,	 id_Gax_MAX=262143,	 Gax_row=3
start: id_Gax=8700,	 id_Gax_MAX=262143,	 Gax_row=3
start: id_Gax=78000,	 id_Gax_MAX=262143,	 Gax_row=3
start: id_Gax=145200,	 id_Gax_MAX=262143,	 Gax_row=3
start: id_Gax=40600,	 id_Gax_MAX=262143,	 Gax_row=3
start: id_Gax=141200,	 id_Gax_MAX=262143,	 Gax_row=3
start: id_Gax=106500,	 id_Gax_MAX=262143,	 Gax_row=3
start: id_Gax=109100,	 id_Gax_MAX=262143,	 Gax_row=3
start: id_Gax=65200,	 id_Gax_MAX=262143,	 Gax_row=3
start: id_Gax=51500,	 id_Gax_MAX=262143,	 Gax_row=3
start: id_Gax=84100,	 id_Gax_MAX=262143,	 Gax_row=3
2/649M
start: id_Gax=130600,	 id_Gax_MAX=262143,	 Gax_row=3
start: id_Gax=126100,	 id_Gax_MAX=262143,	 Gax_row=3
start: id_Gax=44300,	 id_Gax_MAX=262143,	 Gax_row=3
start: id_Gax=158200,	 id_Gax_MAX=262143,	 Gax_row=3
start: id_Gax=25200,	 id_Gax_MAX=262143,	 Gax_row=3
start: id_Gax=123800,	 id_Gax_MAX=262143,	 Gax_row=3
start: id_Gax=17100,	 id_Gax_MAX=262143,	 Gax_row=3
start: id_Gax=74900,	 id_Gax_MAX=262143,	 Gax_row=3
start: id_Gax=132800,	 id_Gax_MAX=262143,	 Gax_row=3
start: id_Gax=90000,	 id_Gax_MAX=262143,	 Gax_row=3
start: id_Gax=101200,	 id_Gax_MAX=262143,	 Gax_row=3
start: id_Gax=163300,	 id_Gax_MAX=262143,	 Gax_row=3
start: id_Gax=68500,	 id_Gax_MAX=262143,	 Gax_row=3
3/825M
start: id_Gax=81100,	 id_Gax_MAX=262143,	 Gax_row=3
start: id_Gax=95700,	 id_Gax_MAX=262143,	 Gax_row=3
start: id_Gax=21200,	 id_Gax_MAX=262143,	 Gax_row=3
start: id_Gax=149100,	 id_Gax_MAX=262143,	 Gax_row=3
start: id_Gax=87100,	 id_Gax_MAX=262143,	 Gax_row=3
start: id_Gax=103900,	 id_Gax_MAX=262143,	 Gax_row=3
4/977M
start: id_Gax=128400,	 id_Gax_MAX=262143,	 Gax_row=3
start: id_Gax=58500,	 id_Gax_MAX=262143,	 Gax_row=3
start: id_Gax=137100,	 id_Gax_MAX=262143,	 Gax_row=3
start: id_Gax=114200,	 id_Gax_MAX=262143,	 Gax_row=3
start: id_Gax=61900,	 id_Gax_MAX=262143,	 Gax_row=3
start: id_Gax=151000,	 id_Gax_MAX=262143,	 Gax_row=3
start: id_Gax=147200,	 id_Gax_MAX=262143,	 Gax_row=3
start: id_Gax=92900,	 id_Gax_MAX=262143,	 Gax_row=3
start: id_Gax=119100,	 id_Gax_MAX=262143,	 Gax_row=3
start: id_Gax=165000,	 id_Gax_MAX=262143,	 Gax_row=3
start: id_Gax=98500,	 id_Gax_MAX=262143,	 Gax_row=3
start: id_Gax=139200,	 id_Gax_MAX=262143,	 Gax_row=3
start: id_Gax=111700,	 id_Gax_MAX=262143,	 Gax_row=3
start: id_Gax=135000,	 id_Gax_MAX=262143,	 Gax_row=3
5/1153M
start: id_Gax=36900,	 id_Gax_MAX=262143,	 Gax_row=3
start: id_Gax=121500,	 id_Gax_MAX=262143,	 Gax_row=3
start: id_Gax=100,	 id_Gax_MAX=262143,	 Gax_row=3
start: id_Gax=154700,	 id_Gax_MAX=262143,	 Gax_row=3
start: id_Gax=29200,	 id_Gax_MAX=262143,	 Gax_row=3
start: id_Gax=13000,	 id_Gax_MAX=262143,	 Gax_row=3
start: id_Gax=156500,	 id_Gax_MAX=262143,	 Gax_row=3
start: id_Gax=116700,	 id_Gax_MAX=262143,	 Gax_row=3
start: id_Gax=160000,	 id_Gax_MAX=262143,	 Gax_row=3
start: id_Gax=48000,	 id_Gax_MAX=262143,	 Gax_row=3
start: id_Gax=33100,	 id_Gax_MAX=262143,	 Gax_row=3
start: id_Gax=143300,	 id_Gax_MAX=262143,	 Gax_row=3
start: id_Gax=71800,	 id_Gax_MAX=262143,	 Gax_row=3
start: id_Gax=4500,	 id_Gax_MAX=262143,	 Gax_row=3
start: id_Gax=8800,	 id_Gax_MAX=262143,	 Gax_row=3
start: id_Gax=55100,	 id_Gax_MAX=262143,	 Gax_row=3
start: id_Gax=152900,	 id_Gax_MAX=262143,	 Gax_row=3
start: id_Gax=78100,	 id_Gax_MAX=262143,	 Gax_row=3
start: id_Gax=40700,	 id_Gax_MAX=262143,	 Gax_row=3
start: id_Gax=145300,	 id_Gax_MAX=262143,	 Gax_row=3
start: id_Gax=109200,	 id_Gax_MAX=262143,	 Gax_row=3
start: id_Gax=51600,	 id_Gax_MAX=262143,	 Gax_row=3
start: id_Gax=65300,	 id_Gax_MAX=262143,	 Gax_row=3
start: id_Gax=84200,	 id_Gax_MAX=262143,	 Gax_row=3
start: id_Gax=106600,	 id_Gax_MAX=262143,	 Gax_row=3
start: id_Gax=130700,	 id_Gax_MAX=262143,	 Gax_row=3
start: id_Gax=126200,	 id_Gax_MAX=262143,	 Gax_row=3
start: id_Gax=141300,	 id_Gax_MAX=262143,	 Gax_row=3
start: id_Gax=25300,	 id_Gax_MAX=262143,	 Gax_row=3
start: id_Gax=44400,	 id_Gax_MAX=262143,	 Gax_row=3
start: id_Gax=158300,	 id_Gax_MAX=262143,	 Gax_row=3
start: id_Gax=123900,	 id_Gax_MAX=262143,	 Gax_row=3
start: id_Gax=75000,	 id_Gax_MAX=262143,	 Gax_row=3
start: id_Gax=90100,	 id_Gax_MAX=262143,	 Gax_row=3
6/1785M
start: id_Gax=17200,	 id_Gax_MAX=262143,	 Gax_row=3
start: id_Gax=101300,	 id_Gax_MAX=262143,	 Gax_row=3
start: id_Gax=132900,	 id_Gax_MAX=262143,	 Gax_row=3
start: id_Gax=68600,	 id_Gax_MAX=262143,	 Gax_row=3
start: id_Gax=95800,	 id_Gax_MAX=262143,	 Gax_row=3
start: id_Gax=81200,	 id_Gax_MAX=262143,	 Gax_row=3
7/1925M
start: id_Gax=87200,	 id_Gax_MAX=262143,	 Gax_row=3
start: id_Gax=21300,	 id_Gax_MAX=262143,	 Gax_row=3
start: id_Gax=58600,	 id_Gax_MAX=262143,	 Gax_row=3
start: id_Gax=128500,	 id_Gax_MAX=262143,	 Gax_row=3
start: id_Gax=114300,	 id_Gax_MAX=262143,	 Gax_row=3
start: id_Gax=104000,	 id_Gax_MAX=262143,	 Gax_row=3
start: id_Gax=149200,	 id_Gax_MAX=262143,	 Gax_row=3
start: id_Gax=147300,	 id_Gax_MAX=262143,	 Gax_row=3
start: id_Gax=93000,	 id_Gax_MAX=262143,	 Gax_row=3
start: id_Gax=137200,	 id_Gax_MAX=262143,	 Gax_row=3
start: id_Gax=62000,	 id_Gax_MAX=262143,	 Gax_row=3
start: id_Gax=151100,	 id_Gax_MAX=262143,	 Gax_row=3
8/2119M
start: id_Gax=135100,	 id_Gax_MAX=262143,	 Gax_row=3
start: id_Gax=165100,	 id_Gax_MAX=262143,	 Gax_row=3
start: id_Gax=119200,	 id_Gax_MAX=262143,	 Gax_row=3
start: id_Gax=98600,	 id_Gax_MAX=262143,	 Gax_row=3
start: id_Gax=139300,	 id_Gax_MAX=262143,	 Gax_row=3
start: id_Gax=37000,	 id_Gax_MAX=262143,	 Gax_row=3
start: id_Gax=111800,	 id_Gax_MAX=262143,	 Gax_row=3
start: id_Gax=121600,	 id_Gax_MAX=262143,	 Gax_row=3
9/-2028M
start: id_Gax=200,	 id_Gax_MAX=262143,	 Gax_row=3
start: id_Gax=154800,	 id_Gax_MAX=262143,	 Gax_row=3
start: id_Gax=29300,	 id_Gax_MAX=262143,	 Gax_row=3
start: id_Gax=156600,	 id_Gax_MAX=262143,	 Gax_row=3
start: id_Gax=160100,	 id_Gax_MAX=262143,	 Gax_row=3
start: id_Gax=13100,	 id_Gax_MAX=262143,	 Gax_row=3
start: id_Gax=116800,	 id_Gax_MAX=262143,	 Gax_row=3
start: id_Gax=48100,	 id_Gax_MAX=262143,	 Gax_row=3
10/-1836M
start: id_Gax=33200,	 id_Gax_MAX=262143,	 Gax_row=3
start: id_Gax=163400,	 id_Gax_MAX=262143,	 Gax_row=3
start: id_Gax=143400,	 id_Gax_MAX=262143,	 Gax_row=3
start: id_Gax=71900,	 id_Gax_MAX=262143,	 Gax_row=3
start: id_Gax=8900,	 id_Gax_MAX=262143,	 Gax_row=3
start: id_Gax=55200,	 id_Gax_MAX=262143,	 Gax_row=3
start: id_Gax=4600,	 id_Gax_MAX=262143,	 Gax_row=3
11/-1695M
start: id_Gax=40800,	 id_Gax_MAX=262143,	 Gax_row=3
start: id_Gax=145400,	 id_Gax_MAX=262143,	 Gax_row=3
start: id_Gax=109300,	 id_Gax_MAX=262143,	 Gax_row=3
start: id_Gax=78200,	 id_Gax_MAX=262143,	 Gax_row=3
start: id_Gax=65400,	 id_Gax_MAX=262143,	 Gax_row=3
start: id_Gax=153000,	 id_Gax_MAX=262143,	 Gax_row=3
start: id_Gax=130800,	 id_Gax_MAX=262143,	 Gax_row=3
start: id_Gax=51700,	 id_Gax_MAX=262143,	 Gax_row=3
start: id_Gax=126300,	 id_Gax_MAX=262143,	 Gax_row=3
start: id_Gax=84300,	 id_Gax_MAX=262143,	 Gax_row=3
start: id_Gax=106700,	 id_Gax_MAX=262143,	 Gax_row=3
start: id_Gax=161700,	 id_Gax_MAX=262143,	 Gax_row=3
start: id_Gax=25400,	 id_Gax_MAX=262143,	 Gax_row=3
start: id_Gax=158400,	 id_Gax_MAX=262143,	 Gax_row=3
start: id_Gax=124000,	 id_Gax_MAX=262143,	 Gax_row=3
start: id_Gax=75100,	 id_Gax_MAX=262143,	 Gax_row=3
start: id_Gax=90200,	 id_Gax_MAX=262143,	 Gax_row=3
start: id_Gax=141400,	 id_Gax_MAX=262143,	 Gax_row=3
start: id_Gax=44500,	 id_Gax_MAX=262143,	 Gax_row=3
start: id_Gax=101400,	 id_Gax_MAX=262143,	 Gax_row=3
start: id_Gax=17300,	 id_Gax_MAX=262143,	 Gax_row=3
start: id_Gax=95900,	 id_Gax_MAX=262143,	 Gax_row=3
start: id_Gax=68700,	 id_Gax_MAX=262143,	 Gax_row=3
start: id_Gax=133000,	 id_Gax_MAX=262143,	 Gax_row=3
start: id_Gax=81300,	 id_Gax_MAX=262143,	 Gax_row=3
start: id_Gax=87300,	 id_Gax_MAX=262143,	 Gax_row=3
start: id_Gax=58700,	 id_Gax_MAX=262143,	 Gax_row=3
start: id_Gax=128600,	 id_Gax_MAX=262143,	 Gax_row=3
start: id_Gax=114400,	 id_Gax_MAX=262143,	 Gax_row=3
start: id_Gax=21400,	 id_Gax_MAX=262143,	 Gax_row=3
start: id_Gax=104100,	 id_Gax_MAX=262143,	 Gax_row=3
start: id_Gax=93100,	 id_Gax_MAX=262143,	 Gax_row=3
start: id_Gax=147400,	 id_Gax_MAX=262143,	 Gax_row=3
start: id_Gax=149300,	 id_Gax_MAX=262143,	 Gax_row=3
start: id_Gax=151200,	 id_Gax_MAX=262143,	 Gax_row=3
start: id_Gax=137300,	 id_Gax_MAX=262143,	 Gax_row=3
start: id_Gax=62100,	 id_Gax_MAX=262143,	 Gax_row=3
start: id_Gax=135200,	 id_Gax_MAX=262143,	 Gax_row=3
start: id_Gax=37100,	 id_Gax_MAX=262143,	 Gax_row=3
start: id_Gax=121700,	 id_Gax_MAX=262143,	 Gax_row=3
start: id_Gax=98700,	 id_Gax_MAX=262143,	 Gax_row=3
start: id_Gax=139400,	 id_Gax_MAX=262143,	 Gax_row=3
start: id_Gax=119300,	 id_Gax_MAX=262143,	 Gax_row=3
start: id_Gax=165200,	 id_Gax_MAX=262143,	 Gax_row=3
start: id_Gax=111900,	 id_Gax_MAX=262143,	 Gax_row=3
start: id_Gax=300,	 id_Gax_MAX=262143,	 Gax_row=3
start: id_Gax=29400,	 id_Gax_MAX=262143,	 Gax_row=3
start: id_Gax=154900,	 id_Gax_MAX=262143,	 Gax_row=3
start: id_Gax=156700,	 id_Gax_MAX=262143,	 Gax_row=3
start: id_Gax=160200,	 id_Gax_MAX=262143,	 Gax_row=3
start: id_Gax=13200,	 id_Gax_MAX=262143,	 Gax_row=3
start: id_Gax=116900,	 id_Gax_MAX=262143,	 Gax_row=3
start: id_Gax=48200,	 id_Gax_MAX=262143,	 Gax_row=3
start: id_Gax=33300,	 id_Gax_MAX=262143,	 Gax_row=3
start: id_Gax=72000,	 id_Gax_MAX=262143,	 Gax_row=3
start: id_Gax=143500,	 id_Gax_MAX=262143,	 Gax_row=3
start: id_Gax=9000,	 id_Gax_MAX=262143,	 Gax_row=3
start: id_Gax=55300,	 id_Gax_MAX=262143,	 Gax_row=3
start: id_Gax=145500,	 id_Gax_MAX=262143,	 Gax_row=3
start: id_Gax=40900,	 id_Gax_MAX=262143,	 Gax_row=3
start: id_Gax=109400,	 id_Gax_MAX=262143,	 Gax_row=3
start: id_Gax=4700,	 id_Gax_MAX=262143,	 Gax_row=3
start: id_Gax=65500,	 id_Gax_MAX=262143,	 Gax_row=3
start: id_Gax=51800,	 id_Gax_MAX=262143,	 Gax_row=3
start: id_Gax=126400,	 id_Gax_MAX=262143,	 Gax_row=3
start: id_Gax=84400,	 id_Gax_MAX=262143,	 Gax_row=3
start: id_Gax=130900,	 id_Gax_MAX=262143,	 Gax_row=3
start: id_Gax=78300,	 id_Gax_MAX=262143,	 Gax_row=3
start: id_Gax=153100,	 id_Gax_MAX=262143,	 Gax_row=3
start: id_Gax=25500,	 id_Gax_MAX=262143,	 Gax_row=3
start: id_Gax=158500,	 id_Gax_MAX=262143,	 Gax_row=3
start: id_Gax=106800,	 id_Gax_MAX=262143,	 Gax_row=3
start: id_Gax=75200,	 id_Gax_MAX=262143,	 Gax_row=3
start: id_Gax=90300,	 id_Gax_MAX=262143,	 Gax_row=3
start: id_Gax=124100,	 id_Gax_MAX=262143,	 Gax_row=3
start: id_Gax=161800,	 id_Gax_MAX=262143,	 Gax_row=3
start: id_Gax=101500,	 id_Gax_MAX=262143,	 Gax_row=3
start: id_Gax=44600,	 id_Gax_MAX=262143,	 Gax_row=3
start: id_Gax=141500,	 id_Gax_MAX=262143,	 Gax_row=3
start: id_Gax=17400,	 id_Gax_MAX=262143,	 Gax_row=3
start: id_Gax=96000,	 id_Gax_MAX=262143,	 Gax_row=3
start: id_Gax=68800,	 id_Gax_MAX=262143,	 Gax_row=3
start: id_Gax=87400,	 id_Gax_MAX=262143,	 Gax_row=3
start: id_Gax=81400,	 id_Gax_MAX=262143,	 Gax_row=3
start: id_Gax=58800,	 id_Gax_MAX=262143,	 Gax_row=3
start: id_Gax=114500,	 id_Gax_MAX=262143,	 Gax_row=3
start: id_Gax=128700,	 id_Gax_MAX=262143,	 Gax_row=3
start: id_Gax=21500,	 id_Gax_MAX=262143,	 Gax_row=3
start: id_Gax=93200,	 id_Gax_MAX=262143,	 Gax_row=3
start: id_Gax=147500,	 id_Gax_MAX=262143,	 Gax_row=3
start: id_Gax=133100,	 id_Gax_MAX=262143,	 Gax_row=3
start: id_Gax=151300,	 id_Gax_MAX=262143,	 Gax_row=3
start: id_Gax=104200,	 id_Gax_MAX=262143,	 Gax_row=3
start: id_Gax=137400,	 id_Gax_MAX=262143,	 Gax_row=3
start: id_Gax=163500,	 id_Gax_MAX=262143,	 Gax_row=3
start: id_Gax=135300,	 id_Gax_MAX=262143,	 Gax_row=3
start: id_Gax=149400,	 id_Gax_MAX=262143,	 Gax_row=3
start: id_Gax=121800,	 id_Gax_MAX=262143,	 Gax_row=3
start: id_Gax=62200,	 id_Gax_MAX=262143,	 Gax_row=3
start: id_Gax=37200,	 id_Gax_MAX=262143,	 Gax_row=3
start: id_Gax=165300,	 id_Gax_MAX=262143,	 Gax_row=3
start: id_Gax=98800,	 id_Gax_MAX=262143,	 Gax_row=3
start: id_Gax=139500,	 id_Gax_MAX=262143,	 Gax_row=3
start: id_Gax=112000,	 id_Gax_MAX=262143,	 Gax_row=3
start: id_Gax=119400,	 id_Gax_MAX=262143,	 Gax_row=3
start: id_Gax=400,	 id_Gax_MAX=262143,	 Gax_row=3
start: id_Gax=156800,	 id_Gax_MAX=262143,	 Gax_row=3
start: id_Gax=155000,	 id_Gax_MAX=262143,	 Gax_row=3
start: id_Gax=29500,	 id_Gax_MAX=262143,	 Gax_row=3
start: id_Gax=160300,	 id_Gax_MAX=262143,	 Gax_row=3
start: id_Gax=13300,	 id_Gax_MAX=262143,	 Gax_row=3
start: id_Gax=117000,	 id_Gax_MAX=262143,	 Gax_row=3
start: id_Gax=72100,	 id_Gax_MAX=262143,	 Gax_row=3
start: id_Gax=48300,	 id_Gax_MAX=262143,	 Gax_row=3
start: id_Gax=145600,	 id_Gax_MAX=262143,	 Gax_row=3
start: id_Gax=33400,	 id_Gax_MAX=262143,	 Gax_row=3
start: id_Gax=9100,	 id_Gax_MAX=262143,	 Gax_row=3
start: id_Gax=143600,	 id_Gax_MAX=262143,	 Gax_row=3
start: id_Gax=55400,	 id_Gax_MAX=262143,	 Gax_row=3
start: id_Gax=41000,	 id_Gax_MAX=262143,	 Gax_row=3
start: id_Gax=4800,	 id_Gax_MAX=262143,	 Gax_row=3
start: id_Gax=109500,	 id_Gax_MAX=262143,	 Gax_row=3
start: id_Gax=65600,	 id_Gax_MAX=262143,	 Gax_row=3
start: id_Gax=51900,	 id_Gax_MAX=262143,	 Gax_row=3
start: id_Gax=126500,	 id_Gax_MAX=262143,	 Gax_row=3
start: id_Gax=131000,	 id_Gax_MAX=262143,	 Gax_row=3
start: id_Gax=84500,	 id_Gax_MAX=262143,	 Gax_row=3
start: id_Gax=78400,	 id_Gax_MAX=262143,	 Gax_row=3
start: id_Gax=25600,	 id_Gax_MAX=262143,	 Gax_row=3
start: id_Gax=158600,	 id_Gax_MAX=262143,	 Gax_row=3
start: id_Gax=75300,	 id_Gax_MAX=262143,	 Gax_row=3
start: id_Gax=106900,	 id_Gax_MAX=262143,	 Gax_row=3
start: id_Gax=90400,	 id_Gax_MAX=262143,	 Gax_row=3
start: id_Gax=124200,	 id_Gax_MAX=262143,	 Gax_row=3
start: id_Gax=153200,	 id_Gax_MAX=262143,	 Gax_row=3
start: id_Gax=101600,	 id_Gax_MAX=262143,	 Gax_row=3
start: id_Gax=44700,	 id_Gax_MAX=262143,	 Gax_row=3
start: id_Gax=161900,	 id_Gax_MAX=262143,	 Gax_row=3
start: id_Gax=141600,	 id_Gax_MAX=262143,	 Gax_row=3
start: id_Gax=96100,	 id_Gax_MAX=262143,	 Gax_row=3
start: id_Gax=17500,	 id_Gax_MAX=262143,	 Gax_row=3
start: id_Gax=87500,	 id_Gax_MAX=262143,	 Gax_row=3
start: id_Gax=68900,	 id_Gax_MAX=262143,	 Gax_row=3
start: id_Gax=58900,	 id_Gax_MAX=262143,	 Gax_row=3
start: id_Gax=81500,	 id_Gax_MAX=262143,	 Gax_row=3
start: id_Gax=114600,	 id_Gax_MAX=262143,	 Gax_row=3
start: id_Gax=128800,	 id_Gax_MAX=262143,	 Gax_row=3
start: id_Gax=93300,	 id_Gax_MAX=262143,	 Gax_row=3
start: id_Gax=147600,	 id_Gax_MAX=262143,	 Gax_row=3
start: id_Gax=133200,	 id_Gax_MAX=262143,	 Gax_row=3
start: id_Gax=151400,	 id_Gax_MAX=262143,	 Gax_row=3
start: id_Gax=21600,	 id_Gax_MAX=262143,	 Gax_row=3
start: id_Gax=104300,	 id_Gax_MAX=262143,	 Gax_row=3
start: id_Gax=135400,	 id_Gax_MAX=262143,	 Gax_row=3
start: id_Gax=137500,	 id_Gax_MAX=262143,	 Gax_row=3
start: id_Gax=121900,	 id_Gax_MAX=262143,	 Gax_row=3
start: id_Gax=149500,	 id_Gax_MAX=262143,	 Gax_row=3
start: id_Gax=37300,	 id_Gax_MAX=262143,	 Gax_row=3
start: id_Gax=62300,	 id_Gax_MAX=262143,	 Gax_row=3
start: id_Gax=98900,	 id_Gax_MAX=262143,	 Gax_row=3
start: id_Gax=139600,	 id_Gax_MAX=262143,	 Gax_row=3
start: id_Gax=165400,	 id_Gax_MAX=262143,	 Gax_row=3
start: id_Gax=112100,	 id_Gax_MAX=262143,	 Gax_row=3
start: id_Gax=119500,	 id_Gax_MAX=262143,	 Gax_row=3
start: id_Gax=500,	 id_Gax_MAX=262143,	 Gax_row=3
start: id_Gax=156900,	 id_Gax_MAX=262143,	 Gax_row=3
start: id_Gax=155100,	 id_Gax_MAX=262143,	 Gax_row=3
start: id_Gax=29600,	 id_Gax_MAX=262143,	 Gax_row=3
start: id_Gax=160400,	 id_Gax_MAX=262143,	 Gax_row=3
start: id_Gax=145700,	 id_Gax_MAX=262143,	 Gax_row=3
start: id_Gax=72200,	 id_Gax_MAX=262143,	 Gax_row=3
start: id_Gax=13400,	 id_Gax_MAX=262143,	 Gax_row=3
start: id_Gax=117100,	 id_Gax_MAX=262143,	 Gax_row=3
start: id_Gax=9200,	 id_Gax_MAX=262143,	 Gax_row=3
start: id_Gax=48400,	 id_Gax_MAX=262143,	 Gax_row=3
start: id_Gax=33500,	 id_Gax_MAX=262143,	 Gax_row=3
start: id_Gax=55500,	 id_Gax_MAX=262143,	 Gax_row=3
start: id_Gax=41100,	 id_Gax_MAX=262143,	 Gax_row=3
start: id_Gax=4900,	 id_Gax_MAX=262143,	 Gax_row=3
start: id_Gax=143700,	 id_Gax_MAX=262143,	 Gax_row=3
start: id_Gax=65700,	 id_Gax_MAX=262143,	 Gax_row=3
start: id_Gax=52000,	 id_Gax_MAX=262143,	 Gax_row=3
start: id_Gax=84600,	 id_Gax_MAX=262143,	 Gax_row=3
start: id_Gax=126600,	 id_Gax_MAX=262143,	 Gax_row=3
start: id_Gax=109600,	 id_Gax_MAX=262143,	 Gax_row=3
start: id_Gax=131100,	 id_Gax_MAX=262143,	 Gax_row=3
start: id_Gax=25700,	 id_Gax_MAX=262143,	 Gax_row=3
start: id_Gax=158700,	 id_Gax_MAX=262143,	 Gax_row=3
start: id_Gax=78500,	 id_Gax_MAX=262143,	 Gax_row=3
start: id_Gax=90500,	 id_Gax_MAX=262143,	 Gax_row=3
start: id_Gax=124300,	 id_Gax_MAX=262143,	 Gax_row=3
start: id_Gax=75400,	 id_Gax_MAX=262143,	 Gax_row=3
start: id_Gax=163600,	 id_Gax_MAX=262143,	 Gax_row=3
start: id_Gax=101700,	 id_Gax_MAX=262143,	 Gax_row=3
start: id_Gax=107000,	 id_Gax_MAX=262143,	 Gax_row=3
start: id_Gax=96200,	 id_Gax_MAX=262143,	 Gax_row=3
start: id_Gax=162000,	 id_Gax_MAX=262143,	 Gax_row=3
start: id_Gax=44800,	 id_Gax_MAX=262143,	 Gax_row=3
start: id_Gax=141700,	 id_Gax_MAX=262143,	 Gax_row=3
start: id_Gax=153300,	 id_Gax_MAX=262143,	 Gax_row=3
start: id_Gax=17600,	 id_Gax_MAX=262143,	 Gax_row=3
start: id_Gax=87600,	 id_Gax_MAX=262143,	 Gax_row=3
start: id_Gax=59000,	 id_Gax_MAX=262143,	 Gax_row=3
start: id_Gax=69000,	 id_Gax_MAX=262143,	 Gax_row=3
start: id_Gax=114700,	 id_Gax_MAX=262143,	 Gax_row=3
start: id_Gax=93400,	 id_Gax_MAX=262143,	 Gax_row=3
start: id_Gax=81600,	 id_Gax_MAX=262143,	 Gax_row=3
start: id_Gax=147700,	 id_Gax_MAX=262143,	 Gax_row=3
start: id_Gax=133300,	 id_Gax_MAX=262143,	 Gax_row=3
start: id_Gax=151500,	 id_Gax_MAX=262143,	 Gax_row=3
start: id_Gax=128900,	 id_Gax_MAX=262143,	 Gax_row=3
start: id_Gax=135500,	 id_Gax_MAX=262143,	 Gax_row=3
start: id_Gax=21700,	 id_Gax_MAX=262143,	 Gax_row=3
start: id_Gax=137600,	 id_Gax_MAX=262143,	 Gax_row=3
start: id_Gax=104400,	 id_Gax_MAX=262143,	 Gax_row=3
start: id_Gax=149600,	 id_Gax_MAX=262143,	 Gax_row=3
start: id_Gax=122000,	 id_Gax_MAX=262143,	 Gax_row=3
start: id_Gax=37400,	 id_Gax_MAX=262143,	 Gax_row=3
start: id_Gax=62400,	 id_Gax_MAX=262143,	 Gax_row=3
start: id_Gax=165500,	 id_Gax_MAX=262143,	 Gax_row=3
start: id_Gax=139700,	 id_Gax_MAX=262143,	 Gax_row=3
start: id_Gax=99000,	 id_Gax_MAX=262143,	 Gax_row=3
start: id_Gax=112200,	 id_Gax_MAX=262143,	 Gax_row=3
start: id_Gax=119600,	 id_Gax_MAX=262143,	 Gax_row=3
start: id_Gax=145800,	 id_Gax_MAX=262143,	 Gax_row=3
start: id_Gax=160500,	 id_Gax_MAX=262143,	 Gax_row=3
start: id_Gax=157000,	 id_Gax_MAX=262143,	 Gax_row=3
start: id_Gax=600,	 id_Gax_MAX=262143,	 Gax_row=3
start: id_Gax=155200,	 id_Gax_MAX=262143,	 Gax_row=3
start: id_Gax=72300,	 id_Gax_MAX=262143,	 Gax_row=3
start: id_Gax=29700,	 id_Gax_MAX=262143,	 Gax_row=3
start: id_Gax=9300,	 id_Gax_MAX=262143,	 Gax_row=3
start: id_Gax=13500,	 id_Gax_MAX=262143,	 Gax_row=3
start: id_Gax=48500,	 id_Gax_MAX=262143,	 Gax_row=3
start: id_Gax=55600,	 id_Gax_MAX=262143,	 Gax_row=3
start: id_Gax=41200,	 id_Gax_MAX=262143,	 Gax_row=3
start: id_Gax=5000,	 id_Gax_MAX=262143,	 Gax_row=3
start: id_Gax=33600,	 id_Gax_MAX=262143,	 Gax_row=3
start: id_Gax=65800,	 id_Gax_MAX=262143,	 Gax_row=3
start: id_Gax=52100,	 id_Gax_MAX=262143,	 Gax_row=3
start: id_Gax=126700,	 id_Gax_MAX=262143,	 Gax_row=3
start: id_Gax=131200,	 id_Gax_MAX=262143,	 Gax_row=3
start: id_Gax=117200,	 id_Gax_MAX=262143,	 Gax_row=3
start: id_Gax=143800,	 id_Gax_MAX=262143,	 Gax_row=3
start: id_Gax=84700,	 id_Gax_MAX=262143,	 Gax_row=3
start: id_Gax=109700,	 id_Gax_MAX=262143,	 Gax_row=3
start: id_Gax=25800,	 id_Gax_MAX=262143,	 Gax_row=3
start: id_Gax=158800,	 id_Gax_MAX=262143,	 Gax_row=3
start: id_Gax=90600,	 id_Gax_MAX=262143,	 Gax_row=3
start: id_Gax=124400,	 id_Gax_MAX=262143,	 Gax_row=3
start: id_Gax=78600,	 id_Gax_MAX=262143,	 Gax_row=3
start: id_Gax=101800,	 id_Gax_MAX=262143,	 Gax_row=3
start: id_Gax=75500,	 id_Gax_MAX=262143,	 Gax_row=3
start: id_Gax=107100,	 id_Gax_MAX=262143,	 Gax_row=3
start: id_Gax=96300,	 id_Gax_MAX=262143,	 Gax_row=3
start: id_Gax=162100,	 id_Gax_MAX=262143,	 Gax_row=3
start: id_Gax=44900,	 id_Gax_MAX=262143,	 Gax_row=3
start: id_Gax=141800,	 id_Gax_MAX=262143,	 Gax_row=3
start: id_Gax=87700,	 id_Gax_MAX=262143,	 Gax_row=3
start: id_Gax=59100,	 id_Gax_MAX=262143,	 Gax_row=3
start: id_Gax=17700,	 id_Gax_MAX=262143,	 Gax_row=3
start: id_Gax=114800,	 id_Gax_MAX=262143,	 Gax_row=3
start: id_Gax=153400,	 id_Gax_MAX=262143,	 Gax_row=3
start: id_Gax=69100,	 id_Gax_MAX=262143,	 Gax_row=3
start: id_Gax=93500,	 id_Gax_MAX=262143,	 Gax_row=3
start: id_Gax=147800,	 id_Gax_MAX=262143,	 Gax_row=3
start: id_Gax=133400,	 id_Gax_MAX=262143,	 Gax_row=3
start: id_Gax=151600,	 id_Gax_MAX=262143,	 Gax_row=3
start: id_Gax=135600,	 id_Gax_MAX=262143,	 Gax_row=3
start: id_Gax=129000,	 id_Gax_MAX=262143,	 Gax_row=3
start: id_Gax=137700,	 id_Gax_MAX=262143,	 Gax_row=3
start: id_Gax=81700,	 id_Gax_MAX=262143,	 Gax_row=3
start: id_Gax=104500,	 id_Gax_MAX=262143,	 Gax_row=3
start: id_Gax=149700,	 id_Gax_MAX=262143,	 Gax_row=3
start: id_Gax=62500,	 id_Gax_MAX=262143,	 Gax_row=3
start: id_Gax=122100,	 id_Gax_MAX=262143,	 Gax_row=3
start: id_Gax=21800,	 id_Gax_MAX=262143,	 Gax_row=3
start: id_Gax=37500,	 id_Gax_MAX=262143,	 Gax_row=3
start: id_Gax=165600,	 id_Gax_MAX=262143,	 Gax_row=3
start: id_Gax=700,	 id_Gax_MAX=262143,	 Gax_row=3
start: id_Gax=160600,	 id_Gax_MAX=262143,	 Gax_row=3
start: id_Gax=99100,	 id_Gax_MAX=262143,	 Gax_row=3
start: id_Gax=139800,	 id_Gax_MAX=262143,	 Gax_row=3
start: id_Gax=112300,	 id_Gax_MAX=262143,	 Gax_row=3
start: id_Gax=145900,	 id_Gax_MAX=262143,	 Gax_row=3
start: id_Gax=119700,	 id_Gax_MAX=262143,	 Gax_row=3
start: id_Gax=72400,	 id_Gax_MAX=262143,	 Gax_row=3
start: id_Gax=157100,	 id_Gax_MAX=262143,	 Gax_row=3
start: id_Gax=155300,	 id_Gax_MAX=262143,	 Gax_row=3
start: id_Gax=9400,	 id_Gax_MAX=262143,	 Gax_row=3
start: id_Gax=29800,	 id_Gax_MAX=262143,	 Gax_row=3
start: id_Gax=55700,	 id_Gax_MAX=262143,	 Gax_row=3
start: id_Gax=163700,	 id_Gax_MAX=262143,	 Gax_row=3
start: id_Gax=13600,	 id_Gax_MAX=262143,	 Gax_row=3
start: id_Gax=5100,	 id_Gax_MAX=262143,	 Gax_row=3
start: id_Gax=41300,	 id_Gax_MAX=262143,	 Gax_row=3
start: id_Gax=48600,	 id_Gax_MAX=262143,	 Gax_row=3
start: id_Gax=65900,	 id_Gax_MAX=262143,	 Gax_row=3
start: id_Gax=52200,	 id_Gax_MAX=262143,	 Gax_row=3
start: id_Gax=126800,	 id_Gax_MAX=262143,	 Gax_row=3
start: id_Gax=117300,	 id_Gax_MAX=262143,	 Gax_row=3
start: id_Gax=33700,	 id_Gax_MAX=262143,	 Gax_row=3
start: id_Gax=131300,	 id_Gax_MAX=262143,	 Gax_row=3
start: id_Gax=25900,	 id_Gax_MAX=262143,	 Gax_row=3
start: id_Gax=84800,	 id_Gax_MAX=262143,	 Gax_row=3
start: id_Gax=158900,	 id_Gax_MAX=262143,	 Gax_row=3
start: id_Gax=109800,	 id_Gax_MAX=262143,	 Gax_row=3
start: id_Gax=143900,	 id_Gax_MAX=262143,	 Gax_row=3
start: id_Gax=90700,	 id_Gax_MAX=262143,	 Gax_row=3
start: id_Gax=124500,	 id_Gax_MAX=262143,	 Gax_row=3
start: id_Gax=101900,	 id_Gax_MAX=262143,	 Gax_row=3
start: id_Gax=75600,	 id_Gax_MAX=262143,	 Gax_row=3
start: id_Gax=78700,	 id_Gax_MAX=262143,	 Gax_row=3
start: id_Gax=96400,	 id_Gax_MAX=262143,	 Gax_row=3
start: id_Gax=107200,	 id_Gax_MAX=262143,	 Gax_row=3
start: id_Gax=162200,	 id_Gax_MAX=262143,	 Gax_row=3
start: id_Gax=87800,	 id_Gax_MAX=262143,	 Gax_row=3
start: id_Gax=45000,	 id_Gax_MAX=262143,	 Gax_row=3
start: id_Gax=141900,	 id_Gax_MAX=262143,	 Gax_row=3
start: id_Gax=114900,	 id_Gax_MAX=262143,	 Gax_row=3
start: id_Gax=17800,	 id_Gax_MAX=262143,	 Gax_row=3
start: id_Gax=59200,	 id_Gax_MAX=262143,	 Gax_row=3
start: id_Gax=93600,	 id_Gax_MAX=262143,	 Gax_row=3
start: id_Gax=133500,	 id_Gax_MAX=262143,	 Gax_row=3
start: id_Gax=69200,	 id_Gax_MAX=262143,	 Gax_row=3
start: id_Gax=151700,	 id_Gax_MAX=262143,	 Gax_row=3
start: id_Gax=153500,	 id_Gax_MAX=262143,	 Gax_row=3
start: id_Gax=147900,	 id_Gax_MAX=262143,	 Gax_row=3
start: id_Gax=135700,	 id_Gax_MAX=262143,	 Gax_row=3
start: id_Gax=137800,	 id_Gax_MAX=262143,	 Gax_row=3
start: id_Gax=129100,	 id_Gax_MAX=262143,	 Gax_row=3
start: id_Gax=81800,	 id_Gax_MAX=262143,	 Gax_row=3
start: id_Gax=62600,	 id_Gax_MAX=262143,	 Gax_row=3
start: id_Gax=104600,	 id_Gax_MAX=262143,	 Gax_row=3
start: id_Gax=149800,	 id_Gax_MAX=262143,	 Gax_row=3
start: id_Gax=165700,	 id_Gax_MAX=262143,	 Gax_row=3
start: id_Gax=21900,	 id_Gax_MAX=262143,	 Gax_row=3
start: id_Gax=122200,	 id_Gax_MAX=262143,	 Gax_row=3
start: id_Gax=37600,	 id_Gax_MAX=262143,	 Gax_row=3
start: id_Gax=800,	 id_Gax_MAX=262143,	 Gax_row=3
start: id_Gax=160700,	 id_Gax_MAX=262143,	 Gax_row=3
start: id_Gax=99200,	 id_Gax_MAX=262143,	 Gax_row=3
start: id_Gax=139900,	 id_Gax_MAX=262143,	 Gax_row=3
start: id_Gax=72500,	 id_Gax_MAX=262143,	 Gax_row=3
start: id_Gax=146000,	 id_Gax_MAX=262143,	 Gax_row=3
start: id_Gax=112400,	 id_Gax_MAX=262143,	 Gax_row=3
start: id_Gax=119800,	 id_Gax_MAX=262143,	 Gax_row=3
start: id_Gax=155400,	 id_Gax_MAX=262143,	 Gax_row=3
start: id_Gax=157200,	 id_Gax_MAX=262143,	 Gax_row=3
start: id_Gax=9500,	 id_Gax_MAX=262143,	 Gax_row=3
start: id_Gax=29900,	 id_Gax_MAX=262143,	 Gax_row=3
start: id_Gax=41400,	 id_Gax_MAX=262143,	 Gax_row=3
start: id_Gax=55800,	 id_Gax_MAX=262143,	 Gax_row=3
start: id_Gax=5200,	 id_Gax_MAX=262143,	 Gax_row=3
start: id_Gax=13700,	 id_Gax_MAX=262143,	 Gax_row=3
start: id_Gax=66000,	 id_Gax_MAX=262143,	 Gax_row=3
start: id_Gax=52300,	 id_Gax_MAX=262143,	 Gax_row=3
start: id_Gax=48700,	 id_Gax_MAX=262143,	 Gax_row=3
start: id_Gax=126900,	 id_Gax_MAX=262143,	 Gax_row=3
start: id_Gax=117400,	 id_Gax_MAX=262143,	 Gax_row=3
start: id_Gax=131400,	 id_Gax_MAX=262143,	 Gax_row=3
start: id_Gax=26000,	 id_Gax_MAX=262143,	 Gax_row=3
start: id_Gax=33800,	 id_Gax_MAX=262143,	 Gax_row=3
start: id_Gax=159000,	 id_Gax_MAX=262143,	 Gax_row=3
start: id_Gax=144000,	 id_Gax_MAX=262143,	 Gax_row=3
start: id_Gax=84900,	 id_Gax_MAX=262143,	 Gax_row=3
start: id_Gax=90800,	 id_Gax_MAX=262143,	 Gax_row=3
start: id_Gax=109900,	 id_Gax_MAX=262143,	 Gax_row=3
start: id_Gax=124600,	 id_Gax_MAX=262143,	 Gax_row=3
start: id_Gax=75700,	 id_Gax_MAX=262143,	 Gax_row=3
start: id_Gax=102000,	 id_Gax_MAX=262143,	 Gax_row=3
start: id_Gax=78800,	 id_Gax_MAX=262143,	 Gax_row=3
start: id_Gax=87900,	 id_Gax_MAX=262143,	 Gax_row=3
start: id_Gax=96500,	 id_Gax_MAX=262143,	 Gax_row=3
start: id_Gax=162300,	 id_Gax_MAX=262143,	 Gax_row=3
start: id_Gax=107300,	 id_Gax_MAX=262143,	 Gax_row=3
start: id_Gax=142000,	 id_Gax_MAX=262143,	 Gax_row=3
start: id_Gax=115000,	 id_Gax_MAX=262143,	 Gax_row=3
start: id_Gax=45100,	 id_Gax_MAX=262143,	 Gax_row=3
start: id_Gax=93700,	 id_Gax_MAX=262143,	 Gax_row=3
start: id_Gax=17900,	 id_Gax_MAX=262143,	 Gax_row=3
start: id_Gax=69300,	 id_Gax_MAX=262143,	 Gax_row=3
start: id_Gax=133600,	 id_Gax_MAX=262143,	 Gax_row=3
start: id_Gax=151800,	 id_Gax_MAX=262143,	 Gax_row=3
start: id_Gax=59300,	 id_Gax_MAX=262143,	 Gax_row=3
start: id_Gax=148000,	 id_Gax_MAX=262143,	 Gax_row=3
start: id_Gax=137900,	 id_Gax_MAX=262143,	 Gax_row=3
start: id_Gax=135800,	 id_Gax_MAX=262143,	 Gax_row=3
start: id_Gax=62700,	 id_Gax_MAX=262143,	 Gax_row=3
start: id_Gax=153600,	 id_Gax_MAX=262143,	 Gax_row=3
start: id_Gax=163800,	 id_Gax_MAX=262143,	 Gax_row=3
start: id_Gax=149900,	 id_Gax_MAX=262143,	 Gax_row=3
start: id_Gax=129200,	 id_Gax_MAX=262143,	 Gax_row=3
start: id_Gax=81900,	 id_Gax_MAX=262143,	 Gax_row=3
start: id_Gax=104700,	 id_Gax_MAX=262143,	 Gax_row=3
start: id_Gax=22000,	 id_Gax_MAX=262143,	 Gax_row=3
start: id_Gax=900,	 id_Gax_MAX=262143,	 Gax_row=3
start: id_Gax=165800,	 id_Gax_MAX=262143,	 Gax_row=3
start: id_Gax=122300,	 id_Gax_MAX=262143,	 Gax_row=3
start: id_Gax=37700,	 id_Gax_MAX=262143,	 Gax_row=3
start: id_Gax=160800,	 id_Gax_MAX=262143,	 Gax_row=3
start: id_Gax=72600,	 id_Gax_MAX=262143,	 Gax_row=3
start: id_Gax=146100,	 id_Gax_MAX=262143,	 Gax_row=3
start: id_Gax=99300,	 id_Gax_MAX=262143,	 Gax_row=3
start: id_Gax=140000,	 id_Gax_MAX=262143,	 Gax_row=3
start: id_Gax=119900,	 id_Gax_MAX=262143,	 Gax_row=3
start: id_Gax=112500,	 id_Gax_MAX=262143,	 Gax_row=3
start: id_Gax=155500,	 id_Gax_MAX=262143,	 Gax_row=3
start: id_Gax=41500,	 id_Gax_MAX=262143,	 Gax_row=3
start: id_Gax=5300,	 id_Gax_MAX=262143,	 Gax_row=3
start: id_Gax=9600,	 id_Gax_MAX=262143,	 Gax_row=3
start: id_Gax=52400,	 id_Gax_MAX=262143,	 Gax_row=3
start: id_Gax=55900,	 id_Gax_MAX=262143,	 Gax_row=3
start: id_Gax=66100,	 id_Gax_MAX=262143,	 Gax_row=3
start: id_Gax=30000,	 id_Gax_MAX=262143,	 Gax_row=3
start: id_Gax=127000,	 id_Gax_MAX=262143,	 Gax_row=3
start: id_Gax=157300,	 id_Gax_MAX=262143,	 Gax_row=3
start: id_Gax=117500,	 id_Gax_MAX=262143,	 Gax_row=3
start: id_Gax=131500,	 id_Gax_MAX=262143,	 Gax_row=3
start: id_Gax=48800,	 id_Gax_MAX=262143,	 Gax_row=3
start: id_Gax=13800,	 id_Gax_MAX=262143,	 Gax_row=3
start: id_Gax=26100,	 id_Gax_MAX=262143,	 Gax_row=3
start: id_Gax=33900,	 id_Gax_MAX=262143,	 Gax_row=3
start: id_Gax=159100,	 id_Gax_MAX=262143,	 Gax_row=3
start: id_Gax=144100,	 id_Gax_MAX=262143,	 Gax_row=3
start: id_Gax=90900,	 id_Gax_MAX=262143,	 Gax_row=3
start: id_Gax=85000,	 id_Gax_MAX=262143,	 Gax_row=3
start: id_Gax=75800,	 id_Gax_MAX=262143,	 Gax_row=3
start: id_Gax=124700,	 id_Gax_MAX=262143,	 Gax_row=3
start: id_Gax=110000,	 id_Gax_MAX=262143,	 Gax_row=3
start: id_Gax=102100,	 id_Gax_MAX=262143,	 Gax_row=3
start: id_Gax=78900,	 id_Gax_MAX=262143,	 Gax_row=3
start: id_Gax=88000,	 id_Gax_MAX=262143,	 Gax_row=3
start: id_Gax=162400,	 id_Gax_MAX=262143,	 Gax_row=3
start: id_Gax=142100,	 id_Gax_MAX=262143,	 Gax_row=3
start: id_Gax=96600,	 id_Gax_MAX=262143,	 Gax_row=3
start: id_Gax=107400,	 id_Gax_MAX=262143,	 Gax_row=3
start: id_Gax=115100,	 id_Gax_MAX=262143,	 Gax_row=3
start: id_Gax=93800,	 id_Gax_MAX=262143,	 Gax_row=3
start: id_Gax=45200,	 id_Gax_MAX=262143,	 Gax_row=3
start: id_Gax=133700,	 id_Gax_MAX=262143,	 Gax_row=3
start: id_Gax=151900,	 id_Gax_MAX=262143,	 Gax_row=3
start: id_Gax=62800,	 id_Gax_MAX=262143,	 Gax_row=3
start: id_Gax=18000,	 id_Gax_MAX=262143,	 Gax_row=3
start: id_Gax=69400,	 id_Gax_MAX=262143,	 Gax_row=3
start: id_Gax=148100,	 id_Gax_MAX=262143,	 Gax_row=3
start: id_Gax=138000,	 id_Gax_MAX=262143,	 Gax_row=3
start: id_Gax=59400,	 id_Gax_MAX=262143,	 Gax_row=3
start: id_Gax=135900,	 id_Gax_MAX=262143,	 Gax_row=3
start: id_Gax=153700,	 id_Gax_MAX=262143,	 Gax_row=3
start: id_Gax=150000,	 id_Gax_MAX=262143,	 Gax_row=3
start: id_Gax=129300,	 id_Gax_MAX=262143,	 Gax_row=3
start: id_Gax=82000,	 id_Gax_MAX=262143,	 Gax_row=3
start: id_Gax=104800,	 id_Gax_MAX=262143,	 Gax_row=3
start: id_Gax=1000,	 id_Gax_MAX=262143,	 Gax_row=3
start: id_Gax=160900,	 id_Gax_MAX=262143,	 Gax_row=3
start: id_Gax=22100,	 id_Gax_MAX=262143,	 Gax_row=3
start: id_Gax=122400,	 id_Gax_MAX=262143,	 Gax_row=3
start: id_Gax=165900,	 id_Gax_MAX=262143,	 Gax_row=3
start: id_Gax=72700,	 id_Gax_MAX=262143,	 Gax_row=3
start: id_Gax=37800,	 id_Gax_MAX=262143,	 Gax_row=3
start: id_Gax=99400,	 id_Gax_MAX=262143,	 Gax_row=3
start: id_Gax=146200,	 id_Gax_MAX=262143,	 Gax_row=3
start: id_Gax=41600,	 id_Gax_MAX=262143,	 Gax_row=3
start: id_Gax=112600,	 id_Gax_MAX=262143,	 Gax_row=3
start: id_Gax=5400,	 id_Gax_MAX=262143,	 Gax_row=3
start: id_Gax=120000,	 id_Gax_MAX=262143,	 Gax_row=3
start: id_Gax=140100,	 id_Gax_MAX=262143,	 Gax_row=3
start: id_Gax=52500,	 id_Gax_MAX=262143,	 Gax_row=3
start: id_Gax=155600,	 id_Gax_MAX=262143,	 Gax_row=3
start: id_Gax=66200,	 id_Gax_MAX=262143,	 Gax_row=3
start: id_Gax=9700,	 id_Gax_MAX=262143,	 Gax_row=3
start: id_Gax=127100,	 id_Gax_MAX=262143,	 Gax_row=3
start: id_Gax=117600,	 id_Gax_MAX=262143,	 Gax_row=3
start: id_Gax=131600,	 id_Gax_MAX=262143,	 Gax_row=3
start: id_Gax=56000,	 id_Gax_MAX=262143,	 Gax_row=3
start: id_Gax=48900,	 id_Gax_MAX=262143,	 Gax_row=3
start: id_Gax=26200,	 id_Gax_MAX=262143,	 Gax_row=3
start: id_Gax=30100,	 id_Gax_MAX=262143,	 Gax_row=3
start: id_Gax=34000,	 id_Gax_MAX=262143,	 Gax_row=3
start: id_Gax=159200,	 id_Gax_MAX=262143,	 Gax_row=3
start: id_Gax=13900,	 id_Gax_MAX=262143,	 Gax_row=3
start: id_Gax=157400,	 id_Gax_MAX=262143,	 Gax_row=3
start: id_Gax=91000,	 id_Gax_MAX=262143,	 Gax_row=3
start: id_Gax=144200,	 id_Gax_MAX=262143,	 Gax_row=3
start: id_Gax=75900,	 id_Gax_MAX=262143,	 Gax_row=3
start: id_Gax=85100,	 id_Gax_MAX=262143,	 Gax_row=3
start: id_Gax=124800,	 id_Gax_MAX=262143,	 Gax_row=3
start: id_Gax=110100,	 id_Gax_MAX=262143,	 Gax_row=3
start: id_Gax=163900,	 id_Gax_MAX=262143,	 Gax_row=3
start: id_Gax=88100,	 id_Gax_MAX=262143,	 Gax_row=3
start: id_Gax=162500,	 id_Gax_MAX=262143,	 Gax_row=3
start: id_Gax=102200,	 id_Gax_MAX=262143,	 Gax_row=3
start: id_Gax=142200,	 id_Gax_MAX=262143,	 Gax_row=3
start: id_Gax=79000,	 id_Gax_MAX=262143,	 Gax_row=3
start: id_Gax=115200,	 id_Gax_MAX=262143,	 Gax_row=3
start: id_Gax=93900,	 id_Gax_MAX=262143,	 Gax_row=3
start: id_Gax=96700,	 id_Gax_MAX=262143,	 Gax_row=3
start: id_Gax=107500,	 id_Gax_MAX=262143,	 Gax_row=3
start: id_Gax=133800,	 id_Gax_MAX=262143,	 Gax_row=3
start: id_Gax=152000,	 id_Gax_MAX=262143,	 Gax_row=3
start: id_Gax=45300,	 id_Gax_MAX=262143,	 Gax_row=3
start: id_Gax=69500,	 id_Gax_MAX=262143,	 Gax_row=3
start: id_Gax=62900,	 id_Gax_MAX=262143,	 Gax_row=3
start: id_Gax=148200,	 id_Gax_MAX=262143,	 Gax_row=3
start: id_Gax=138100,	 id_Gax_MAX=262143,	 Gax_row=3
start: id_Gax=18100,	 id_Gax_MAX=262143,	 Gax_row=3
start: id_Gax=136000,	 id_Gax_MAX=262143,	 Gax_row=3
start: id_Gax=59500,	 id_Gax_MAX=262143,	 Gax_row=3
start: id_Gax=153800,	 id_Gax_MAX=262143,	 Gax_row=3
start: id_Gax=129400,	 id_Gax_MAX=262143,	 Gax_row=3
start: id_Gax=150100,	 id_Gax_MAX=262143,	 Gax_row=3
start: id_Gax=82100,	 id_Gax_MAX=262143,	 Gax_row=3
start: id_Gax=104900,	 id_Gax_MAX=262143,	 Gax_row=3
start: id_Gax=1100,	 id_Gax_MAX=262143,	 Gax_row=3
start: id_Gax=72800,	 id_Gax_MAX=262143,	 Gax_row=3
start: id_Gax=161000,	 id_Gax_MAX=262143,	 Gax_row=3
start: id_Gax=22200,	 id_Gax_MAX=262143,	 Gax_row=3
start: id_Gax=166000,	 id_Gax_MAX=262143,	 Gax_row=3
start: id_Gax=99500,	 id_Gax_MAX=262143,	 Gax_row=3
start: id_Gax=122500,	 id_Gax_MAX=262143,	 Gax_row=3
start: id_Gax=41700,	 id_Gax_MAX=262143,	 Gax_row=3
start: id_Gax=37900,	 id_Gax_MAX=262143,	 Gax_row=3
start: id_Gax=5500,	 id_Gax_MAX=262143,	 Gax_row=3
12/-1148M
start: id_Gax=52600,	 id_Gax_MAX=262143,	 Gax_row=3
start: id_Gax=120100,	 id_Gax_MAX=262143,	 Gax_row=3
start: id_Gax=66300,	 id_Gax_MAX=262143,	 Gax_row=3
start: id_Gax=146300,	 id_Gax_MAX=262143,	 Gax_row=3
start: id_Gax=127200,	 id_Gax_MAX=262143,	 Gax_row=3
start: id_Gax=117700,	 id_Gax_MAX=262143,	 Gax_row=3
start: id_Gax=49000,	 id_Gax_MAX=262143,	 Gax_row=3
start: id_Gax=112700,	 id_Gax_MAX=262143,	 Gax_row=3
start: id_Gax=131700,	 id_Gax_MAX=262143,	 Gax_row=3
start: id_Gax=26300,	 id_Gax_MAX=262143,	 Gax_row=3
start: id_Gax=140200,	 id_Gax_MAX=262143,	 Gax_row=3
start: id_Gax=155700,	 id_Gax_MAX=262143,	 Gax_row=3
start: id_Gax=34100,	 id_Gax_MAX=262143,	 Gax_row=3
start: id_Gax=159300,	 id_Gax_MAX=262143,	 Gax_row=3
start: id_Gax=9800,	 id_Gax_MAX=262143,	 Gax_row=3
start: id_Gax=14000,	 id_Gax_MAX=262143,	 Gax_row=3
start: id_Gax=30200,	 id_Gax_MAX=262143,	 Gax_row=3
start: id_Gax=56100,	 id_Gax_MAX=262143,	 Gax_row=3
start: id_Gax=91100,	 id_Gax_MAX=262143,	 Gax_row=3
start: id_Gax=76000,	 id_Gax_MAX=262143,	 Gax_row=3
start: id_Gax=157500,	 id_Gax_MAX=262143,	 Gax_row=3
start: id_Gax=124900,	 id_Gax_MAX=262143,	 Gax_row=3
start: id_Gax=144300,	 id_Gax_MAX=262143,	 Gax_row=3
start: id_Gax=88200,	 id_Gax_MAX=262143,	 Gax_row=3
start: id_Gax=85200,	 id_Gax_MAX=262143,	 Gax_row=3
start: id_Gax=142300,	 id_Gax_MAX=262143,	 Gax_row=3
start: id_Gax=115300,	 id_Gax_MAX=262143,	 Gax_row=3
start: id_Gax=162600,	 id_Gax_MAX=262143,	 Gax_row=3
start: id_Gax=94000,	 id_Gax_MAX=262143,	 Gax_row=3
start: id_Gax=102300,	 id_Gax_MAX=262143,	 Gax_row=3
start: id_Gax=110200,	 id_Gax_MAX=262143,	 Gax_row=3
start: id_Gax=79100,	 id_Gax_MAX=262143,	 Gax_row=3
start: id_Gax=133900,	 id_Gax_MAX=262143,	 Gax_row=3
start: id_Gax=152100,	 id_Gax_MAX=262143,	 Gax_row=3
start: id_Gax=96800,	 id_Gax_MAX=262143,	 Gax_row=3
start: id_Gax=107600,	 id_Gax_MAX=262143,	 Gax_row=3
start: id_Gax=63000,	 id_Gax_MAX=262143,	 Gax_row=3
start: id_Gax=69600,	 id_Gax_MAX=262143,	 Gax_row=3
start: id_Gax=138200,	 id_Gax_MAX=262143,	 Gax_row=3
start: id_Gax=45400,	 id_Gax_MAX=262143,	 Gax_row=3
start: id_Gax=148300,	 id_Gax_MAX=262143,	 Gax_row=3
start: id_Gax=136100,	 id_Gax_MAX=262143,	 Gax_row=3
start: id_Gax=18200,	 id_Gax_MAX=262143,	 Gax_row=3
start: id_Gax=59600,	 id_Gax_MAX=262143,	 Gax_row=3
start: id_Gax=150200,	 id_Gax_MAX=262143,	 Gax_row=3
start: id_Gax=105000,	 id_Gax_MAX=262143,	 Gax_row=3
start: id_Gax=1200,	 id_Gax_MAX=262143,	 Gax_row=3
start: id_Gax=82200,	 id_Gax_MAX=262143,	 Gax_row=3
start: id_Gax=129500,	 id_Gax_MAX=262143,	 Gax_row=3
start: id_Gax=72900,	 id_Gax_MAX=262143,	 Gax_row=3
start: id_Gax=22300,	 id_Gax_MAX=262143,	 Gax_row=3
start: id_Gax=166100,	 id_Gax_MAX=262143,	 Gax_row=3
start: id_Gax=161100,	 id_Gax_MAX=262143,	 Gax_row=3
start: id_Gax=153900,	 id_Gax_MAX=262143,	 Gax_row=3
start: id_Gax=99600,	 id_Gax_MAX=262143,	 Gax_row=3
start: id_Gax=5600,	 id_Gax_MAX=262143,	 Gax_row=3
start: id_Gax=122600,	 id_Gax_MAX=262143,	 Gax_row=3
start: id_Gax=120200,	 id_Gax_MAX=262143,	 Gax_row=3
start: id_Gax=66400,	 id_Gax_MAX=262143,	 Gax_row=3
start: id_Gax=52700,	 id_Gax_MAX=262143,	 Gax_row=3
start: id_Gax=117800,	 id_Gax_MAX=262143,	 Gax_row=3
start: id_Gax=127300,	 id_Gax_MAX=262143,	 Gax_row=3
start: id_Gax=49100,	 id_Gax_MAX=262143,	 Gax_row=3
start: id_Gax=131800,	 id_Gax_MAX=262143,	 Gax_row=3
start: id_Gax=26400,	 id_Gax_MAX=262143,	 Gax_row=3
start: id_Gax=41800,	 id_Gax_MAX=262143,	 Gax_row=3
start: id_Gax=146400,	 id_Gax_MAX=262143,	 Gax_row=3
start: id_Gax=38000,	 id_Gax_MAX=262143,	 Gax_row=3
start: id_Gax=164000,	 id_Gax_MAX=262143,	 Gax_row=3
start: id_Gax=112800,	 id_Gax_MAX=262143,	 Gax_row=3
start: id_Gax=34200,	 id_Gax_MAX=262143,	 Gax_row=3
start: id_Gax=159400,	 id_Gax_MAX=262143,	 Gax_row=3
start: id_Gax=14100,	 id_Gax_MAX=262143,	 Gax_row=3
start: id_Gax=91200,	 id_Gax_MAX=262143,	 Gax_row=3
start: id_Gax=155800,	 id_Gax_MAX=262143,	 Gax_row=3
start: id_Gax=9900,	 id_Gax_MAX=262143,	 Gax_row=3
start: id_Gax=56200,	 id_Gax_MAX=262143,	 Gax_row=3
start: id_Gax=30300,	 id_Gax_MAX=262143,	 Gax_row=3
start: id_Gax=140300,	 id_Gax_MAX=262143,	 Gax_row=3
start: id_Gax=76100,	 id_Gax_MAX=262143,	 Gax_row=3
start: id_Gax=88300,	 id_Gax_MAX=262143,	 Gax_row=3
start: id_Gax=142400,	 id_Gax_MAX=262143,	 Gax_row=3
start: id_Gax=144400,	 id_Gax_MAX=262143,	 Gax_row=3
start: id_Gax=125000,	 id_Gax_MAX=262143,	 Gax_row=3
start: id_Gax=85300,	 id_Gax_MAX=262143,	 Gax_row=3
start: id_Gax=115400,	 id_Gax_MAX=262143,	 Gax_row=3
start: id_Gax=94100,	 id_Gax_MAX=262143,	 Gax_row=3
start: id_Gax=157600,	 id_Gax_MAX=262143,	 Gax_row=3
start: id_Gax=162700,	 id_Gax_MAX=262143,	 Gax_row=3
start: id_Gax=134000,	 id_Gax_MAX=262143,	 Gax_row=3
start: id_Gax=102400,	 id_Gax_MAX=262143,	 Gax_row=3
start: id_Gax=63100,	 id_Gax_MAX=262143,	 Gax_row=3
start: id_Gax=79200,	 id_Gax_MAX=262143,	 Gax_row=3
start: id_Gax=152200,	 id_Gax_MAX=262143,	 Gax_row=3
start: id_Gax=138300,	 id_Gax_MAX=262143,	 Gax_row=3
start: id_Gax=69700,	 id_Gax_MAX=262143,	 Gax_row=3
start: id_Gax=110300,	 id_Gax_MAX=262143,	 Gax_row=3
start: id_Gax=148400,	 id_Gax_MAX=262143,	 Gax_row=3
start: id_Gax=136200,	 id_Gax_MAX=262143,	 Gax_row=3
start: id_Gax=96900,	 id_Gax_MAX=262143,	 Gax_row=3
start: id_Gax=107700,	 id_Gax_MAX=262143,	 Gax_row=3
start: id_Gax=45500,	 id_Gax_MAX=262143,	 Gax_row=3
start: id_Gax=18300,	 id_Gax_MAX=262143,	 Gax_row=3
start: id_Gax=150300,	 id_Gax_MAX=262143,	 Gax_row=3
start: id_Gax=59700,	 id_Gax_MAX=262143,	 Gax_row=3
start: id_Gax=105100,	 id_Gax_MAX=262143,	 Gax_row=3
start: id_Gax=1300,	 id_Gax_MAX=262143,	 Gax_row=3
start: id_Gax=73000,	 id_Gax_MAX=262143,	 Gax_row=3
start: id_Gax=82300,	 id_Gax_MAX=262143,	 Gax_row=3
start: id_Gax=22400,	 id_Gax_MAX=262143,	 Gax_row=3
start: id_Gax=129600,	 id_Gax_MAX=262143,	 Gax_row=3
start: id_Gax=154000,	 id_Gax_MAX=262143,	 Gax_row=3
start: id_Gax=161200,	 id_Gax_MAX=262143,	 Gax_row=3
start: id_Gax=166200,	 id_Gax_MAX=262143,	 Gax_row=3
start: id_Gax=99700,	 id_Gax_MAX=262143,	 Gax_row=3
start: id_Gax=5700,	 id_Gax_MAX=262143,	 Gax_row=3
start: id_Gax=122700,	 id_Gax_MAX=262143,	 Gax_row=3
start: id_Gax=120300,	 id_Gax_MAX=262143,	 Gax_row=3
start: id_Gax=112900,	 id_Gax_MAX=262143,	 Gax_row=3
start: id_Gax=66500,	 id_Gax_MAX=262143,	 Gax_row=3
start: id_Gax=146500,	 id_Gax_MAX=262143,	 Gax_row=3
start: id_Gax=52800,	 id_Gax_MAX=262143,	 Gax_row=3
start: id_Gax=41900,	 id_Gax_MAX=262143,	 Gax_row=3
start: id_Gax=117900,	 id_Gax_MAX=262143,	 Gax_row=3
start: id_Gax=127400,	 id_Gax_MAX=262143,	 Gax_row=3
start: id_Gax=49200,	 id_Gax_MAX=262143,	 Gax_row=3
start: id_Gax=26500,	 id_Gax_MAX=262143,	 Gax_row=3
start: id_Gax=131900,	 id_Gax_MAX=262143,	 Gax_row=3
start: id_Gax=38100,	 id_Gax_MAX=262143,	 Gax_row=3
start: id_Gax=34300,	 id_Gax_MAX=262143,	 Gax_row=3
start: id_Gax=14200,	 id_Gax_MAX=262143,	 Gax_row=3
start: id_Gax=10000,	 id_Gax_MAX=262143,	 Gax_row=3
start: id_Gax=159500,	 id_Gax_MAX=262143,	 Gax_row=3
start: id_Gax=30400,	 id_Gax_MAX=262143,	 Gax_row=3
start: id_Gax=155900,	 id_Gax_MAX=262143,	 Gax_row=3
start: id_Gax=91300,	 id_Gax_MAX=262143,	 Gax_row=3
start: id_Gax=56300,	 id_Gax_MAX=262143,	 Gax_row=3
start: id_Gax=140400,	 id_Gax_MAX=262143,	 Gax_row=3
start: id_Gax=76200,	 id_Gax_MAX=262143,	 Gax_row=3
start: id_Gax=144500,	 id_Gax_MAX=262143,	 Gax_row=3
start: id_Gax=85400,	 id_Gax_MAX=262143,	 Gax_row=3
start: id_Gax=125100,	 id_Gax_MAX=262143,	 Gax_row=3
start: id_Gax=88400,	 id_Gax_MAX=262143,	 Gax_row=3
start: id_Gax=162800,	 id_Gax_MAX=262143,	 Gax_row=3
start: id_Gax=102500,	 id_Gax_MAX=262143,	 Gax_row=3
start: id_Gax=157700,	 id_Gax_MAX=262143,	 Gax_row=3
start: id_Gax=142500,	 id_Gax_MAX=262143,	 Gax_row=3
start: id_Gax=110400,	 id_Gax_MAX=262143,	 Gax_row=3
start: id_Gax=138400,	 id_Gax_MAX=262143,	 Gax_row=3
start: id_Gax=94200,	 id_Gax_MAX=262143,	 Gax_row=3
start: id_Gax=115500,	 id_Gax_MAX=262143,	 Gax_row=3
start: id_Gax=107800,	 id_Gax_MAX=262143,	 Gax_row=3
start: id_Gax=79300,	 id_Gax_MAX=262143,	 Gax_row=3
start: id_Gax=45600,	 id_Gax_MAX=262143,	 Gax_row=3
start: id_Gax=134100,	 id_Gax_MAX=262143,	 Gax_row=3
start: id_Gax=18400,	 id_Gax_MAX=262143,	 Gax_row=3
start: id_Gax=63200,	 id_Gax_MAX=262143,	 Gax_row=3
start: id_Gax=152300,	 id_Gax_MAX=262143,	 Gax_row=3
start: id_Gax=97000,	 id_Gax_MAX=262143,	 Gax_row=3
start: id_Gax=69800,	 id_Gax_MAX=262143,	 Gax_row=3
start: id_Gax=148500,	 id_Gax_MAX=262143,	 Gax_row=3
start: id_Gax=136300,	 id_Gax_MAX=262143,	 Gax_row=3
start: id_Gax=59800,	 id_Gax_MAX=262143,	 Gax_row=3
start: id_Gax=82400,	 id_Gax_MAX=262143,	 Gax_row=3
start: id_Gax=129700,	 id_Gax_MAX=262143,	 Gax_row=3
start: id_Gax=154100,	 id_Gax_MAX=262143,	 Gax_row=3
start: id_Gax=105200,	 id_Gax_MAX=262143,	 Gax_row=3
start: id_Gax=150400,	 id_Gax_MAX=262143,	 Gax_row=3
start: id_Gax=1400,	 id_Gax_MAX=262143,	 Gax_row=3
start: id_Gax=42000,	 id_Gax_MAX=262143,	 Gax_row=3
start: id_Gax=146600,	 id_Gax_MAX=262143,	 Gax_row=3
start: id_Gax=52900,	 id_Gax_MAX=262143,	 Gax_row=3
start: id_Gax=73100,	 id_Gax_MAX=262143,	 Gax_row=3
start: id_Gax=26600,	 id_Gax_MAX=262143,	 Gax_row=3
start: id_Gax=22500,	 id_Gax_MAX=262143,	 Gax_row=3
start: id_Gax=122800,	 id_Gax_MAX=262143,	 Gax_row=3
start: id_Gax=113000,	 id_Gax_MAX=262143,	 Gax_row=3
start: id_Gax=38200,	 id_Gax_MAX=262143,	 Gax_row=3
start: id_Gax=10100,	 id_Gax_MAX=262143,	 Gax_row=3
start: id_Gax=30500,	 id_Gax_MAX=262143,	 Gax_row=3
start: id_Gax=156000,	 id_Gax_MAX=262143,	 Gax_row=3
start: id_Gax=166300,	 id_Gax_MAX=262143,	 Gax_row=3
start: id_Gax=99800,	 id_Gax_MAX=262143,	 Gax_row=3
start: id_Gax=161300,	 id_Gax_MAX=262143,	 Gax_row=3
start: id_Gax=5800,	 id_Gax_MAX=262143,	 Gax_row=3
start: id_Gax=140500,	 id_Gax_MAX=262143,	 Gax_row=3
start: id_Gax=49300,	 id_Gax_MAX=262143,	 Gax_row=3
start: id_Gax=120400,	 id_Gax_MAX=262143,	 Gax_row=3
start: id_Gax=66600,	 id_Gax_MAX=262143,	 Gax_row=3
start: id_Gax=127500,	 id_Gax_MAX=262143,	 Gax_row=3
start: id_Gax=118000,	 id_Gax_MAX=262143,	 Gax_row=3
start: id_Gax=144600,	 id_Gax_MAX=262143,	 Gax_row=3
start: id_Gax=132000,	 id_Gax_MAX=262143,	 Gax_row=3
start: id_Gax=85500,	 id_Gax_MAX=262143,	 Gax_row=3
start: id_Gax=125200,	 id_Gax_MAX=262143,	 Gax_row=3
start: id_Gax=34400,	 id_Gax_MAX=262143,	 Gax_row=3
start: id_Gax=14300,	 id_Gax_MAX=262143,	 Gax_row=3
start: id_Gax=159600,	 id_Gax_MAX=262143,	 Gax_row=3
start: id_Gax=91400,	 id_Gax_MAX=262143,	 Gax_row=3
start: id_Gax=162900,	 id_Gax_MAX=262143,	 Gax_row=3
start: id_Gax=56400,	 id_Gax_MAX=262143,	 Gax_row=3
start: id_Gax=102600,	 id_Gax_MAX=262143,	 Gax_row=3
start: id_Gax=110500,	 id_Gax_MAX=262143,	 Gax_row=3
start: id_Gax=157800,	 id_Gax_MAX=262143,	 Gax_row=3
start: id_Gax=142600,	 id_Gax_MAX=262143,	 Gax_row=3
start: id_Gax=138500,	 id_Gax_MAX=262143,	 Gax_row=3
start: id_Gax=76300,	 id_Gax_MAX=262143,	 Gax_row=3
start: id_Gax=107900,	 id_Gax_MAX=262143,	 Gax_row=3
start: id_Gax=45700,	 id_Gax_MAX=262143,	 Gax_row=3
start: id_Gax=164100,	 id_Gax_MAX=262143,	 Gax_row=3
start: id_Gax=18500,	 id_Gax_MAX=262143,	 Gax_row=3
start: id_Gax=88500,	 id_Gax_MAX=262143,	 Gax_row=3
start: id_Gax=97100,	 id_Gax_MAX=262143,	 Gax_row=3
start: id_Gax=59900,	 id_Gax_MAX=262143,	 Gax_row=3
start: id_Gax=94300,	 id_Gax_MAX=262143,	 Gax_row=3
start: id_Gax=152400,	 id_Gax_MAX=262143,	 Gax_row=3
start: id_Gax=115600,	 id_Gax_MAX=262143,	 Gax_row=3
start: id_Gax=79400,	 id_Gax_MAX=262143,	 Gax_row=3
start: id_Gax=63300,	 id_Gax_MAX=262143,	 Gax_row=3
start: id_Gax=134200,	 id_Gax_MAX=262143,	 Gax_row=3
start: id_Gax=82500,	 id_Gax_MAX=262143,	 Gax_row=3
start: id_Gax=129800,	 id_Gax_MAX=262143,	 Gax_row=3
start: id_Gax=154200,	 id_Gax_MAX=262143,	 Gax_row=3
start: id_Gax=69900,	 id_Gax_MAX=262143,	 Gax_row=3
start: id_Gax=148600,	 id_Gax_MAX=262143,	 Gax_row=3
start: id_Gax=136400,	 id_Gax_MAX=262143,	 Gax_row=3
start: id_Gax=42100,	 id_Gax_MAX=262143,	 Gax_row=3
start: id_Gax=53000,	 id_Gax_MAX=262143,	 Gax_row=3
start: id_Gax=146700,	 id_Gax_MAX=262143,	 Gax_row=3
start: id_Gax=26700,	 id_Gax_MAX=262143,	 Gax_row=3
start: id_Gax=10200,	 id_Gax_MAX=262143,	 Gax_row=3
start: id_Gax=38300,	 id_Gax_MAX=262143,	 Gax_row=3
start: id_Gax=105300,	 id_Gax_MAX=262143,	 Gax_row=3
start: id_Gax=30600,	 id_Gax_MAX=262143,	 Gax_row=3
start: id_Gax=156100,	 id_Gax_MAX=262143,	 Gax_row=3
start: id_Gax=150500,	 id_Gax_MAX=262143,	 Gax_row=3
start: id_Gax=1500,	 id_Gax_MAX=262143,	 Gax_row=3
start: id_Gax=22600,	 id_Gax_MAX=262143,	 Gax_row=3
start: id_Gax=140600,	 id_Gax_MAX=262143,	 Gax_row=3
start: id_Gax=73200,	 id_Gax_MAX=262143,	 Gax_row=3
start: id_Gax=85600,	 id_Gax_MAX=262143,	 Gax_row=3
start: id_Gax=122900,	 id_Gax_MAX=262143,	 Gax_row=3
start: id_Gax=144700,	 id_Gax_MAX=262143,	 Gax_row=3
start: id_Gax=125300,	 id_Gax_MAX=262143,	 Gax_row=3
start: id_Gax=113100,	 id_Gax_MAX=262143,	 Gax_row=3
start: id_Gax=99900,	 id_Gax_MAX=262143,	 Gax_row=3
start: id_Gax=102700,	 id_Gax_MAX=262143,	 Gax_row=3
start: id_Gax=163000,	 id_Gax_MAX=262143,	 Gax_row=3
start: id_Gax=5900,	 id_Gax_MAX=262143,	 Gax_row=3
start: id_Gax=166400,	 id_Gax_MAX=262143,	 Gax_row=3
start: id_Gax=110600,	 id_Gax_MAX=262143,	 Gax_row=3
start: id_Gax=138600,	 id_Gax_MAX=262143,	 Gax_row=3
start: id_Gax=161400,	 id_Gax_MAX=262143,	 Gax_row=3
start: id_Gax=142700,	 id_Gax_MAX=262143,	 Gax_row=3
start: id_Gax=157900,	 id_Gax_MAX=262143,	 Gax_row=3
start: id_Gax=66700,	 id_Gax_MAX=262143,	 Gax_row=3
start: id_Gax=49400,	 id_Gax_MAX=262143,	 Gax_row=3
start: id_Gax=120500,	 id_Gax_MAX=262143,	 Gax_row=3
start: id_Gax=127600,	 id_Gax_MAX=262143,	 Gax_row=3
start: id_Gax=118100,	 id_Gax_MAX=262143,	 Gax_row=3
start: id_Gax=132100,	 id_Gax_MAX=262143,	 Gax_row=3
start: id_Gax=91500,	 id_Gax_MAX=262143,	 Gax_row=3
start: id_Gax=108000,	 id_Gax_MAX=262143,	 Gax_row=3
start: id_Gax=18600,	 id_Gax_MAX=262143,	 Gax_row=3
start: id_Gax=34500,	 id_Gax_MAX=262143,	 Gax_row=3
start: id_Gax=14400,	 id_Gax_MAX=262143,	 Gax_row=3
start: id_Gax=45800,	 id_Gax_MAX=262143,	 Gax_row=3
start: id_Gax=159700,	 id_Gax_MAX=262143,	 Gax_row=3
start: id_Gax=56500,	 id_Gax_MAX=262143,	 Gax_row=3
start: id_Gax=97200,	 id_Gax_MAX=262143,	 Gax_row=3
start: id_Gax=76400,	 id_Gax_MAX=262143,	 Gax_row=3
start: id_Gax=60000,	 id_Gax_MAX=262143,	 Gax_row=3
13/-860M
start: id_Gax=88600,	 id_Gax_MAX=262143,	 Gax_row=3
start: id_Gax=82600,	 id_Gax_MAX=262143,	 Gax_row=3
start: id_Gax=152500,	 id_Gax_MAX=262143,	 Gax_row=3
start: id_Gax=63400,	 id_Gax_MAX=262143,	 Gax_row=3
start: id_Gax=154300,	 id_Gax_MAX=262143,	 Gax_row=3
start: id_Gax=129900,	 id_Gax_MAX=262143,	 Gax_row=3
start: id_Gax=94400,	 id_Gax_MAX=262143,	 Gax_row=3
start: id_Gax=115700,	 id_Gax_MAX=262143,	 Gax_row=3
start: id_Gax=53100,	 id_Gax_MAX=262143,	 Gax_row=3
start: id_Gax=79500,	 id_Gax_MAX=262143,	 Gax_row=3
start: id_Gax=42200,	 id_Gax_MAX=262143,	 Gax_row=3
start: id_Gax=134300,	 id_Gax_MAX=262143,	 Gax_row=3
start: id_Gax=146800,	 id_Gax_MAX=262143,	 Gax_row=3
start: id_Gax=26800,	 id_Gax_MAX=262143,	 Gax_row=3
start: id_Gax=10300,	 id_Gax_MAX=262143,	 Gax_row=3
start: id_Gax=30700,	 id_Gax_MAX=262143,	 Gax_row=3
start: id_Gax=70000,	 id_Gax_MAX=262143,	 Gax_row=3
start: id_Gax=38400,	 id_Gax_MAX=262143,	 Gax_row=3
start: id_Gax=156200,	 id_Gax_MAX=262143,	 Gax_row=3
