start job on SBATCH:i11 size7 run530 max_process:/max_trial:1000000 Wed Jul 1 22:31:28 PDT 2020
SLURM_JOB_ID:1689649 SLURM_JOB_NAME:product SLURM_JOB_DIR:/rhome/wzeng002/Documents/GitHub/concatenation
note:[n_low=9, n_high=9, k_low=1, k_high=1 sub_mode=], sub_mode_A:3, sub_mode_B:4, na_input:7, n_low:9, n_high=9, data_folder:data/random4/trial530, log_file:log/product530-size7.log status_file:log/status-product530-size7.log
start: id_Gax=1000,	 id_Gax_MAX=1023,	 Gax_row=2
start: id_Gax=2000,	 id_Gax_MAX=4095,	 Gax_row=3
start: id_Gax=1000,	 id_Gax_MAX=4095,	 Gax_row=3
start: id_Gax=3000,	 id_Gax_MAX=4095,	 Gax_row=3
start: id_Gax=4000,	 id_Gax_MAX=4095,	 Gax_row=3
start: id_Gax=2000,	 id_Gax_MAX=4095,	 Gax_row=4
start: id_Gax=1000,	 id_Gax_MAX=4095,	 Gax_row=4
start: id_Gax=3000,	 id_Gax_MAX=4095,	 Gax_row=4
start: id_Gax=4000,	 id_Gax_MAX=4095,	 Gax_row=4
start: id_Gax=1000,	 id_Gax_MAX=1023,	 Gax_row=5
start calculating for 9284 cases out of 11951075 trials.
time used: 5.57605 sec
0% finished. total: 86192656, remaining time:207.852 min
0% finished. total: 86192656, remaining time:104.126 min
0% finished. total: 86192656, remaining time:69.4654 min
0% finished. total: 86192656, remaining time:52.1281 min
0% finished. total: 86192656, remaining time:41.725 min
0% finished. total: 86192656, remaining time:34.7902 min
0% finished. total: 86192656, remaining time:29.8368 min
0% finished. total: 86192656, remaining time:26.1196 min
0% finished. total: 86192656, remaining time:23.2299 min
0% finished. total: 86192656, remaining time:20.9172 min
0% finished. total: 86192656, remaining time:27.9535 min
0% finished. total: 86192656, remaining time:25.6682 min
0% finished. total: 86192656, remaining time:23.7048 min
0% finished. total: 86192656, remaining time:22.0196 min
0% finished. total: 86192656, remaining time:20.5585 min
0% finished. total: 86192656, remaining time:19.2806 min
0% finished. total: 86192656, remaining time:18.1533 min
0% finished. total: 86192656, remaining time:21.005 min
0% finished. total: 86192656, remaining time:19.9206 min
0% finished. total: 86192656, remaining time:20.695 min
0% finished. total: 86192656, remaining time:19.7279 min
0% finished. total: 86192656, remaining time:18.8377 min
0% finished. total: 86192656, remaining time:18.0231 min
0% finished. total: 86192656, remaining time:17.2769 min
0% finished. total: 86192656, remaining time:16.5904 min
0% finished. total: 86192656, remaining time:15.9567 min
0% finished. total: 86192656, remaining time:15.37 min
0% finished. total: 86192656, remaining time:14.8251 min
0% finished. total: 86192656, remaining time:14.3179 min
0% finished. total: 86192656, remaining time:13.8445 min
0% finished. total: 86192656, remaining time:13.4011 min
0% finished. total: 86192656, remaining time:12.9858 min
0% finished. total: 86192656, remaining time:12.5958 min
0% finished. total: 86192656, remaining time:14.3163 min
0% finished. total: 86192656, remaining time:13.9207 min
0% finished. total: 86192656, remaining time:13.5384 min
0% finished. total: 86192656, remaining time:13.1768 min
0% finished. total: 86192656, remaining time:12.8338 min
0% finished. total: 86192656, remaining time:12.5077 min
0% finished. total: 86192656, remaining time:12.1982 min
0% finished. total: 86192656, remaining time:11.9038 min
0% finished. total: 86192656, remaining time:11.6231 min
0% finished. total: 86192656, remaining time:11.3558 min
0% finished. total: 86192656, remaining time:11.1003 min
0% finished. total: 86192656, remaining time:10.8568 min
0% finished. total: 86192656, remaining time:10.6233 min
0% finished. total: 86192656, remaining time:10.3997 min
0% finished. total: 86192656, remaining time:10.1857 min
0% finished. total: 86192656, remaining time:9.98076 min
0% finished. total: 86192656, remaining time:9.78401 min
0% finished. total: 86192656, remaining time:9.59437 min
0% finished. total: 86192656, remaining time:9.41374 min
0% finished. total: 86192656, remaining time:9.23882 min
0% finished. total: 86192656, remaining time:9.42016 min
0% finished. total: 86192656, remaining time:9.25205 min
0% finished. total: 86192656, remaining time:9.08915 min
0% finished. total: 86192656, remaining time:8.93166 min
0% finished. total: 86192656, remaining time:8.77966 min
0% finished. total: 86192656, remaining time:8.63299 min
0% finished. total: 86192656, remaining time:8.94065 min
0% finished. total: 86192656, remaining time:8.80323 min
0% finished. total: 86192656, remaining time:8.66382 min
0% finished. total: 86192656, remaining time:8.52858 min
0% finished. total: 86192656, remaining time:8.39707 min
0% finished. total: 86192656, remaining time:8.26988 min
0% finished. total: 86192656, remaining time:8.14628 min
0% finished. total: 86192656, remaining time:8.02663 min
0% finished. total: 86192656, remaining time:7.91049 min
0% finished. total: 86192656, remaining time:7.79748 min
0% finished. total: 86192656, remaining time:7.68774 min
0% finished. total: 86192656, remaining time:7.58109 min
0% finished. total: 86192656, remaining time:7.47755 min
0% finished. total: 86192656, remaining time:7.37689 min
0% finished. total: 86192656, remaining time:7.27877 min
0% finished. total: 86192656, remaining time:7.18381 min
0% finished. total: 86192656, remaining time:7.09171 min
0% finished. total: 86192656, remaining time:7.0013 min
0% finished. total: 86192656, remaining time:6.91302 min
0% finished. total: 86192656, remaining time:6.82694 min
0% finished. total: 86192656, remaining time:6.74322 min
0% finished. total: 86192656, remaining time:6.66136 min
0% finished. total: 86192656, remaining time:6.58153 min
0% finished. total: 86192656, remaining time:6.5038 min
0% finished. total: 86192656, remaining time:6.42771 min
0% finished. total: 86192656, remaining time:6.35345 min
0% finished. total: 86192656, remaining time:6.28124 min
0% finished. total: 86192656, remaining time:6.21033 min
0% finished. total: 86192656, remaining time:6.15805 min
0% finished. total: 86192656, remaining time:6.0937 min
0% finished. total: 86192656, remaining time:6.02758 min
0% finished. total: 86192656, remaining time:5.96276 min
0% finished. total: 86192656, remaining time:5.89932 min
0% finished. total: 86192656, remaining time:5.83728 min
0% finished. total: 86192656, remaining time:5.77656 min
0% finished. total: 86192656, remaining time:5.71712 min
0% finished. total: 86192656, remaining time:5.65873 min
0% finished. total: 86192656, remaining time:5.60159 min
0% finished. total: 86192656, remaining time:5.54558 min
0% finished. total: 86192656, remaining time:5.49087 min
0% finished. total: 86192656, remaining time:5.43712 min
0% finished. total: 86192656, remaining time:5.38454 min
0% finished. total: 86192656, remaining time:5.33288 min
0% finished. total: 86192656, remaining time:5.2822 min
0% finished. total: 86192656, remaining time:5.23265 min
0% finished. total: 86192656, remaining time:5.18405 min
0% finished. total: 86192656, remaining time:5.13637 min
0% finished. total: 86192656, remaining time:5.08954 min
0% finished. total: 86192656, remaining time:5.04361 min
0% finished. total: 86192656, remaining time:4.99841 min
0% finished. total: 86192656, remaining time:4.95411 min
0% finished. total: 86192656, remaining time:4.91052 min
0% finished. total: 86192656, remaining time:4.86771 min
0% finished. total: 86192656, remaining time:4.82575 min
0% finished. total: 86192656, remaining time:4.78456 min
0% finished. total: 86192656, remaining time:4.74408 min
0% finished. total: 86192656, remaining time:4.7043 min
0% finished. total: 86192656, remaining time:4.66505 min
0% finished. total: 86192656, remaining time:4.62673 min
0% finished. total: 86192656, remaining time:4.58868 min
0% finished. total: 86192656, remaining time:4.55178 min
0% finished. total: 86192656, remaining time:4.51568 min
0% finished. total: 86192656, remaining time:4.48021 min
0% finished. total: 86192656, remaining time:4.44481 min
0% finished. total: 86192656, remaining time:4.41 min
0% finished. total: 86192656, remaining time:4.37565 min
0% finished. total: 86192656, remaining time:4.34206 min
0% finished. total: 86192656, remaining time:4.34359 min
0% finished. total: 86192656, remaining time:4.31359 min
0% finished. total: 86192656, remaining time:4.28182 min
0% finished. total: 86192656, remaining time:4.2503 min
0% finished. total: 86192656, remaining time:4.21928 min
0% finished. total: 86192656, remaining time:4.22148 min
0% finished. total: 86192656, remaining time:4.19308 min
0% finished. total: 86192656, remaining time:4.16296 min
0% finished. total: 86192656, remaining time:4.13319 min
0% finished. total: 86192656, remaining time:4.10375 min
0% finished. total: 86192656, remaining time:4.07494 min
0% finished. total: 86192656, remaining time:4.04635 min
0% finished. total: 86192656, remaining time:4.01824 min
0% finished. total: 86192656, remaining time:3.99047 min
0% finished. total: 86192656, remaining time:3.96318 min
0% finished. total: 86192656, remaining time:3.93609 min
0% finished. total: 86192656, remaining time:3.90944 min
0% finished. total: 86192656, remaining time:3.8836 min
0% finished. total: 86192656, remaining time:3.8579 min
0% finished. total: 86192656, remaining time:3.83226 min
0% finished. total: 86192656, remaining time:3.80705 min
0% finished. total: 86192656, remaining time:3.78211 min
0% finished. total: 86192656, remaining time:3.7576 min
0% finished. total: 86192656, remaining time:3.73341 min
0% finished. total: 86192656, remaining time:3.79114 min
0% finished. total: 86192656, remaining time:3.76912 min
0% finished. total: 86192656, remaining time:3.74542 min
0% finished. total: 86192656, remaining time:3.72194 min
0% finished. total: 86192656, remaining time:3.69885 min
0% finished. total: 86192656, remaining time:3.67595 min
0% finished. total: 86192656, remaining time:3.65336 min
0% finished. total: 86192656, remaining time:3.63114 min
0% finished. total: 86192656, remaining time:3.60912 min
0% finished. total: 86192656, remaining time:3.58727 min
0% finished. total: 86192656, remaining time:3.5657 min
0% finished. total: 86192656, remaining time:3.54439 min
0% finished. total: 86192656, remaining time:3.52371 min
0% finished. total: 86192656, remaining time:3.50345 min
0% finished. total: 86192656, remaining time:3.48298 min
0% finished. total: 86192656, remaining time:3.4627 min
0% finished. total: 86192656, remaining time:3.44274 min
0% finished. total: 86192656, remaining time:3.42291 min
0% finished. total: 86192656, remaining time:3.40351 min
0% finished. total: 86192656, remaining time:3.38417 min
0% finished. total: 86192656, remaining time:3.36511 min
0% finished. total: 86192656, remaining time:3.34622 min
0% finished. total: 86192656, remaining time:3.32763 min
0% finished. total: 86192656, remaining time:3.30923 min
0% finished. total: 86192656, remaining time:3.29098 min
0% finished. total: 86192656, remaining time:3.27302 min
0% finished. total: 86192656, remaining time:3.25533 min
0% finished. total: 86192656, remaining time:3.23775 min
0% finished. total: 86192656, remaining time:3.22071 min
0% finished. total: 86192656, remaining time:3.20377 min
0% finished. total: 86192656, remaining time:3.18694 min
0% finished. total: 86192656, remaining time:3.17046 min
0% finished. total: 86192656, remaining time:3.15406 min
0% finished. total: 86192656, remaining time:3.1377 min
0% finished. total: 86192656, remaining time:3.12353 min
0% finished. total: 86192656, remaining time:3.10806 min
0% finished. total: 86192656, remaining time:3.09266 min
0% finished. total: 86192656, remaining time:3.07735 min
0% finished. total: 86192656, remaining time:3.06236 min
0% finished. total: 86192656, remaining time:3.04744 min
0% finished. total: 86192656, remaining time:3.03276 min
0% finished. total: 86192656, remaining time:3.01838 min
0% finished. total: 86192656, remaining time:3.004 min
0% finished. total: 86192656, remaining time:2.9906 min
0% finished. total: 86192656, remaining time:2.9768 min
0% finished. total: 86192656, remaining time:2.96292 min
0% finished. total: 86192656, remaining time:2.94934 min
0% finished. total: 86192656, remaining time:2.93582 min
0% finished. total: 86192656, remaining time:2.92229 min
0% finished. total: 86192656, remaining time:2.90868 min
0% finished. total: 86192656, remaining time:2.89492 min
0% finished. total: 86192656, remaining time:2.8815 min
0% finished. total: 86192656, remaining time:2.86788 min
0% finished. total: 86192656, remaining time:2.85446 min
0% finished. total: 86192656, remaining time:2.84115 min
0% finished. total: 86192656, remaining time:2.82798 min
0% finished. total: 86192656, remaining time:2.81488 min
0% finished. total: 86192656, remaining time:2.80203 min
0% finished. total: 86192656, remaining time:2.78923 min
0% finished. total: 86192656, remaining time:2.77656 min
0% finished. total: 86192656, remaining time:2.76408 min
0% finished. total: 86192656, remaining time:2.75159 min
0% finished. total: 86192656, remaining time:2.7392 min
0% finished. total: 86192656, remaining time:2.72701 min
0% finished. total: 86192656, remaining time:2.71492 min
0% finished. total: 86192656, remaining time:2.70294 min
0% finished. total: 86192656, remaining time:2.69102 min
0% finished. total: 86192656, remaining time:2.6792 min
0% finished. total: 86192656, remaining time:2.66754 min
0% finished. total: 86192656, remaining time:2.65601 min
0% finished. total: 86192656, remaining time:2.64464 min
0% finished. total: 86192656, remaining time:2.63331 min
0% finished. total: 86192656, remaining time:2.62206 min
0% finished. total: 86192656, remaining time:2.61087 min
0% finished. total: 86192656, remaining time:2.59985 min
0% finished. total: 86192656, remaining time:2.64528 min
0% finished. total: 86192656, remaining time:2.6359 min
0% finished. total: 86192656, remaining time:2.62534 min
0% finished. total: 86192656, remaining time:2.61475 min
0% finished. total: 86192656, remaining time:2.60419 min
0% finished. total: 86192656, remaining time:2.59373 min
0% finished. total: 86192656, remaining time:2.58402 min
0% finished. total: 86192656, remaining time:2.57441 min
0% finished. total: 86192656, remaining time:2.56586 min
0% finished. total: 86192656, remaining time:2.55628 min
0% finished. total: 86192656, remaining time:2.54716 min
0% finished. total: 86192656, remaining time:2.53804 min
0% finished. total: 86192656, remaining time:2.52912 min
0% finished. total: 86192656, remaining time:2.52022 min
0% finished. total: 86192656, remaining time:2.51116 min
0% finished. total: 86192656, remaining time:2.50199 min
0% finished. total: 86192656, remaining time:2.49336 min
0% finished. total: 86192656, remaining time:2.48457 min
0% finished. total: 86192656, remaining time:2.47621 min
0% finished. total: 86192656, remaining time:2.46751 min
0% finished. total: 86192656, remaining time:2.45916 min
0% finished. total: 86192656, remaining time:2.45066 min
0% finished. total: 86192656, remaining time:2.4424 min
0% finished. total: 86192656, remaining time:2.43409 min
0% finished. total: 86192656, remaining time:2.42572 min
0% finished. total: 86192656, remaining time:2.41749 min
0% finished. total: 86192656, remaining time:2.4095 min
0% finished. total: 86192656, remaining time:2.40104 min
0% finished. total: 86192656, remaining time:2.39312 min
0% finished. total: 86192656, remaining time:2.38497 min
0% finished. total: 86192656, remaining time:2.37688 min
0% finished. total: 86192656, remaining time:2.36869 min
0% finished. total: 86192656, remaining time:2.36057 min
0% finished. total: 86192656, remaining time:2.353 min
0% finished. total: 86192656, remaining time:2.34528 min
0% finished. total: 86192656, remaining time:2.33772 min
0% finished. total: 86192656, remaining time:2.33027 min
0% finished. total: 86192656, remaining time:2.32267 min
0% finished. total: 86192656, remaining time:2.31549 min
0% finished. total: 86192656, remaining time:2.30843 min
0% finished. total: 86192656, remaining time:2.30245 min
0% finished. total: 86192656, remaining time:2.29544 min
0% finished. total: 86192656, remaining time:2.28843 min
0% finished. total: 86192656, remaining time:2.2812 min
0% finished. total: 86192656, remaining time:2.27418 min
0% finished. total: 86192656, remaining time:2.26684 min
0% finished. total: 86192656, remaining time:2.25999 min
0% finished. total: 86192656, remaining time:2.25356 min
0% finished. total: 86192656, remaining time:2.2471 min
0% finished. total: 86192656, remaining time:2.24071 min
0% finished. total: 86192656, remaining time:2.23456 min
0% finished. total: 86192656, remaining time:2.22831 min
0% finished. total: 86192656, remaining time:2.22251 min
0% finished. total: 86192656, remaining time:2.2162 min
0% finished. total: 86192656, remaining time:2.21027 min
0% finished. total: 86192656, remaining time:2.20419 min
0% finished. total: 86192656, remaining time:2.19795 min
0% finished. total: 86192656, remaining time:2.19196 min
0% finished. total: 86192656, remaining time:2.18595 min
0% finished. total: 86192656, remaining time:2.1801 min
0% finished. total: 86192656, remaining time:2.17413 min
0% finished. total: 86192656, remaining time:2.1685 min
0% finished. total: 86192656, remaining time:2.16376 min
0% finished. total: 86192656, remaining time:2.15767 min
0% finished. total: 86192656, remaining time:2.15206 min
0% finished. total: 86192656, remaining time:2.14604 min
0% finished. total: 86192656, remaining time:2.14002 min
0% finished. total: 86192656, remaining time:2.13404 min
0% finished. total: 86192656, remaining time:2.12843 min
0% finished. total: 86192656, remaining time:2.12258 min
0% finished. total: 86192656, remaining time:2.11681 min
0% finished. total: 86192656, remaining time:2.1107 min
0% finished. total: 86192656, remaining time:2.10467 min
0% finished. total: 86192656, remaining time:2.09897 min
0% finished. total: 86192656, remaining time:2.09317 min
0% finished. total: 86192656, remaining time:2.08736 min
0% finished. total: 86192656, remaining time:2.08154 min
0% finished. total: 86192656, remaining time:2.07572 min
0% finished. total: 86192656, remaining time:2.06992 min
0% finished. total: 86192656, remaining time:2.06431 min
0% finished. total: 86192656, remaining time:2.05868 min
0% finished. total: 86192656, remaining time:2.05306 min
0% finished. total: 86192656, remaining time:2.04741 min
0% finished. total: 86192656, remaining time:2.0419 min
0% finished. total: 86192656, remaining time:2.0361 min
0% finished. total: 86192656, remaining time:2.03024 min
0% finished. total: 86192656, remaining time:2.02432 min
0% finished. total: 86192656, remaining time:2.01854 min
0% finished. total: 86192656, remaining time:2.01271 min
0% finished. total: 86192656, remaining time:2.00686 min
0% finished. total: 86192656, remaining time:2.00115 min
0% finished. total: 86192656, remaining time:1.99547 min
0% finished. total: 86192656, remaining time:1.98978 min
0% finished. total: 86192656, remaining time:1.98413 min
0% finished. total: 86192656, remaining time:1.9785 min
0% finished. total: 86192656, remaining time:1.97288 min
0% finished. total: 86192656, remaining time:1.96732 min
0% finished. total: 86192656, remaining time:1.96176 min
0% finished. total: 86192656, remaining time:1.95629 min
0% finished. total: 86192656, remaining time:1.95084 min
0% finished. total: 86192656, remaining time:1.94538 min
0% finished. total: 86192656, remaining time:1.94 min
0% finished. total: 86192656, remaining time:1.93465 min
0% finished. total: 86192656, remaining time:1.92929 min
0% finished. total: 86192656, remaining time:1.92401 min
0% finished. total: 86192656, remaining time:1.91876 min
0% finished. total: 86192656, remaining time:1.91354 min
0% finished. total: 86192656, remaining time:1.90831 min
0% finished. total: 86192656, remaining time:1.9031 min
0% finished. total: 86192656, remaining time:1.89798 min
0% finished. total: 86192656, remaining time:1.89297 min
0% finished. total: 86192656, remaining time:1.8879 min
0% finished. total: 86192656, remaining time:1.88295 min
0% finished. total: 86192656, remaining time:1.87799 min
0% finished. total: 86192656, remaining time:2.34651 min
0% finished. total: 86192656, remaining time:2.34106 min
0% finished. total: 86192656, remaining time:2.33484 min
0% finished. total: 86192656, remaining time:2.32865 min
0% finished. total: 86192656, remaining time:2.32243 min
0% finished. total: 86192656, remaining time:2.31628 min
0% finished. total: 86192656, remaining time:2.31012 min
0% finished. total: 86192656, remaining time:2.304 min
0% finished. total: 86192656, remaining time:2.298 min
0% finished. total: 86192656, remaining time:2.29198 min
0% finished. total: 86192656, remaining time:2.286 min
0% finished. total: 86192656, remaining time:2.28014 min
0% finished. total: 86192656, remaining time:2.2742 min
0% finished. total: 86192656, remaining time:2.26828 min
0% finished. total: 86192656, remaining time:2.2624 min
0% finished. total: 86192656, remaining time:2.25658 min
0% finished. total: 86192656, remaining time:2.25073 min
0% finished. total: 86192656, remaining time:2.24494 min
0% finished. total: 86192656, remaining time:2.23919 min
0% finished. total: 86192656, remaining time:2.23347 min
0% finished. total: 86192656, remaining time:2.22786 min
0% finished. total: 86192656, remaining time:2.22225 min
0% finished. total: 86192656, remaining time:2.21666 min
0% finished. total: 86192656, remaining time:2.2111 min
0% finished. total: 86192656, remaining time:2.20558 min
0% finished. total: 86192656, remaining time:2.20009 min
0% finished. total: 86192656, remaining time:2.19458 min
0% finished. total: 86192656, remaining time:2.18911 min
0% finished. total: 86192656, remaining time:2.18371 min
0% finished. total: 86192656, remaining time:2.17837 min
0% finished. total: 86192656, remaining time:2.17298 min
0% finished. total: 86192656, remaining time:2.1677 min
0% finished. total: 86192656, remaining time:2.16458 min
0% finished. total: 86192656, remaining time:2.16023 min
0% finished. total: 86192656, remaining time:2.15503 min
0% finished. total: 86192656, remaining time:2.14977 min
0% finished. total: 86192656, remaining time:2.14456 min
0% finished. total: 86192656, remaining time:2.13935 min
0% finished. total: 86192656, remaining time:2.13423 min
0% finished. total: 86192656, remaining time:2.12909 min
0% finished. total: 86192656, remaining time:2.12397 min
0% finished. total: 86192656, remaining time:2.11889 min
0% finished. total: 86192656, remaining time:2.11382 min
0% finished. total: 86192656, remaining time:2.10876 min
0% finished. total: 86192656, remaining time:2.10374 min
0% finished. total: 86192656, remaining time:2.09877 min
0% finished. total: 86192656, remaining time:2.09381 min
0% finished. total: 86192656, remaining time:2.08892 min
0% finished. total: 86192656, remaining time:2.08405 min
0% finished. total: 86192656, remaining time:2.07916 min
0% finished. total: 86192656, remaining time:2.07427 min
0% finished. total: 86192656, remaining time:2.06944 min
0% finished. total: 86192656, remaining time:2.06464 min
0% finished. total: 86192656, remaining time:2.06052 min
0% finished. total: 86192656, remaining time:2.05587 min
0% finished. total: 86192656, remaining time:2.0511 min
0% finished. total: 86192656, remaining time:2.04639 min
0% finished. total: 86192656, remaining time:2.04173 min
0% finished. total: 86192656, remaining time:2.03707 min
0% finished. total: 86192656, remaining time:2.03239 min
0% finished. total: 86192656, remaining time:2.02778 min
0% finished. total: 86192656, remaining time:2.02318 min
0% finished. total: 86192656, remaining time:2.01951 min
0% finished. total: 86192656, remaining time:2.01556 min
0% finished. total: 86192656, remaining time:2.011 min
0% finished. total: 86192656, remaining time:2.00639 min
0% finished. total: 86192656, remaining time:2.00176 min
0% finished. total: 86192656, remaining time:1.99723 min
0% finished. total: 86192656, remaining time:1.99264 min
0% finished. total: 86192656, remaining time:1.98812 min
0% finished. total: 86192656, remaining time:1.99395 min
0% finished. total: 86192656, remaining time:1.99046 min
0% finished. total: 86192656, remaining time:1.98618 min
0% finished. total: 86192656, remaining time:1.98186 min
0% finished. total: 86192656, remaining time:2.02868 min
0% finished. total: 86192656, remaining time:2.02489 min
0% finished. total: 86192656, remaining time:2.02051 min
0% finished. total: 86192656, remaining time:2.01621 min
0% finished. total: 86192656, remaining time:2.0119 min
0% finished. total: 86192656, remaining time:2.00755 min
0% finished. total: 86192656, remaining time:2.0032 min
0% finished. total: 86192656, remaining time:1.99889 min
0% finished. total: 86192656, remaining time:1.99465 min
0% finished. total: 86192656, remaining time:1.99038 min
0% finished. total: 86192656, remaining time:1.98616 min
0% finished. total: 86192656, remaining time:1.98199 min
0% finished. total: 86192656, remaining time:1.97788 min
0% finished. total: 86192656, remaining time:1.97845 min
0% finished. total: 86192656, remaining time:1.97497 min
0% finished. total: 86192656, remaining time:1.97086 min
0% finished. total: 86192656, remaining time:1.96678 min
0% finished. total: 86192656, remaining time:1.96268 min
0% finished. total: 86192656, remaining time:1.95863 min
0% finished. total: 86192656, remaining time:1.9545 min
0% finished. total: 86192656, remaining time:1.95046 min
0% finished. total: 86192656, remaining time:1.94647 min
0% finished. total: 86192656, remaining time:1.94253 min
0% finished. total: 86192656, remaining time:1.93855 min
0% finished. total: 86192656, remaining time:1.93454 min
0% finished. total: 86192656, remaining time:1.93059 min
0% finished. total: 86192656, remaining time:1.92659 min
0% finished. total: 86192656, remaining time:1.92271 min
0% finished. total: 86192656, remaining time:1.91881 min
0% finished. total: 86192656, remaining time:1.91494 min
0% finished. total: 86192656, remaining time:1.91107 min
0% finished. total: 86192656, remaining time:1.90723 min
0% finished. total: 86192656, remaining time:1.90343 min
0% finished. total: 86192656, remaining time:1.89965 min
0% finished. total: 86192656, remaining time:1.89589 min
0% finished. total: 86192656, remaining time:1.89215 min
0% finished. total: 86192656, remaining time:1.88838 min
0% finished. total: 86192656, remaining time:1.88464 min
0% finished. total: 86192656, remaining time:1.88092 min
0% finished. total: 86192656, remaining time:1.87721 min
0% finished. total: 86192656, remaining time:1.87355 min
0% finished. total: 86192656, remaining time:1.86993 min
0% finished. total: 86192656, remaining time:1.86658 min
0% finished. total: 86192656, remaining time:1.86325 min
0% finished. total: 86192656, remaining time:1.86072 min
0% finished. total: 86192656, remaining time:1.85782 min
0% finished. total: 86192656, remaining time:1.85465 min
0% finished. total: 86192656, remaining time:1.8515 min
0% finished. total: 86192656, remaining time:1.84826 min
0% finished. total: 86192656, remaining time:1.84501 min
0% finished. total: 86192656, remaining time:1.84178 min
0% finished. total: 86192656, remaining time:1.83862 min
0% finished. total: 86192656, remaining time:1.83537 min
0% finished. total: 86192656, remaining time:1.83221 min
0% finished. total: 86192656, remaining time:1.82888 min
0% finished. total: 86192656, remaining time:1.8255 min
0% finished. total: 86192656, remaining time:1.82204 min
0% finished. total: 86192656, remaining time:1.81871 min
0% finished. total: 86192656, remaining time:1.81526 min
0% finished. total: 86192656, remaining time:1.81185 min
0% finished. total: 86192656, remaining time:1.80844 min
0% finished. total: 86192656, remaining time:1.80506 min
0% finished. total: 86192656, remaining time:2.1631 min
0% finished. total: 86192656, remaining time:2.15958 min
0% finished. total: 86192656, remaining time:2.15551 min
0% finished. total: 86192656, remaining time:2.1514 min
0% finished. total: 86192656, remaining time:2.14727 min
0% finished. total: 86192656, remaining time:2.14319 min
0% finished. total: 86192656, remaining time:2.13913 min
0% finished. total: 86192656, remaining time:2.13509 min
0% finished. total: 86192656, remaining time:2.13109 min
0% finished. total: 86192656, remaining time:2.12708 min
0% finished. total: 86192656, remaining time:2.12305 min
0% finished. total: 86192656, remaining time:2.11907 min
0% finished. total: 86192656, remaining time:2.11514 min
0% finished. total: 86192656, remaining time:2.11119 min
0% finished. total: 86192656, remaining time:2.10727 min
0% finished. total: 86192656, remaining time:2.10335 min
0% finished. total: 86192656, remaining time:2.09945 min
0% finished. total: 86192656, remaining time:2.0956 min
0% finished. total: 86192656, remaining time:2.09217 min
0% finished. total: 86192656, remaining time:2.08881 min
0% finished. total: 86192656, remaining time:2.08607 min
0% finished. total: 86192656, remaining time:2.08282 min
0% finished. total: 86192656, remaining time:2.08011 min
0% finished. total: 86192656, remaining time:2.07683 min
0% finished. total: 86192656, remaining time:2.07357 min
0% finished. total: 86192656, remaining time:2.07026 min
0% finished. total: 86192656, remaining time:2.06693 min
0% finished. total: 86192656, remaining time:2.06365 min
0% finished. total: 86192656, remaining time:2.06041 min
0% finished. total: 86192656, remaining time:2.05717 min
0% finished. total: 86192656, remaining time:2.05458 min
0% finished. total: 86192656, remaining time:2.05137 min
0% finished. total: 86192656, remaining time:2.04827 min
0% finished. total: 86192656, remaining time:2.04523 min
0% finished. total: 86192656, remaining time:2.04203 min
0% finished. total: 86192656, remaining time:2.03882 min
0% finished. total: 86192656, remaining time:2.03551 min
0% finished. total: 86192656, remaining time:2.03221 min
0% finished. total: 86192656, remaining time:2.02895 min
0% finished. total: 86192656, remaining time:2.02568 min
0% finished. total: 86192656, remaining time:2.02242 min
0% finished. total: 86192656, remaining time:2.01929 min
0% finished. total: 86192656, remaining time:2.01607 min
0% finished. total: 86192656, remaining time:2.01291 min
0% finished. total: 86192656, remaining time:2.00976 min
0% finished. total: 86192656, remaining time:2.00664 min
0% finished. total: 86192656, remaining time:2.00345 min
0% finished. total: 86192656, remaining time:2.0003 min
0% finished. total: 86192656, remaining time:1.99717 min
0% finished. total: 86192656, remaining time:1.99386 min
0% finished. total: 86192656, remaining time:1.99047 min
0% finished. total: 86192656, remaining time:1.9871 min
0% finished. total: 86192656, remaining time:1.98377 min
0% finished. total: 86192656, remaining time:1.98045 min
0% finished. total: 86192656, remaining time:1.97706 min
0% finished. total: 86192656, remaining time:1.97374 min
0% finished. total: 86192656, remaining time:1.97039 min
0% finished. total: 86192656, remaining time:1.96703 min
0% finished. total: 86192656, remaining time:1.9637 min
0% finished. total: 86192656, remaining time:1.9604 min
0% finished. total: 86192656, remaining time:1.95709 min
0% finished. total: 86192656, remaining time:1.95382 min
0% finished. total: 86192656, remaining time:1.95055 min
0% finished. total: 86192656, remaining time:1.94731 min
0% finished. total: 86192656, remaining time:1.94407 min
0% finished. total: 86192656, remaining time:1.94085 min
0% finished. total: 86192656, remaining time:1.93769 min
0% finished. total: 86192656, remaining time:1.93452 min
0% finished. total: 86192656, remaining time:1.93138 min
0% finished. total: 86192656, remaining time:1.9282 min
0% finished. total: 86192656, remaining time:1.92503 min
0% finished. total: 86192656, remaining time:1.92188 min
0% finished. total: 86192656, remaining time:1.91877 min
0% finished. total: 86192656, remaining time:1.91564 min
0% finished. total: 86192656, remaining time:1.91249 min
0% finished. total: 86192656, remaining time:1.90943 min
0% finished. total: 86192656, remaining time:1.90636 min
0% finished. total: 86192656, remaining time:1.90325 min
0% finished. total: 86192656, remaining time:1.90017 min
0% finished. total: 86192656, remaining time:1.89713 min
0% finished. total: 86192656, remaining time:353.257 min
0% finished. total: 86192656, remaining time:701.339 min
0% finished. total: 86192656, remaining time:1046.62 min
0% finished. total: 86192656, remaining time:1378.42 min
0% finished. total: 86192656, remaining time:1711.97 min
0% finished. total: 86192656, remaining time:2054.47 min
0% finished. total: 86192656, remaining time:2400.31 min
0% finished. total: 86192656, remaining time:2748.96 min
0% finished. total: 86192656, remaining time:3095.37 min
0% finished. total: 86192656, remaining time:3439.29 min
0% finished. total: 86192656, remaining time:3774.72 min
0% finished. total: 86192656, remaining time:4109.6 min
0% finished. total: 86192656, remaining time:4432.81 min
0% finished. total: 86192656, remaining time:4735.9 min
0% finished. total: 86192656, remaining time:5060.27 min
0% finished. total: 86192656, remaining time:5381.56 min
0% finished. total: 86192656, remaining time:5702.63 min
0% finished. total: 86192656, remaining time:6032.57 min
0% finished. total: 86192656, remaining time:6370.87 min
0% finished. total: 86192656, remaining time:6694.55 min
0% finished. total: 86192656, remaining time:7016.27 min
0% finished. total: 86192656, remaining time:7345.74 min
0% finished. total: 86192656, remaining time:7663.87 min
0% finished. total: 86192656, remaining time:7973.82 min
0% finished. total: 86192656, remaining time:8290.91 min
0% finished. total: 86192656, remaining time:8617.01 min
0% finished. total: 86192656, remaining time:8928.51 min
0% finished. total: 86192656, remaining time:9253.17 min
0% finished. total: 86192656, remaining time:9558.88 min
