start job on SBATCH:i07 size8 run509 max_process:/max_trial:1000000 Thu Jun 11 00:12:32 PDT 2020
SLURM_JOB_ID:1551685 SLURM_JOB_NAME:product SLURM_JOB_DIR:/rhome/wzeng002/Documents/GitHub/concatenation
note:[n_low=9, n_high=9, k_low=1, k_high=1 sub_mode=1], sub_mode_A:, sub_mode_B:, na_input:8, n_low:9, n_high=9, data_folder:data/random4/trial509, log_file:log/product509-size8.log status_file:log/status-product509-size8.log
sub_mode_B=2,na=8,Gax_row=1,id_Gax=127,Gaz_row=1, id_Gaz=127,dax=2,daz=2
                                                                         id_Gax_MAX=127,id_Gaz_MAX=127
sub_mode_B=3,na=8,Gax_row=1,id_Gax=127,Gaz_row=1, id_Gaz=127,dax=2,daz=2
sub_mode_B=2,na=8,Gax_row=2,id_Gax=1229,Gaz_row=2, id_Gaz=2079,dax=2,daz=2
sub_mode_B=2,na=8,Gax_row=2,id_Gax=1230,Gaz_row=2, id_Gaz=2079,dax=2,daz=2
sub_mode_B=2,na=8,Gax_row=2,id_Gax=1355,Gaz_row=2, id_Gaz=2079,dax=2,daz=2
sub_mode_B=2,na=8,Gax_row=2,id_Gax=1358,Gaz_row=2, id_Gaz=2079,dax=2,daz=2
sub_mode_B=2,na=8,Gax_row=2,id_Gax=1419,Gaz_row=2, id_Gaz=2079,dax=2,daz=2
sub_mode_B=2,na=8,Gax_row=2,id_Gax=1421,Gaz_row=2, id_Gaz=2079,dax=2,daz=2
sub_mode_B=2,na=8,Gax_row=2,id_Gax=1607,Gaz_row=2, id_Gaz=2079,dax=2,daz=2
sub_mode_B=2,na=8,Gax_row=2,id_Gax=1614,Gaz_row=2, id_Gaz=2079,dax=2,daz=2
sub_mode_B=2,na=8,Gax_row=2,id_Gax=1622,Gaz_row=2, id_Gaz=2079,dax=2,daz=2
sub_mode_B=2,na=8,Gax_row=2,id_Gax=1671,Gaz_row=2, id_Gaz=2079,dax=2,daz=2
sub_mode_B=2,na=8,Gax_row=2,id_Gax=1677,Gaz_row=2, id_Gaz=2079,dax=2,daz=2
sub_mode_B=2,na=8,Gax_row=2,id_Gax=1685,Gaz_row=2, id_Gaz=2079,dax=2,daz=2
sub_mode_B=2,na=8,Gax_row=2,id_Gax=1799,Gaz_row=2, id_Gaz=2079,dax=2,daz=2
sub_mode_B=2,na=8,Gax_row=2,id_Gax=1803,Gaz_row=2, id_Gaz=2079,dax=2,daz=2
sub_mode_B=2,na=8,Gax_row=2,id_Gax=1811,Gaz_row=2, id_Gaz=2079,dax=2,daz=2
                                                                         id_Gax_MAX=4095,id_Gaz_MAX=4095
sub_mode_B=3,na=8,Gax_row=2,id_Gax=1230,Gaz_row=2, id_Gaz=2079,dax=2,daz=2
                                                                         id_Gax_MAX=4095,id_Gaz_MAX=4095
sub_mode_B=3,na=8,Gax_row=2,id_Gax=1229,Gaz_row=2, id_Gaz=2079,dax=2,daz=2
                                                                         id_Gax_MAX=4095,id_Gaz_MAX=4095
sub_mode_B=3,na=8,Gax_row=2,id_Gax=1355,Gaz_row=2, id_Gaz=2079,dax=2,daz=2
                                                                         id_Gax_MAX=4095,id_Gaz_MAX=4095
sub_mode_B=3,na=8,Gax_row=2,id_Gax=1358,Gaz_row=2, id_Gaz=2079,dax=2,daz=2
                                                                         id_Gax_MAX=4095,id_Gaz_MAX=4095
                                                                         id_Gax_MAX=4095,id_Gaz_MAX=4095
sub_mode_B=3,na=8,Gax_row=2,id_Gax=1419,Gaz_row=2, id_Gaz=2079,dax=2,daz=2
sub_mode_B=3,na=8,Gax_row=2,id_Gax=1421,Gaz_row=2, id_Gaz=2079,dax=2,daz=2
sub_mode_B=2,na=8,Gax_row=2,id_Gax=1984,Gaz_row=2, id_Gaz=2079,dax=2,daz=2
sub_mode_B=2,na=8,Gax_row=2,id_Gax=1985,Gaz_row=2, id_Gaz=2079,dax=2,daz=2
sub_mode_B=2,na=8,Gax_row=2,id_Gax=1986,Gaz_row=2, id_Gaz=2079,dax=2,daz=2
sub_mode_B=2,na=8,Gax_row=2,id_Gax=1988,Gaz_row=2, id_Gaz=2079,dax=2,daz=2
sub_mode_B=2,na=8,Gax_row=2,id_Gax=1991,Gaz_row=2, id_Gaz=2079,dax=2,daz=2
sub_mode_B=2,na=8,Gax_row=2,id_Gax=1992,Gaz_row=2, id_Gaz=2079,dax=2,daz=2
sub_mode_B=2,na=8,Gax_row=2,id_Gax=1995,Gaz_row=2, id_Gaz=2079,dax=2,daz=2
sub_mode_B=2,na=8,Gax_row=2,id_Gax=1998,Gaz_row=2, id_Gaz=2079,dax=2,daz=2
sub_mode_B=2,na=8,Gax_row=2,id_Gax=1997,Gaz_row=2, id_Gaz=2079,dax=2,daz=2
sub_mode_B=2,na=8,Gax_row=2,id_Gax=2000,Gaz_row=2, id_Gaz=2079,dax=2,daz=2
sub_mode_B=2,na=8,Gax_row=2,id_Gax=2003,Gaz_row=2, id_Gaz=2079,dax=2,daz=2
sub_mode_B=2,na=8,Gax_row=2,id_Gax=2005,Gaz_row=2, id_Gaz=2079,dax=2,daz=2
sub_mode_B=2,na=8,Gax_row=2,id_Gax=2006,Gaz_row=2, id_Gaz=2079,dax=2,daz=2
sub_mode_B=2,na=8,Gax_row=2,id_Gax=2009,Gaz_row=2, id_Gaz=2079,dax=2,daz=2
sub_mode_B=2,na=8,Gax_row=2,id_Gax=2010,Gaz_row=2, id_Gaz=2079,dax=2,daz=2
sub_mode_B=2,na=8,Gax_row=2,id_Gax=2012,Gaz_row=2, id_Gaz=2079,dax=2,daz=2
sub_mode_B=2,na=8,Gax_row=2,id_Gax=2015,Gaz_row=2, id_Gaz=2079,dax=2,daz=2
                                                                         id_Gax_MAX=4095,id_Gaz_MAX=4095
sub_mode_B=3,na=8,Gax_row=2,id_Gax=1614,Gaz_row=2, id_Gaz=2079,dax=2,daz=2
                                                                         id_Gax_MAX=4095,id_Gaz_MAX=4095
sub_mode_B=3,na=8,Gax_row=2,id_Gax=1622,Gaz_row=2, id_Gaz=2079,dax=2,daz=2
                                                                         id_Gax_MAX=4095,id_Gaz_MAX=4095
sub_mode_B=3,na=8,Gax_row=2,id_Gax=1607,Gaz_row=2, id_Gaz=2079,dax=2,daz=2
                                                                         id_Gax_MAX=4095,id_Gaz_MAX=4095
sub_mode_B=3,na=8,Gax_row=2,id_Gax=1671,Gaz_row=2, id_Gaz=2079,dax=2,daz=2
sub_mode_B=2,na=8,Gax_row=2,id_Gax=2079,Gaz_row=1, id_Gaz=63,dax=2,daz=2
                                                                         id_Gax_MAX=4095,id_Gaz_MAX=4095
sub_mode_B=3,na=8,Gax_row=2,id_Gax=1677,Gaz_row=2, id_Gaz=2079,dax=2,daz=2
                                                                         id_Gax_MAX=4095,id_Gaz_MAX=4095
sub_mode_B=3,na=8,Gax_row=2,id_Gax=1799,Gaz_row=2, id_Gaz=2079,dax=2,daz=2
                                                                         id_Gax_MAX=4095,id_Gaz_MAX=4095
                                                                         id_Gax_MAX=4095,id_Gaz_MAX=4095
sub_mode_B=3,na=8,Gax_row=2,id_Gax=1803,Gaz_row=2, id_Gaz=2079,dax=2,daz=2
sub_mode_B=3,na=8,Gax_row=2,id_Gax=1685,Gaz_row=2, id_Gaz=2079,dax=2,daz=2
                                                                         id_Gax_MAX=4095,id_Gaz_MAX=4095
sub_mode_B=3,na=8,Gax_row=2,id_Gax=1811,Gaz_row=2, id_Gaz=2079,dax=2,daz=2
sub_mode_B=2,na=8,Gax_row=2,id_Gax=2142,Gaz_row=2, id_Gaz=2205,dax=2,daz=2
sub_mode_B=2,na=8,Gax_row=2,id_Gax=2143,Gaz_row=2, id_Gaz=2079,dax=2,daz=2
sub_mode_B=2,na=8,Gax_row=2,id_Gax=2205,Gaz_row=2, id_Gaz=2142,dax=2,daz=2
sub_mode_B=2,na=8,Gax_row=2,id_Gax=2207,Gaz_row=2, id_Gaz=2079,dax=2,daz=2
                                                                         id_Gax_MAX=4095,id_Gaz_MAX=4095
                                                                         id_Gax_MAX=4095,id_Gaz_MAX=4095
sub_mode_B=3,na=8,Gax_row=2,id_Gax=1991,Gaz_row=2, id_Gaz=2079,dax=2,daz=2
                                                                         id_Gax_MAX=4095,id_Gaz_MAX=4095
sub_mode_B=3,na=8,Gax_row=2,id_Gax=1988,Gaz_row=2, id_Gaz=2079,dax=2,daz=2
sub_mode_B=3,na=8,Gax_row=2,id_Gax=1985,Gaz_row=2, id_Gaz=2079,dax=2,daz=2
                                                                         id_Gax_MAX=4095,id_Gaz_MAX=4095
                                                                         id_Gax_MAX=4095,id_Gaz_MAX=4095
sub_mode_B=3,na=8,Gax_row=2,id_Gax=1992,Gaz_row=2, id_Gaz=2079,dax=2,daz=2
sub_mode_B=3,na=8,Gax_row=2,id_Gax=1984,Gaz_row=2, id_Gaz=2079,dax=2,daz=2
                                                                         id_Gax_MAX=4095,id_Gaz_MAX=4095
                                                                         id_Gax_MAX=4095,id_Gaz_MAX=4095
                                                                         id_Gax_MAX=4095,id_Gaz_MAX=4095
sub_mode_B=3,na=8,Gax_row=2,id_Gax=1997,Gaz_row=2, id_Gaz=2079,dax=2,daz=2
sub_mode_B=3,na=8,Gax_row=2,id_Gax=1995,Gaz_row=2, id_Gaz=2079,dax=2,daz=2
sub_mode_B=3,na=8,Gax_row=2,id_Gax=1986,Gaz_row=2, id_Gaz=2079,dax=2,daz=2
                                                                         id_Gax_MAX=4095,id_Gaz_MAX=4095
sub_mode_B=3,na=8,Gax_row=2,id_Gax=1998,Gaz_row=2, id_Gaz=2079,dax=2,daz=2
                                                                         id_Gax_MAX=4095,id_Gaz_MAX=4095
                                                                         id_Gax_MAX=4095,id_Gaz_MAX=4095
sub_mode_B=3,na=8,Gax_row=2,id_Gax=2005,Gaz_row=2, id_Gaz=2079,dax=2,daz=2
                                                                         id_Gax_MAX=4095,id_Gaz_MAX=4095
sub_mode_B=3,na=8,Gax_row=2,id_Gax=2006,Gaz_row=2, id_Gaz=2079,dax=2,daz=2
sub_mode_B=3,na=8,Gax_row=2,id_Gax=2000,Gaz_row=2, id_Gaz=2079,dax=2,daz=2
                                                                         id_Gax_MAX=4095,id_Gaz_MAX=4095
                                                                         id_Gax_MAX=4095,id_Gaz_MAX=4095
sub_mode_B=3,na=8,Gax_row=2,id_Gax=2003,Gaz_row=2, id_Gaz=2079,dax=2,daz=2
sub_mode_B=3,na=8,Gax_row=2,id_Gax=2012,Gaz_row=2, id_Gaz=2079,dax=2,daz=2
                                                                         id_Gax_MAX=4095,id_Gaz_MAX=4095
sub_mode_B=3,na=8,Gax_row=2,id_Gax=2009,Gaz_row=2, id_Gaz=2079,dax=2,daz=2
sub_mode_B=2,na=8,Gax_row=2,id_Gax=2253,Gaz_row=2, id_Gaz=3024,dax=2,daz=2
sub_mode_B=2,na=8,Gax_row=2,id_Gax=2254,Gaz_row=2, id_Gaz=3024,dax=2,daz=2
                                                                         id_Gax_MAX=4095,id_Gaz_MAX=4095
sub_mode_B=3,na=8,Gax_row=2,id_Gax=2015,Gaz_row=2, id_Gaz=2079,dax=2,daz=2
sub_mode_B=2,na=8,Gax_row=2,id_Gax=2268,Gaz_row=1, id_Gaz=63,dax=2,daz=2
sub_mode_B=2,na=8,Gax_row=2,id_Gax=2269,Gaz_row=2, id_Gaz=2142,dax=2,daz=2
sub_mode_B=2,na=8,Gax_row=2,id_Gax=2270,Gaz_row=2, id_Gaz=2205,dax=2,daz=2
sub_mode_B=2,na=8,Gax_row=2,id_Gax=2271,Gaz_row=1, id_Gaz=63,dax=2,daz=2
                                                                         id_Gax_MAX=4095,id_Gaz_MAX=4095
sub_mode_B=3,na=8,Gax_row=2,id_Gax=2010,Gaz_row=2, id_Gaz=2079,dax=2,daz=2
sub_mode_B=2,na=8,Gax_row=2,id_Gax=2261,Gaz_row=2, id_Gaz=3528,dax=2,daz=2
sub_mode_B=2,na=8,Gax_row=2,id_Gax=2262,Gaz_row=2, id_Gaz=3528,dax=2,daz=2
sub_mode_B=2,na=8,Gax_row=2,id_Gax=2265,Gaz_row=2, id_Gaz=3780,dax=2,daz=2
sub_mode_B=2,na=8,Gax_row=2,id_Gax=2266,Gaz_row=2, id_Gaz=3780,dax=2,daz=2
