start job on SBATCH:c41 size run470 max_process:/max_trial:1000000 Mon Jun 1 19:45:06 PDT 2020
SLURM_JOB_ID:1299019 SLURM_JOB_NAME:product SLURM_JOB_DIR:/rhome/wzeng002/Documents/GitHub/concatenation
data_folder:data_hpcc/random3, log_file:log/product470-size.log status_file:log/status-product470-size.log
0 Mon Jun 1 19:45:06 PDT 2020 data_hpcc/random3/trial470-2
0 Mon Jun 1 19:45:06 PDT 2020 data_hpcc/random3/trial470-4
0 Mon Jun 1 19:45:06 PDT 2020 data_hpcc/random3/trial470-6
0 Mon Jun 1 19:45:06 PDT 2020 data_hpcc/random3/trial470-9
0 Mon Jun 1 19:45:06 PDT 2020 data_hpcc/random3/trial470-12
0 Mon Jun 1 19:45:06 PDT 2020 data_hpcc/random3/trial470-16
0 Mon Jun 1 19:45:06 PDT 2020 data_hpcc/random3/trial470-21
0 Mon Jun 1 19:45:06 PDT 2020 data_hpcc/random3/trial470-27
0 Mon Jun 1 19:45:06 PDT 2020 data_hpcc/random3/trial470-34
0 Mon Jun 1 19:45:06 PDT 2020 data_hpcc/random3/trial470-42
0 Mon Jun 1 19:45:06 PDT 2020 data_hpcc/random3/trial470-52
0 Mon Jun 1 19:45:06 PDT 2020 data_hpcc/random3/trial470-64
76 Mon Jun 1 19:45:12 PDT 2020 data_hpcc/random3/trial470-78
67 Mon Jun 1 19:45:14 PDT 2020 data_hpcc/random3/trial470-95
66 Mon Jun 1 19:45:15 PDT 2020 data_hpcc/random3/trial470-116
68 Mon Jun 1 19:45:16 PDT 2020 data_hpcc/random3/trial470-141
73 Mon Jun 1 19:45:21 PDT 2020 data_hpcc/random3/trial470-171
75 Mon Jun 1 19:45:30 PDT 2020 data_hpcc/random3/trial470-207
73 Mon Jun 1 19:45:37 PDT 2020 data_hpcc/random3/trial470-250
76 Mon Jun 1 19:45:47 PDT 2020 data_hpcc/random3/trial470-302
73 Mon Jun 1 19:46:03 PDT 2020 data_hpcc/random3/trial470-364
75 Mon Jun 1 19:46:15 PDT 2020 data_hpcc/random3/trial470-438
75 Mon Jun 1 19:46:35 PDT 2020 data_hpcc/random3/trial470-527
74 Mon Jun 1 19:46:52 PDT 2020 data_hpcc/random3/trial470-634
75 Mon Jun 1 19:47:24 PDT 2020 data_hpcc/random3/trial470-762
76 Mon Jun 1 19:47:58 PDT 2020 data_hpcc/random3/trial470-916
76 Mon Jun 1 19:48:38 PDT 2020 data_hpcc/random3/trial470-1101
75 Mon Jun 1 19:49:40 PDT 2020 data_hpcc/random3/trial470-1323
75 Mon Jun 1 19:50:50 PDT 2020 data_hpcc/random3/trial470-1589
74 Mon Jun 1 19:52:02 PDT 2020 data_hpcc/random3/trial470-1908
73 Mon Jun 1 19:53:34 PDT 2020 data_hpcc/random3/trial470-2291
72 Mon Jun 1 19:55:00 PDT 2020 data_hpcc/random3/trial470-2751
74 Mon Jun 1 19:56:51 PDT 2020 data_hpcc/random3/trial470-3303
75 Mon Jun 1 19:59:23 PDT 2020 data_hpcc/random3/trial470-3965
75 Mon Jun 1 20:02:26 PDT 2020 data_hpcc/random3/trial470-4760
74 Mon Jun 1 20:06:20 PDT 2020 data_hpcc/random3/trial470-5714
75 Mon Jun 1 20:10:36 PDT 2020 data_hpcc/random3/trial470-6858
75 Mon Jun 1 20:15:26 PDT 2020 data_hpcc/random3/trial470-8231
75 Mon Jun 1 20:21:21 PDT 2020 data_hpcc/random3/trial470-9879
72 Mon Jun 1 20:28:31 PDT 2020 data_hpcc/random3/trial470-11856
76 Mon Jun 1 20:37:05 PDT 2020 data_hpcc/random3/trial470-14229
73 Mon Jun 1 20:48:23 PDT 2020 data_hpcc/random3/trial470-17076
75 Mon Jun 1 21:00:34 PDT 2020 data_hpcc/random3/trial470-20493
74 Mon Jun 1 21:15:19 PDT 2020 data_hpcc/random3/trial470-24593
76 Mon Jun 1 21:33:35 PDT 2020 data_hpcc/random3/trial470-29513
72 Mon Jun 1 21:54:21 PDT 2020 data_hpcc/random3/trial470-35417
75 Mon Jun 1 22:20:33 PDT 2020 data_hpcc/random3/trial470-42502
75 Mon Jun 1 22:52:58 PDT 2020 data_hpcc/random3/trial470-51004
73 Mon Jun 1 23:30:14 PDT 2020 data_hpcc/random3/trial470-61206
80 Tue Jun 2 00:20:00 PDT 2020 data_hpcc/random3/trial470-73449
83 Tue Jun 2 01:14:39 PDT 2020 data_hpcc/random3/trial470-88140
81 Tue Jun 2 02:19:27 PDT 2020 data_hpcc/random3/trial470-105770
81 Tue Jun 2 03:38:02 PDT 2020 data_hpcc/random3/trial470-126926
81 Tue Jun 2 05:14:15 PDT 2020 data_hpcc/random3/trial470-152313
82 Tue Jun 2 07:04:40 PDT 2020 data_hpcc/random3/trial470-182777
