start job on SBATCH:c45 size9 run449 max_process:/max_trial:1000000 Sun May 31 23:20:12 PDT 2020
SLURM_JOB_ID:1267096 SLURM_JOB_NAME:product SLURM_JOB_DIR:/rhome/wzeng002/Documents/GitHub/concatenation
data_folder:data_hpcc/random3, log_file:log/product449-size9.log status_file:log/status-product449-size9.log
Sun May 31 23:20:12 PDT 2020 9 data_hpcc/random3/trial449-2
Sun May 31 23:20:12 PDT 2020 9 data_hpcc/random3/trial449-4
Sun May 31 23:20:12 PDT 2020 9 data_hpcc/random3/trial449-6
Sun May 31 23:20:12 PDT 2020 9 data_hpcc/random3/trial449-9
Sun May 31 23:20:12 PDT 2020 9 data_hpcc/random3/trial449-12
Sun May 31 23:20:12 PDT 2020 9 data_hpcc/random3/trial449-16
Sun May 31 23:20:12 PDT 2020 9 data_hpcc/random3/trial449-21
Sun May 31 23:20:12 PDT 2020 9 data_hpcc/random3/trial449-27
Sun May 31 23:20:12 PDT 2020 9 data_hpcc/random3/trial449-34
Sun May 31 23:20:12 PDT 2020 9 data_hpcc/random3/trial449-42
Sun May 31 23:20:29 PDT 2020 9 data_hpcc/random3/trial449-52
Sun May 31 23:20:30 PDT 2020 9 data_hpcc/random3/trial449-64
Sun May 31 23:20:30 PDT 2020 9 data_hpcc/random3/trial449-78
Sun May 31 23:20:31 PDT 2020 9 data_hpcc/random3/trial449-95
Sun May 31 23:20:32 PDT 2020 9 data_hpcc/random3/trial449-116
Sun May 31 23:20:32 PDT 2020 9 data_hpcc/random3/trial449-141
Sun May 31 23:20:34 PDT 2020 9 data_hpcc/random3/trial449-171
Sun May 31 23:20:36 PDT 2020 9 data_hpcc/random3/trial449-207
Sun May 31 23:20:38 PDT 2020 9 data_hpcc/random3/trial449-250
Sun May 31 23:20:40 PDT 2020 9 data_hpcc/random3/trial449-302
Sun May 31 23:20:43 PDT 2020 9 data_hpcc/random3/trial449-364
Sun May 31 23:20:46 PDT 2020 9 data_hpcc/random3/trial449-438
Sun May 31 23:20:49 PDT 2020 9 data_hpcc/random3/trial449-527
Sun May 31 23:20:55 PDT 2020 9 data_hpcc/random3/trial449-634
Sun May 31 23:20:58 PDT 2020 9 data_hpcc/random3/trial449-762
Sun May 31 23:21:03 PDT 2020 9 data_hpcc/random3/trial449-916
Sun May 31 23:21:10 PDT 2020 9 data_hpcc/random3/trial449-1101
Sun May 31 23:21:20 PDT 2020 9 data_hpcc/random3/trial449-1323
Sun May 31 23:21:32 PDT 2020 9 data_hpcc/random3/trial449-1589
Mon Jun 1 00:07:14 PDT 2020 9 data_hpcc/random3/trial449-1908
Mon Jun 1 00:10:28 PDT 2020 9 data_hpcc/random3/trial449-2291
Mon Jun 1 00:10:55 PDT 2020 9 data_hpcc/random3/trial449-2751
Mon Jun 1 00:11:20 PDT 2020 9 data_hpcc/random3/trial449-3303
Mon Jun 1 00:12:06 PDT 2020 9 data_hpcc/random3/trial449-3965
Mon Jun 1 00:12:58 PDT 2020 9 data_hpcc/random3/trial449-4760
Mon Jun 1 00:14:03 PDT 2020 9 data_hpcc/random3/trial449-5714
Mon Jun 1 00:15:08 PDT 2020 9 data_hpcc/random3/trial449-6858
Mon Jun 1 00:16:42 PDT 2020 9 data_hpcc/random3/trial449-8231
Mon Jun 1 00:18:35 PDT 2020 9 data_hpcc/random3/trial449-9879
Mon Jun 1 00:20:36 PDT 2020 9 data_hpcc/random3/trial449-11856
Mon Jun 1 00:22:53 PDT 2020 9 data_hpcc/random3/trial449-14229
Mon Jun 1 00:25:25 PDT 2020 9 data_hpcc/random3/trial449-17076
Mon Jun 1 00:28:27 PDT 2020 9 data_hpcc/random3/trial449-20493
Mon Jun 1 00:31:57 PDT 2020 9 data_hpcc/random3/trial449-24593
Mon Jun 1 00:37:02 PDT 2020 9 data_hpcc/random3/trial449-29513
Mon Jun 1 00:43:07 PDT 2020 9 data_hpcc/random3/trial449-35417
Mon Jun 1 00:49:33 PDT 2020 9 data_hpcc/random3/trial449-42502
Mon Jun 1 00:58:14 PDT 2020 9 data_hpcc/random3/trial449-51004
Mon Jun 1 01:08:14 PDT 2020 9 data_hpcc/random3/trial449-61206
Mon Jun 1 01:20:52 PDT 2020 9 data_hpcc/random3/trial449-73449
Mon Jun 1 01:35:14 PDT 2020 9 data_hpcc/random3/trial449-88140
Mon Jun 1 01:53:01 PDT 2020 9 data_hpcc/random3/trial449-105770
Mon Jun 1 02:13:30 PDT 2020 9 data_hpcc/random3/trial449-126926
Mon Jun 1 02:37:29 PDT 2020 9 data_hpcc/random3/trial449-152313
Mon Jun 1 03:07:58 PDT 2020 9 data_hpcc/random3/trial449-182777
Mon Jun 1 03:43:48 PDT 2020 9 data_hpcc/random3/trial449-219334
Mon Jun 1 04:26:47 PDT 2020 9 data_hpcc/random3/trial449-263202
