start job on SBATCH:c21 size run496 max_process:/max_trial:1000000 Wed Jun 3 16:01:38 PDT 2020
SLURM_JOB_ID:1406742 SLURM_JOB_NAME:product SLURM_JOB_DIR:/rhome/wzeng002/Documents/GitHub/concatenation
note:[n_low=6, n_high=12, k_low=1, k_high=3 sub_mode=1], sub_mode:1, n_low:6, n_high=12, data_folder:data_hpcc/random3, log_file:log/product496-size.log status_file:log/status-product496-size.log
0 Wed Jun 3 16:01:39 PDT 2020 data_hpcc/random3/trial496-2
0 Wed Jun 3 16:01:39 PDT 2020 data_hpcc/random3/trial496-4
0 Wed Jun 3 16:01:39 PDT 2020 data_hpcc/random3/trial496-7
0 Wed Jun 3 16:01:39 PDT 2020 data_hpcc/random3/trial496-11
0 Wed Jun 3 16:01:39 PDT 2020 data_hpcc/random3/trial496-16
0 Wed Jun 3 16:01:39 PDT 2020 data_hpcc/random3/trial496-23
0 Wed Jun 3 16:01:39 PDT 2020 data_hpcc/random3/trial496-32
0 Wed Jun 3 16:01:39 PDT 2020 data_hpcc/random3/trial496-44
0 Wed Jun 3 16:01:39 PDT 2020 data_hpcc/random3/trial496-60
76 Wed Jun 3 16:01:50 PDT 2020 data_hpcc/random3/trial496-82
76 Wed Jun 3 16:01:59 PDT 2020 data_hpcc/random3/trial496-111
76 Wed Jun 3 16:02:17 PDT 2020 data_hpcc/random3/trial496-150
76 Wed Jun 3 16:02:36 PDT 2020 data_hpcc/random3/trial496-202
74 Wed Jun 3 16:03:04 PDT 2020 data_hpcc/random3/trial496-271
76 Wed Jun 3 16:03:47 PDT 2020 data_hpcc/random3/trial496-363
76 Wed Jun 3 16:04:44 PDT 2020 data_hpcc/random3/trial496-486
74 Wed Jun 3 16:05:54 PDT 2020 data_hpcc/random3/trial496-650
75 Wed Jun 3 16:07:42 PDT 2020 data_hpcc/random3/trial496-868
75 Wed Jun 3 16:09:59 PDT 2020 data_hpcc/random3/trial496-1159
75 Wed Jun 3 16:13:00 PDT 2020 data_hpcc/random3/trial496-1547
76 Wed Jun 3 16:16:54 PDT 2020 data_hpcc/random3/trial496-2064
75 Wed Jun 3 16:22:21 PDT 2020 data_hpcc/random3/trial496-2754
76 Wed Jun 3 16:29:41 PDT 2020 data_hpcc/random3/trial496-3674
75 Wed Jun 3 16:39:23 PDT 2020 data_hpcc/random3/trial496-4900
75 Wed Jun 3 16:51:52 PDT 2020 data_hpcc/random3/trial496-6535
76 Wed Jun 3 17:08:01 PDT 2020 data_hpcc/random3/trial496-8715
74 Wed Jun 3 17:31:16 PDT 2020 data_hpcc/random3/trial496-11622
76 Wed Jun 3 18:01:23 PDT 2020 data_hpcc/random3/trial496-15498
76 Wed Jun 3 18:41:53 PDT 2020 data_hpcc/random3/trial496-20666
76 Wed Jun 3 19:35:52 PDT 2020 data_hpcc/random3/trial496-27556
75 Wed Jun 3 20:49:02 PDT 2020 data_hpcc/random3/trial496-36743
73 Wed Jun 3 22:27:23 PDT 2020 data_hpcc/random3/trial496-48992
81 Thu Jun 4 00:37:16 PDT 2020 data_hpcc/random3/trial496-65324
83 Thu Jun 4 03:30:04 PDT 2020 data_hpcc/random3/trial496-87100
83 Thu Jun 4 07:20:20 PDT 2020 data_hpcc/random3/trial496-116135
83 Thu Jun 4 12:26:19 PDT 2020 data_hpcc/random3/trial496-154848
90 Thu Jun 4 19:11:38 PDT 2020 data_hpcc/random3/trial496-206466
90 Fri Jun 5 04:15:50 PDT 2020 data_hpcc/random3/trial496-275290
91 Fri Jun 5 16:18:20 PDT 2020 data_hpcc/random3/trial496-367055
