start job on SBATCH:c44 size run472 max_process:/max_trial:1000000 Mon Jun 1 19:45:06 PDT 2020
SLURM_JOB_ID:1299023 SLURM_JOB_NAME:product SLURM_JOB_DIR:/rhome/wzeng002/Documents/GitHub/concatenation
data_folder:data_hpcc/random3, log_file:log/product472-size.log status_file:log/status-product472-size.log
0 Mon Jun 1 19:45:06 PDT 2020 data_hpcc/random3/trial472-2
0 Mon Jun 1 19:45:06 PDT 2020 data_hpcc/random3/trial472-4
0 Mon Jun 1 19:45:06 PDT 2020 data_hpcc/random3/trial472-6
0 Mon Jun 1 19:45:06 PDT 2020 data_hpcc/random3/trial472-9
0 Mon Jun 1 19:45:06 PDT 2020 data_hpcc/random3/trial472-12
0 Mon Jun 1 19:45:06 PDT 2020 data_hpcc/random3/trial472-16
0 Mon Jun 1 19:45:06 PDT 2020 data_hpcc/random3/trial472-21
0 Mon Jun 1 19:45:06 PDT 2020 data_hpcc/random3/trial472-27
0 Mon Jun 1 19:45:06 PDT 2020 data_hpcc/random3/trial472-34
0 Mon Jun 1 19:45:06 PDT 2020 data_hpcc/random3/trial472-42
0 Mon Jun 1 19:45:06 PDT 2020 data_hpcc/random3/trial472-52
0 Mon Jun 1 19:45:06 PDT 2020 data_hpcc/random3/trial472-64
75 Mon Jun 1 19:45:11 PDT 2020 data_hpcc/random3/trial472-78
70 Mon Jun 1 19:45:14 PDT 2020 data_hpcc/random3/trial472-95
58 Mon Jun 1 19:45:15 PDT 2020 data_hpcc/random3/trial472-116
78 Mon Jun 1 19:45:15 PDT 2020 data_hpcc/random3/trial472-141
80 Mon Jun 1 19:45:20 PDT 2020 data_hpcc/random3/trial472-171
83 Mon Jun 1 19:45:24 PDT 2020 data_hpcc/random3/trial472-207
82 Mon Jun 1 19:45:34 PDT 2020 data_hpcc/random3/trial472-250
81 Mon Jun 1 19:45:48 PDT 2020 data_hpcc/random3/trial472-302
80 Mon Jun 1 19:46:05 PDT 2020 data_hpcc/random3/trial472-364
82 Mon Jun 1 19:46:17 PDT 2020 data_hpcc/random3/trial472-438
80 Mon Jun 1 19:46:40 PDT 2020 data_hpcc/random3/trial472-527
81 Mon Jun 1 19:47:03 PDT 2020 data_hpcc/random3/trial472-634
83 Mon Jun 1 19:47:30 PDT 2020 data_hpcc/random3/trial472-762
83 Mon Jun 1 19:48:01 PDT 2020 data_hpcc/random3/trial472-916
83 Mon Jun 1 19:48:43 PDT 2020 data_hpcc/random3/trial472-1101
83 Mon Jun 1 19:49:43 PDT 2020 data_hpcc/random3/trial472-1323
81 Mon Jun 1 19:50:52 PDT 2020 data_hpcc/random3/trial472-1589
83 Mon Jun 1 19:52:05 PDT 2020 data_hpcc/random3/trial472-1908
79 Mon Jun 1 19:53:39 PDT 2020 data_hpcc/random3/trial472-2291
82 Mon Jun 1 19:55:15 PDT 2020 data_hpcc/random3/trial472-2751
83 Mon Jun 1 19:57:14 PDT 2020 data_hpcc/random3/trial472-3303
83 Mon Jun 1 19:59:49 PDT 2020 data_hpcc/random3/trial472-3965
79 Mon Jun 1 20:02:46 PDT 2020 data_hpcc/random3/trial472-4760
82 Mon Jun 1 20:06:29 PDT 2020 data_hpcc/random3/trial472-5714
81 Mon Jun 1 20:10:38 PDT 2020 data_hpcc/random3/trial472-6858
81 Mon Jun 1 20:15:27 PDT 2020 data_hpcc/random3/trial472-8231
80 Mon Jun 1 20:21:17 PDT 2020 data_hpcc/random3/trial472-9879
83 Mon Jun 1 20:28:23 PDT 2020 data_hpcc/random3/trial472-11856
81 Mon Jun 1 20:36:55 PDT 2020 data_hpcc/random3/trial472-14229
80 Mon Jun 1 20:48:00 PDT 2020 data_hpcc/random3/trial472-17076
82 Mon Jun 1 21:00:21 PDT 2020 data_hpcc/random3/trial472-20493
79 Mon Jun 1 21:15:14 PDT 2020 data_hpcc/random3/trial472-24593
83 Mon Jun 1 21:33:45 PDT 2020 data_hpcc/random3/trial472-29513
82 Mon Jun 1 21:54:28 PDT 2020 data_hpcc/random3/trial472-35417
83 Mon Jun 1 22:20:34 PDT 2020 data_hpcc/random3/trial472-42502
83 Mon Jun 1 22:51:55 PDT 2020 data_hpcc/random3/trial472-51004
82 Mon Jun 1 23:29:22 PDT 2020 data_hpcc/random3/trial472-61206
86 Tue Jun 2 00:18:11 PDT 2020 data_hpcc/random3/trial472-73449
89 Tue Jun 2 01:12:39 PDT 2020 data_hpcc/random3/trial472-88140
89 Tue Jun 2 02:16:44 PDT 2020 data_hpcc/random3/trial472-105770
89 Tue Jun 2 03:34:57 PDT 2020 data_hpcc/random3/trial472-126926
90 Tue Jun 2 05:10:17 PDT 2020 data_hpcc/random3/trial472-152313
90 Tue Jun 2 07:00:15 PDT 2020 data_hpcc/random3/trial472-182777
