start job on SBATCH:c11 size run471 max_process:/max_trial:1000000 Mon Jun 1 19:45:05 PDT 2020
SLURM_JOB_ID:1299020 SLURM_JOB_NAME:product SLURM_JOB_DIR:/rhome/wzeng002/Documents/GitHub/concatenation
data_folder:data_hpcc/random3, log_file:log/product471-size.log status_file:log/status-product471-size.log
0 Mon Jun 1 19:45:05 PDT 2020 data_hpcc/random3/trial471-2
0 Mon Jun 1 19:45:05 PDT 2020 data_hpcc/random3/trial471-4
0 Mon Jun 1 19:45:05 PDT 2020 data_hpcc/random3/trial471-6
0 Mon Jun 1 19:45:05 PDT 2020 data_hpcc/random3/trial471-9
0 Mon Jun 1 19:45:05 PDT 2020 data_hpcc/random3/trial471-12
0 Mon Jun 1 19:45:05 PDT 2020 data_hpcc/random3/trial471-16
0 Mon Jun 1 19:45:05 PDT 2020 data_hpcc/random3/trial471-21
0 Mon Jun 1 19:45:05 PDT 2020 data_hpcc/random3/trial471-27
0 Mon Jun 1 19:45:05 PDT 2020 data_hpcc/random3/trial471-34
0 Mon Jun 1 19:45:05 PDT 2020 data_hpcc/random3/trial471-42
0 Mon Jun 1 19:45:05 PDT 2020 data_hpcc/random3/trial471-52
0 Mon Jun 1 19:45:05 PDT 2020 data_hpcc/random3/trial471-64
75 Mon Jun 1 19:45:15 PDT 2020 data_hpcc/random3/trial471-78
67 Mon Jun 1 19:45:17 PDT 2020 data_hpcc/random3/trial471-95
71 Mon Jun 1 19:45:18 PDT 2020 data_hpcc/random3/trial471-116
70 Mon Jun 1 19:45:19 PDT 2020 data_hpcc/random3/trial471-141
75 Mon Jun 1 19:45:26 PDT 2020 data_hpcc/random3/trial471-171
69 Mon Jun 1 19:45:40 PDT 2020 data_hpcc/random3/trial471-207
73 Mon Jun 1 19:45:45 PDT 2020 data_hpcc/random3/trial471-250
75 Mon Jun 1 19:46:00 PDT 2020 data_hpcc/random3/trial471-302
74 Mon Jun 1 19:46:13 PDT 2020 data_hpcc/random3/trial471-364
76 Mon Jun 1 19:46:31 PDT 2020 data_hpcc/random3/trial471-438
71 Mon Jun 1 19:46:47 PDT 2020 data_hpcc/random3/trial471-527
73 Mon Jun 1 19:47:13 PDT 2020 data_hpcc/random3/trial471-634
74 Mon Jun 1 19:47:37 PDT 2020 data_hpcc/random3/trial471-762
71 Mon Jun 1 19:48:10 PDT 2020 data_hpcc/random3/trial471-916
76 Mon Jun 1 19:48:53 PDT 2020 data_hpcc/random3/trial471-1101
75 Mon Jun 1 19:49:43 PDT 2020 data_hpcc/random3/trial471-1323
74 Mon Jun 1 19:50:50 PDT 2020 data_hpcc/random3/trial471-1589
73 Mon Jun 1 19:51:57 PDT 2020 data_hpcc/random3/trial471-1908
75 Mon Jun 1 19:53:26 PDT 2020 data_hpcc/random3/trial471-2291
76 Mon Jun 1 19:54:49 PDT 2020 data_hpcc/random3/trial471-2751
73 Mon Jun 1 19:56:45 PDT 2020 data_hpcc/random3/trial471-3303
76 Mon Jun 1 19:59:21 PDT 2020 data_hpcc/random3/trial471-3965
75 Mon Jun 1 20:02:24 PDT 2020 data_hpcc/random3/trial471-4760
73 Mon Jun 1 20:05:49 PDT 2020 data_hpcc/random3/trial471-5714
74 Mon Jun 1 20:10:10 PDT 2020 data_hpcc/random3/trial471-6858
71 Mon Jun 1 20:15:02 PDT 2020 data_hpcc/random3/trial471-8231
74 Mon Jun 1 20:20:51 PDT 2020 data_hpcc/random3/trial471-9879
75 Mon Jun 1 20:27:51 PDT 2020 data_hpcc/random3/trial471-11856
76 Mon Jun 1 20:36:06 PDT 2020 data_hpcc/random3/trial471-14229
76 Mon Jun 1 20:47:05 PDT 2020 data_hpcc/random3/trial471-17076
74 Mon Jun 1 20:59:07 PDT 2020 data_hpcc/random3/trial471-20493
76 Mon Jun 1 21:13:37 PDT 2020 data_hpcc/random3/trial471-24593
74 Mon Jun 1 21:31:42 PDT 2020 data_hpcc/random3/trial471-29513
71 Mon Jun 1 21:52:05 PDT 2020 data_hpcc/random3/trial471-35417
75 Mon Jun 1 22:17:29 PDT 2020 data_hpcc/random3/trial471-42502
74 Mon Jun 1 22:48:31 PDT 2020 data_hpcc/random3/trial471-51004
75 Mon Jun 1 23:25:22 PDT 2020 data_hpcc/random3/trial471-61206
73 Tue Jun 2 00:13:56 PDT 2020 data_hpcc/random3/trial471-73449
74 Tue Jun 2 01:07:36 PDT 2020 data_hpcc/random3/trial471-88140
75 Tue Jun 2 02:11:50 PDT 2020 data_hpcc/random3/trial471-105770
83 Tue Jun 2 03:28:46 PDT 2020 data_hpcc/random3/trial471-126926
82 Tue Jun 2 05:02:14 PDT 2020 data_hpcc/random3/trial471-152313
79 Tue Jun 2 06:51:28 PDT 2020 data_hpcc/random3/trial471-182777
