start job on SBATCH:c45 size8 run448 max_process:/max_trial:1000000 Sun May 31 23:20:12 PDT 2020
SLURM_JOB_ID:1267095 SLURM_JOB_NAME:product SLURM_JOB_DIR:/rhome/wzeng002/Documents/GitHub/concatenation
data_folder:data_hpcc/random3, log_file:log/product448-size8.log status_file:log/status-product448-size8.log
Sun May 31 23:20:12 PDT 2020 8 data_hpcc/random3/trial448-2
Sun May 31 23:20:12 PDT 2020 8 data_hpcc/random3/trial448-4
Sun May 31 23:20:12 PDT 2020 8 data_hpcc/random3/trial448-6
Sun May 31 23:20:12 PDT 2020 8 data_hpcc/random3/trial448-9
Sun May 31 23:20:12 PDT 2020 8 data_hpcc/random3/trial448-12
Sun May 31 23:20:12 PDT 2020 8 data_hpcc/random3/trial448-16
Sun May 31 23:20:12 PDT 2020 8 data_hpcc/random3/trial448-21
Sun May 31 23:20:12 PDT 2020 8 data_hpcc/random3/trial448-27
Sun May 31 23:20:12 PDT 2020 8 data_hpcc/random3/trial448-34
Sun May 31 23:20:12 PDT 2020 8 data_hpcc/random3/trial448-42
Sun May 31 23:20:29 PDT 2020 8 data_hpcc/random3/trial448-52
Sun May 31 23:20:30 PDT 2020 8 data_hpcc/random3/trial448-64
Sun May 31 23:20:30 PDT 2020 8 data_hpcc/random3/trial448-78
Sun May 31 23:20:31 PDT 2020 8 data_hpcc/random3/trial448-95
Sun May 31 23:20:31 PDT 2020 8 data_hpcc/random3/trial448-116
Sun May 31 23:20:32 PDT 2020 8 data_hpcc/random3/trial448-141
Sun May 31 23:20:34 PDT 2020 8 data_hpcc/random3/trial448-171
Sun May 31 23:20:36 PDT 2020 8 data_hpcc/random3/trial448-207
Sun May 31 23:20:38 PDT 2020 8 data_hpcc/random3/trial448-250
Sun May 31 23:20:38 PDT 2020 8 data_hpcc/random3/trial448-302
Sun May 31 23:20:42 PDT 2020 8 data_hpcc/random3/trial448-364
Sun May 31 23:20:46 PDT 2020 8 data_hpcc/random3/trial448-438
Sun May 31 23:20:52 PDT 2020 8 data_hpcc/random3/trial448-527
Sun May 31 23:21:07 PDT 2020 8 data_hpcc/random3/trial448-634
Sun May 31 23:21:22 PDT 2020 8 data_hpcc/random3/trial448-762
Sun May 31 23:21:41 PDT 2020 8 data_hpcc/random3/trial448-916
Sun May 31 23:21:48 PDT 2020 8 data_hpcc/random3/trial448-1101
Sun May 31 23:21:58 PDT 2020 8 data_hpcc/random3/trial448-1323
Sun May 31 23:22:10 PDT 2020 8 data_hpcc/random3/trial448-1589
Sun May 31 23:22:26 PDT 2020 8 data_hpcc/random3/trial448-1908
Sun May 31 23:22:41 PDT 2020 8 data_hpcc/random3/trial448-2291
Sun May 31 23:22:59 PDT 2020 8 data_hpcc/random3/trial448-2751
Sun May 31 23:23:21 PDT 2020 8 data_hpcc/random3/trial448-3303
Sun May 31 23:23:45 PDT 2020 8 data_hpcc/random3/trial448-3965
Sun May 31 23:24:12 PDT 2020 8 data_hpcc/random3/trial448-4760
Sun May 31 23:24:43 PDT 2020 8 data_hpcc/random3/trial448-5714
Sun May 31 23:25:22 PDT 2020 8 data_hpcc/random3/trial448-6858
Sun May 31 23:26:10 PDT 2020 8 data_hpcc/random3/trial448-8231
Sun May 31 23:27:07 PDT 2020 8 data_hpcc/random3/trial448-9879
Sun May 31 23:28:14 PDT 2020 8 data_hpcc/random3/trial448-11856
Sun May 31 23:29:33 PDT 2020 8 data_hpcc/random3/trial448-14229
Sun May 31 23:31:05 PDT 2020 8 data_hpcc/random3/trial448-17076
Sun May 31 23:33:08 PDT 2020 8 data_hpcc/random3/trial448-20493
Sun May 31 23:35:32 PDT 2020 8 data_hpcc/random3/trial448-24593
Sun May 31 23:37:54 PDT 2020 8 data_hpcc/random3/trial448-29513
Sun May 31 23:40:41 PDT 2020 8 data_hpcc/random3/trial448-35417
Sun May 31 23:44:02 PDT 2020 8 data_hpcc/random3/trial448-42502
Sun May 31 23:47:52 PDT 2020 8 data_hpcc/random3/trial448-51004
Sun May 31 23:51:59 PDT 2020 8 data_hpcc/random3/trial448-61206
Sun May 31 23:56:24 PDT 2020 8 data_hpcc/random3/trial448-73449
Mon Jun 1 00:00:58 PDT 2020 8 data_hpcc/random3/trial448-88140
