start job on SBATCH:c11 size6 run442 max_process:/max_trial:1000000 Sun May 31 23:19:46 PDT 2020
SLURM_JOB_ID:1267093 SLURM_JOB_NAME:product SLURM_JOB_DIR:/rhome/wzeng002/Documents/GitHub/concatenation
data_folder:data_hpcc/random3, log_file:log/product442-size6.log status_file:log/status-product442-size6.log
Sun May 31 23:19:46 PDT 2020 6 data_hpcc/random3/trial442-2
Sun May 31 23:19:46 PDT 2020 6 data_hpcc/random3/trial442-4
Sun May 31 23:19:46 PDT 2020 6 data_hpcc/random3/trial442-6
Sun May 31 23:19:46 PDT 2020 6 data_hpcc/random3/trial442-9
Sun May 31 23:19:46 PDT 2020 6 data_hpcc/random3/trial442-12
Sun May 31 23:19:46 PDT 2020 6 data_hpcc/random3/trial442-16
Sun May 31 23:19:46 PDT 2020 6 data_hpcc/random3/trial442-21
Sun May 31 23:19:46 PDT 2020 6 data_hpcc/random3/trial442-27
Sun May 31 23:19:46 PDT 2020 6 data_hpcc/random3/trial442-34
Sun May 31 23:19:46 PDT 2020 6 data_hpcc/random3/trial442-42
Sun May 31 23:19:56 PDT 2020 6 data_hpcc/random3/trial442-52
Sun May 31 23:19:56 PDT 2020 6 data_hpcc/random3/trial442-64
Sun May 31 23:19:57 PDT 2020 6 data_hpcc/random3/trial442-78
Sun May 31 23:19:57 PDT 2020 6 data_hpcc/random3/trial442-95
Sun May 31 23:19:58 PDT 2020 6 data_hpcc/random3/trial442-116
Sun May 31 23:19:59 PDT 2020 6 data_hpcc/random3/trial442-141
Sun May 31 23:20:00 PDT 2020 6 data_hpcc/random3/trial442-171
Sun May 31 23:20:01 PDT 2020 6 data_hpcc/random3/trial442-207
Sun May 31 23:20:02 PDT 2020 6 data_hpcc/random3/trial442-250
Sun May 31 23:20:03 PDT 2020 6 data_hpcc/random3/trial442-302
Sun May 31 23:20:05 PDT 2020 6 data_hpcc/random3/trial442-364
Sun May 31 23:20:07 PDT 2020 6 data_hpcc/random3/trial442-438
Sun May 31 23:20:09 PDT 2020 6 data_hpcc/random3/trial442-527
Sun May 31 23:20:11 PDT 2020 6 data_hpcc/random3/trial442-634
Sun May 31 23:20:14 PDT 2020 6 data_hpcc/random3/trial442-762
Sun May 31 23:20:17 PDT 2020 6 data_hpcc/random3/trial442-916
Sun May 31 23:20:20 PDT 2020 6 data_hpcc/random3/trial442-1101
Sun May 31 23:20:24 PDT 2020 6 data_hpcc/random3/trial442-1323
Sun May 31 23:20:28 PDT 2020 6 data_hpcc/random3/trial442-1589
Sun May 31 23:20:33 PDT 2020 6 data_hpcc/random3/trial442-1908
Sun May 31 23:20:39 PDT 2020 6 data_hpcc/random3/trial442-2291
Sun May 31 23:20:46 PDT 2020 6 data_hpcc/random3/trial442-2751
Sun May 31 23:20:55 PDT 2020 6 data_hpcc/random3/trial442-3303
Sun May 31 23:21:06 PDT 2020 6 data_hpcc/random3/trial442-3965
Sun May 31 23:21:21 PDT 2020 6 data_hpcc/random3/trial442-4760
Sun May 31 23:21:38 PDT 2020 6 data_hpcc/random3/trial442-5714
Sun May 31 23:21:58 PDT 2020 6 data_hpcc/random3/trial442-6858
Sun May 31 23:22:19 PDT 2020 6 data_hpcc/random3/trial442-8231
Sun May 31 23:22:49 PDT 2020 6 data_hpcc/random3/trial442-9879
Sun May 31 23:23:23 PDT 2020 6 data_hpcc/random3/trial442-11856
Sun May 31 23:24:05 PDT 2020 6 data_hpcc/random3/trial442-14229
Sun May 31 23:24:54 PDT 2020 6 data_hpcc/random3/trial442-17076
Sun May 31 23:25:56 PDT 2020 6 data_hpcc/random3/trial442-20493
Sun May 31 23:27:07 PDT 2020 6 data_hpcc/random3/trial442-24593
Sun May 31 23:28:27 PDT 2020 6 data_hpcc/random3/trial442-29513
Sun May 31 23:30:02 PDT 2020 6 data_hpcc/random3/trial442-35417
Sun May 31 23:31:59 PDT 2020 6 data_hpcc/random3/trial442-42502
Sun May 31 23:38:56 PDT 2020 6 data_hpcc/random3/trial442-51004
Sun May 31 23:48:57 PDT 2020 6 data_hpcc/random3/trial442-61206
Mon Jun 1 00:00:20 PDT 2020 6 data_hpcc/random3/trial442-73449
Mon Jun 1 00:16:11 PDT 2020 6 data_hpcc/random3/trial442-88140
Mon Jun 1 00:31:33 PDT 2020 6 data_hpcc/random3/trial442-105770
Mon Jun 1 00:49:41 PDT 2020 6 data_hpcc/random3/trial442-126926
Mon Jun 1 01:11:13 PDT 2020 6 data_hpcc/random3/trial442-152313
Mon Jun 1 01:36:37 PDT 2020 6 data_hpcc/random3/trial442-182777
Mon Jun 1 02:07:14 PDT 2020 6 data_hpcc/random3/trial442-219334
Mon Jun 1 02:42:54 PDT 2020 6 data_hpcc/random3/trial442-263202
Mon Jun 1 03:26:38 PDT 2020 6 data_hpcc/random3/trial442-315844
Mon Jun 1 04:18:37 PDT 2020 6 data_hpcc/random3/trial442-379014
