start job on SBATCH:c46 size12 run452 max_process:/max_trial:1000000 Sun May 31 23:37:16 PDT 2020
SLURM_JOB_ID:1267099 SLURM_JOB_NAME:product SLURM_JOB_DIR:/rhome/wzeng002/Documents/GitHub/concatenation
data_folder:data_hpcc/random3, log_file:log/product452-size12.log status_file:log/status-product452-size12.log
Sun May 31 23:37:16 PDT 2020 12 data_hpcc/random3/trial452-2
Sun May 31 23:37:16 PDT 2020 12 data_hpcc/random3/trial452-4
Sun May 31 23:37:16 PDT 2020 12 data_hpcc/random3/trial452-6
Sun May 31 23:37:16 PDT 2020 12 data_hpcc/random3/trial452-9
Sun May 31 23:37:16 PDT 2020 12 data_hpcc/random3/trial452-12
Sun May 31 23:37:16 PDT 2020 12 data_hpcc/random3/trial452-16
Sun May 31 23:37:16 PDT 2020 12 data_hpcc/random3/trial452-21
Sun May 31 23:37:16 PDT 2020 12 data_hpcc/random3/trial452-27
Sun May 31 23:37:16 PDT 2020 12 data_hpcc/random3/trial452-34
Sun May 31 23:37:16 PDT 2020 12 data_hpcc/random3/trial452-42
Sun May 31 23:37:39 PDT 2020 12 data_hpcc/random3/trial452-52
Sun May 31 23:37:41 PDT 2020 12 data_hpcc/random3/trial452-64
Sun May 31 23:37:43 PDT 2020 12 data_hpcc/random3/trial452-78
Sun May 31 23:37:44 PDT 2020 12 data_hpcc/random3/trial452-95
Sun May 31 23:38:02 PDT 2020 12 data_hpcc/random3/trial452-116
Sun May 31 23:38:04 PDT 2020 12 data_hpcc/random3/trial452-141
Sun May 31 23:38:23 PDT 2020 12 data_hpcc/random3/trial452-171
Sun May 31 23:38:41 PDT 2020 12 data_hpcc/random3/trial452-207
Sun May 31 23:38:58 PDT 2020 12 data_hpcc/random3/trial452-250
Sun May 31 23:39:20 PDT 2020 12 data_hpcc/random3/trial452-302
Sun May 31 23:39:44 PDT 2020 12 data_hpcc/random3/trial452-364
Sun May 31 23:40:09 PDT 2020 12 data_hpcc/random3/trial452-438
Sun May 31 23:40:49 PDT 2020 12 data_hpcc/random3/trial452-527
Sun May 31 23:41:31 PDT 2020 12 data_hpcc/random3/trial452-634
Sun May 31 23:42:27 PDT 2020 12 data_hpcc/random3/trial452-762
Sun May 31 23:43:29 PDT 2020 12 data_hpcc/random3/trial452-916
Sun May 31 23:44:41 PDT 2020 12 data_hpcc/random3/trial452-1101
Sun May 31 23:46:15 PDT 2020 12 data_hpcc/random3/trial452-1323
Sun May 31 23:48:06 PDT 2020 12 data_hpcc/random3/trial452-1589
Sun May 31 23:50:12 PDT 2020 12 data_hpcc/random3/trial452-1908
Sun May 31 23:52:50 PDT 2020 12 data_hpcc/random3/trial452-2291
Sun May 31 23:55:58 PDT 2020 12 data_hpcc/random3/trial452-2751
Sun May 31 23:59:44 PDT 2020 12 data_hpcc/random3/trial452-3303
Mon Jun 1 00:04:13 PDT 2020 12 data_hpcc/random3/trial452-3965
Mon Jun 1 00:12:20 PDT 2020 12 data_hpcc/random3/trial452-4760
Mon Jun 1 00:18:50 PDT 2020 12 data_hpcc/random3/trial452-5714
Mon Jun 1 00:26:36 PDT 2020 12 data_hpcc/random3/trial452-6858
Mon Jun 1 00:35:55 PDT 2020 12 data_hpcc/random3/trial452-8231
Mon Jun 1 00:47:08 PDT 2020 12 data_hpcc/random3/trial452-9879
Mon Jun 1 01:00:36 PDT 2020 12 data_hpcc/random3/trial452-11856
Mon Jun 1 01:16:45 PDT 2020 12 data_hpcc/random3/trial452-14229
Mon Jun 1 01:36:11 PDT 2020 12 data_hpcc/random3/trial452-17076
Mon Jun 1 01:59:33 PDT 2020 12 data_hpcc/random3/trial452-20493
Mon Jun 1 02:27:33 PDT 2020 12 data_hpcc/random3/trial452-24593
Mon Jun 1 03:01:10 PDT 2020 12 data_hpcc/random3/trial452-29513
Mon Jun 1 03:41:34 PDT 2020 12 data_hpcc/random3/trial452-35417
Mon Jun 1 04:29:58 PDT 2020 12 data_hpcc/random3/trial452-42502
