start job on SBATCH:c20 size run494 max_process:/max_trial:1000000 Wed Jun 3 14:54:33 PDT 2020
SLURM_JOB_ID:1405500 SLURM_JOB_NAME:product SLURM_JOB_DIR:/rhome/wzeng002/Documents/GitHub/concatenation
note:[n_low=6, n_high=12, k_low=1, k_high=3 sub_mode=1], sub_mode:1, n_low:6, n_high=12, data_folder:data_hpcc/random3, log_file:log/product494-size.log status_file:log/status-product494-size.log
0 Wed Jun 3 14:54:33 PDT 2020 data_hpcc/random3/trial494-2
0 Wed Jun 3 14:54:33 PDT 2020 data_hpcc/random3/trial494-4
0 Wed Jun 3 14:54:33 PDT 2020 data_hpcc/random3/trial494-7
0 Wed Jun 3 14:54:33 PDT 2020 data_hpcc/random3/trial494-11
0 Wed Jun 3 14:54:33 PDT 2020 data_hpcc/random3/trial494-16
0 Wed Jun 3 14:54:33 PDT 2020 data_hpcc/random3/trial494-23
0 Wed Jun 3 14:54:33 PDT 2020 data_hpcc/random3/trial494-32
0 Wed Jun 3 14:54:33 PDT 2020 data_hpcc/random3/trial494-44
0 Wed Jun 3 14:54:33 PDT 2020 data_hpcc/random3/trial494-60
76 Wed Jun 3 14:54:40 PDT 2020 data_hpcc/random3/trial494-82
76 Wed Jun 3 14:54:55 PDT 2020 data_hpcc/random3/trial494-111
76 Wed Jun 3 14:55:11 PDT 2020 data_hpcc/random3/trial494-150
76 Wed Jun 3 14:55:36 PDT 2020 data_hpcc/random3/trial494-202
76 Wed Jun 3 14:56:07 PDT 2020 data_hpcc/random3/trial494-271
75 Wed Jun 3 14:56:48 PDT 2020 data_hpcc/random3/trial494-363
76 Wed Jun 3 14:57:46 PDT 2020 data_hpcc/random3/trial494-486
76 Wed Jun 3 14:59:03 PDT 2020 data_hpcc/random3/trial494-650
76 Wed Jun 3 15:00:47 PDT 2020 data_hpcc/random3/trial494-868
76 Wed Jun 3 15:02:58 PDT 2020 data_hpcc/random3/trial494-1159
76 Wed Jun 3 15:06:00 PDT 2020 data_hpcc/random3/trial494-1547
76 Wed Jun 3 15:09:57 PDT 2020 data_hpcc/random3/trial494-2064
76 Wed Jun 3 15:15:03 PDT 2020 data_hpcc/random3/trial494-2754
76 Wed Jun 3 15:22:15 PDT 2020 data_hpcc/random3/trial494-3674
76 Wed Jun 3 15:32:14 PDT 2020 data_hpcc/random3/trial494-4900
76 Wed Jun 3 15:45:03 PDT 2020 data_hpcc/random3/trial494-6535
75 Wed Jun 3 16:02:41 PDT 2020 data_hpcc/random3/trial494-8715
76 Wed Jun 3 16:25:14 PDT 2020 data_hpcc/random3/trial494-11622
76 Wed Jun 3 16:54:35 PDT 2020 data_hpcc/random3/trial494-15498
76 Wed Jun 3 17:35:09 PDT 2020 data_hpcc/random3/trial494-20666
74 Wed Jun 3 18:30:01 PDT 2020 data_hpcc/random3/trial494-27556
75 Wed Jun 3 19:43:12 PDT 2020 data_hpcc/random3/trial494-36743
75 Wed Jun 3 21:19:00 PDT 2020 data_hpcc/random3/trial494-48992
76 Wed Jun 3 23:28:29 PDT 2020 data_hpcc/random3/trial494-65324
82 Thu Jun 4 02:20:37 PDT 2020 data_hpcc/random3/trial494-87100
82 Thu Jun 4 06:10:10 PDT 2020 data_hpcc/random3/trial494-116135
83 Thu Jun 4 11:15:34 PDT 2020 data_hpcc/random3/trial494-154848
91 Thu Jun 4 18:03:19 PDT 2020 data_hpcc/random3/trial494-206466
91 Fri Jun 5 03:10:05 PDT 2020 data_hpcc/random3/trial494-275290
90 Fri Jun 5 15:16:00 PDT 2020 data_hpcc/random3/trial494-367055
110 Sat Jun 6 07:21:05 PDT 2020 data_hpcc/random3/trial494-489408
109 Sun Jun 7 05:05:28 PDT 2020 data_hpcc/random3/trial494-652546
74 Mon Jun 8 09:48:20 PDT 2020 data_hpcc/random3/trial494-870063
