start job on SBATCH:c16 size11 run451 max_process:/max_trial:1000000 Sun May 31 23:20:46 PDT 2020
SLURM_JOB_ID:1267098 SLURM_JOB_NAME:product SLURM_JOB_DIR:/rhome/wzeng002/Documents/GitHub/concatenation
data_folder:data_hpcc/random3, log_file:log/product451-size11.log status_file:log/status-product451-size11.log
Sun May 31 23:20:53 PDT 2020 11 data_hpcc/random3/trial451-2
Sun May 31 23:20:53 PDT 2020 11 data_hpcc/random3/trial451-4
Sun May 31 23:20:53 PDT 2020 11 data_hpcc/random3/trial451-6
Sun May 31 23:20:53 PDT 2020 11 data_hpcc/random3/trial451-9
Sun May 31 23:21:20 PDT 2020 11 data_hpcc/random3/trial451-12
Sun May 31 23:21:52 PDT 2020 11 data_hpcc/random3/trial451-16
Sun May 31 23:22:45 PDT 2020 11 data_hpcc/random3/trial451-21
Sun May 31 23:24:25 PDT 2020 11 data_hpcc/random3/trial451-27
Sun May 31 23:25:49 PDT 2020 11 data_hpcc/random3/trial451-34
Sun May 31 23:26:33 PDT 2020 11 data_hpcc/random3/trial451-42
Sun May 31 23:26:48 PDT 2020 11 data_hpcc/random3/trial451-52
Sun May 31 23:26:51 PDT 2020 11 data_hpcc/random3/trial451-64
Sun May 31 23:26:54 PDT 2020 11 data_hpcc/random3/trial451-78
Sun May 31 23:29:43 PDT 2020 11 data_hpcc/random3/trial451-95
Sun May 31 23:31:59 PDT 2020 11 data_hpcc/random3/trial451-116
Sun May 31 23:32:05 PDT 2020 11 data_hpcc/random3/trial451-141
Sun May 31 23:32:10 PDT 2020 11 data_hpcc/random3/trial451-171
Sun May 31 23:32:16 PDT 2020 11 data_hpcc/random3/trial451-207
Sun May 31 23:32:26 PDT 2020 11 data_hpcc/random3/trial451-250
Sun May 31 23:32:31 PDT 2020 11 data_hpcc/random3/trial451-302
Sun May 31 23:32:34 PDT 2020 11 data_hpcc/random3/trial451-364
Sun May 31 23:32:39 PDT 2020 11 data_hpcc/random3/trial451-438
Sun May 31 23:32:45 PDT 2020 11 data_hpcc/random3/trial451-527
Sun May 31 23:32:52 PDT 2020 11 data_hpcc/random3/trial451-634
Sun May 31 23:33:30 PDT 2020 11 data_hpcc/random3/trial451-762
Sun May 31 23:33:42 PDT 2020 11 data_hpcc/random3/trial451-916
Sun May 31 23:33:51 PDT 2020 11 data_hpcc/random3/trial451-1101
Sun May 31 23:34:03 PDT 2020 11 data_hpcc/random3/trial451-1323
Sun May 31 23:34:16 PDT 2020 11 data_hpcc/random3/trial451-1589
Sun May 31 23:34:31 PDT 2020 11 data_hpcc/random3/trial451-1908
Sun May 31 23:34:47 PDT 2020 11 data_hpcc/random3/trial451-2291
Sun May 31 23:35:07 PDT 2020 11 data_hpcc/random3/trial451-2751
Sun May 31 23:35:31 PDT 2020 11 data_hpcc/random3/trial451-3303
Sun May 31 23:36:01 PDT 2020 11 data_hpcc/random3/trial451-3965
Sun May 31 23:36:33 PDT 2020 11 data_hpcc/random3/trial451-4760
Sun May 31 23:37:12 PDT 2020 11 data_hpcc/random3/trial451-5714
Sun May 31 23:37:59 PDT 2020 11 data_hpcc/random3/trial451-6858
Sun May 31 23:38:54 PDT 2020 11 data_hpcc/random3/trial451-8231
Sun May 31 23:40:01 PDT 2020 11 data_hpcc/random3/trial451-9879
Sun May 31 23:41:21 PDT 2020 11 data_hpcc/random3/trial451-11856
Sun May 31 23:42:57 PDT 2020 11 data_hpcc/random3/trial451-14229
Sun May 31 23:44:52 PDT 2020 11 data_hpcc/random3/trial451-17076
Sun May 31 23:47:10 PDT 2020 11 data_hpcc/random3/trial451-20493
Sun May 31 23:49:51 PDT 2020 11 data_hpcc/random3/trial451-24593
Sun May 31 23:53:03 PDT 2020 11 data_hpcc/random3/trial451-29513
Sun May 31 23:56:53 PDT 2020 11 data_hpcc/random3/trial451-35417
Mon Jun 1 00:01:27 PDT 2020 11 data_hpcc/random3/trial451-42502
Mon Jun 1 00:14:07 PDT 2020 11 data_hpcc/random3/trial451-51004
Mon Jun 1 00:48:00 PDT 2020 11 data_hpcc/random3/trial451-61206
Mon Jun 1 01:28:28 PDT 2020 11 data_hpcc/random3/trial451-73449
Mon Jun 1 02:17:53 PDT 2020 11 data_hpcc/random3/trial451-88140
Mon Jun 1 03:16:31 PDT 2020 11 data_hpcc/random3/trial451-105770
Mon Jun 1 04:26:04 PDT 2020 11 data_hpcc/random3/trial451-126926
