start job on SBATCH:c11 size7 run447 max_process:/max_trial:1000000 Sun May 31 23:19:46 PDT 2020
SLURM_JOB_ID:1267094 SLURM_JOB_NAME:product SLURM_JOB_DIR:/rhome/wzeng002/Documents/GitHub/concatenation
data_folder:data_hpcc/random3, log_file:log/product447-size7.log status_file:log/status-product447-size7.log
Sun May 31 23:19:46 PDT 2020 7 data_hpcc/random3/trial447-2
Sun May 31 23:19:46 PDT 2020 7 data_hpcc/random3/trial447-4
Sun May 31 23:19:46 PDT 2020 7 data_hpcc/random3/trial447-6
Sun May 31 23:19:46 PDT 2020 7 data_hpcc/random3/trial447-9
Sun May 31 23:19:46 PDT 2020 7 data_hpcc/random3/trial447-12
Sun May 31 23:19:46 PDT 2020 7 data_hpcc/random3/trial447-16
Sun May 31 23:19:46 PDT 2020 7 data_hpcc/random3/trial447-21
Sun May 31 23:19:46 PDT 2020 7 data_hpcc/random3/trial447-27
Sun May 31 23:19:46 PDT 2020 7 data_hpcc/random3/trial447-34
Sun May 31 23:19:46 PDT 2020 7 data_hpcc/random3/trial447-42
Sun May 31 23:19:56 PDT 2020 7 data_hpcc/random3/trial447-52
Sun May 31 23:19:57 PDT 2020 7 data_hpcc/random3/trial447-64
Sun May 31 23:19:57 PDT 2020 7 data_hpcc/random3/trial447-78
Sun May 31 23:19:58 PDT 2020 7 data_hpcc/random3/trial447-95
Sun May 31 23:19:59 PDT 2020 7 data_hpcc/random3/trial447-116
Sun May 31 23:20:00 PDT 2020 7 data_hpcc/random3/trial447-141
Sun May 31 23:20:03 PDT 2020 7 data_hpcc/random3/trial447-171
Sun May 31 23:20:04 PDT 2020 7 data_hpcc/random3/trial447-207
Sun May 31 23:20:10 PDT 2020 7 data_hpcc/random3/trial447-250
Sun May 31 23:20:20 PDT 2020 7 data_hpcc/random3/trial447-302
Sun May 31 23:27:19 PDT 2020 7 data_hpcc/random3/trial447-364
Sun May 31 23:33:26 PDT 2020 7 data_hpcc/random3/trial447-438
Sun May 31 23:33:35 PDT 2020 7 data_hpcc/random3/trial447-527
Sun May 31 23:33:43 PDT 2020 7 data_hpcc/random3/trial447-634
Sun May 31 23:33:53 PDT 2020 7 data_hpcc/random3/trial447-762
Sun May 31 23:34:04 PDT 2020 7 data_hpcc/random3/trial447-916
Sun May 31 23:34:18 PDT 2020 7 data_hpcc/random3/trial447-1101
Sun May 31 23:34:34 PDT 2020 7 data_hpcc/random3/trial447-1323
Sun May 31 23:34:51 PDT 2020 7 data_hpcc/random3/trial447-1589
Sun May 31 23:35:14 PDT 2020 7 data_hpcc/random3/trial447-1908
Sun May 31 23:35:42 PDT 2020 7 data_hpcc/random3/trial447-2291
Sun May 31 23:36:14 PDT 2020 7 data_hpcc/random3/trial447-2751
Sun May 31 23:36:55 PDT 2020 7 data_hpcc/random3/trial447-3303
Sun May 31 23:37:43 PDT 2020 7 data_hpcc/random3/trial447-3965
Sun May 31 23:38:38 PDT 2020 7 data_hpcc/random3/trial447-4760
Sun May 31 23:39:49 PDT 2020 7 data_hpcc/random3/trial447-5714
Sun May 31 23:41:12 PDT 2020 7 data_hpcc/random3/trial447-6858
Sun May 31 23:42:49 PDT 2020 7 data_hpcc/random3/trial447-8231
Sun May 31 23:44:48 PDT 2020 7 data_hpcc/random3/trial447-9879
Sun May 31 23:47:13 PDT 2020 7 data_hpcc/random3/trial447-11856
Sun May 31 23:49:44 PDT 2020 7 data_hpcc/random3/trial447-14229
Sun May 31 23:52:49 PDT 2020 7 data_hpcc/random3/trial447-17076
Sun May 31 23:56:34 PDT 2020 7 data_hpcc/random3/trial447-20493
Mon Jun 1 00:00:45 PDT 2020 7 data_hpcc/random3/trial447-24593
