start job on SBATCH:c15 size run473 max_process:/max_trial:1000000 Mon Jun 1 19:45:25 PDT 2020
SLURM_JOB_ID:1299142 SLURM_JOB_NAME:product SLURM_JOB_DIR:/rhome/wzeng002/Documents/GitHub/concatenation
data_folder:data_hpcc/random3, log_file:log/product473-size.log status_file:log/status-product473-size.log
0 Mon Jun 1 19:45:25 PDT 2020 data_hpcc/random3/trial473-2
0 Mon Jun 1 19:45:25 PDT 2020 data_hpcc/random3/trial473-4
0 Mon Jun 1 19:45:25 PDT 2020 data_hpcc/random3/trial473-6
0 Mon Jun 1 19:45:25 PDT 2020 data_hpcc/random3/trial473-9
0 Mon Jun 1 19:45:25 PDT 2020 data_hpcc/random3/trial473-12
0 Mon Jun 1 19:45:25 PDT 2020 data_hpcc/random3/trial473-16
0 Mon Jun 1 19:45:25 PDT 2020 data_hpcc/random3/trial473-21
0 Mon Jun 1 19:45:25 PDT 2020 data_hpcc/random3/trial473-27
0 Mon Jun 1 19:45:25 PDT 2020 data_hpcc/random3/trial473-34
0 Mon Jun 1 19:45:25 PDT 2020 data_hpcc/random3/trial473-42
0 Mon Jun 1 19:45:25 PDT 2020 data_hpcc/random3/trial473-52
0 Mon Jun 1 19:45:25 PDT 2020 data_hpcc/random3/trial473-64
76 Mon Jun 1 19:45:40 PDT 2020 data_hpcc/random3/trial473-78
75 Mon Jun 1 19:46:09 PDT 2020 data_hpcc/random3/trial473-95
73 Mon Jun 1 19:46:11 PDT 2020 data_hpcc/random3/trial473-116
71 Mon Jun 1 19:46:13 PDT 2020 data_hpcc/random3/trial473-141
76 Mon Jun 1 19:46:21 PDT 2020 data_hpcc/random3/trial473-171
72 Mon Jun 1 19:46:29 PDT 2020 data_hpcc/random3/trial473-207
71 Mon Jun 1 19:46:37 PDT 2020 data_hpcc/random3/trial473-250
73 Mon Jun 1 19:46:45 PDT 2020 data_hpcc/random3/trial473-302
71 Mon Jun 1 19:47:01 PDT 2020 data_hpcc/random3/trial473-364
75 Mon Jun 1 19:47:19 PDT 2020 data_hpcc/random3/trial473-438
75 Mon Jun 1 19:47:37 PDT 2020 data_hpcc/random3/trial473-527
75 Mon Jun 1 19:48:06 PDT 2020 data_hpcc/random3/trial473-634
72 Mon Jun 1 19:48:29 PDT 2020 data_hpcc/random3/trial473-762
74 Mon Jun 1 19:49:16 PDT 2020 data_hpcc/random3/trial473-916
74 Mon Jun 1 19:50:01 PDT 2020 data_hpcc/random3/trial473-1101
76 Mon Jun 1 19:50:55 PDT 2020 data_hpcc/random3/trial473-1323
75 Mon Jun 1 19:51:53 PDT 2020 data_hpcc/random3/trial473-1589
74 Mon Jun 1 19:53:03 PDT 2020 data_hpcc/random3/trial473-1908
73 Mon Jun 1 19:54:15 PDT 2020 data_hpcc/random3/trial473-2291
75 Mon Jun 1 19:55:56 PDT 2020 data_hpcc/random3/trial473-2751
75 Mon Jun 1 19:57:41 PDT 2020 data_hpcc/random3/trial473-3303
74 Mon Jun 1 20:00:19 PDT 2020 data_hpcc/random3/trial473-3965
70 Mon Jun 1 20:03:14 PDT 2020 data_hpcc/random3/trial473-4760
71 Mon Jun 1 20:07:03 PDT 2020 data_hpcc/random3/trial473-5714
74 Mon Jun 1 20:11:21 PDT 2020 data_hpcc/random3/trial473-6858
74 Mon Jun 1 20:16:04 PDT 2020 data_hpcc/random3/trial473-8231
76 Mon Jun 1 20:21:57 PDT 2020 data_hpcc/random3/trial473-9879
75 Mon Jun 1 20:29:02 PDT 2020 data_hpcc/random3/trial473-11856
73 Mon Jun 1 20:37:34 PDT 2020 data_hpcc/random3/trial473-14229
76 Mon Jun 1 20:48:30 PDT 2020 data_hpcc/random3/trial473-17076
75 Mon Jun 1 21:00:52 PDT 2020 data_hpcc/random3/trial473-20493
74 Mon Jun 1 21:15:44 PDT 2020 data_hpcc/random3/trial473-24593
76 Mon Jun 1 21:34:06 PDT 2020 data_hpcc/random3/trial473-29513
73 Mon Jun 1 21:54:32 PDT 2020 data_hpcc/random3/trial473-35417
75 Mon Jun 1 22:20:33 PDT 2020 data_hpcc/random3/trial473-42502
74 Mon Jun 1 22:51:58 PDT 2020 data_hpcc/random3/trial473-51004
72 Mon Jun 1 23:29:55 PDT 2020 data_hpcc/random3/trial473-61206
82 Tue Jun 2 00:20:05 PDT 2020 data_hpcc/random3/trial473-73449
81 Tue Jun 2 01:15:05 PDT 2020 data_hpcc/random3/trial473-88140
83 Tue Jun 2 02:20:16 PDT 2020 data_hpcc/random3/trial473-105770
81 Tue Jun 2 03:39:20 PDT 2020 data_hpcc/random3/trial473-126926
79 Tue Jun 2 05:15:15 PDT 2020 data_hpcc/random3/trial473-152313
82 Tue Jun 2 07:05:59 PDT 2020 data_hpcc/random3/trial473-182777
