start job on SBATCH:c45 size run498 max_process:/max_trial:1000000 Sat Jun 6 22:46:35 PDT 2020
SLURM_JOB_ID:1528929 SLURM_JOB_NAME:product SLURM_JOB_DIR:/rhome/wzeng002/Documents/GitHub/concatenation
note:[n_low=7, n_high=7, k_low=1, k_high=1 sub_mode=1], sub_mode:1, n_low:7, n_high=7, data_folder:data/random3, log_file:log/product498-size.log status_file:log/status-product498-size.log
0 Sat Jun 6 22:46:35 PDT 2020 data/random3/trial498-2
0 Sat Jun 6 22:46:35 PDT 2020 data/random3/trial498-4
0 Sat Jun 6 22:46:35 PDT 2020 data/random3/trial498-7
0 Sat Jun 6 22:46:35 PDT 2020 data/random3/trial498-11
0 Sat Jun 6 22:46:35 PDT 2020 data/random3/trial498-16
0 Sat Jun 6 22:46:35 PDT 2020 data/random3/trial498-23
0 Sat Jun 6 22:46:35 PDT 2020 data/random3/trial498-32
0 Sat Jun 6 22:46:35 PDT 2020 data/random3/trial498-44
0 Sat Jun 6 22:46:35 PDT 2020 data/random3/trial498-60
72 Sat Jun 6 22:46:40 PDT 2020 data/random3/trial498-82
63 Sat Jun 6 22:46:41 PDT 2020 data/random3/trial498-111
75 Sat Jun 6 22:46:44 PDT 2020 data/random3/trial498-150
72 Sat Jun 6 22:46:49 PDT 2020 data/random3/trial498-202
55 Sat Jun 6 22:46:55 PDT 2020 data/random3/trial498-271
80 Sat Jun 6 22:47:02 PDT 2020 data/random3/trial498-363
81 Sat Jun 6 22:47:14 PDT 2020 data/random3/trial498-486
80 Sat Jun 6 22:47:29 PDT 2020 data/random3/trial498-650
77 Sat Jun 6 22:47:48 PDT 2020 data/random3/trial498-868
78 Sat Jun 6 22:48:15 PDT 2020 data/random3/trial498-1159
75 Sat Jun 6 22:48:50 PDT 2020 data/random3/trial498-1547
79 Sat Jun 6 22:49:36 PDT 2020 data/random3/trial498-2064
81 Sat Jun 6 22:50:37 PDT 2020 data/random3/trial498-2754
81 Sat Jun 6 22:52:01 PDT 2020 data/random3/trial498-3674
77 Sat Jun 6 22:53:50 PDT 2020 data/random3/trial498-4900
80 Sat Jun 6 22:56:17 PDT 2020 data/random3/trial498-6535
79 Sat Jun 6 22:59:32 PDT 2020 data/random3/trial498-8715
78 Sat Jun 6 23:03:52 PDT 2020 data/random3/trial498-11622
81 Sat Jun 6 23:09:38 PDT 2020 data/random3/trial498-15498
87 Sat Jun 6 23:17:17 PDT 2020 data/random3/trial498-20666
98 Sat Jun 6 23:27:33 PDT 2020 data/random3/trial498-27556
98 Sat Jun 6 23:41:14 PDT 2020 data/random3/trial498-36743
98 Sat Jun 6 23:59:27 PDT 2020 data/random3/trial498-48992
8 Sun Jun 7 01:36:52 PDT 2020 data/random3/trial498-65324
8 Sun Jun 7 04:11:27 PDT 2020 data/random3/trial498-87100
8 Sun Jun 7 07:31:45 PDT 2020 data/random3/trial498-116135
7 Sun Jun 7 11:56:35 PDT 2020 data/random3/trial498-154848
8 Sun Jun 7 17:50:13 PDT 2020 data/random3/trial498-206466
8 Mon Jun 8 01:47:31 PDT 2020 data/random3/trial498-275290
7 Mon Jun 8 12:16:07 PDT 2020 data/random3/trial498-367055
7 Tue Jun 9 02:24:29 PDT 2020 data/random3/trial498-489408
8 Tue Jun 9 21:05:44 PDT 2020 data/random3/trial498-652546
7 Wed Jun 10 22:03:04 PDT 2020 data/random3/trial498-870063
