start job on SBATCH:c16 size10 run450 max_process:/max_trial:1000000 Sun May 31 23:20:12 PDT 2020
SLURM_JOB_ID:1267097 SLURM_JOB_NAME:product SLURM_JOB_DIR:/rhome/wzeng002/Documents/GitHub/concatenation
data_folder:data_hpcc/random3, log_file:log/product450-size10.log status_file:log/status-product450-size10.log
Sun May 31 23:20:12 PDT 2020 10 data_hpcc/random3/trial450-2
Sun May 31 23:20:12 PDT 2020 10 data_hpcc/random3/trial450-4
Sun May 31 23:20:12 PDT 2020 10 data_hpcc/random3/trial450-6
Sun May 31 23:20:12 PDT 2020 10 data_hpcc/random3/trial450-9
Sun May 31 23:20:12 PDT 2020 10 data_hpcc/random3/trial450-12
Sun May 31 23:20:12 PDT 2020 10 data_hpcc/random3/trial450-16
Sun May 31 23:20:12 PDT 2020 10 data_hpcc/random3/trial450-21
Sun May 31 23:20:12 PDT 2020 10 data_hpcc/random3/trial450-27
Sun May 31 23:20:12 PDT 2020 10 data_hpcc/random3/trial450-34
Sun May 31 23:20:12 PDT 2020 10 data_hpcc/random3/trial450-42
Sun May 31 23:20:14 PDT 2020 10 data_hpcc/random3/trial450-52
Sun May 31 23:20:14 PDT 2020 10 data_hpcc/random3/trial450-64
Sun May 31 23:20:14 PDT 2020 10 data_hpcc/random3/trial450-78
Sun May 31 23:20:14 PDT 2020 10 data_hpcc/random3/trial450-95
Sun May 31 23:20:15 PDT 2020 10 data_hpcc/random3/trial450-116
Sun May 31 23:20:16 PDT 2020 10 data_hpcc/random3/trial450-141
Sun May 31 23:20:17 PDT 2020 10 data_hpcc/random3/trial450-171
Sun May 31 23:20:18 PDT 2020 10 data_hpcc/random3/trial450-207
Sun May 31 23:20:19 PDT 2020 10 data_hpcc/random3/trial450-250
Sun May 31 23:20:20 PDT 2020 10 data_hpcc/random3/trial450-302
Sun May 31 23:20:22 PDT 2020 10 data_hpcc/random3/trial450-364
Sun May 31 23:20:24 PDT 2020 10 data_hpcc/random3/trial450-438
Sun May 31 23:20:27 PDT 2020 10 data_hpcc/random3/trial450-527
Sun May 31 23:20:30 PDT 2020 10 data_hpcc/random3/trial450-634
Sun May 31 23:20:34 PDT 2020 10 data_hpcc/random3/trial450-762
Sun May 31 23:20:38 PDT 2020 10 data_hpcc/random3/trial450-916
Sun May 31 23:20:44 PDT 2020 10 data_hpcc/random3/trial450-1101
Sun May 31 23:20:50 PDT 2020 10 data_hpcc/random3/trial450-1323
Sun May 31 23:20:59 PDT 2020 10 data_hpcc/random3/trial450-1589
Sun May 31 23:21:10 PDT 2020 10 data_hpcc/random3/trial450-1908
Sun May 31 23:21:24 PDT 2020 10 data_hpcc/random3/trial450-2291
Sun May 31 23:21:41 PDT 2020 10 data_hpcc/random3/trial450-2751
Sun May 31 23:22:01 PDT 2020 10 data_hpcc/random3/trial450-3303
Sun May 31 23:22:27 PDT 2020 10 data_hpcc/random3/trial450-3965
Sun May 31 23:22:58 PDT 2020 10 data_hpcc/random3/trial450-4760
Sun May 31 23:23:36 PDT 2020 10 data_hpcc/random3/trial450-5714
Sun May 31 23:24:18 PDT 2020 10 data_hpcc/random3/trial450-6858
Sun May 31 23:25:10 PDT 2020 10 data_hpcc/random3/trial450-8231
Sun May 31 23:26:11 PDT 2020 10 data_hpcc/random3/trial450-9879
Sun May 31 23:27:26 PDT 2020 10 data_hpcc/random3/trial450-11856
Sun May 31 23:28:52 PDT 2020 10 data_hpcc/random3/trial450-14229
Sun May 31 23:30:35 PDT 2020 10 data_hpcc/random3/trial450-17076
Sun May 31 23:33:47 PDT 2020 10 data_hpcc/random3/trial450-20493
Mon Jun 1 00:17:49 PDT 2020 10 data_hpcc/random3/trial450-24593
Mon Jun 1 00:30:22 PDT 2020 10 data_hpcc/random3/trial450-29513
Mon Jun 1 00:46:01 PDT 2020 10 data_hpcc/random3/trial450-35417
Mon Jun 1 01:04:40 PDT 2020 10 data_hpcc/random3/trial450-42502
Mon Jun 1 01:26:37 PDT 2020 10 data_hpcc/random3/trial450-51004
Mon Jun 1 01:52:34 PDT 2020 10 data_hpcc/random3/trial450-61206
Mon Jun 1 02:24:06 PDT 2020 10 data_hpcc/random3/trial450-73449
Mon Jun 1 03:01:52 PDT 2020 10 data_hpcc/random3/trial450-88140
Mon Jun 1 03:47:31 PDT 2020 10 data_hpcc/random3/trial450-105770
