start job on SBATCH:c43 size5 run441 max_process:/max_trial:1000000 Sun May 31 23:19:13 PDT 2020
SLURM_JOB_ID:1267091 SLURM_JOB_NAME:product SLURM_JOB_DIR:/rhome/wzeng002/Documents/GitHub/concatenation
data_folder:data_hpcc/random3, log_file:log/product441-size5.log status_file:log/status-product441-size5.log
Sun May 31 23:19:13 PDT 2020 5 data_hpcc/random3/trial441-2
Sun May 31 23:19:13 PDT 2020 5 data_hpcc/random3/trial441-4
Sun May 31 23:19:13 PDT 2020 5 data_hpcc/random3/trial441-6
Sun May 31 23:19:13 PDT 2020 5 data_hpcc/random3/trial441-9
Sun May 31 23:19:13 PDT 2020 5 data_hpcc/random3/trial441-12
Sun May 31 23:19:13 PDT 2020 5 data_hpcc/random3/trial441-16
Sun May 31 23:19:13 PDT 2020 5 data_hpcc/random3/trial441-21
Sun May 31 23:19:13 PDT 2020 5 data_hpcc/random3/trial441-27
Sun May 31 23:19:13 PDT 2020 5 data_hpcc/random3/trial441-34
Sun May 31 23:19:13 PDT 2020 5 data_hpcc/random3/trial441-42
Sun May 31 23:19:20 PDT 2020 5 data_hpcc/random3/trial441-52
Sun May 31 23:19:20 PDT 2020 5 data_hpcc/random3/trial441-64
Sun May 31 23:19:20 PDT 2020 5 data_hpcc/random3/trial441-78
Sun May 31 23:19:20 PDT 2020 5 data_hpcc/random3/trial441-95
Sun May 31 23:19:21 PDT 2020 5 data_hpcc/random3/trial441-116
Sun May 31 23:19:22 PDT 2020 5 data_hpcc/random3/trial441-141
Sun May 31 23:19:23 PDT 2020 5 data_hpcc/random3/trial441-171
Sun May 31 23:19:25 PDT 2020 5 data_hpcc/random3/trial441-207
Sun May 31 23:19:25 PDT 2020 5 data_hpcc/random3/trial441-250
Sun May 31 23:19:27 PDT 2020 5 data_hpcc/random3/trial441-302
Sun May 31 23:19:29 PDT 2020 5 data_hpcc/random3/trial441-364
Sun May 31 23:19:31 PDT 2020 5 data_hpcc/random3/trial441-438
Sun May 31 23:19:33 PDT 2020 5 data_hpcc/random3/trial441-527
Sun May 31 23:19:36 PDT 2020 5 data_hpcc/random3/trial441-634
Sun May 31 23:19:41 PDT 2020 5 data_hpcc/random3/trial441-762
Sun May 31 23:19:44 PDT 2020 5 data_hpcc/random3/trial441-916
Sun May 31 23:19:49 PDT 2020 5 data_hpcc/random3/trial441-1101
Sun May 31 23:19:54 PDT 2020 5 data_hpcc/random3/trial441-1323
Sun May 31 23:20:06 PDT 2020 5 data_hpcc/random3/trial441-1589
Sun May 31 23:20:14 PDT 2020 5 data_hpcc/random3/trial441-1908
Sun May 31 23:20:22 PDT 2020 5 data_hpcc/random3/trial441-2291
Sun May 31 23:20:31 PDT 2020 5 data_hpcc/random3/trial441-2751
Sun May 31 23:20:41 PDT 2020 5 data_hpcc/random3/trial441-3303
Sun May 31 23:20:54 PDT 2020 5 data_hpcc/random3/trial441-3965
Sun May 31 23:21:09 PDT 2020 5 data_hpcc/random3/trial441-4760
Sun May 31 23:21:29 PDT 2020 5 data_hpcc/random3/trial441-5714
Sun May 31 23:21:52 PDT 2020 5 data_hpcc/random3/trial441-6858
Sun May 31 23:22:19 PDT 2020 5 data_hpcc/random3/trial441-8231
Sun May 31 23:22:53 PDT 2020 5 data_hpcc/random3/trial441-9879
Sun May 31 23:23:32 PDT 2020 5 data_hpcc/random3/trial441-11856
Sun May 31 23:24:21 PDT 2020 5 data_hpcc/random3/trial441-14229
Sun May 31 23:25:24 PDT 2020 5 data_hpcc/random3/trial441-17076
Sun May 31 23:26:39 PDT 2020 5 data_hpcc/random3/trial441-20493
Sun May 31 23:28:03 PDT 2020 5 data_hpcc/random3/trial441-24593
Sun May 31 23:29:38 PDT 2020 5 data_hpcc/random3/trial441-29513
Sun May 31 23:31:32 PDT 2020 5 data_hpcc/random3/trial441-35417
Sun May 31 23:34:33 PDT 2020 5 data_hpcc/random3/trial441-42502
Sun May 31 23:37:09 PDT 2020 5 data_hpcc/random3/trial441-51004
Sun May 31 23:40:17 PDT 2020 5 data_hpcc/random3/trial441-61206
Sun May 31 23:44:09 PDT 2020 5 data_hpcc/random3/trial441-73449
Sun May 31 23:48:22 PDT 2020 5 data_hpcc/random3/trial441-88140
Sun May 31 23:52:45 PDT 2020 5 data_hpcc/random3/trial441-105770
Sun May 31 23:57:33 PDT 2020 5 data_hpcc/random3/trial441-126926
Mon Jun 1 00:02:56 PDT 2020 5 data_hpcc/random3/trial441-152313
Mon Jun 1 00:19:57 PDT 2020 5 data_hpcc/random3/trial441-182777
Mon Jun 1 00:50:46 PDT 2020 5 data_hpcc/random3/trial441-219334
Mon Jun 1 01:27:31 PDT 2020 5 data_hpcc/random3/trial441-263202
Mon Jun 1 02:12:03 PDT 2020 5 data_hpcc/random3/trial441-315844
Mon Jun 1 03:04:55 PDT 2020 5 data_hpcc/random3/trial441-379014
Mon Jun 1 04:07:03 PDT 2020 5 data_hpcc/random3/trial441-454818
